-- The C compiler identification is GNU 9.4.0
-- The CXX compiler identification is GNU 9.4.0
-- Check for working C compiler: /usr/bin/cc
-- Check for working C compiler: /usr/bin/cc -- works
-- Detecting C compiler ABI info
-- Detecting C compiler ABI info - done
-- Detecting C compile features
-- Detecting C compile features - done
-- Check for working CXX compiler: /usr/bin/c++
-- Check for working CXX compiler: /usr/bin/c++ -- works
-- Detecting CXX compiler ABI info
-- Detecting CXX compiler ABI info - done
-- Detecting CXX compile features
-- Detecting CXX compile features - done
-- Found ament_cmake: 1.1.5 (/opt/ros/galactic/share/ament_cmake/cmake)
-- Found PythonInterp: /usr/bin/python3 (found suitable version "3.8.10", minimum required is "3") 
-- Using PYTHON_EXECUTABLE: /usr/bin/python3
-- Override CMake install command with custom implementation using symlinks instead of copying resources
-- Found rclcpp: 9.2.0 (/opt/ros/galactic/share/rclcpp/cmake)
-- Using single rosidl_typesupport_c: rosidl_typesupport_introspection_c
-- Found rosidl_adapter: 2.2.1 (/opt/ros/galactic/share/rosidl_adapter/cmake)
-- Using single rosidl_typesupport_cpp: rosidl_typesupport_introspection_cpp
-- Found rmw_implementation_cmake: 3.3.1 (/opt/ros/galactic/share/rmw_implementation_cmake/cmake)
-- Found rmw_cyclonedds_cpp: 0.22.4 (/opt/ros/galactic/share/rmw_cyclonedds_cpp/cmake)
-- Using RMW implementation 'rmw_cyclonedds_cpp' as default
-- Looking for pthread.h
-- Looking for pthread.h - found
-- Performing Test CMAKE_HAVE_LIBC_PTHREAD
-- Performing Test CMAKE_HAVE_LIBC_PTHREAD - Failed
-- Looking for pthread_create in pthreads
-- Looking for pthread_create in pthreads - not found
-- Looking for pthread_create in pthread
-- Looking for pthread_create in pthread - found
-- Found Threads: TRUE  
-- Configuring done
-- Generating done
-- Build files have been written to: /workspace/planner/ros2/build/utils
[35m[1mScanning dependencies of target utils[0m
[ 50%] [32mBuilding CXX object CMakeFiles/utils.dir/lib/console.cpp.o[0m
[100%] [32m[1mLinking CXX static library libutils.a[0m
[100%] Built target utils
-- Install configuration: ""
-- Execute custom install script
-- Symlinking: /workspace/planner/ros2/install/utils/share/utils/environment/library_path.sh
-- Symlinking: /workspace/planner/ros2/install/utils/share/utils/environment/library_path.dsv
-- Symlinking: /workspace/planner/ros2/install/utils/include/utils//console.hpp
-- Symlinking: /workspace/planner/ros2/install/utils/share/ament_index/resource_index/package_run_dependencies/utils
-- Symlinking: /workspace/planner/ros2/install/utils/share/ament_index/resource_index/parent_prefix_path/utils
-- Symlinking: /workspace/planner/ros2/install/utils/share/utils/environment/ament_prefix_path.sh
-- Symlinking: /workspace/planner/ros2/install/utils/share/utils/environment/ament_prefix_path.dsv
-- Symlinking: /workspace/planner/ros2/install/utils/share/utils/environment/path.sh
-- Symlinking: /workspace/planner/ros2/install/utils/share/utils/environment/path.dsv
-- Symlinking: /workspace/planner/ros2/install/utils/share/utils/local_setup.bash
-- Symlinking: /workspace/planner/ros2/install/utils/share/utils/local_setup.sh
-- Symlinking: /workspace/planner/ros2/install/utils/share/utils/local_setup.zsh
-- Symlinking: /workspace/planner/ros2/install/utils/share/utils/local_setup.dsv
-- Symlinking: /workspace/planner/ros2/install/utils/share/utils/package.dsv
-- Symlinking: /workspace/planner/ros2/install/utils/share/ament_index/resource_index/packages/utils
-- Symlinking: /workspace/planner/ros2/install/utils/share/utils/cmake/ament_cmake_export_dependencies-extras.cmake
-- Symlinking: /workspace/planner/ros2/install/utils/share/utils/cmake/ament_cmake_export_targets-extras.cmake
-- Symlinking: /workspace/planner/ros2/install/utils/share/utils/cmake/utilsConfig.cmake
-- Symlinking: /workspace/planner/ros2/install/utils/share/utils/cmake/utilsConfig-version.cmake
-- Symlinking: /workspace/planner/ros2/install/utils/share/utils/package.xml
-- Installing: /workspace/planner/ros2/install/utils/lib/libutils.a
-- Installing: /workspace/planner/ros2/install/utils/share/utils/cmake/export_utilsExport.cmake
-- Installing: /workspace/planner/ros2/install/utils/share/utils/cmake/export_utilsExport-noconfig.cmake
