[0.022s] Invoking command in '/workspace/planner/ros2/build/interfaces': AMENT_PREFIX_PATH=/workspace/planner/ros2/install/utils:${AMENT_PREFIX_PATH} CMAKE_PREFIX_PATH=/workspace/planner/ros2/install/utils:/opt/ros/galactic LD_LIBRARY_PATH=/workspace/planner/ros2/install/utils/lib:${LD_LIBRARY_PATH} /usr/local/bin/cmake --build /workspace/planner/ros2/build/interfaces -- -j12 -l12
[0.088s] [100%] Built target interfaces_node
[0.098s] Invoked command in '/workspace/planner/ros2/build/interfaces' returned '0': AMENT_PREFIX_PATH=/workspace/planner/ros2/install/utils:${AMENT_PREFIX_PATH} CMAKE_PREFIX_PATH=/workspace/planner/ros2/install/utils:/opt/ros/galactic LD_LIBRARY_PATH=/workspace/planner/ros2/install/utils/lib:${LD_LIBRARY_PATH} /usr/local/bin/cmake --build /workspace/planner/ros2/build/interfaces -- -j12 -l12
[0.143s] Invoking command in '/workspace/planner/ros2/build/interfaces': AMENT_PREFIX_PATH=/workspace/planner/ros2/install/utils:${AMENT_PREFIX_PATH} CMAKE_PREFIX_PATH=/workspace/planner/ros2/install/utils:/opt/ros/galactic LD_LIBRARY_PATH=/workspace/planner/ros2/install/utils/lib:${LD_LIBRARY_PATH} /usr/local/bin/cmake --install /workspace/planner/ros2/build/interfaces
[0.149s] -- Install configuration: ""
[0.151s] -- Execute custom install script
[0.152s] -- Up-to-date symlink: /workspace/planner/ros2/install/interfaces/lib/interfaces/interfaces_node
[0.154s] -- Up-to-date symlink: /workspace/planner/ros2/install/interfaces/include/modules//speaker.hpp
[0.155s] -- Up-to-date symlink: /workspace/planner/ros2/install/interfaces/share/ament_index/resource_index/package_run_dependencies/interfaces
[0.157s] -- Up-to-date symlink: /workspace/planner/ros2/install/interfaces/share/ament_index/resource_index/parent_prefix_path/interfaces
[0.158s] -- Up-to-date symlink: /workspace/planner/ros2/install/interfaces/share/interfaces/environment/ament_prefix_path.sh
[0.159s] -- Up-to-date symlink: /workspace/planner/ros2/install/interfaces/share/interfaces/environment/ament_prefix_path.dsv
[0.159s] -- Up-to-date symlink: /workspace/planner/ros2/install/interfaces/share/interfaces/environment/path.sh
[0.160s] -- Up-to-date symlink: /workspace/planner/ros2/install/interfaces/share/interfaces/environment/path.dsv
[0.162s] -- Up-to-date symlink: /workspace/planner/ros2/install/interfaces/share/interfaces/local_setup.bash
[0.163s] -- Up-to-date symlink: /workspace/planner/ros2/install/interfaces/share/interfaces/local_setup.sh
[0.164s] -- Up-to-date symlink: /workspace/planner/ros2/install/interfaces/share/interfaces/local_setup.zsh
[0.165s] -- Up-to-date symlink: /workspace/planner/ros2/install/interfaces/share/interfaces/local_setup.dsv
[0.166s] -- Symlinking: /workspace/planner/ros2/install/interfaces/share/interfaces/package.dsv
[0.171s] -- Up-to-date symlink: /workspace/planner/ros2/install/interfaces/share/ament_index/resource_index/packages/interfaces
[0.172s] -- Up-to-date symlink: /workspace/planner/ros2/install/interfaces/share/interfaces/cmake/ament_cmake_export_dependencies-extras.cmake
[0.173s] -- Up-to-date symlink: /workspace/planner/ros2/install/interfaces/share/interfaces/cmake/ament_cmake_export_include_directories-extras.cmake
[0.174s] -- Up-to-date symlink: /workspace/planner/ros2/install/interfaces/share/interfaces/cmake/interfacesConfig.cmake
[0.175s] -- Up-to-date symlink: /workspace/planner/ros2/install/interfaces/share/interfaces/cmake/interfacesConfig-version.cmake
[0.175s] -- Up-to-date symlink: /workspace/planner/ros2/install/interfaces/share/interfaces/package.xml
[0.179s] Invoked command in '/workspace/planner/ros2/build/interfaces' returned '0': AMENT_PREFIX_PATH=/workspace/planner/ros2/install/utils:${AMENT_PREFIX_PATH} CMAKE_PREFIX_PATH=/workspace/planner/ros2/install/utils:/opt/ros/galactic LD_LIBRARY_PATH=/workspace/planner/ros2/install/utils/lib:${LD_LIBRARY_PATH} /usr/local/bin/cmake --install /workspace/planner/ros2/build/interfaces
