running develop
running egg_info
creating path_planner.egg-info
writing path_planner.egg-info/PKG-INFO
writing dependency_links to path_planner.egg-info/dependency_links.txt
writing entry points to path_planner.egg-info/entry_points.txt
writing requirements to path_planner.egg-info/requires.txt
writing top-level names to path_planner.egg-info/top_level.txt
writing manifest file 'path_planner.egg-info/SOURCES.txt'
reading manifest file 'path_planner.egg-info/SOURCES.txt'
writing manifest file 'path_planner.egg-info/SOURCES.txt'
running build_ext
Creating /workspace/planner/ros2/install/path_planner/lib/python3.8/site-packages/site.py
Creating /workspace/planner/ros2/install/path_planner/lib/python3.8/site-packages/path-planner.egg-link (link to .)
Installing path_planner script to /workspace/planner/ros2/install/path_planner/lib/path_planner

Installed /workspace/planner/ros2/build/path_planner
running install_data
creating /workspace/planner/ros2/install/path_planner/share/ament_index
creating /workspace/planner/ros2/install/path_planner/share/ament_index/resource_index
creating /workspace/planner/ros2/install/path_planner/share/ament_index/resource_index/packages
copying resource/path_planner -> /workspace/planner/ros2/install/path_planner/share/ament_index/resource_index/packages
copying package.xml -> /workspace/planner/ros2/install/path_planner/share/path_planner
