[1.280s] Invoking command in '/workspace/planner/ros2/build/path_planner': PYTHONPATH=/workspace/planner/ros2/install/path_planner/lib/python3.8/site-packages:${PYTHONPATH} /usr/bin/python3 setup.py develop --prefix /workspace/planner/ros2/install/path_planner --editable --build-directory /workspace/planner/ros2/build/path_planner/build --no-deps install_data --install-dir /workspace/planner/ros2/install/path_planner
[1.499s] running develop
[1.594s] running egg_info
[1.594s] creating path_planner.egg-info
[1.597s] writing path_planner.egg-info/PKG-INFO
[1.598s] writing dependency_links to path_planner.egg-info/dependency_links.txt
[1.598s] writing entry points to path_planner.egg-info/entry_points.txt
[1.598s] writing requirements to path_planner.egg-info/requires.txt
[1.599s] writing top-level names to path_planner.egg-info/top_level.txt
[1.599s] writing manifest file 'path_planner.egg-info/SOURCES.txt'
[1.636s] reading manifest file 'path_planner.egg-info/SOURCES.txt'
[1.637s] writing manifest file 'path_planner.egg-info/SOURCES.txt'
[1.638s] running build_ext
[1.638s] Creating /workspace/planner/ros2/install/path_planner/lib/python3.8/site-packages/site.py
[1.641s] Creating /workspace/planner/ros2/install/path_planner/lib/python3.8/site-packages/path-planner.egg-link (link to .)
[1.642s] Installing path_planner script to /workspace/planner/ros2/install/path_planner/lib/path_planner
[1.647s] 
[1.648s] Installed /workspace/planner/ros2/build/path_planner
[1.650s] running install_data
[1.650s] creating /workspace/planner/ros2/install/path_planner/share/ament_index
[1.650s] creating /workspace/planner/ros2/install/path_planner/share/ament_index/resource_index
[1.650s] creating /workspace/planner/ros2/install/path_planner/share/ament_index/resource_index/packages
[1.651s] copying resource/path_planner -> /workspace/planner/ros2/install/path_planner/share/ament_index/resource_index/packages
[1.652s] copying package.xml -> /workspace/planner/ros2/install/path_planner/share/path_planner
[1.721s] Invoked command in '/workspace/planner/ros2/build/path_planner' returned '0': PYTHONPATH=/workspace/planner/ros2/install/path_planner/lib/python3.8/site-packages:${PYTHONPATH} /usr/bin/python3 setup.py develop --prefix /workspace/planner/ros2/install/path_planner --editable --build-directory /workspace/planner/ros2/build/path_planner/build --no-deps install_data --install-dir /workspace/planner/ros2/install/path_planner
