-- The C compiler identification is GNU 9.4.0
-- The CXX compiler identification is GNU 9.4.0
-- Check for working C compiler: /usr/bin/cc
-- Check for working C compiler: /usr/bin/cc -- works
-- Detecting C compiler ABI info
-- Detecting C compiler ABI info - done
-- Detecting C compile features
-- Detecting C compile features - done
-- Check for working CXX compiler: /usr/bin/c++
-- Check for working CXX compiler: /usr/bin/c++ -- works
-- Detecting CXX compiler ABI info
-- Detecting CXX compiler ABI info - done
-- Detecting CXX compile features
-- Detecting CXX compile features - done
-- Found ament_cmake: 1.1.5 (/opt/ros/galactic/share/ament_cmake/cmake)
-- Found PythonInterp: /usr/bin/python3 (found suitable version "3.8.10", minimum required is "3") 
-- Using PYTHON_EXECUTABLE: /usr/bin/python3
-- Override CMake install command with custom implementation using symlinks instead of copying resources
-- Found rosidl_default_generators: 1.1.1 (/opt/ros/galactic/share/rosidl_default_generators/cmake)
-- Using single rosidl_typesupport_c: rosidl_typesupport_introspection_c
-- Found rosidl_adapter: 2.2.1 (/opt/ros/galactic/share/rosidl_adapter/cmake)
-- Using single rosidl_typesupport_cpp: rosidl_typesupport_introspection_cpp
-- Found builtin_interfaces: 1.0.3 (/opt/ros/galactic/share/builtin_interfaces/cmake)
-- Found std_msgs: 2.2.4 (/opt/ros/galactic/share/std_msgs/cmake)
-- Found usr_msgs: 0.0.1 (/workspace/planner/ros2/install/usr_msgs/share/usr_msgs/cmake)
-- Found ament_lint_auto: 0.10.6 (/opt/ros/galactic/share/ament_lint_auto/cmake)
-- Found PythonInterp: /usr/bin/python3 (found version "3.8.10") 
-- Using single rosidl_typesupport_c: rosidl_typesupport_introspection_c
-- Using single rosidl_typesupport_cpp: rosidl_typesupport_introspection_cpp
-- Found PythonInterp: /usr/bin/python3 (found suitable version "3.8.10", minimum required is "3.5") 
-- Found python_cmake_module: 0.8.1 (/opt/ros/galactic/share/python_cmake_module/cmake)
-- Found PythonLibs: /usr/lib/x86_64-linux-gnu/libpython3.8.so (found suitable version "3.8.10", minimum required is "3.5") 
-- Using PYTHON_EXECUTABLE: /usr/bin/python3
-- Using PYTHON_INCLUDE_DIRS: /usr/include/python3.8
-- Using PYTHON_LIBRARIES: /usr/lib/x86_64-linux-gnu/libpython3.8.so
-- Found PythonExtra: .so  
-- Added test 'copyright' to check source files copyright and LICENSE
-- Added test 'lint_cmake' to check CMake code style
-- Added test 'xmllint' to check XML markup files
-- Configuring done
-- Generating done
-- Build files have been written to: /workspace/planner/ros2/build/usr_srvs
[  3%] [34m[1mGenerating C code for ROS interfaces[0m
[35m[1mScanning dependencies of target usr_srvs__cpp[0m
[  6%] [34m[1mGenerating C++ code for ROS interfaces[0m
[35m[1mScanning dependencies of target usr_srvs__rosidl_generator_c[0m
[ 10%] [32mBuilding C object CMakeFiles/usr_srvs__rosidl_generator_c.dir/rosidl_generator_c/usr_srvs/srv/detail/turn__functions.c.o[0m
[ 13%] [32mBuilding C object CMakeFiles/usr_srvs__rosidl_generator_c.dir/rosidl_generator_c/usr_srvs/srv/detail/move__functions.c.o[0m
[ 13%] Built target usr_srvs__cpp
[ 17%] [34m[1mGenerating C++ introspection for ROS interfaces[0m
[ 20%] [32m[1mLinking C shared library libusr_srvs__rosidl_generator_c.so[0m
[ 20%] Built target usr_srvs__rosidl_generator_c
[ 24%] [34m[1mGenerating C introspection for ROS interfaces[0m
[35m[1mScanning dependencies of target usr_srvs__rosidl_typesupport_introspection_cpp[0m
[ 31%] [32mBuilding CXX object CMakeFiles/usr_srvs__rosidl_typesupport_introspection_cpp.dir/rosidl_typesupport_introspection_cpp/usr_srvs/srv/detail/turn__type_support.cpp.o[0m
[ 31%] [32mBuilding CXX object CMakeFiles/usr_srvs__rosidl_typesupport_introspection_cpp.dir/rosidl_typesupport_introspection_cpp/usr_srvs/srv/detail/move__type_support.cpp.o[0m
[35m[1mScanning dependencies of target usr_srvs__rosidl_typesupport_introspection_c[0m
[ 37%] [32mBuilding C object CMakeFiles/usr_srvs__rosidl_typesupport_introspection_c.dir/rosidl_typesupport_introspection_c/usr_srvs/srv/detail/turn__type_support.c.o[0m
[ 37%] [32mBuilding C object CMakeFiles/usr_srvs__rosidl_typesupport_introspection_c.dir/rosidl_typesupport_introspection_c/usr_srvs/srv/detail/move__type_support.c.o[0m
[ 41%] [32m[1mLinking C shared library libusr_srvs__rosidl_typesupport_introspection_c.so[0m
[ 41%] Built target usr_srvs__rosidl_typesupport_introspection_c
[ 44%] [34m[1mGenerating C type support dispatch for ROS interfaces[0m
[ 48%] [32m[1mLinking CXX shared library libusr_srvs__rosidl_typesupport_introspection_cpp.so[0m
[35m[1mScanning dependencies of target usr_srvs__rosidl_typesupport_c[0m
[ 55%] [32mBuilding CXX object CMakeFiles/usr_srvs__rosidl_typesupport_c.dir/rosidl_typesupport_c/usr_srvs/srv/move__type_support.cpp.o[0m
[ 55%] [32mBuilding CXX object CMakeFiles/usr_srvs__rosidl_typesupport_c.dir/rosidl_typesupport_c/usr_srvs/srv/turn__type_support.cpp.o[0m
[ 58%] [32m[1mLinking CXX shared library libusr_srvs__rosidl_typesupport_c.so[0m
[ 58%] Built target usr_srvs__rosidl_typesupport_introspection_cpp
[ 62%] [34m[1mGenerating C++ type support dispatch for ROS interfaces[0m
[ 62%] Built target usr_srvs__rosidl_typesupport_c
[35m[1mScanning dependencies of target usr_srvs__rosidl_typesupport_cpp[0m
[ 68%] [32mBuilding CXX object CMakeFiles/usr_srvs__rosidl_typesupport_cpp.dir/rosidl_typesupport_cpp/usr_srvs/srv/move__type_support.cpp.o[0m
[ 68%] [32mBuilding CXX object CMakeFiles/usr_srvs__rosidl_typesupport_cpp.dir/rosidl_typesupport_cpp/usr_srvs/srv/turn__type_support.cpp.o[0m
[ 72%] [32m[1mLinking CXX shared library libusr_srvs__rosidl_typesupport_cpp.so[0m
[ 72%] Built target usr_srvs__rosidl_typesupport_cpp
[35m[1mScanning dependencies of target usr_srvs[0m
[ 72%] Built target usr_srvs
[35m[1mScanning dependencies of target usr_srvs__py[0m
[ 75%] [34m[1mGenerating Python code for ROS interfaces[0m
[ 75%] Built target usr_srvs__py
[35m[1mScanning dependencies of target usr_srvs__python[0m
[ 82%] [32mBuilding C object CMakeFiles/usr_srvs__python.dir/rosidl_generator_py/usr_srvs/srv/_move_s.c.o[0m
[ 82%] [32mBuilding C object CMakeFiles/usr_srvs__python.dir/rosidl_generator_py/usr_srvs/srv/_turn_s.c.o[0m
[ 86%] [32m[1mLinking C shared library rosidl_generator_py/usr_srvs/libusr_srvs__python.so[0m
[ 86%] Built target usr_srvs__python
[35m[1mScanning dependencies of target usr_srvs__rosidl_typesupport_introspection_c__pyext[0m
[35m[1mScanning dependencies of target usr_srvs__rosidl_typesupport_c__pyext[0m
[ 89%] [32mBuilding C object CMakeFiles/usr_srvs__rosidl_typesupport_c__pyext.dir/rosidl_generator_py/usr_srvs/_usr_srvs_s.ep.rosidl_typesupport_c.c.o[0m
[ 93%] [32mBuilding C object CMakeFiles/usr_srvs__rosidl_typesupport_introspection_c__pyext.dir/rosidl_generator_py/usr_srvs/_usr_srvs_s.ep.rosidl_typesupport_introspection_c.c.o[0m
[ 96%] [32m[1mLinking C shared library rosidl_generator_py/usr_srvs/usr_srvs_s__rosidl_typesupport_c.cpython-38-x86_64-linux-gnu.so[0m
[100%] [32m[1mLinking C shared library rosidl_generator_py/usr_srvs/usr_srvs_s__rosidl_typesupport_introspection_c.cpython-38-x86_64-linux-gnu.so[0m
[100%] Built target usr_srvs__rosidl_typesupport_c__pyext
[100%] Built target usr_srvs__rosidl_typesupport_introspection_c__pyext
-- Install configuration: ""
-- Execute custom install script
-- Symlinking: /workspace/planner/ros2/install/usr_srvs/share/ament_index/resource_index/rosidl_interfaces/usr_srvs
-- Symlinking: /workspace/planner/ros2/install/usr_srvs/include/usr_srvs/msg/rosidl_generator_c__visibility_control.h
-- Symlinking: /workspace/planner/ros2/install/usr_srvs/include/usr_srvs/srv/detail/move__functions.h
-- Symlinking: /workspace/planner/ros2/install/usr_srvs/include/usr_srvs/srv/detail/move__struct.h
-- Symlinking: /workspace/planner/ros2/install/usr_srvs/include/usr_srvs/srv/detail/move__type_support.h
-- Symlinking: /workspace/planner/ros2/install/usr_srvs/include/usr_srvs/srv/detail/turn__functions.h
-- Symlinking: /workspace/planner/ros2/install/usr_srvs/include/usr_srvs/srv/detail/turn__struct.h
-- Symlinking: /workspace/planner/ros2/install/usr_srvs/include/usr_srvs/srv/detail/turn__type_support.h
-- Symlinking: /workspace/planner/ros2/install/usr_srvs/include/usr_srvs/srv/move.h
-- Symlinking: /workspace/planner/ros2/install/usr_srvs/include/usr_srvs/srv/turn.h
-- Symlinking: /workspace/planner/ros2/install/usr_srvs/share/usr_srvs/environment/library_path.sh
-- Symlinking: /workspace/planner/ros2/install/usr_srvs/share/usr_srvs/environment/library_path.dsv
-- Symlinking: /workspace/planner/ros2/install/usr_srvs/include/usr_srvs/msg/rosidl_typesupport_introspection_c__visibility_control.h
-- Symlinking: /workspace/planner/ros2/install/usr_srvs/include/usr_srvs/srv/detail/move__rosidl_typesupport_introspection_c.h
-- Symlinking: /workspace/planner/ros2/install/usr_srvs/include/usr_srvs/srv/detail/turn__rosidl_typesupport_introspection_c.h
-- Symlinking: /workspace/planner/ros2/install/usr_srvs/include/usr_srvs/srv/detail/move__builder.hpp
-- Symlinking: /workspace/planner/ros2/install/usr_srvs/include/usr_srvs/srv/detail/move__struct.hpp
-- Symlinking: /workspace/planner/ros2/install/usr_srvs/include/usr_srvs/srv/detail/move__traits.hpp
-- Symlinking: /workspace/planner/ros2/install/usr_srvs/include/usr_srvs/srv/detail/turn__builder.hpp
-- Symlinking: /workspace/planner/ros2/install/usr_srvs/include/usr_srvs/srv/detail/turn__struct.hpp
-- Symlinking: /workspace/planner/ros2/install/usr_srvs/include/usr_srvs/srv/detail/turn__traits.hpp
-- Symlinking: /workspace/planner/ros2/install/usr_srvs/include/usr_srvs/srv/move.hpp
-- Symlinking: /workspace/planner/ros2/install/usr_srvs/include/usr_srvs/srv/turn.hpp
-- Symlinking: /workspace/planner/ros2/install/usr_srvs/include/usr_srvs/srv/detail/move__rosidl_typesupport_introspection_cpp.hpp
-- Symlinking: /workspace/planner/ros2/install/usr_srvs/include/usr_srvs/srv/detail/turn__rosidl_typesupport_introspection_cpp.hpp
-- Symlinking: /workspace/planner/ros2/install/usr_srvs/share/usr_srvs/environment/pythonpath.sh
-- Symlinking: /workspace/planner/ros2/install/usr_srvs/share/usr_srvs/environment/pythonpath.dsv
-- Symlinking: /workspace/planner/ros2/install/usr_srvs/lib/python3.8/site-packages/usr_srvs/__init__.py
-- Symlinking: /workspace/planner/ros2/install/usr_srvs/lib/python3.8/site-packages/usr_srvs/srv/__init__.py
-- Symlinking: /workspace/planner/ros2/install/usr_srvs/lib/python3.8/site-packages/usr_srvs/srv/_move.py
-- Symlinking: /workspace/planner/ros2/install/usr_srvs/lib/python3.8/site-packages/usr_srvs/srv/_turn.py
-- Symlinking: /workspace/planner/ros2/install/usr_srvs/lib/python3.8/site-packages/usr_srvs/usr_srvs_s__rosidl_typesupport_introspection_c.cpython-38-x86_64-linux-gnu.so
-- Symlinking: /workspace/planner/ros2/install/usr_srvs/lib/python3.8/site-packages/usr_srvs/usr_srvs_s__rosidl_typesupport_c.cpython-38-x86_64-linux-gnu.so
-- Symlinking: /workspace/planner/ros2/install/usr_srvs/lib/libusr_srvs__python.so
-- Symlinking: /workspace/planner/ros2/install/usr_srvs/share/usr_srvs/srv/Move.idl
-- Symlinking: /workspace/planner/ros2/install/usr_srvs/share/usr_srvs/srv/Turn.idl
-- Symlinking: /workspace/planner/ros2/install/usr_srvs/share/usr_srvs/robot/Move.srv
-- Symlinking: /workspace/planner/ros2/install/usr_srvs/share/usr_srvs/robot/Move_Request.msg
-- Symlinking: /workspace/planner/ros2/install/usr_srvs/share/usr_srvs/robot/Move_Response.msg
-- Symlinking: /workspace/planner/ros2/install/usr_srvs/share/usr_srvs/robot/Turn.srv
-- Symlinking: /workspace/planner/ros2/install/usr_srvs/share/usr_srvs/robot/Turn_Request.msg
-- Symlinking: /workspace/planner/ros2/install/usr_srvs/share/usr_srvs/robot/Turn_Response.msg
-- Symlinking: /workspace/planner/ros2/install/usr_srvs/share/ament_index/resource_index/package_run_dependencies/usr_srvs
-- Symlinking: /workspace/planner/ros2/install/usr_srvs/share/ament_index/resource_index/parent_prefix_path/usr_srvs
-- Symlinking: /workspace/planner/ros2/install/usr_srvs/share/usr_srvs/environment/ament_prefix_path.sh
-- Symlinking: /workspace/planner/ros2/install/usr_srvs/share/usr_srvs/environment/ament_prefix_path.dsv
-- Symlinking: /workspace/planner/ros2/install/usr_srvs/share/usr_srvs/environment/path.sh
-- Symlinking: /workspace/planner/ros2/install/usr_srvs/share/usr_srvs/environment/path.dsv
-- Symlinking: /workspace/planner/ros2/install/usr_srvs/share/usr_srvs/local_setup.bash
-- Symlinking: /workspace/planner/ros2/install/usr_srvs/share/usr_srvs/local_setup.sh
-- Symlinking: /workspace/planner/ros2/install/usr_srvs/share/usr_srvs/local_setup.zsh
-- Symlinking: /workspace/planner/ros2/install/usr_srvs/share/usr_srvs/local_setup.dsv
-- Symlinking: /workspace/planner/ros2/install/usr_srvs/share/usr_srvs/package.dsv
-- Symlinking: /workspace/planner/ros2/install/usr_srvs/share/ament_index/resource_index/packages/usr_srvs
-- Symlinking: /workspace/planner/ros2/install/usr_srvs/share/usr_srvs/cmake/rosidl_cmake-extras.cmake
-- Symlinking: /workspace/planner/ros2/install/usr_srvs/share/usr_srvs/cmake/ament_cmake_export_dependencies-extras.cmake
-- Symlinking: /workspace/planner/ros2/install/usr_srvs/share/usr_srvs/cmake/ament_cmake_export_libraries-extras.cmake
-- Symlinking: /workspace/planner/ros2/install/usr_srvs/share/usr_srvs/cmake/ament_cmake_export_targets-extras.cmake
-- Symlinking: /workspace/planner/ros2/install/usr_srvs/share/usr_srvs/cmake/ament_cmake_export_include_directories-extras.cmake
-- Symlinking: /workspace/planner/ros2/install/usr_srvs/share/usr_srvs/cmake/rosidl_cmake_export_typesupport_targets-extras.cmake
-- Symlinking: /workspace/planner/ros2/install/usr_srvs/share/usr_srvs/cmake/usr_srvsConfig.cmake
-- Symlinking: /workspace/planner/ros2/install/usr_srvs/share/usr_srvs/cmake/usr_srvsConfig-version.cmake
-- Symlinking: /workspace/planner/ros2/install/usr_srvs/share/usr_srvs/package.xml
-- Installing: /workspace/planner/ros2/install/usr_srvs/lib/libusr_srvs__rosidl_generator_c.so
-- Set runtime path of "/workspace/planner/ros2/install/usr_srvs/lib/libusr_srvs__rosidl_generator_c.so" to ""
-- Installing: /workspace/planner/ros2/install/usr_srvs/lib/libusr_srvs__rosidl_typesupport_introspection_c.so
-- Set runtime path of "/workspace/planner/ros2/install/usr_srvs/lib/libusr_srvs__rosidl_typesupport_introspection_c.so" to ""
-- Installing: /workspace/planner/ros2/install/usr_srvs/lib/libusr_srvs__rosidl_typesupport_c.so
-- Set runtime path of "/workspace/planner/ros2/install/usr_srvs/lib/libusr_srvs__rosidl_typesupport_c.so" to ""
-- Installing: /workspace/planner/ros2/install/usr_srvs/lib/libusr_srvs__rosidl_typesupport_introspection_cpp.so
-- Set runtime path of "/workspace/planner/ros2/install/usr_srvs/lib/libusr_srvs__rosidl_typesupport_introspection_cpp.so" to ""
-- Installing: /workspace/planner/ros2/install/usr_srvs/lib/libusr_srvs__rosidl_typesupport_cpp.so
-- Set runtime path of "/workspace/planner/ros2/install/usr_srvs/lib/libusr_srvs__rosidl_typesupport_cpp.so" to ""
Compiling '/workspace/planner/ros2/install/usr_srvs/lib/python3.8/site-packages/usr_srvs/__init__.py'...
-- Installing: /workspace/planner/ros2/install/usr_srvs/share/usr_srvs/cmake/usr_srvs__rosidl_generator_cExport.cmake
-- Installing: /workspace/planner/ros2/install/usr_srvs/share/usr_srvs/cmake/usr_srvs__rosidl_generator_cExport-noconfig.cmake
-- Installing: /workspace/planner/ros2/install/usr_srvs/share/usr_srvs/cmake/usr_srvs__rosidl_typesupport_introspection_cExport.cmake
-- Installing: /workspace/planner/ros2/install/usr_srvs/share/usr_srvs/cmake/usr_srvs__rosidl_typesupport_introspection_cExport-noconfig.cmake
-- Installing: /workspace/planner/ros2/install/usr_srvs/share/usr_srvs/cmake/usr_srvs__rosidl_typesupport_cExport.cmake
-- Installing: /workspace/planner/ros2/install/usr_srvs/share/usr_srvs/cmake/usr_srvs__rosidl_typesupport_cExport-noconfig.cmake
-- Installing: /workspace/planner/ros2/install/usr_srvs/share/usr_srvs/cmake/usr_srvs__rosidl_generator_cppExport.cmake
-- Installing: /workspace/planner/ros2/install/usr_srvs/share/usr_srvs/cmake/usr_srvs__rosidl_typesupport_introspection_cppExport.cmake
-- Installing: /workspace/planner/ros2/install/usr_srvs/share/usr_srvs/cmake/usr_srvs__rosidl_typesupport_introspection_cppExport-noconfig.cmake
-- Installing: /workspace/planner/ros2/install/usr_srvs/share/usr_srvs/cmake/usr_srvs__rosidl_typesupport_cppExport.cmake
-- Installing: /workspace/planner/ros2/install/usr_srvs/share/usr_srvs/cmake/usr_srvs__rosidl_typesupport_cppExport-noconfig.cmake
