[0.018s] Invoking command in '/workspace/planner/ros2/build/usr_srvs': AMENT_PREFIX_PATH=/workspace/planner/ros2/install/usr_msgs:${AMENT_PREFIX_PATH} CMAKE_PREFIX_PATH=/workspace/planner/ros2/install/usr_msgs:/opt/ros/galactic LD_LIBRARY_PATH=/workspace/planner/ros2/install/usr_msgs/lib:${LD_LIBRARY_PATH} PYTHONPATH=/workspace/planner/ros2/install/usr_msgs/lib/python3.8/site-packages:${PYTHONPATH} /usr/local/bin/cmake /workspace/planner/ros2/src/usr_srvs -DAMENT_CMAKE_SYMLINK_INSTALL=1 -DCMAKE_INSTALL_PREFIX=/workspace/planner/ros2/install/usr_srvs
[0.112s] -- The C compiler identification is GNU 9.4.0
[0.213s] -- The CXX compiler identification is GNU 9.4.0
[0.232s] -- Check for working C compiler: /usr/bin/cc
[0.311s] -- Check for working C compiler: /usr/bin/cc -- works
[0.315s] -- Detecting C compiler ABI info
[0.396s] -- Detecting C compiler ABI info - done
[0.444s] -- Detecting C compile features
[0.445s] -- Detecting C compile features - done
[0.454s] -- Check for working CXX compiler: /usr/bin/c++
[0.547s] -- Check for working CXX compiler: /usr/bin/c++ -- works
[0.550s] -- Detecting CXX compiler ABI info
[0.635s] -- Detecting CXX compiler ABI info - done
[0.676s] -- Detecting CXX compile features
[0.679s] -- Detecting CXX compile features - done
[0.682s] -- Found ament_cmake: 1.1.5 (/opt/ros/galactic/share/ament_cmake/cmake)
[0.709s] -- Found PythonInterp: /usr/bin/python3 (found suitable version "3.8.10", minimum required is "3") 
[0.710s] -- Using PYTHON_EXECUTABLE: /usr/bin/python3
[0.815s] -- Override CMake install command with custom implementation using symlinks instead of copying resources
[0.868s] -- Found rosidl_default_generators: 1.1.1 (/opt/ros/galactic/share/rosidl_default_generators/cmake)
[0.883s] -- Using single rosidl_typesupport_c: rosidl_typesupport_introspection_c
[0.904s] -- Found rosidl_adapter: 2.2.1 (/opt/ros/galactic/share/rosidl_adapter/cmake)
[1.019s] -- Using single rosidl_typesupport_cpp: rosidl_typesupport_introspection_cpp
[1.128s] -- Found builtin_interfaces: 1.0.3 (/opt/ros/galactic/share/builtin_interfaces/cmake)
[1.164s] -- Found std_msgs: 2.2.4 (/opt/ros/galactic/share/std_msgs/cmake)
[1.219s] -- Found usr_msgs: 0.0.1 (/workspace/planner/ros2/install/usr_msgs/share/usr_msgs/cmake)
[1.334s] -- Found ament_lint_auto: 0.10.6 (/opt/ros/galactic/share/ament_lint_auto/cmake)
[1.447s] -- Found PythonInterp: /usr/bin/python3 (found version "3.8.10") 
[1.939s] -- Using single rosidl_typesupport_c: rosidl_typesupport_introspection_c
[2.260s] -- Using single rosidl_typesupport_cpp: rosidl_typesupport_introspection_cpp
[2.299s] -- Found PythonInterp: /usr/bin/python3 (found suitable version "3.8.10", minimum required is "3.5") 
[2.300s] -- Found python_cmake_module: 0.8.1 (/opt/ros/galactic/share/python_cmake_module/cmake)
[2.339s] -- Found PythonLibs: /usr/lib/x86_64-linux-gnu/libpython3.8.so (found suitable version "3.8.10", minimum required is "3.5") 
[2.339s] -- Using PYTHON_EXECUTABLE: /usr/bin/python3
[2.339s] -- Using PYTHON_INCLUDE_DIRS: /usr/include/python3.8
[2.339s] -- Using PYTHON_LIBRARIES: /usr/lib/x86_64-linux-gnu/libpython3.8.so
[2.358s] -- Found PythonExtra: .so  
[2.568s] -- Added test 'copyright' to check source files copyright and LICENSE
[2.572s] -- Added test 'lint_cmake' to check CMake code style
[2.575s] -- Added test 'xmllint' to check XML markup files
[2.597s] -- Configuring done
[2.860s] -- Generating done
[2.863s] -- Build files have been written to: /workspace/planner/ros2/build/usr_srvs
[2.871s] Invoked command in '/workspace/planner/ros2/build/usr_srvs' returned '0': AMENT_PREFIX_PATH=/workspace/planner/ros2/install/usr_msgs:${AMENT_PREFIX_PATH} CMAKE_PREFIX_PATH=/workspace/planner/ros2/install/usr_msgs:/opt/ros/galactic LD_LIBRARY_PATH=/workspace/planner/ros2/install/usr_msgs/lib:${LD_LIBRARY_PATH} PYTHONPATH=/workspace/planner/ros2/install/usr_msgs/lib/python3.8/site-packages:${PYTHONPATH} /usr/local/bin/cmake /workspace/planner/ros2/src/usr_srvs -DAMENT_CMAKE_SYMLINK_INSTALL=1 -DCMAKE_INSTALL_PREFIX=/workspace/planner/ros2/install/usr_srvs
[2.875s] Invoking command in '/workspace/planner/ros2/build/usr_srvs': AMENT_PREFIX_PATH=/workspace/planner/ros2/install/usr_msgs:${AMENT_PREFIX_PATH} CMAKE_PREFIX_PATH=/workspace/planner/ros2/install/usr_msgs:/opt/ros/galactic LD_LIBRARY_PATH=/workspace/planner/ros2/install/usr_msgs/lib:${LD_LIBRARY_PATH} PYTHONPATH=/workspace/planner/ros2/install/usr_msgs/lib/python3.8/site-packages:${PYTHONPATH} /usr/local/bin/cmake --build /workspace/planner/ros2/build/usr_srvs -- -j12 -l12
[2.904s] [  3%] [34m[1mGenerating C code for ROS interfaces[0m
[2.905s] [35m[1mScanning dependencies of target usr_srvs__cpp[0m
[2.912s] [  6%] [34m[1mGenerating C++ code for ROS interfaces[0m
[3.212s] [35m[1mScanning dependencies of target usr_srvs__rosidl_generator_c[0m
[3.223s] [ 10%] [32mBuilding C object CMakeFiles/usr_srvs__rosidl_generator_c.dir/rosidl_generator_c/usr_srvs/srv/detail/turn__functions.c.o[0m
[3.223s] [ 13%] [32mBuilding C object CMakeFiles/usr_srvs__rosidl_generator_c.dir/rosidl_generator_c/usr_srvs/srv/detail/move__functions.c.o[0m
[3.227s] [ 13%] Built target usr_srvs__cpp
[3.234s] [ 17%] [34m[1mGenerating C++ introspection for ROS interfaces[0m
[3.264s] [ 20%] [32m[1mLinking C shared library libusr_srvs__rosidl_generator_c.so[0m
[3.299s] [ 20%] Built target usr_srvs__rosidl_generator_c
[3.305s] [ 24%] [34m[1mGenerating C introspection for ROS interfaces[0m
[3.535s] [35m[1mScanning dependencies of target usr_srvs__rosidl_typesupport_introspection_cpp[0m
[3.546s] [ 31%] [32mBuilding CXX object CMakeFiles/usr_srvs__rosidl_typesupport_introspection_cpp.dir/rosidl_typesupport_introspection_cpp/usr_srvs/srv/detail/turn__type_support.cpp.o[0m
[3.547s] [ 31%] [32mBuilding CXX object CMakeFiles/usr_srvs__rosidl_typesupport_introspection_cpp.dir/rosidl_typesupport_introspection_cpp/usr_srvs/srv/detail/move__type_support.cpp.o[0m
[3.613s] [35m[1mScanning dependencies of target usr_srvs__rosidl_typesupport_introspection_c[0m
[3.625s] [ 37%] [32mBuilding C object CMakeFiles/usr_srvs__rosidl_typesupport_introspection_c.dir/rosidl_typesupport_introspection_c/usr_srvs/srv/detail/turn__type_support.c.o[0m
[3.625s] [ 37%] [32mBuilding C object CMakeFiles/usr_srvs__rosidl_typesupport_introspection_c.dir/rosidl_typesupport_introspection_c/usr_srvs/srv/detail/move__type_support.c.o[0m
[3.660s] [ 41%] [32m[1mLinking C shared library libusr_srvs__rosidl_typesupport_introspection_c.so[0m
[3.689s] [ 41%] Built target usr_srvs__rosidl_typesupport_introspection_c
[3.696s] [ 44%] [34m[1mGenerating C type support dispatch for ROS interfaces[0m
[3.929s] [ 48%] [32m[1mLinking CXX shared library libusr_srvs__rosidl_typesupport_introspection_cpp.so[0m
[3.957s] [35m[1mScanning dependencies of target usr_srvs__rosidl_typesupport_c[0m
[3.972s] [ 55%] [32mBuilding CXX object CMakeFiles/usr_srvs__rosidl_typesupport_c.dir/rosidl_typesupport_c/usr_srvs/srv/move__type_support.cpp.o[0m
[3.972s] [ 55%] [32mBuilding CXX object CMakeFiles/usr_srvs__rosidl_typesupport_c.dir/rosidl_typesupport_c/usr_srvs/srv/turn__type_support.cpp.o[0m
[4.008s] [ 58%] [32m[1mLinking CXX shared library libusr_srvs__rosidl_typesupport_c.so[0m
[4.032s] [ 58%] Built target usr_srvs__rosidl_typesupport_introspection_cpp
[4.039s] [ 62%] [34m[1mGenerating C++ type support dispatch for ROS interfaces[0m
[4.042s] [ 62%] Built target usr_srvs__rosidl_typesupport_c
[4.266s] [35m[1mScanning dependencies of target usr_srvs__rosidl_typesupport_cpp[0m
[4.278s] [ 68%] [32mBuilding CXX object CMakeFiles/usr_srvs__rosidl_typesupport_cpp.dir/rosidl_typesupport_cpp/usr_srvs/srv/move__type_support.cpp.o[0m
[4.279s] [ 68%] [32mBuilding CXX object CMakeFiles/usr_srvs__rosidl_typesupport_cpp.dir/rosidl_typesupport_cpp/usr_srvs/srv/turn__type_support.cpp.o[0m
[4.573s] [ 72%] [32m[1mLinking CXX shared library libusr_srvs__rosidl_typesupport_cpp.so[0m
[4.611s] [ 72%] Built target usr_srvs__rosidl_typesupport_cpp
[4.617s] [35m[1mScanning dependencies of target usr_srvs[0m
[4.623s] [ 72%] Built target usr_srvs
[4.629s] [35m[1mScanning dependencies of target usr_srvs__py[0m
[4.636s] [ 75%] [34m[1mGenerating Python code for ROS interfaces[0m
[5.123s] [ 75%] Built target usr_srvs__py
[5.130s] [35m[1mScanning dependencies of target usr_srvs__python[0m
[5.158s] [ 82%] [32mBuilding C object CMakeFiles/usr_srvs__python.dir/rosidl_generator_py/usr_srvs/srv/_move_s.c.o[0m
[5.158s] [ 82%] [32mBuilding C object CMakeFiles/usr_srvs__python.dir/rosidl_generator_py/usr_srvs/srv/_turn_s.c.o[0m
[5.262s] [ 86%] [32m[1mLinking C shared library rosidl_generator_py/usr_srvs/libusr_srvs__python.so[0m
[5.309s] [ 86%] Built target usr_srvs__python
[5.314s] [35m[1mScanning dependencies of target usr_srvs__rosidl_typesupport_introspection_c__pyext[0m
[5.315s] [35m[1mScanning dependencies of target usr_srvs__rosidl_typesupport_c__pyext[0m
[5.331s] [ 89%] [32mBuilding C object CMakeFiles/usr_srvs__rosidl_typesupport_c__pyext.dir/rosidl_generator_py/usr_srvs/_usr_srvs_s.ep.rosidl_typesupport_c.c.o[0m
[5.333s] [ 93%] [32mBuilding C object CMakeFiles/usr_srvs__rosidl_typesupport_introspection_c__pyext.dir/rosidl_generator_py/usr_srvs/_usr_srvs_s.ep.rosidl_typesupport_introspection_c.c.o[0m
[5.424s] [ 96%] [32m[1mLinking C shared library rosidl_generator_py/usr_srvs/usr_srvs_s__rosidl_typesupport_c.cpython-38-x86_64-linux-gnu.so[0m
[5.427s] [100%] [32m[1mLinking C shared library rosidl_generator_py/usr_srvs/usr_srvs_s__rosidl_typesupport_introspection_c.cpython-38-x86_64-linux-gnu.so[0m
[5.458s] [100%] Built target usr_srvs__rosidl_typesupport_c__pyext
[5.461s] [100%] Built target usr_srvs__rosidl_typesupport_introspection_c__pyext
[5.467s] Invoked command in '/workspace/planner/ros2/build/usr_srvs' returned '0': AMENT_PREFIX_PATH=/workspace/planner/ros2/install/usr_msgs:${AMENT_PREFIX_PATH} CMAKE_PREFIX_PATH=/workspace/planner/ros2/install/usr_msgs:/opt/ros/galactic LD_LIBRARY_PATH=/workspace/planner/ros2/install/usr_msgs/lib:${LD_LIBRARY_PATH} PYTHONPATH=/workspace/planner/ros2/install/usr_msgs/lib/python3.8/site-packages:${PYTHONPATH} /usr/local/bin/cmake --build /workspace/planner/ros2/build/usr_srvs -- -j12 -l12
[5.519s] Invoking command in '/workspace/planner/ros2/build/usr_srvs': AMENT_PREFIX_PATH=/workspace/planner/ros2/install/usr_msgs:${AMENT_PREFIX_PATH} CMAKE_PREFIX_PATH=/workspace/planner/ros2/install/usr_msgs:/opt/ros/galactic LD_LIBRARY_PATH=/workspace/planner/ros2/install/usr_msgs/lib:${LD_LIBRARY_PATH} PYTHONPATH=/workspace/planner/ros2/install/usr_msgs/lib/python3.8/site-packages:${PYTHONPATH} /usr/local/bin/cmake --install /workspace/planner/ros2/build/usr_srvs
[5.524s] -- Install configuration: ""
[5.526s] -- Execute custom install script
[5.526s] -- Symlinking: /workspace/planner/ros2/install/usr_srvs/share/ament_index/resource_index/rosidl_interfaces/usr_srvs
[5.532s] -- Symlinking: /workspace/planner/ros2/install/usr_srvs/include/usr_srvs/msg/rosidl_generator_c__visibility_control.h
[5.536s] -- Symlinking: /workspace/planner/ros2/install/usr_srvs/include/usr_srvs/srv/detail/move__functions.h
[5.540s] -- Symlinking: /workspace/planner/ros2/install/usr_srvs/include/usr_srvs/srv/detail/move__struct.h
[5.545s] -- Symlinking: /workspace/planner/ros2/install/usr_srvs/include/usr_srvs/srv/detail/move__type_support.h
[5.550s] -- Symlinking: /workspace/planner/ros2/install/usr_srvs/include/usr_srvs/srv/detail/turn__functions.h
[5.556s] -- Symlinking: /workspace/planner/ros2/install/usr_srvs/include/usr_srvs/srv/detail/turn__struct.h
[5.562s] -- Symlinking: /workspace/planner/ros2/install/usr_srvs/include/usr_srvs/srv/detail/turn__type_support.h
[5.568s] -- Symlinking: /workspace/planner/ros2/install/usr_srvs/include/usr_srvs/srv/move.h
[5.574s] -- Symlinking: /workspace/planner/ros2/install/usr_srvs/include/usr_srvs/srv/turn.h
[5.583s] -- Symlinking: /workspace/planner/ros2/install/usr_srvs/share/usr_srvs/environment/library_path.sh
[5.594s] -- Symlinking: /workspace/planner/ros2/install/usr_srvs/share/usr_srvs/environment/library_path.dsv
[5.602s] -- Symlinking: /workspace/planner/ros2/install/usr_srvs/include/usr_srvs/msg/rosidl_typesupport_introspection_c__visibility_control.h
[5.607s] -- Symlinking: /workspace/planner/ros2/install/usr_srvs/include/usr_srvs/srv/detail/move__rosidl_typesupport_introspection_c.h
[5.614s] -- Symlinking: /workspace/planner/ros2/install/usr_srvs/include/usr_srvs/srv/detail/turn__rosidl_typesupport_introspection_c.h
[5.622s] -- Symlinking: /workspace/planner/ros2/install/usr_srvs/include/usr_srvs/srv/detail/move__builder.hpp
[5.628s] -- Symlinking: /workspace/planner/ros2/install/usr_srvs/include/usr_srvs/srv/detail/move__struct.hpp
[5.634s] -- Symlinking: /workspace/planner/ros2/install/usr_srvs/include/usr_srvs/srv/detail/move__traits.hpp
[5.639s] -- Symlinking: /workspace/planner/ros2/install/usr_srvs/include/usr_srvs/srv/detail/turn__builder.hpp
[5.645s] -- Symlinking: /workspace/planner/ros2/install/usr_srvs/include/usr_srvs/srv/detail/turn__struct.hpp
[5.652s] -- Symlinking: /workspace/planner/ros2/install/usr_srvs/include/usr_srvs/srv/detail/turn__traits.hpp
[5.660s] -- Symlinking: /workspace/planner/ros2/install/usr_srvs/include/usr_srvs/srv/move.hpp
[5.665s] -- Symlinking: /workspace/planner/ros2/install/usr_srvs/include/usr_srvs/srv/turn.hpp
[5.672s] -- Symlinking: /workspace/planner/ros2/install/usr_srvs/include/usr_srvs/srv/detail/move__rosidl_typesupport_introspection_cpp.hpp
[5.679s] -- Symlinking: /workspace/planner/ros2/install/usr_srvs/include/usr_srvs/srv/detail/turn__rosidl_typesupport_introspection_cpp.hpp
[5.686s] -- Symlinking: /workspace/planner/ros2/install/usr_srvs/share/usr_srvs/environment/pythonpath.sh
[5.694s] -- Symlinking: /workspace/planner/ros2/install/usr_srvs/share/usr_srvs/environment/pythonpath.dsv
[5.702s] -- Symlinking: /workspace/planner/ros2/install/usr_srvs/lib/python3.8/site-packages/usr_srvs/__init__.py
[5.710s] -- Symlinking: /workspace/planner/ros2/install/usr_srvs/lib/python3.8/site-packages/usr_srvs/srv/__init__.py
[5.715s] -- Symlinking: /workspace/planner/ros2/install/usr_srvs/lib/python3.8/site-packages/usr_srvs/srv/_move.py
[5.721s] -- Symlinking: /workspace/planner/ros2/install/usr_srvs/lib/python3.8/site-packages/usr_srvs/srv/_turn.py
[5.728s] -- Symlinking: /workspace/planner/ros2/install/usr_srvs/lib/python3.8/site-packages/usr_srvs/usr_srvs_s__rosidl_typesupport_introspection_c.cpython-38-x86_64-linux-gnu.so
[5.735s] -- Symlinking: /workspace/planner/ros2/install/usr_srvs/lib/python3.8/site-packages/usr_srvs/usr_srvs_s__rosidl_typesupport_c.cpython-38-x86_64-linux-gnu.so
[5.742s] -- Symlinking: /workspace/planner/ros2/install/usr_srvs/lib/libusr_srvs__python.so
[5.748s] -- Symlinking: /workspace/planner/ros2/install/usr_srvs/share/usr_srvs/srv/Move.idl
[5.754s] -- Symlinking: /workspace/planner/ros2/install/usr_srvs/share/usr_srvs/srv/Turn.idl
[5.760s] -- Symlinking: /workspace/planner/ros2/install/usr_srvs/share/usr_srvs/robot/Move.srv
[5.766s] -- Symlinking: /workspace/planner/ros2/install/usr_srvs/share/usr_srvs/robot/Move_Request.msg
[5.772s] -- Symlinking: /workspace/planner/ros2/install/usr_srvs/share/usr_srvs/robot/Move_Response.msg
[5.779s] -- Symlinking: /workspace/planner/ros2/install/usr_srvs/share/usr_srvs/robot/Turn.srv
[5.788s] -- Symlinking: /workspace/planner/ros2/install/usr_srvs/share/usr_srvs/robot/Turn_Request.msg
[5.796s] -- Symlinking: /workspace/planner/ros2/install/usr_srvs/share/usr_srvs/robot/Turn_Response.msg
[5.803s] -- Symlinking: /workspace/planner/ros2/install/usr_srvs/share/ament_index/resource_index/package_run_dependencies/usr_srvs
[5.811s] -- Symlinking: /workspace/planner/ros2/install/usr_srvs/share/ament_index/resource_index/parent_prefix_path/usr_srvs
[5.818s] -- Symlinking: /workspace/planner/ros2/install/usr_srvs/share/usr_srvs/environment/ament_prefix_path.sh
[5.824s] -- Symlinking: /workspace/planner/ros2/install/usr_srvs/share/usr_srvs/environment/ament_prefix_path.dsv
[5.831s] -- Symlinking: /workspace/planner/ros2/install/usr_srvs/share/usr_srvs/environment/path.sh
[5.836s] -- Symlinking: /workspace/planner/ros2/install/usr_srvs/share/usr_srvs/environment/path.dsv
[5.842s] -- Symlinking: /workspace/planner/ros2/install/usr_srvs/share/usr_srvs/local_setup.bash
[5.848s] -- Symlinking: /workspace/planner/ros2/install/usr_srvs/share/usr_srvs/local_setup.sh
[5.854s] -- Symlinking: /workspace/planner/ros2/install/usr_srvs/share/usr_srvs/local_setup.zsh
[5.860s] -- Symlinking: /workspace/planner/ros2/install/usr_srvs/share/usr_srvs/local_setup.dsv
[5.865s] -- Symlinking: /workspace/planner/ros2/install/usr_srvs/share/usr_srvs/package.dsv
[5.870s] -- Symlinking: /workspace/planner/ros2/install/usr_srvs/share/ament_index/resource_index/packages/usr_srvs
[5.876s] -- Symlinking: /workspace/planner/ros2/install/usr_srvs/share/usr_srvs/cmake/rosidl_cmake-extras.cmake
[5.882s] -- Symlinking: /workspace/planner/ros2/install/usr_srvs/share/usr_srvs/cmake/ament_cmake_export_dependencies-extras.cmake
[5.888s] -- Symlinking: /workspace/planner/ros2/install/usr_srvs/share/usr_srvs/cmake/ament_cmake_export_libraries-extras.cmake
[5.895s] -- Symlinking: /workspace/planner/ros2/install/usr_srvs/share/usr_srvs/cmake/ament_cmake_export_targets-extras.cmake
[5.900s] -- Symlinking: /workspace/planner/ros2/install/usr_srvs/share/usr_srvs/cmake/ament_cmake_export_include_directories-extras.cmake
[5.904s] -- Symlinking: /workspace/planner/ros2/install/usr_srvs/share/usr_srvs/cmake/rosidl_cmake_export_typesupport_targets-extras.cmake
[5.908s] -- Symlinking: /workspace/planner/ros2/install/usr_srvs/share/usr_srvs/cmake/usr_srvsConfig.cmake
[5.912s] -- Symlinking: /workspace/planner/ros2/install/usr_srvs/share/usr_srvs/cmake/usr_srvsConfig-version.cmake
[5.918s] -- Symlinking: /workspace/planner/ros2/install/usr_srvs/share/usr_srvs/package.xml
[5.924s] -- Installing: /workspace/planner/ros2/install/usr_srvs/lib/libusr_srvs__rosidl_generator_c.so
[5.925s] -- Set runtime path of "/workspace/planner/ros2/install/usr_srvs/lib/libusr_srvs__rosidl_generator_c.so" to ""
[5.925s] -- Installing: /workspace/planner/ros2/install/usr_srvs/lib/libusr_srvs__rosidl_typesupport_introspection_c.so
[5.926s] -- Set runtime path of "/workspace/planner/ros2/install/usr_srvs/lib/libusr_srvs__rosidl_typesupport_introspection_c.so" to ""
[5.926s] -- Installing: /workspace/planner/ros2/install/usr_srvs/lib/libusr_srvs__rosidl_typesupport_c.so
[5.927s] -- Set runtime path of "/workspace/planner/ros2/install/usr_srvs/lib/libusr_srvs__rosidl_typesupport_c.so" to ""
[5.927s] -- Installing: /workspace/planner/ros2/install/usr_srvs/lib/libusr_srvs__rosidl_typesupport_introspection_cpp.so
[5.928s] -- Set runtime path of "/workspace/planner/ros2/install/usr_srvs/lib/libusr_srvs__rosidl_typesupport_introspection_cpp.so" to ""
[5.928s] -- Installing: /workspace/planner/ros2/install/usr_srvs/lib/libusr_srvs__rosidl_typesupport_cpp.so
[5.928s] -- Set runtime path of "/workspace/planner/ros2/install/usr_srvs/lib/libusr_srvs__rosidl_typesupport_cpp.so" to ""
[5.962s] Compiling '/workspace/planner/ros2/install/usr_srvs/lib/python3.8/site-packages/usr_srvs/__init__.py'...
[5.967s] -- Installing: /workspace/planner/ros2/install/usr_srvs/share/usr_srvs/cmake/usr_srvs__rosidl_generator_cExport.cmake
[5.967s] -- Installing: /workspace/planner/ros2/install/usr_srvs/share/usr_srvs/cmake/usr_srvs__rosidl_generator_cExport-noconfig.cmake
[5.968s] -- Installing: /workspace/planner/ros2/install/usr_srvs/share/usr_srvs/cmake/usr_srvs__rosidl_typesupport_introspection_cExport.cmake
[5.968s] -- Installing: /workspace/planner/ros2/install/usr_srvs/share/usr_srvs/cmake/usr_srvs__rosidl_typesupport_introspection_cExport-noconfig.cmake
[5.969s] -- Installing: /workspace/planner/ros2/install/usr_srvs/share/usr_srvs/cmake/usr_srvs__rosidl_typesupport_cExport.cmake
[5.969s] -- Installing: /workspace/planner/ros2/install/usr_srvs/share/usr_srvs/cmake/usr_srvs__rosidl_typesupport_cExport-noconfig.cmake
[5.970s] -- Installing: /workspace/planner/ros2/install/usr_srvs/share/usr_srvs/cmake/usr_srvs__rosidl_generator_cppExport.cmake
[5.970s] -- Installing: /workspace/planner/ros2/install/usr_srvs/share/usr_srvs/cmake/usr_srvs__rosidl_typesupport_introspection_cppExport.cmake
[5.971s] -- Installing: /workspace/planner/ros2/install/usr_srvs/share/usr_srvs/cmake/usr_srvs__rosidl_typesupport_introspection_cppExport-noconfig.cmake
[5.972s] -- Installing: /workspace/planner/ros2/install/usr_srvs/share/usr_srvs/cmake/usr_srvs__rosidl_typesupport_cppExport.cmake
[5.972s] -- Installing: /workspace/planner/ros2/install/usr_srvs/share/usr_srvs/cmake/usr_srvs__rosidl_typesupport_cppExport-noconfig.cmake
[5.976s] Invoked command in '/workspace/planner/ros2/build/usr_srvs' returned '0': AMENT_PREFIX_PATH=/workspace/planner/ros2/install/usr_msgs:${AMENT_PREFIX_PATH} CMAKE_PREFIX_PATH=/workspace/planner/ros2/install/usr_msgs:/opt/ros/galactic LD_LIBRARY_PATH=/workspace/planner/ros2/install/usr_msgs/lib:${LD_LIBRARY_PATH} PYTHONPATH=/workspace/planner/ros2/install/usr_msgs/lib/python3.8/site-packages:${PYTHONPATH} /usr/local/bin/cmake --install /workspace/planner/ros2/build/usr_srvs
