[0.028s] Invoking command in '/workspace/planner/ros2/build/usr_srvs': AMENT_PREFIX_PATH=/workspace/planner/ros2/install/usr_msgs:${AMENT_PREFIX_PATH} CMAKE_PREFIX_PATH=/workspace/planner/ros2/install/usr_msgs:/opt/ros/galactic LD_LIBRARY_PATH=/workspace/planner/ros2/install/usr_msgs/lib:${LD_LIBRARY_PATH} PYTHONPATH=/workspace/planner/ros2/install/usr_msgs/lib/python3.8/site-packages:${PYTHONPATH} /usr/local/bin/cmake --build /workspace/planner/ros2/build/usr_srvs -- -j12 -l12
[0.081s] [ 17%] Built target usr_srvs__cpp
[0.082s] [ 17%] Built target usr_srvs__rosidl_generator_c
[0.104s] [ 44%] Built target usr_srvs__rosidl_typesupport_introspection_cpp
[0.105s] [ 44%] Built target usr_srvs__rosidl_typesupport_introspection_c
[0.134s] [ 72%] Built target usr_srvs__rosidl_typesupport_cpp
[0.134s] [ 72%] Built target usr_srvs__rosidl_typesupport_c
[0.163s] [ 72%] Built target usr_srvs
[0.192s] [ 75%] Built target usr_srvs__py
[0.229s] [ 86%] Built target usr_srvs__python
[0.267s] [100%] Built target usr_srvs__rosidl_typesupport_introspection_c__pyext
[0.267s] [100%] Built target usr_srvs__rosidl_typesupport_c__pyext
[0.284s] Invoked command in '/workspace/planner/ros2/build/usr_srvs' returned '0': AMENT_PREFIX_PATH=/workspace/planner/ros2/install/usr_msgs:${AMENT_PREFIX_PATH} CMAKE_PREFIX_PATH=/workspace/planner/ros2/install/usr_msgs:/opt/ros/galactic LD_LIBRARY_PATH=/workspace/planner/ros2/install/usr_msgs/lib:${LD_LIBRARY_PATH} PYTHONPATH=/workspace/planner/ros2/install/usr_msgs/lib/python3.8/site-packages:${PYTHONPATH} /usr/local/bin/cmake --build /workspace/planner/ros2/build/usr_srvs -- -j12 -l12
[0.374s] Invoking command in '/workspace/planner/ros2/build/usr_srvs': AMENT_PREFIX_PATH=/workspace/planner/ros2/install/usr_msgs:${AMENT_PREFIX_PATH} CMAKE_PREFIX_PATH=/workspace/planner/ros2/install/usr_msgs:/opt/ros/galactic LD_LIBRARY_PATH=/workspace/planner/ros2/install/usr_msgs/lib:${LD_LIBRARY_PATH} PYTHONPATH=/workspace/planner/ros2/install/usr_msgs/lib/python3.8/site-packages:${PYTHONPATH} /usr/local/bin/cmake --install /workspace/planner/ros2/build/usr_srvs
[0.393s] -- Install configuration: ""
[0.396s] -- Execute custom install script
[0.399s] -- Up-to-date symlink: /workspace/planner/ros2/install/usr_srvs/share/ament_index/resource_index/rosidl_interfaces/usr_srvs
[0.401s] -- Up-to-date symlink: /workspace/planner/ros2/install/usr_srvs/include/usr_srvs/msg/rosidl_generator_c__visibility_control.h
[0.402s] -- Up-to-date symlink: /workspace/planner/ros2/install/usr_srvs/include/usr_srvs/srv/detail/move__functions.h
[0.402s] -- Up-to-date symlink: /workspace/planner/ros2/install/usr_srvs/include/usr_srvs/srv/detail/move__struct.h
[0.403s] -- Up-to-date symlink: /workspace/planner/ros2/install/usr_srvs/include/usr_srvs/srv/detail/move__type_support.h
[0.403s] -- Up-to-date symlink: /workspace/planner/ros2/install/usr_srvs/include/usr_srvs/srv/detail/turn__functions.h
[0.403s] -- Up-to-date symlink: /workspace/planner/ros2/install/usr_srvs/include/usr_srvs/srv/detail/turn__struct.h
[0.404s] -- Up-to-date symlink: /workspace/planner/ros2/install/usr_srvs/include/usr_srvs/srv/detail/turn__type_support.h
[0.404s] -- Up-to-date symlink: /workspace/planner/ros2/install/usr_srvs/include/usr_srvs/srv/move.h
[0.406s] -- Up-to-date symlink: /workspace/planner/ros2/install/usr_srvs/include/usr_srvs/srv/turn.h
[0.408s] -- Up-to-date symlink: /workspace/planner/ros2/install/usr_srvs/share/usr_srvs/environment/library_path.sh
[0.408s] -- Up-to-date symlink: /workspace/planner/ros2/install/usr_srvs/share/usr_srvs/environment/library_path.dsv
[0.413s] -- Up-to-date symlink: /workspace/planner/ros2/install/usr_srvs/include/usr_srvs/msg/rosidl_typesupport_introspection_c__visibility_control.h
[0.413s] -- Up-to-date symlink: /workspace/planner/ros2/install/usr_srvs/include/usr_srvs/srv/detail/move__rosidl_typesupport_introspection_c.h
[0.413s] -- Up-to-date symlink: /workspace/planner/ros2/install/usr_srvs/include/usr_srvs/srv/detail/turn__rosidl_typesupport_introspection_c.h
[0.414s] -- Up-to-date symlink: /workspace/planner/ros2/install/usr_srvs/include/usr_srvs/srv/detail/move__builder.hpp
[0.414s] -- Up-to-date symlink: /workspace/planner/ros2/install/usr_srvs/include/usr_srvs/srv/detail/move__struct.hpp
[0.414s] -- Up-to-date symlink: /workspace/planner/ros2/install/usr_srvs/include/usr_srvs/srv/detail/move__traits.hpp
[0.414s] -- Up-to-date symlink: /workspace/planner/ros2/install/usr_srvs/include/usr_srvs/srv/detail/turn__builder.hpp
[0.414s] -- Up-to-date symlink: /workspace/planner/ros2/install/usr_srvs/include/usr_srvs/srv/detail/turn__struct.hpp
[0.414s] -- Up-to-date symlink: /workspace/planner/ros2/install/usr_srvs/include/usr_srvs/srv/detail/turn__traits.hpp
[0.414s] -- Up-to-date symlink: /workspace/planner/ros2/install/usr_srvs/include/usr_srvs/srv/move.hpp
[0.414s] -- Up-to-date symlink: /workspace/planner/ros2/install/usr_srvs/include/usr_srvs/srv/turn.hpp
[0.417s] -- Up-to-date symlink: /workspace/planner/ros2/install/usr_srvs/include/usr_srvs/srv/detail/move__rosidl_typesupport_introspection_cpp.hpp
[0.419s] -- Up-to-date symlink: /workspace/planner/ros2/install/usr_srvs/include/usr_srvs/srv/detail/turn__rosidl_typesupport_introspection_cpp.hpp
[0.419s] -- Up-to-date symlink: /workspace/planner/ros2/install/usr_srvs/share/usr_srvs/environment/pythonpath.sh
[0.420s] -- Up-to-date symlink: /workspace/planner/ros2/install/usr_srvs/share/usr_srvs/environment/pythonpath.dsv
[0.421s] -- Up-to-date symlink: /workspace/planner/ros2/install/usr_srvs/lib/python3.8/site-packages/usr_srvs/__init__.py
[0.422s] -- Up-to-date symlink: /workspace/planner/ros2/install/usr_srvs/lib/python3.8/site-packages/usr_srvs/srv/__init__.py
[0.422s] -- Up-to-date symlink: /workspace/planner/ros2/install/usr_srvs/lib/python3.8/site-packages/usr_srvs/srv/_move.py
[0.423s] -- Up-to-date symlink: /workspace/planner/ros2/install/usr_srvs/lib/python3.8/site-packages/usr_srvs/srv/_turn.py
[0.425s] -- Up-to-date symlink: /workspace/planner/ros2/install/usr_srvs/lib/python3.8/site-packages/usr_srvs/usr_srvs_s__rosidl_typesupport_introspection_c.cpython-38-x86_64-linux-gnu.so
[0.425s] -- Up-to-date symlink: /workspace/planner/ros2/install/usr_srvs/lib/python3.8/site-packages/usr_srvs/usr_srvs_s__rosidl_typesupport_c.cpython-38-x86_64-linux-gnu.so
[0.427s] -- Up-to-date symlink: /workspace/planner/ros2/install/usr_srvs/lib/libusr_srvs__python.so
[0.427s] -- Up-to-date symlink: /workspace/planner/ros2/install/usr_srvs/share/usr_srvs/srv/Move.idl
[0.428s] -- Up-to-date symlink: /workspace/planner/ros2/install/usr_srvs/share/usr_srvs/srv/Turn.idl
[0.431s] -- Up-to-date symlink: /workspace/planner/ros2/install/usr_srvs/share/usr_srvs/robot/Move.srv
[0.432s] -- Up-to-date symlink: /workspace/planner/ros2/install/usr_srvs/share/usr_srvs/robot/Move_Request.msg
[0.433s] -- Up-to-date symlink: /workspace/planner/ros2/install/usr_srvs/share/usr_srvs/robot/Move_Response.msg
[0.435s] -- Up-to-date symlink: /workspace/planner/ros2/install/usr_srvs/share/usr_srvs/robot/Turn.srv
[0.435s] -- Up-to-date symlink: /workspace/planner/ros2/install/usr_srvs/share/usr_srvs/robot/Turn_Request.msg
[0.436s] -- Up-to-date symlink: /workspace/planner/ros2/install/usr_srvs/share/usr_srvs/robot/Turn_Response.msg
[0.438s] -- Up-to-date symlink: /workspace/planner/ros2/install/usr_srvs/share/ament_index/resource_index/package_run_dependencies/usr_srvs
[0.439s] -- Up-to-date symlink: /workspace/planner/ros2/install/usr_srvs/share/ament_index/resource_index/parent_prefix_path/usr_srvs
[0.440s] -- Up-to-date symlink: /workspace/planner/ros2/install/usr_srvs/share/usr_srvs/environment/ament_prefix_path.sh
[0.440s] -- Up-to-date symlink: /workspace/planner/ros2/install/usr_srvs/share/usr_srvs/environment/ament_prefix_path.dsv
[0.441s] -- Up-to-date symlink: /workspace/planner/ros2/install/usr_srvs/share/usr_srvs/environment/path.sh
[0.442s] -- Up-to-date symlink: /workspace/planner/ros2/install/usr_srvs/share/usr_srvs/environment/path.dsv
[0.443s] -- Up-to-date symlink: /workspace/planner/ros2/install/usr_srvs/share/usr_srvs/local_setup.bash
[0.444s] -- Up-to-date symlink: /workspace/planner/ros2/install/usr_srvs/share/usr_srvs/local_setup.sh
[0.444s] -- Up-to-date symlink: /workspace/planner/ros2/install/usr_srvs/share/usr_srvs/local_setup.zsh
[0.447s] -- Up-to-date symlink: /workspace/planner/ros2/install/usr_srvs/share/usr_srvs/local_setup.dsv
[0.448s] -- Symlinking: /workspace/planner/ros2/install/usr_srvs/share/usr_srvs/package.dsv
[0.460s] -- Up-to-date symlink: /workspace/planner/ros2/install/usr_srvs/share/ament_index/resource_index/packages/usr_srvs
[0.463s] -- Up-to-date symlink: /workspace/planner/ros2/install/usr_srvs/share/usr_srvs/cmake/rosidl_cmake-extras.cmake
[0.463s] -- Up-to-date symlink: /workspace/planner/ros2/install/usr_srvs/share/usr_srvs/cmake/ament_cmake_export_dependencies-extras.cmake
[0.463s] -- Up-to-date symlink: /workspace/planner/ros2/install/usr_srvs/share/usr_srvs/cmake/ament_cmake_export_libraries-extras.cmake
[0.464s] -- Up-to-date symlink: /workspace/planner/ros2/install/usr_srvs/share/usr_srvs/cmake/ament_cmake_export_targets-extras.cmake
[0.466s] -- Up-to-date symlink: /workspace/planner/ros2/install/usr_srvs/share/usr_srvs/cmake/ament_cmake_export_include_directories-extras.cmake
[0.467s] -- Up-to-date symlink: /workspace/planner/ros2/install/usr_srvs/share/usr_srvs/cmake/rosidl_cmake_export_typesupport_targets-extras.cmake
[0.467s] -- Up-to-date symlink: /workspace/planner/ros2/install/usr_srvs/share/usr_srvs/cmake/usr_srvsConfig.cmake
[0.468s] -- Up-to-date symlink: /workspace/planner/ros2/install/usr_srvs/share/usr_srvs/cmake/usr_srvsConfig-version.cmake
[0.468s] -- Up-to-date symlink: /workspace/planner/ros2/install/usr_srvs/share/usr_srvs/package.xml
[0.469s] -- Up-to-date: /workspace/planner/ros2/install/usr_srvs/lib/libusr_srvs__rosidl_generator_c.so
[0.470s] -- Up-to-date: /workspace/planner/ros2/install/usr_srvs/lib/libusr_srvs__rosidl_typesupport_introspection_c.so
[0.471s] -- Up-to-date: /workspace/planner/ros2/install/usr_srvs/lib/libusr_srvs__rosidl_typesupport_c.so
[0.471s] -- Up-to-date: /workspace/planner/ros2/install/usr_srvs/lib/libusr_srvs__rosidl_typesupport_introspection_cpp.so
[0.472s] -- Up-to-date: /workspace/planner/ros2/install/usr_srvs/lib/libusr_srvs__rosidl_typesupport_cpp.so
[0.579s] -- Up-to-date: /workspace/planner/ros2/install/usr_srvs/share/usr_srvs/cmake/usr_srvs__rosidl_generator_cExport.cmake
[0.580s] -- Up-to-date: /workspace/planner/ros2/install/usr_srvs/share/usr_srvs/cmake/usr_srvs__rosidl_generator_cExport-noconfig.cmake
[0.580s] -- Up-to-date: /workspace/planner/ros2/install/usr_srvs/share/usr_srvs/cmake/usr_srvs__rosidl_typesupport_introspection_cExport.cmake
[0.580s] -- Up-to-date: /workspace/planner/ros2/install/usr_srvs/share/usr_srvs/cmake/usr_srvs__rosidl_typesupport_introspection_cExport-noconfig.cmake
[0.581s] -- Up-to-date: /workspace/planner/ros2/install/usr_srvs/share/usr_srvs/cmake/usr_srvs__rosidl_typesupport_cExport.cmake
[0.581s] -- Up-to-date: /workspace/planner/ros2/install/usr_srvs/share/usr_srvs/cmake/usr_srvs__rosidl_typesupport_cExport-noconfig.cmake
[0.582s] -- Up-to-date: /workspace/planner/ros2/install/usr_srvs/share/usr_srvs/cmake/usr_srvs__rosidl_generator_cppExport.cmake
[0.582s] -- Up-to-date: /workspace/planner/ros2/install/usr_srvs/share/usr_srvs/cmake/usr_srvs__rosidl_typesupport_introspection_cppExport.cmake
[0.583s] -- Up-to-date: /workspace/planner/ros2/install/usr_srvs/share/usr_srvs/cmake/usr_srvs__rosidl_typesupport_introspection_cppExport-noconfig.cmake
[0.583s] -- Up-to-date: /workspace/planner/ros2/install/usr_srvs/share/usr_srvs/cmake/usr_srvs__rosidl_typesupport_cppExport.cmake
[0.584s] -- Up-to-date: /workspace/planner/ros2/install/usr_srvs/share/usr_srvs/cmake/usr_srvs__rosidl_typesupport_cppExport-noconfig.cmake
[0.608s] Invoked command in '/workspace/planner/ros2/build/usr_srvs' returned '0': AMENT_PREFIX_PATH=/workspace/planner/ros2/install/usr_msgs:${AMENT_PREFIX_PATH} CMAKE_PREFIX_PATH=/workspace/planner/ros2/install/usr_msgs:/opt/ros/galactic LD_LIBRARY_PATH=/workspace/planner/ros2/install/usr_msgs/lib:${LD_LIBRARY_PATH} PYTHONPATH=/workspace/planner/ros2/install/usr_msgs/lib/python3.8/site-packages:${PYTHONPATH} /usr/local/bin/cmake --install /workspace/planner/ros2/build/usr_srvs
