[0.179s] DEBUG:colcon:Command line arguments: ['/usr/bin/colcon', 'build', '--symlink-install']
[0.179s] DEBUG:colcon:Parsed command line arguments: Namespace(allow_overriding=[], ament_cmake_args=None, base_paths=['.'], build_base='build', catkin_cmake_args=None, catkin_skip_building_tests=False, cmake_args=None, cmake_clean_cache=False, cmake_clean_first=False, cmake_force_configure=False, cmake_target=None, cmake_target_skip_unavailable=False, continue_on_error=False, event_handlers=None, executor='parallel', ignore_user_meta=False, install_base='install', log_base=None, log_level=None, main=<bound method BuildVerb.main of <colcon_core.verb.build.BuildVerb object at 0x7fb3a19c6370>>, merge_install=False, metas=['./colcon.meta'], packages_above=None, packages_above_and_dependencies=None, packages_above_depth=None, packages_end=None, packages_ignore=None, packages_ignore_regex=None, packages_select=None, packages_select_build_failed=False, packages_select_by_dep=None, packages_select_regex=None, packages_select_test_failures=False, packages_skip=None, packages_skip_build_finished=False, packages_skip_by_dep=None, packages_skip_regex=None, packages_skip_test_passed=False, packages_skip_up_to=None, packages_start=None, packages_up_to=None, packages_up_to_regex=None, parallel_workers=12, paths=None, symlink_install=True, test_result_base=None, verb_extension=<colcon_core.verb.build.BuildVerb object at 0x7fb3a19c6370>, verb_name='build', verb_parser=<colcon_defaults.argument_parser.defaults.DefaultArgumentsDecorator object at 0x7fb3a19c68b0>)
[0.190s] Level 1:colcon.colcon_core.package_discovery:discover_packages(colcon_meta) check parameters
[0.190s] Level 1:colcon.colcon_core.package_discovery:discover_packages(recursive) check parameters
[0.190s] Level 1:colcon.colcon_core.package_discovery:discover_packages(ignore) check parameters
[0.190s] Level 1:colcon.colcon_core.package_discovery:discover_packages(path) check parameters
[0.190s] Level 1:colcon.colcon_core.package_discovery:discover_packages(colcon_meta) discover
[0.191s] Level 1:colcon.colcon_core.package_discovery:discover_packages(recursive) discover
[0.191s] INFO:colcon.colcon_core.package_discovery:Crawling recursively for packages in '/workspace/planner/ros2'
[0.191s] Level 1:colcon.colcon_core.package_identification:_identify(.) by extensions ['ignore', 'ignore_ament_install']
[0.191s] Level 1:colcon.colcon_core.package_identification:_identify(.) by extension 'ignore'
[0.191s] Level 1:colcon.colcon_core.package_identification:_identify(.) by extension 'ignore_ament_install'
[0.191s] Level 1:colcon.colcon_core.package_identification:_identify(.) by extensions ['colcon_pkg']
[0.191s] Level 1:colcon.colcon_core.package_identification:_identify(.) by extension 'colcon_pkg'
[0.192s] Level 1:colcon.colcon_core.package_identification:_identify(.) by extensions ['colcon_meta']
[0.192s] Level 1:colcon.colcon_core.package_identification:_identify(.) by extension 'colcon_meta'
[0.192s] Level 1:colcon.colcon_core.package_identification:_identify(.) by extensions ['ros']
[0.192s] Level 1:colcon.colcon_core.package_identification:_identify(.) by extension 'ros'
[0.207s] Level 1:colcon.colcon_core.package_identification:_identify(.) by extensions ['cmake', 'python']
[0.207s] Level 1:colcon.colcon_core.package_identification:_identify(.) by extension 'cmake'
[0.207s] Level 1:colcon.colcon_core.package_identification:_identify(.) by extension 'python'
[0.207s] Level 1:colcon.colcon_core.package_identification:_identify(.) by extensions ['python_setup_py']
[0.207s] Level 1:colcon.colcon_core.package_identification:_identify(.) by extension 'python_setup_py'
[0.207s] Level 1:colcon.colcon_core.package_identification:_identify(build) by extensions ['ignore', 'ignore_ament_install']
[0.207s] Level 1:colcon.colcon_core.package_identification:_identify(build) by extension 'ignore'
[0.208s] Level 1:colcon.colcon_core.package_identification:_identify(build) ignored
[0.208s] Level 1:colcon.colcon_core.package_identification:_identify(install) by extensions ['ignore', 'ignore_ament_install']
[0.208s] Level 1:colcon.colcon_core.package_identification:_identify(install) by extension 'ignore'
[0.208s] Level 1:colcon.colcon_core.package_identification:_identify(install) ignored
[0.209s] Level 1:colcon.colcon_core.package_identification:_identify(log) by extensions ['ignore', 'ignore_ament_install']
[0.209s] Level 1:colcon.colcon_core.package_identification:_identify(log) by extension 'ignore'
[0.209s] Level 1:colcon.colcon_core.package_identification:_identify(log) ignored
[0.209s] Level 1:colcon.colcon_core.package_identification:_identify(src) by extensions ['ignore', 'ignore_ament_install']
[0.209s] Level 1:colcon.colcon_core.package_identification:_identify(src) by extension 'ignore'
[0.209s] Level 1:colcon.colcon_core.package_identification:_identify(src) by extension 'ignore_ament_install'
[0.209s] Level 1:colcon.colcon_core.package_identification:_identify(src) by extensions ['colcon_pkg']
[0.209s] Level 1:colcon.colcon_core.package_identification:_identify(src) by extension 'colcon_pkg'
[0.209s] Level 1:colcon.colcon_core.package_identification:_identify(src) by extensions ['colcon_meta']
[0.209s] Level 1:colcon.colcon_core.package_identification:_identify(src) by extension 'colcon_meta'
[0.209s] Level 1:colcon.colcon_core.package_identification:_identify(src) by extensions ['ros']
[0.209s] Level 1:colcon.colcon_core.package_identification:_identify(src) by extension 'ros'
[0.209s] Level 1:colcon.colcon_core.package_identification:_identify(src) by extensions ['cmake', 'python']
[0.209s] Level 1:colcon.colcon_core.package_identification:_identify(src) by extension 'cmake'
[0.209s] Level 1:colcon.colcon_core.package_identification:_identify(src) by extension 'python'
[0.210s] Level 1:colcon.colcon_core.package_identification:_identify(src) by extensions ['python_setup_py']
[0.210s] Level 1:colcon.colcon_core.package_identification:_identify(src) by extension 'python_setup_py'
[0.210s] Level 1:colcon.colcon_core.package_identification:_identify(src/graphics) by extensions ['ignore', 'ignore_ament_install']
[0.210s] Level 1:colcon.colcon_core.package_identification:_identify(src/graphics) by extension 'ignore'
[0.210s] Level 1:colcon.colcon_core.package_identification:_identify(src/graphics) by extension 'ignore_ament_install'
[0.210s] Level 1:colcon.colcon_core.package_identification:_identify(src/graphics) by extensions ['colcon_pkg']
[0.210s] Level 1:colcon.colcon_core.package_identification:_identify(src/graphics) by extension 'colcon_pkg'
[0.210s] Level 1:colcon.colcon_core.package_identification:_identify(src/graphics) by extensions ['colcon_meta']
[0.210s] Level 1:colcon.colcon_core.package_identification:_identify(src/graphics) by extension 'colcon_meta'
[0.210s] Level 1:colcon.colcon_core.package_identification:_identify(src/graphics) by extensions ['ros']
[0.210s] Level 1:colcon.colcon_core.package_identification:_identify(src/graphics) by extension 'ros'
[0.213s] DEBUG:colcon.colcon_core.package_identification:Package 'src/graphics' with type 'ros.ament_python' and name 'graphics'
[0.213s] Level 1:colcon.colcon_core.package_identification:_identify(src/interfaces) by extensions ['ignore', 'ignore_ament_install']
[0.213s] Level 1:colcon.colcon_core.package_identification:_identify(src/interfaces) by extension 'ignore'
[0.214s] Level 1:colcon.colcon_core.package_identification:_identify(src/interfaces) by extension 'ignore_ament_install'
[0.214s] Level 1:colcon.colcon_core.package_identification:_identify(src/interfaces) by extensions ['colcon_pkg']
[0.214s] Level 1:colcon.colcon_core.package_identification:_identify(src/interfaces) by extension 'colcon_pkg'
[0.214s] Level 1:colcon.colcon_core.package_identification:_identify(src/interfaces) by extensions ['colcon_meta']
[0.214s] Level 1:colcon.colcon_core.package_identification:_identify(src/interfaces) by extension 'colcon_meta'
[0.214s] Level 1:colcon.colcon_core.package_identification:_identify(src/interfaces) by extensions ['ros']
[0.214s] Level 1:colcon.colcon_core.package_identification:_identify(src/interfaces) by extension 'ros'
[0.216s] DEBUG:colcon.colcon_core.package_identification:Package 'src/interfaces' with type 'ros.ament_cmake' and name 'interfaces'
[0.216s] Level 1:colcon.colcon_core.package_identification:_identify(src/kiwibot) by extensions ['ignore', 'ignore_ament_install']
[0.217s] Level 1:colcon.colcon_core.package_identification:_identify(src/kiwibot) by extension 'ignore'
[0.217s] Level 1:colcon.colcon_core.package_identification:_identify(src/kiwibot) by extension 'ignore_ament_install'
[0.217s] Level 1:colcon.colcon_core.package_identification:_identify(src/kiwibot) by extensions ['colcon_pkg']
[0.217s] Level 1:colcon.colcon_core.package_identification:_identify(src/kiwibot) by extension 'colcon_pkg'
[0.217s] Level 1:colcon.colcon_core.package_identification:_identify(src/kiwibot) by extensions ['colcon_meta']
[0.217s] Level 1:colcon.colcon_core.package_identification:_identify(src/kiwibot) by extension 'colcon_meta'
[0.217s] Level 1:colcon.colcon_core.package_identification:_identify(src/kiwibot) by extensions ['ros']
[0.217s] Level 1:colcon.colcon_core.package_identification:_identify(src/kiwibot) by extension 'ros'
[0.217s] DEBUG:colcon.colcon_core.package_identification:Package 'src/kiwibot' with type 'ros.ament_python' and name 'kiwibot'
[0.217s] Level 1:colcon.colcon_core.package_identification:_identify(src/path_planner) by extensions ['ignore', 'ignore_ament_install']
[0.217s] Level 1:colcon.colcon_core.package_identification:_identify(src/path_planner) by extension 'ignore'
[0.218s] Level 1:colcon.colcon_core.package_identification:_identify(src/path_planner) by extension 'ignore_ament_install'
[0.218s] Level 1:colcon.colcon_core.package_identification:_identify(src/path_planner) by extensions ['colcon_pkg']
[0.218s] Level 1:colcon.colcon_core.package_identification:_identify(src/path_planner) by extension 'colcon_pkg'
[0.218s] Level 1:colcon.colcon_core.package_identification:_identify(src/path_planner) by extensions ['colcon_meta']
[0.218s] Level 1:colcon.colcon_core.package_identification:_identify(src/path_planner) by extension 'colcon_meta'
[0.218s] Level 1:colcon.colcon_core.package_identification:_identify(src/path_planner) by extensions ['ros']
[0.218s] Level 1:colcon.colcon_core.package_identification:_identify(src/path_planner) by extension 'ros'
[0.218s] DEBUG:colcon.colcon_core.package_identification:Package 'src/path_planner' with type 'ros.ament_python' and name 'path_planner'
[0.218s] Level 1:colcon.colcon_core.package_identification:_identify(src/usr_msgs) by extensions ['ignore', 'ignore_ament_install']
[0.218s] Level 1:colcon.colcon_core.package_identification:_identify(src/usr_msgs) by extension 'ignore'
[0.218s] Level 1:colcon.colcon_core.package_identification:_identify(src/usr_msgs) by extension 'ignore_ament_install'
[0.219s] Level 1:colcon.colcon_core.package_identification:_identify(src/usr_msgs) by extensions ['colcon_pkg']
[0.219s] Level 1:colcon.colcon_core.package_identification:_identify(src/usr_msgs) by extension 'colcon_pkg'
[0.219s] Level 1:colcon.colcon_core.package_identification:_identify(src/usr_msgs) by extensions ['colcon_meta']
[0.219s] Level 1:colcon.colcon_core.package_identification:_identify(src/usr_msgs) by extension 'colcon_meta'
[0.219s] Level 1:colcon.colcon_core.package_identification:_identify(src/usr_msgs) by extensions ['ros']
[0.219s] Level 1:colcon.colcon_core.package_identification:_identify(src/usr_msgs) by extension 'ros'
[0.219s] DEBUG:colcon.colcon_core.package_identification:Package 'src/usr_msgs' with type 'ros.ament_cmake' and name 'usr_msgs'
[0.219s] Level 1:colcon.colcon_core.package_identification:_identify(src/usr_srvs) by extensions ['ignore', 'ignore_ament_install']
[0.219s] Level 1:colcon.colcon_core.package_identification:_identify(src/usr_srvs) by extension 'ignore'
[0.220s] Level 1:colcon.colcon_core.package_identification:_identify(src/usr_srvs) by extension 'ignore_ament_install'
[0.220s] Level 1:colcon.colcon_core.package_identification:_identify(src/usr_srvs) by extensions ['colcon_pkg']
[0.220s] Level 1:colcon.colcon_core.package_identification:_identify(src/usr_srvs) by extension 'colcon_pkg'
[0.220s] Level 1:colcon.colcon_core.package_identification:_identify(src/usr_srvs) by extensions ['colcon_meta']
[0.220s] Level 1:colcon.colcon_core.package_identification:_identify(src/usr_srvs) by extension 'colcon_meta'
[0.220s] Level 1:colcon.colcon_core.package_identification:_identify(src/usr_srvs) by extensions ['ros']
[0.220s] Level 1:colcon.colcon_core.package_identification:_identify(src/usr_srvs) by extension 'ros'
[0.221s] DEBUG:colcon.colcon_core.package_identification:Package 'src/usr_srvs' with type 'ros.ament_cmake' and name 'usr_srvs'
[0.221s] Level 1:colcon.colcon_core.package_identification:_identify(src/utils) by extensions ['ignore', 'ignore_ament_install']
[0.221s] Level 1:colcon.colcon_core.package_identification:_identify(src/utils) by extension 'ignore'
[0.221s] Level 1:colcon.colcon_core.package_identification:_identify(src/utils) by extension 'ignore_ament_install'
[0.221s] Level 1:colcon.colcon_core.package_identification:_identify(src/utils) by extensions ['colcon_pkg']
[0.221s] Level 1:colcon.colcon_core.package_identification:_identify(src/utils) by extension 'colcon_pkg'
[0.221s] Level 1:colcon.colcon_core.package_identification:_identify(src/utils) by extensions ['colcon_meta']
[0.221s] Level 1:colcon.colcon_core.package_identification:_identify(src/utils) by extension 'colcon_meta'
[0.222s] Level 1:colcon.colcon_core.package_identification:_identify(src/utils) by extensions ['ros']
[0.222s] Level 1:colcon.colcon_core.package_identification:_identify(src/utils) by extension 'ros'
[0.223s] DEBUG:colcon.colcon_core.package_identification:Package 'src/utils' with type 'ros.ament_cmake' and name 'utils'
[0.223s] Level 1:colcon.colcon_core.package_discovery:discover_packages(recursive) using defaults
[0.223s] Level 1:colcon.colcon_core.package_discovery:discover_packages(ignore) discover
[0.223s] Level 1:colcon.colcon_core.package_discovery:discover_packages(ignore) using defaults
[0.223s] Level 1:colcon.colcon_core.package_discovery:discover_packages(path) discover
[0.223s] Level 1:colcon.colcon_core.package_discovery:discover_packages(path) using defaults
[0.253s] Level 5:colcon.colcon_core.verb:set package 'graphics' build argument 'cmake_args' from command line to 'None'
[0.253s] Level 5:colcon.colcon_core.verb:set package 'graphics' build argument 'cmake_target' from command line to 'None'
[0.253s] Level 5:colcon.colcon_core.verb:set package 'graphics' build argument 'cmake_target_skip_unavailable' from command line to 'False'
[0.253s] Level 5:colcon.colcon_core.verb:set package 'graphics' build argument 'cmake_clean_cache' from command line to 'False'
[0.253s] Level 5:colcon.colcon_core.verb:set package 'graphics' build argument 'cmake_clean_first' from command line to 'False'
[0.253s] Level 5:colcon.colcon_core.verb:set package 'graphics' build argument 'cmake_force_configure' from command line to 'False'
[0.253s] Level 5:colcon.colcon_core.verb:set package 'graphics' build argument 'ament_cmake_args' from command line to 'None'
[0.253s] Level 5:colcon.colcon_core.verb:set package 'graphics' build argument 'catkin_cmake_args' from command line to 'None'
[0.254s] Level 5:colcon.colcon_core.verb:set package 'graphics' build argument 'catkin_skip_building_tests' from command line to 'False'
[0.254s] DEBUG:colcon.colcon_core.verb:Building package 'graphics' with the following arguments: {'ament_cmake_args': None, 'build_base': '/workspace/planner/ros2/build/graphics', 'catkin_cmake_args': None, 'catkin_skip_building_tests': False, 'cmake_args': None, 'cmake_clean_cache': False, 'cmake_clean_first': False, 'cmake_force_configure': False, 'cmake_target': None, 'cmake_target_skip_unavailable': False, 'install_base': '/workspace/planner/ros2/install/graphics', 'merge_install': False, 'path': '/workspace/planner/ros2/src/graphics', 'symlink_install': True, 'test_result_base': None}
[0.254s] Level 5:colcon.colcon_core.verb:set package 'kiwibot' build argument 'cmake_args' from command line to 'None'
[0.254s] Level 5:colcon.colcon_core.verb:set package 'kiwibot' build argument 'cmake_target' from command line to 'None'
[0.254s] Level 5:colcon.colcon_core.verb:set package 'kiwibot' build argument 'cmake_target_skip_unavailable' from command line to 'False'
[0.254s] Level 5:colcon.colcon_core.verb:set package 'kiwibot' build argument 'cmake_clean_cache' from command line to 'False'
[0.254s] Level 5:colcon.colcon_core.verb:set package 'kiwibot' build argument 'cmake_clean_first' from command line to 'False'
[0.254s] Level 5:colcon.colcon_core.verb:set package 'kiwibot' build argument 'cmake_force_configure' from command line to 'False'
[0.254s] Level 5:colcon.colcon_core.verb:set package 'kiwibot' build argument 'ament_cmake_args' from command line to 'None'
[0.254s] Level 5:colcon.colcon_core.verb:set package 'kiwibot' build argument 'catkin_cmake_args' from command line to 'None'
[0.254s] Level 5:colcon.colcon_core.verb:set package 'kiwibot' build argument 'catkin_skip_building_tests' from command line to 'False'
[0.255s] DEBUG:colcon.colcon_core.verb:Building package 'kiwibot' with the following arguments: {'ament_cmake_args': None, 'build_base': '/workspace/planner/ros2/build/kiwibot', 'catkin_cmake_args': None, 'catkin_skip_building_tests': False, 'cmake_args': None, 'cmake_clean_cache': False, 'cmake_clean_first': False, 'cmake_force_configure': False, 'cmake_target': None, 'cmake_target_skip_unavailable': False, 'install_base': '/workspace/planner/ros2/install/kiwibot', 'merge_install': False, 'path': '/workspace/planner/ros2/src/kiwibot', 'symlink_install': True, 'test_result_base': None}
[0.255s] Level 5:colcon.colcon_core.verb:set package 'path_planner' build argument 'cmake_args' from command line to 'None'
[0.256s] Level 5:colcon.colcon_core.verb:set package 'path_planner' build argument 'cmake_target' from command line to 'None'
[0.256s] Level 5:colcon.colcon_core.verb:set package 'path_planner' build argument 'cmake_target_skip_unavailable' from command line to 'False'
[0.256s] Level 5:colcon.colcon_core.verb:set package 'path_planner' build argument 'cmake_clean_cache' from command line to 'False'
[0.256s] Level 5:colcon.colcon_core.verb:set package 'path_planner' build argument 'cmake_clean_first' from command line to 'False'
[0.256s] Level 5:colcon.colcon_core.verb:set package 'path_planner' build argument 'cmake_force_configure' from command line to 'False'
[0.256s] Level 5:colcon.colcon_core.verb:set package 'path_planner' build argument 'ament_cmake_args' from command line to 'None'
[0.256s] Level 5:colcon.colcon_core.verb:set package 'path_planner' build argument 'catkin_cmake_args' from command line to 'None'
[0.256s] Level 5:colcon.colcon_core.verb:set package 'path_planner' build argument 'catkin_skip_building_tests' from command line to 'False'
[0.257s] DEBUG:colcon.colcon_core.verb:Building package 'path_planner' with the following arguments: {'ament_cmake_args': None, 'build_base': '/workspace/planner/ros2/build/path_planner', 'catkin_cmake_args': None, 'catkin_skip_building_tests': False, 'cmake_args': None, 'cmake_clean_cache': False, 'cmake_clean_first': False, 'cmake_force_configure': False, 'cmake_target': None, 'cmake_target_skip_unavailable': False, 'install_base': '/workspace/planner/ros2/install/path_planner', 'merge_install': False, 'path': '/workspace/planner/ros2/src/path_planner', 'symlink_install': True, 'test_result_base': None}
[0.259s] Level 5:colcon.colcon_core.verb:set package 'usr_msgs' build argument 'cmake_args' from command line to 'None'
[0.259s] Level 5:colcon.colcon_core.verb:set package 'usr_msgs' build argument 'cmake_target' from command line to 'None'
[0.259s] Level 5:colcon.colcon_core.verb:set package 'usr_msgs' build argument 'cmake_target_skip_unavailable' from command line to 'False'
[0.259s] Level 5:colcon.colcon_core.verb:set package 'usr_msgs' build argument 'cmake_clean_cache' from command line to 'False'
[0.259s] Level 5:colcon.colcon_core.verb:set package 'usr_msgs' build argument 'cmake_clean_first' from command line to 'False'
[0.259s] Level 5:colcon.colcon_core.verb:set package 'usr_msgs' build argument 'cmake_force_configure' from command line to 'False'
[0.259s] Level 5:colcon.colcon_core.verb:set package 'usr_msgs' build argument 'ament_cmake_args' from command line to 'None'
[0.259s] Level 5:colcon.colcon_core.verb:set package 'usr_msgs' build argument 'catkin_cmake_args' from command line to 'None'
[0.259s] Level 5:colcon.colcon_core.verb:set package 'usr_msgs' build argument 'catkin_skip_building_tests' from command line to 'False'
[0.259s] DEBUG:colcon.colcon_core.verb:Building package 'usr_msgs' with the following arguments: {'ament_cmake_args': None, 'build_base': '/workspace/planner/ros2/build/usr_msgs', 'catkin_cmake_args': None, 'catkin_skip_building_tests': False, 'cmake_args': None, 'cmake_clean_cache': False, 'cmake_clean_first': False, 'cmake_force_configure': False, 'cmake_target': None, 'cmake_target_skip_unavailable': False, 'install_base': '/workspace/planner/ros2/install/usr_msgs', 'merge_install': False, 'path': '/workspace/planner/ros2/src/usr_msgs', 'symlink_install': True, 'test_result_base': None}
[0.260s] Level 5:colcon.colcon_core.verb:set package 'utils' build argument 'cmake_args' from command line to 'None'
[0.260s] Level 5:colcon.colcon_core.verb:set package 'utils' build argument 'cmake_target' from command line to 'None'
[0.260s] Level 5:colcon.colcon_core.verb:set package 'utils' build argument 'cmake_target_skip_unavailable' from command line to 'False'
[0.260s] Level 5:colcon.colcon_core.verb:set package 'utils' build argument 'cmake_clean_cache' from command line to 'False'
[0.261s] Level 5:colcon.colcon_core.verb:set package 'utils' build argument 'cmake_clean_first' from command line to 'False'
[0.261s] Level 5:colcon.colcon_core.verb:set package 'utils' build argument 'cmake_force_configure' from command line to 'False'
[0.261s] Level 5:colcon.colcon_core.verb:set package 'utils' build argument 'ament_cmake_args' from command line to 'None'
[0.261s] Level 5:colcon.colcon_core.verb:set package 'utils' build argument 'catkin_cmake_args' from command line to 'None'
[0.261s] Level 5:colcon.colcon_core.verb:set package 'utils' build argument 'catkin_skip_building_tests' from command line to 'False'
[0.261s] DEBUG:colcon.colcon_core.verb:Building package 'utils' with the following arguments: {'ament_cmake_args': None, 'build_base': '/workspace/planner/ros2/build/utils', 'catkin_cmake_args': None, 'catkin_skip_building_tests': False, 'cmake_args': None, 'cmake_clean_cache': False, 'cmake_clean_first': False, 'cmake_force_configure': False, 'cmake_target': None, 'cmake_target_skip_unavailable': False, 'install_base': '/workspace/planner/ros2/install/utils', 'merge_install': False, 'path': '/workspace/planner/ros2/src/utils', 'symlink_install': True, 'test_result_base': None}
[0.261s] Level 5:colcon.colcon_core.verb:set package 'interfaces' build argument 'cmake_args' from command line to 'None'
[0.261s] Level 5:colcon.colcon_core.verb:set package 'interfaces' build argument 'cmake_target' from command line to 'None'
[0.261s] Level 5:colcon.colcon_core.verb:set package 'interfaces' build argument 'cmake_target_skip_unavailable' from command line to 'False'
[0.261s] Level 5:colcon.colcon_core.verb:set package 'interfaces' build argument 'cmake_clean_cache' from command line to 'False'
[0.261s] Level 5:colcon.colcon_core.verb:set package 'interfaces' build argument 'cmake_clean_first' from command line to 'False'
[0.261s] Level 5:colcon.colcon_core.verb:set package 'interfaces' build argument 'cmake_force_configure' from command line to 'False'
[0.261s] Level 5:colcon.colcon_core.verb:set package 'interfaces' build argument 'ament_cmake_args' from command line to 'None'
[0.261s] Level 5:colcon.colcon_core.verb:set package 'interfaces' build argument 'catkin_cmake_args' from command line to 'None'
[0.261s] Level 5:colcon.colcon_core.verb:set package 'interfaces' build argument 'catkin_skip_building_tests' from command line to 'False'
[0.261s] DEBUG:colcon.colcon_core.verb:Building package 'interfaces' with the following arguments: {'ament_cmake_args': None, 'build_base': '/workspace/planner/ros2/build/interfaces', 'catkin_cmake_args': None, 'catkin_skip_building_tests': False, 'cmake_args': None, 'cmake_clean_cache': False, 'cmake_clean_first': False, 'cmake_force_configure': False, 'cmake_target': None, 'cmake_target_skip_unavailable': False, 'install_base': '/workspace/planner/ros2/install/interfaces', 'merge_install': False, 'path': '/workspace/planner/ros2/src/interfaces', 'symlink_install': True, 'test_result_base': None}
[0.262s] Level 5:colcon.colcon_core.verb:set package 'usr_srvs' build argument 'cmake_args' from command line to 'None'
[0.262s] Level 5:colcon.colcon_core.verb:set package 'usr_srvs' build argument 'cmake_target' from command line to 'None'
[0.262s] Level 5:colcon.colcon_core.verb:set package 'usr_srvs' build argument 'cmake_target_skip_unavailable' from command line to 'False'
[0.263s] Level 5:colcon.colcon_core.verb:set package 'usr_srvs' build argument 'cmake_clean_cache' from command line to 'False'
[0.263s] Level 5:colcon.colcon_core.verb:set package 'usr_srvs' build argument 'cmake_clean_first' from command line to 'False'
[0.263s] Level 5:colcon.colcon_core.verb:set package 'usr_srvs' build argument 'cmake_force_configure' from command line to 'False'
[0.263s] Level 5:colcon.colcon_core.verb:set package 'usr_srvs' build argument 'ament_cmake_args' from command line to 'None'
[0.263s] Level 5:colcon.colcon_core.verb:set package 'usr_srvs' build argument 'catkin_cmake_args' from command line to 'None'
[0.263s] Level 5:colcon.colcon_core.verb:set package 'usr_srvs' build argument 'catkin_skip_building_tests' from command line to 'False'
[0.263s] DEBUG:colcon.colcon_core.verb:Building package 'usr_srvs' with the following arguments: {'ament_cmake_args': None, 'build_base': '/workspace/planner/ros2/build/usr_srvs', 'catkin_cmake_args': None, 'catkin_skip_building_tests': False, 'cmake_args': None, 'cmake_clean_cache': False, 'cmake_clean_first': False, 'cmake_force_configure': False, 'cmake_target': None, 'cmake_target_skip_unavailable': False, 'install_base': '/workspace/planner/ros2/install/usr_srvs', 'merge_install': False, 'path': '/workspace/planner/ros2/src/usr_srvs', 'symlink_install': True, 'test_result_base': None}
[0.269s] INFO:colcon.colcon_core.executor:Executing jobs using 'parallel' executor
[0.271s] DEBUG:colcon.colcon_parallel_executor.executor.parallel:run_until_complete
[0.271s] INFO:colcon.colcon_ros.task.ament_cmake.build:Building ROS package in '/workspace/planner/ros2/src/usr_msgs' with build type 'ament_cmake'
[0.272s] INFO:colcon.colcon_cmake.task.cmake.build:Building CMake package in '/workspace/planner/ros2/src/usr_msgs'
[0.278s] INFO:colcon.colcon_core.plugin_system:Skipping extension 'colcon_core.shell.bat': Not used on non-Windows systems
[0.278s] INFO:colcon.colcon_core.shell:Skip shell extension 'powershell' for command environment: Not usable outside of PowerShell
[0.278s] DEBUG:colcon.colcon_core.shell:Skip shell extension 'dsv' for command environment
[0.287s] INFO:colcon.colcon_ros.task.ament_cmake.build:Building ROS package in '/workspace/planner/ros2/src/utils' with build type 'ament_cmake'
[0.287s] INFO:colcon.colcon_cmake.task.cmake.build:Building CMake package in '/workspace/planner/ros2/src/utils'
[0.288s] INFO:colcon.colcon_core.shell:Skip shell extension 'powershell' for command environment: Not usable outside of PowerShell
[0.289s] DEBUG:colcon.colcon_core.shell:Skip shell extension 'dsv' for command environment
[0.294s] INFO:colcon.colcon_ros.task.ament_python.build:Building ROS package in '/workspace/planner/ros2/src/graphics' with build type 'ament_python'
[0.294s] Level 1:colcon.colcon_core.shell:create_environment_hook('graphics', 'ament_prefix_path')
[0.295s] INFO:colcon.colcon_core.shell:Creating environment hook '/workspace/planner/ros2/install/graphics/share/graphics/hook/ament_prefix_path.ps1'
[0.299s] INFO:colcon.colcon_core.shell:Creating environment descriptor '/workspace/planner/ros2/install/graphics/share/graphics/hook/ament_prefix_path.dsv'
[0.302s] INFO:colcon.colcon_core.shell:Creating environment hook '/workspace/planner/ros2/install/graphics/share/graphics/hook/ament_prefix_path.sh'
[0.304s] INFO:colcon.colcon_core.shell:Skip shell extension 'powershell' for command environment: Not usable outside of PowerShell
[0.304s] DEBUG:colcon.colcon_core.shell:Skip shell extension 'dsv' for command environment
[0.311s] INFO:colcon.colcon_ros.task.ament_python.build:Building ROS package in '/workspace/planner/ros2/src/kiwibot' with build type 'ament_python'
[0.312s] Level 1:colcon.colcon_core.shell:create_environment_hook('kiwibot', 'ament_prefix_path')
[0.313s] INFO:colcon.colcon_core.shell:Creating environment hook '/workspace/planner/ros2/install/kiwibot/share/kiwibot/hook/ament_prefix_path.ps1'
[0.315s] INFO:colcon.colcon_core.shell:Creating environment descriptor '/workspace/planner/ros2/install/kiwibot/share/kiwibot/hook/ament_prefix_path.dsv'
[0.317s] INFO:colcon.colcon_core.shell:Creating environment hook '/workspace/planner/ros2/install/kiwibot/share/kiwibot/hook/ament_prefix_path.sh'
[0.319s] INFO:colcon.colcon_core.shell:Skip shell extension 'powershell' for command environment: Not usable outside of PowerShell
[0.319s] DEBUG:colcon.colcon_core.shell:Skip shell extension 'dsv' for command environment
[0.326s] INFO:colcon.colcon_ros.task.ament_python.build:Building ROS package in '/workspace/planner/ros2/src/path_planner' with build type 'ament_python'
[0.328s] Level 1:colcon.colcon_core.shell:create_environment_hook('path_planner', 'ament_prefix_path')
[0.329s] INFO:colcon.colcon_core.shell:Creating environment hook '/workspace/planner/ros2/install/path_planner/share/path_planner/hook/ament_prefix_path.ps1'
[0.331s] INFO:colcon.colcon_core.shell:Creating environment descriptor '/workspace/planner/ros2/install/path_planner/share/path_planner/hook/ament_prefix_path.dsv'
[0.335s] INFO:colcon.colcon_core.shell:Creating environment hook '/workspace/planner/ros2/install/path_planner/share/path_planner/hook/ament_prefix_path.sh'
[0.337s] INFO:colcon.colcon_core.shell:Skip shell extension 'powershell' for command environment: Not usable outside of PowerShell
[0.337s] DEBUG:colcon.colcon_core.shell:Skip shell extension 'dsv' for command environment
[0.360s] DEBUG:colcon.colcon_core.event_handler.log_command:Invoking command in '/workspace/planner/ros2/build/usr_msgs': CMAKE_PREFIX_PATH=/opt/ros/galactic /usr/local/bin/cmake --build /workspace/planner/ros2/build/usr_msgs -- -j12 -l12
[0.377s] DEBUG:colcon.colcon_core.event_handler.log_command:Invoking command in '/workspace/planner/ros2/build/utils': CMAKE_PREFIX_PATH=/opt/ros/galactic /usr/local/bin/cmake --build /workspace/planner/ros2/build/utils -- -j12 -l12
[0.700s] INFO:colcon.colcon_core.task.python.build:Building Python package in '/workspace/planner/ros2/src/graphics'
[0.702s] INFO:colcon.colcon_core.shell:Skip shell extension 'powershell' for command environment: Not usable outside of PowerShell
[0.702s] DEBUG:colcon.colcon_core.shell:Skip shell extension 'dsv' for command environment
[0.991s] INFO:colcon.colcon_core.task.python.build:Building Python package in '/workspace/planner/ros2/src/kiwibot'
[0.993s] INFO:colcon.colcon_core.shell:Skip shell extension 'powershell' for command environment: Not usable outside of PowerShell
[0.993s] DEBUG:colcon.colcon_core.shell:Skip shell extension 'dsv' for command environment
[1.242s] INFO:colcon.colcon_core.task.python.build:Building Python package in '/workspace/planner/ros2/src/path_planner'
[1.243s] INFO:colcon.colcon_core.shell:Skip shell extension 'powershell' for command environment: Not usable outside of PowerShell
[1.243s] DEBUG:colcon.colcon_core.shell:Skip shell extension 'dsv' for command environment
[1.268s] DEBUG:colcon.colcon_core.event_handler.log_command:Invoked command in '/workspace/planner/ros2/build/usr_msgs' returned '0': CMAKE_PREFIX_PATH=/opt/ros/galactic /usr/local/bin/cmake --build /workspace/planner/ros2/build/usr_msgs -- -j12 -l12
[1.271s] DEBUG:colcon.colcon_core.event_handler.log_command:Invoked command in '/workspace/planner/ros2/build/utils' returned '0': CMAKE_PREFIX_PATH=/opt/ros/galactic /usr/local/bin/cmake --build /workspace/planner/ros2/build/utils -- -j12 -l12
[1.301s] DEBUG:colcon.colcon_core.event_handler.log_command:Invoking command in '/workspace/planner/ros2/build/utils': CMAKE_PREFIX_PATH=/opt/ros/galactic /usr/local/bin/cmake --install /workspace/planner/ros2/build/utils
[1.327s] Level 1:colcon.colcon_core.environment:create_environment_scripts_only(utils)
[1.327s] DEBUG:colcon.colcon_core.event_handler.log_command:Invoked command in '/workspace/planner/ros2/build/utils' returned '0': CMAKE_PREFIX_PATH=/opt/ros/galactic /usr/local/bin/cmake --install /workspace/planner/ros2/build/utils
[1.331s] Level 1:colcon.colcon_core.environment:checking '/workspace/planner/ros2/install/utils' for CMake module files
[1.331s] Level 1:colcon.colcon_core.environment:checking '/workspace/planner/ros2/install/utils' for CMake config files
[1.332s] Level 1:colcon.colcon_core.shell:create_environment_hook('utils', 'cmake_prefix_path')
[1.333s] INFO:colcon.colcon_core.shell:Creating environment hook '/workspace/planner/ros2/install/utils/share/utils/hook/cmake_prefix_path.ps1'
[1.333s] INFO:colcon.colcon_core.shell:Creating environment descriptor '/workspace/planner/ros2/install/utils/share/utils/hook/cmake_prefix_path.dsv'
[1.334s] INFO:colcon.colcon_core.shell:Creating environment hook '/workspace/planner/ros2/install/utils/share/utils/hook/cmake_prefix_path.sh'
[1.334s] Level 1:colcon.colcon_core.environment:checking '/workspace/planner/ros2/install/utils/lib'
[1.334s] Level 1:colcon.colcon_core.environment:checking '/workspace/planner/ros2/install/utils/bin'
[1.334s] Level 1:colcon.colcon_core.environment:checking '/workspace/planner/ros2/install/utils/lib/pkgconfig/utils.pc'
[1.334s] Level 1:colcon.colcon_core.environment:checking '/workspace/planner/ros2/install/utils/lib/python3.8/site-packages'
[1.335s] INFO:colcon.colcon_core.shell:Creating package script '/workspace/planner/ros2/install/utils/share/utils/package.ps1'
[1.335s] INFO:colcon.colcon_core.shell:Creating package descriptor '/workspace/planner/ros2/install/utils/share/utils/package.dsv'
[1.337s] INFO:colcon.colcon_core.shell:Creating package script '/workspace/planner/ros2/install/utils/share/utils/package.sh'
[1.337s] INFO:colcon.colcon_core.shell:Creating package script '/workspace/planner/ros2/install/utils/share/utils/package.bash'
[1.338s] INFO:colcon.colcon_core.shell:Creating package script '/workspace/planner/ros2/install/utils/share/utils/package.zsh'
[1.338s] Level 1:colcon.colcon_core.environment:create_file_with_runtime_dependencies(/workspace/planner/ros2/install/utils/share/colcon-core/packages/utils)
[1.346s] DEBUG:colcon.colcon_core.event_handler.log_command:Invoking command in '/workspace/planner/ros2/build/usr_msgs': CMAKE_PREFIX_PATH=/opt/ros/galactic /usr/local/bin/cmake --install /workspace/planner/ros2/build/usr_msgs
[1.361s] Level 1:colcon.colcon_core.environment:create_environment_scripts_only(utils)
[1.363s] Level 1:colcon.colcon_core.environment:checking '/workspace/planner/ros2/install/utils' for CMake module files
[1.365s] Level 1:colcon.colcon_core.environment:checking '/workspace/planner/ros2/install/utils' for CMake config files
[1.365s] Level 1:colcon.colcon_core.shell:create_environment_hook('utils', 'cmake_prefix_path')
[1.367s] INFO:colcon.colcon_core.shell:Creating environment hook '/workspace/planner/ros2/install/utils/share/utils/hook/cmake_prefix_path.ps1'
[1.368s] INFO:colcon.colcon_core.shell:Creating environment descriptor '/workspace/planner/ros2/install/utils/share/utils/hook/cmake_prefix_path.dsv'
[1.370s] INFO:colcon.colcon_core.shell:Creating environment hook '/workspace/planner/ros2/install/utils/share/utils/hook/cmake_prefix_path.sh'
[1.373s] Level 1:colcon.colcon_core.environment:checking '/workspace/planner/ros2/install/utils/lib'
[1.373s] Level 1:colcon.colcon_core.environment:checking '/workspace/planner/ros2/install/utils/bin'
[1.373s] Level 1:colcon.colcon_core.environment:checking '/workspace/planner/ros2/install/utils/lib/pkgconfig/utils.pc'
[1.373s] Level 1:colcon.colcon_core.environment:checking '/workspace/planner/ros2/install/utils/lib/python3.8/site-packages'
[1.374s] INFO:colcon.colcon_core.shell:Creating package script '/workspace/planner/ros2/install/utils/share/utils/package.ps1'
[1.376s] INFO:colcon.colcon_core.shell:Creating package descriptor '/workspace/planner/ros2/install/utils/share/utils/package.dsv'
[1.379s] INFO:colcon.colcon_core.shell:Creating package script '/workspace/planner/ros2/install/utils/share/utils/package.sh'
[1.381s] INFO:colcon.colcon_core.shell:Creating package script '/workspace/planner/ros2/install/utils/share/utils/package.bash'
[1.382s] INFO:colcon.colcon_core.shell:Creating package script '/workspace/planner/ros2/install/utils/share/utils/package.zsh'
[1.385s] Level 1:colcon.colcon_core.environment:create_file_with_runtime_dependencies(/workspace/planner/ros2/install/utils/share/colcon-core/packages/utils)
[1.386s] INFO:colcon.colcon_ros.task.ament_cmake.build:Building ROS package in '/workspace/planner/ros2/src/interfaces' with build type 'ament_cmake'
[1.386s] INFO:colcon.colcon_cmake.task.cmake.build:Building CMake package in '/workspace/planner/ros2/src/interfaces'
[1.387s] INFO:colcon.colcon_core.shell:Skip shell extension 'powershell' for command environment: Not usable outside of PowerShell
[1.387s] DEBUG:colcon.colcon_core.shell:Skip shell extension 'dsv' for command environment
[1.409s] DEBUG:colcon.colcon_core.event_handler.log_command:Invoking command in '/workspace/planner/ros2/build/interfaces': AMENT_PREFIX_PATH=/workspace/planner/ros2/install/utils:${AMENT_PREFIX_PATH} CMAKE_PREFIX_PATH=/workspace/planner/ros2/install/utils:/opt/ros/galactic LD_LIBRARY_PATH=/workspace/planner/ros2/install/utils/lib:${LD_LIBRARY_PATH} /usr/local/bin/cmake --build /workspace/planner/ros2/build/interfaces -- -j12 -l12
[1.475s] DEBUG:colcon.colcon_core.event_handler.log_command:Invoked command in '/workspace/planner/ros2/build/interfaces' returned '0': AMENT_PREFIX_PATH=/workspace/planner/ros2/install/utils:${AMENT_PREFIX_PATH} CMAKE_PREFIX_PATH=/workspace/planner/ros2/install/utils:/opt/ros/galactic LD_LIBRARY_PATH=/workspace/planner/ros2/install/utils/lib:${LD_LIBRARY_PATH} /usr/local/bin/cmake --build /workspace/planner/ros2/build/interfaces -- -j12 -l12
[1.507s] Level 1:colcon.colcon_core.environment:create_environment_scripts_only(usr_msgs)
[1.509s] Level 1:colcon.colcon_core.environment:checking '/workspace/planner/ros2/install/usr_msgs' for CMake module files
[1.510s] DEBUG:colcon.colcon_core.event_handler.log_command:Invoking command in '/workspace/planner/ros2/build/interfaces': AMENT_PREFIX_PATH=/workspace/planner/ros2/install/utils:${AMENT_PREFIX_PATH} CMAKE_PREFIX_PATH=/workspace/planner/ros2/install/utils:/opt/ros/galactic LD_LIBRARY_PATH=/workspace/planner/ros2/install/utils/lib:${LD_LIBRARY_PATH} /usr/local/bin/cmake --install /workspace/planner/ros2/build/interfaces
[1.511s] DEBUG:colcon.colcon_core.event_handler.log_command:Invoked command in '/workspace/planner/ros2/build/usr_msgs' returned '0': CMAKE_PREFIX_PATH=/opt/ros/galactic /usr/local/bin/cmake --install /workspace/planner/ros2/build/usr_msgs
[1.511s] Level 1:colcon.colcon_core.environment:checking '/workspace/planner/ros2/install/usr_msgs' for CMake config files
[1.513s] Level 1:colcon.colcon_core.shell:create_environment_hook('usr_msgs', 'cmake_prefix_path')
[1.514s] INFO:colcon.colcon_core.shell:Creating environment hook '/workspace/planner/ros2/install/usr_msgs/share/usr_msgs/hook/cmake_prefix_path.ps1'
[1.515s] INFO:colcon.colcon_core.shell:Creating environment descriptor '/workspace/planner/ros2/install/usr_msgs/share/usr_msgs/hook/cmake_prefix_path.dsv'
[1.515s] INFO:colcon.colcon_core.shell:Creating environment hook '/workspace/planner/ros2/install/usr_msgs/share/usr_msgs/hook/cmake_prefix_path.sh'
[1.516s] Level 1:colcon.colcon_core.environment:checking '/workspace/planner/ros2/install/usr_msgs/lib'
[1.517s] Level 1:colcon.colcon_core.shell:create_environment_hook('usr_msgs', 'ld_library_path_lib')
[1.517s] INFO:colcon.colcon_core.shell:Creating environment hook '/workspace/planner/ros2/install/usr_msgs/share/usr_msgs/hook/ld_library_path_lib.ps1'
[1.518s] INFO:colcon.colcon_core.shell:Creating environment descriptor '/workspace/planner/ros2/install/usr_msgs/share/usr_msgs/hook/ld_library_path_lib.dsv'
[1.518s] INFO:colcon.colcon_core.shell:Creating environment hook '/workspace/planner/ros2/install/usr_msgs/share/usr_msgs/hook/ld_library_path_lib.sh'
[1.518s] Level 1:colcon.colcon_core.environment:checking '/workspace/planner/ros2/install/usr_msgs/bin'
[1.519s] Level 1:colcon.colcon_core.environment:checking '/workspace/planner/ros2/install/usr_msgs/lib/pkgconfig/usr_msgs.pc'
[1.519s] Level 1:colcon.colcon_core.environment:checking '/workspace/planner/ros2/install/usr_msgs/lib/python3.8/site-packages'
[1.519s] Level 1:colcon.colcon_core.shell:create_environment_hook('usr_msgs', 'pythonpath')
[1.519s] INFO:colcon.colcon_core.shell:Creating environment hook '/workspace/planner/ros2/install/usr_msgs/share/usr_msgs/hook/pythonpath.ps1'
[1.520s] INFO:colcon.colcon_core.shell:Creating environment descriptor '/workspace/planner/ros2/install/usr_msgs/share/usr_msgs/hook/pythonpath.dsv'
[1.521s] INFO:colcon.colcon_core.shell:Creating environment hook '/workspace/planner/ros2/install/usr_msgs/share/usr_msgs/hook/pythonpath.sh'
[1.522s] INFO:colcon.colcon_core.shell:Creating package script '/workspace/planner/ros2/install/usr_msgs/share/usr_msgs/package.ps1'
[1.522s] INFO:colcon.colcon_core.shell:Creating package descriptor '/workspace/planner/ros2/install/usr_msgs/share/usr_msgs/package.dsv'
[1.523s] INFO:colcon.colcon_core.shell:Creating package script '/workspace/planner/ros2/install/usr_msgs/share/usr_msgs/package.sh'
[1.523s] INFO:colcon.colcon_core.shell:Creating package script '/workspace/planner/ros2/install/usr_msgs/share/usr_msgs/package.bash'
[1.524s] INFO:colcon.colcon_core.shell:Creating package script '/workspace/planner/ros2/install/usr_msgs/share/usr_msgs/package.zsh'
[1.525s] Level 1:colcon.colcon_core.environment:create_file_with_runtime_dependencies(/workspace/planner/ros2/install/usr_msgs/share/colcon-core/packages/usr_msgs)
[1.531s] Level 1:colcon.colcon_core.environment:create_environment_scripts_only(interfaces)
[1.532s] Level 1:colcon.colcon_core.environment:checking '/workspace/planner/ros2/install/interfaces' for CMake module files
[1.532s] DEBUG:colcon.colcon_core.event_handler.log_command:Invoked command in '/workspace/planner/ros2/build/interfaces' returned '0': AMENT_PREFIX_PATH=/workspace/planner/ros2/install/utils:${AMENT_PREFIX_PATH} CMAKE_PREFIX_PATH=/workspace/planner/ros2/install/utils:/opt/ros/galactic LD_LIBRARY_PATH=/workspace/planner/ros2/install/utils/lib:${LD_LIBRARY_PATH} /usr/local/bin/cmake --install /workspace/planner/ros2/build/interfaces
[1.533s] Level 1:colcon.colcon_core.environment:checking '/workspace/planner/ros2/install/interfaces' for CMake config files
[1.533s] Level 1:colcon.colcon_core.shell:create_environment_hook('interfaces', 'cmake_prefix_path')
[1.533s] INFO:colcon.colcon_core.shell:Creating environment hook '/workspace/planner/ros2/install/interfaces/share/interfaces/hook/cmake_prefix_path.ps1'
[1.534s] INFO:colcon.colcon_core.shell:Creating environment descriptor '/workspace/planner/ros2/install/interfaces/share/interfaces/hook/cmake_prefix_path.dsv'
[1.534s] INFO:colcon.colcon_core.shell:Creating environment hook '/workspace/planner/ros2/install/interfaces/share/interfaces/hook/cmake_prefix_path.sh'
[1.534s] Level 1:colcon.colcon_core.environment:checking '/workspace/planner/ros2/install/interfaces/lib'
[1.534s] Level 1:colcon.colcon_core.environment:checking '/workspace/planner/ros2/install/interfaces/bin'
[1.535s] Level 1:colcon.colcon_core.environment:checking '/workspace/planner/ros2/install/interfaces/lib/pkgconfig/interfaces.pc'
[1.535s] Level 1:colcon.colcon_core.environment:checking '/workspace/planner/ros2/install/interfaces/lib/python3.8/site-packages'
[1.535s] INFO:colcon.colcon_core.shell:Creating package script '/workspace/planner/ros2/install/interfaces/share/interfaces/package.ps1'
[1.535s] INFO:colcon.colcon_core.shell:Creating package descriptor '/workspace/planner/ros2/install/interfaces/share/interfaces/package.dsv'
[1.537s] INFO:colcon.colcon_core.shell:Creating package script '/workspace/planner/ros2/install/interfaces/share/interfaces/package.sh'
[1.537s] INFO:colcon.colcon_core.shell:Creating package script '/workspace/planner/ros2/install/interfaces/share/interfaces/package.bash'
[1.537s] INFO:colcon.colcon_core.shell:Creating package script '/workspace/planner/ros2/install/interfaces/share/interfaces/package.zsh'
[1.538s] Level 1:colcon.colcon_core.environment:create_file_with_runtime_dependencies(/workspace/planner/ros2/install/interfaces/share/colcon-core/packages/interfaces)
[1.558s] Level 1:colcon.colcon_core.environment:create_environment_scripts_only(interfaces)
[1.559s] Level 1:colcon.colcon_core.environment:checking '/workspace/planner/ros2/install/interfaces' for CMake module files
[1.560s] Level 1:colcon.colcon_core.environment:checking '/workspace/planner/ros2/install/interfaces' for CMake config files
[1.561s] Level 1:colcon.colcon_core.shell:create_environment_hook('interfaces', 'cmake_prefix_path')
[1.561s] INFO:colcon.colcon_core.shell:Creating environment hook '/workspace/planner/ros2/install/interfaces/share/interfaces/hook/cmake_prefix_path.ps1'
[1.563s] INFO:colcon.colcon_core.shell:Creating environment descriptor '/workspace/planner/ros2/install/interfaces/share/interfaces/hook/cmake_prefix_path.dsv'
[1.563s] INFO:colcon.colcon_core.shell:Creating environment hook '/workspace/planner/ros2/install/interfaces/share/interfaces/hook/cmake_prefix_path.sh'
[1.564s] Level 1:colcon.colcon_core.environment:checking '/workspace/planner/ros2/install/interfaces/lib'
[1.564s] Level 1:colcon.colcon_core.environment:checking '/workspace/planner/ros2/install/interfaces/bin'
[1.564s] Level 1:colcon.colcon_core.environment:checking '/workspace/planner/ros2/install/interfaces/lib/pkgconfig/interfaces.pc'
[1.564s] Level 1:colcon.colcon_core.environment:checking '/workspace/planner/ros2/install/interfaces/lib/python3.8/site-packages'
[1.565s] INFO:colcon.colcon_core.shell:Creating package script '/workspace/planner/ros2/install/interfaces/share/interfaces/package.ps1'
[1.566s] INFO:colcon.colcon_core.shell:Creating package descriptor '/workspace/planner/ros2/install/interfaces/share/interfaces/package.dsv'
[1.566s] INFO:colcon.colcon_core.shell:Creating package script '/workspace/planner/ros2/install/interfaces/share/interfaces/package.sh'
[1.567s] INFO:colcon.colcon_core.shell:Creating package script '/workspace/planner/ros2/install/interfaces/share/interfaces/package.bash'
[1.567s] INFO:colcon.colcon_core.shell:Creating package script '/workspace/planner/ros2/install/interfaces/share/interfaces/package.zsh'
[1.569s] Level 1:colcon.colcon_core.environment:create_file_with_runtime_dependencies(/workspace/planner/ros2/install/interfaces/share/colcon-core/packages/interfaces)
[1.602s] Level 1:colcon.colcon_core.environment:create_environment_scripts_only(usr_msgs)
[1.603s] Level 1:colcon.colcon_core.environment:checking '/workspace/planner/ros2/install/usr_msgs' for CMake module files
[1.604s] Level 1:colcon.colcon_core.environment:checking '/workspace/planner/ros2/install/usr_msgs' for CMake config files
[1.605s] Level 1:colcon.colcon_core.shell:create_environment_hook('usr_msgs', 'cmake_prefix_path')
[1.606s] INFO:colcon.colcon_core.shell:Creating environment hook '/workspace/planner/ros2/install/usr_msgs/share/usr_msgs/hook/cmake_prefix_path.ps1'
[1.607s] INFO:colcon.colcon_core.shell:Creating environment descriptor '/workspace/planner/ros2/install/usr_msgs/share/usr_msgs/hook/cmake_prefix_path.dsv'
[1.608s] INFO:colcon.colcon_core.shell:Creating environment hook '/workspace/planner/ros2/install/usr_msgs/share/usr_msgs/hook/cmake_prefix_path.sh'
[1.609s] Level 1:colcon.colcon_core.environment:checking '/workspace/planner/ros2/install/usr_msgs/lib'
[1.609s] Level 1:colcon.colcon_core.shell:create_environment_hook('usr_msgs', 'ld_library_path_lib')
[1.610s] INFO:colcon.colcon_core.shell:Creating environment hook '/workspace/planner/ros2/install/usr_msgs/share/usr_msgs/hook/ld_library_path_lib.ps1'
[1.610s] INFO:colcon.colcon_core.shell:Creating environment descriptor '/workspace/planner/ros2/install/usr_msgs/share/usr_msgs/hook/ld_library_path_lib.dsv'
[1.610s] INFO:colcon.colcon_core.shell:Creating environment hook '/workspace/planner/ros2/install/usr_msgs/share/usr_msgs/hook/ld_library_path_lib.sh'
[1.611s] Level 1:colcon.colcon_core.environment:checking '/workspace/planner/ros2/install/usr_msgs/bin'
[1.611s] Level 1:colcon.colcon_core.environment:checking '/workspace/planner/ros2/install/usr_msgs/lib/pkgconfig/usr_msgs.pc'
[1.611s] Level 1:colcon.colcon_core.environment:checking '/workspace/planner/ros2/install/usr_msgs/lib/python3.8/site-packages'
[1.611s] Level 1:colcon.colcon_core.shell:create_environment_hook('usr_msgs', 'pythonpath')
[1.612s] INFO:colcon.colcon_core.shell:Creating environment hook '/workspace/planner/ros2/install/usr_msgs/share/usr_msgs/hook/pythonpath.ps1'
[1.613s] INFO:colcon.colcon_core.shell:Creating environment descriptor '/workspace/planner/ros2/install/usr_msgs/share/usr_msgs/hook/pythonpath.dsv'
[1.613s] INFO:colcon.colcon_core.shell:Creating environment hook '/workspace/planner/ros2/install/usr_msgs/share/usr_msgs/hook/pythonpath.sh'
[1.614s] INFO:colcon.colcon_core.shell:Creating package script '/workspace/planner/ros2/install/usr_msgs/share/usr_msgs/package.ps1'
[1.614s] INFO:colcon.colcon_core.shell:Creating package descriptor '/workspace/planner/ros2/install/usr_msgs/share/usr_msgs/package.dsv'
[1.615s] INFO:colcon.colcon_core.shell:Creating package script '/workspace/planner/ros2/install/usr_msgs/share/usr_msgs/package.sh'
[1.615s] INFO:colcon.colcon_core.shell:Creating package script '/workspace/planner/ros2/install/usr_msgs/share/usr_msgs/package.bash'
[1.615s] INFO:colcon.colcon_core.shell:Creating package script '/workspace/planner/ros2/install/usr_msgs/share/usr_msgs/package.zsh'
[1.617s] Level 1:colcon.colcon_core.environment:create_file_with_runtime_dependencies(/workspace/planner/ros2/install/usr_msgs/share/colcon-core/packages/usr_msgs)
[1.617s] INFO:colcon.colcon_ros.task.ament_cmake.build:Building ROS package in '/workspace/planner/ros2/src/usr_srvs' with build type 'ament_cmake'
[1.618s] INFO:colcon.colcon_cmake.task.cmake.build:Building CMake package in '/workspace/planner/ros2/src/usr_srvs'
[1.618s] INFO:colcon.colcon_core.shell:Skip shell extension 'powershell' for command environment: Not usable outside of PowerShell
[1.618s] DEBUG:colcon.colcon_core.shell:Skip shell extension 'dsv' for command environment
[1.639s] DEBUG:colcon.colcon_core.event_handler.log_command:Invoking command in '/workspace/planner/ros2/build/usr_srvs': AMENT_PREFIX_PATH=/workspace/planner/ros2/install/usr_msgs:${AMENT_PREFIX_PATH} CMAKE_PREFIX_PATH=/workspace/planner/ros2/install/usr_msgs:/opt/ros/galactic LD_LIBRARY_PATH=/workspace/planner/ros2/install/usr_msgs/lib:${LD_LIBRARY_PATH} PYTHONPATH=/workspace/planner/ros2/install/usr_msgs/lib/python3.8/site-packages:${PYTHONPATH} /usr/local/bin/cmake --build /workspace/planner/ros2/build/usr_srvs -- -j12 -l12
[1.763s] DEBUG:colcon.colcon_core.event_handler.log_command:Invoking command in '/workspace/planner/ros2/build/graphics': PYTHONPATH=/workspace/planner/ros2/install/graphics/lib/python3.8/site-packages:${PYTHONPATH} /usr/bin/python3 setup.py develop --prefix /workspace/planner/ros2/install/graphics --editable --build-directory /workspace/planner/ros2/build/graphics/build --no-deps install_data --install-dir /workspace/planner/ros2/install/graphics
[1.795s] DEBUG:colcon.colcon_core.event_handler.log_command:Invoking command in '/workspace/planner/ros2/build/kiwibot': PYTHONPATH=/workspace/planner/ros2/install/kiwibot/lib/python3.8/site-packages:${PYTHONPATH} /usr/bin/python3 setup.py develop --prefix /workspace/planner/ros2/install/kiwibot --editable --build-directory /workspace/planner/ros2/build/kiwibot/build --no-deps install_data --install-dir /workspace/planner/ros2/install/kiwibot
[1.799s] DEBUG:colcon.colcon_core.event_handler.log_command:Invoking command in '/workspace/planner/ros2/build/path_planner': PYTHONPATH=/workspace/planner/ros2/install/path_planner/lib/python3.8/site-packages:${PYTHONPATH} /usr/bin/python3 setup.py develop --prefix /workspace/planner/ros2/install/path_planner --editable --build-directory /workspace/planner/ros2/build/path_planner/build --no-deps install_data --install-dir /workspace/planner/ros2/install/path_planner
[1.830s] DEBUG:colcon.colcon_core.event_handler.log_command:Invoked command in '/workspace/planner/ros2/build/usr_srvs' returned '0': AMENT_PREFIX_PATH=/workspace/planner/ros2/install/usr_msgs:${AMENT_PREFIX_PATH} CMAKE_PREFIX_PATH=/workspace/planner/ros2/install/usr_msgs:/opt/ros/galactic LD_LIBRARY_PATH=/workspace/planner/ros2/install/usr_msgs/lib:${LD_LIBRARY_PATH} PYTHONPATH=/workspace/planner/ros2/install/usr_msgs/lib/python3.8/site-packages:${PYTHONPATH} /usr/local/bin/cmake --build /workspace/planner/ros2/build/usr_srvs -- -j12 -l12
[1.895s] DEBUG:colcon.colcon_core.event_handler.log_command:Invoking command in '/workspace/planner/ros2/build/usr_srvs': AMENT_PREFIX_PATH=/workspace/planner/ros2/install/usr_msgs:${AMENT_PREFIX_PATH} CMAKE_PREFIX_PATH=/workspace/planner/ros2/install/usr_msgs:/opt/ros/galactic LD_LIBRARY_PATH=/workspace/planner/ros2/install/usr_msgs/lib:${LD_LIBRARY_PATH} PYTHONPATH=/workspace/planner/ros2/install/usr_msgs/lib/python3.8/site-packages:${PYTHONPATH} /usr/local/bin/cmake --install /workspace/planner/ros2/build/usr_srvs
[2.017s] Level 1:colcon.colcon_core.environment:create_environment_scripts_only(usr_srvs)
[2.018s] Level 1:colcon.colcon_core.environment:checking '/workspace/planner/ros2/install/usr_srvs' for CMake module files
[2.019s] DEBUG:colcon.colcon_core.event_handler.log_command:Invoked command in '/workspace/planner/ros2/build/usr_srvs' returned '0': AMENT_PREFIX_PATH=/workspace/planner/ros2/install/usr_msgs:${AMENT_PREFIX_PATH} CMAKE_PREFIX_PATH=/workspace/planner/ros2/install/usr_msgs:/opt/ros/galactic LD_LIBRARY_PATH=/workspace/planner/ros2/install/usr_msgs/lib:${LD_LIBRARY_PATH} PYTHONPATH=/workspace/planner/ros2/install/usr_msgs/lib/python3.8/site-packages:${PYTHONPATH} /usr/local/bin/cmake --install /workspace/planner/ros2/build/usr_srvs
[2.019s] Level 1:colcon.colcon_core.environment:checking '/workspace/planner/ros2/install/usr_srvs' for CMake config files
[2.020s] Level 1:colcon.colcon_core.shell:create_environment_hook('usr_srvs', 'cmake_prefix_path')
[2.021s] INFO:colcon.colcon_core.shell:Creating environment hook '/workspace/planner/ros2/install/usr_srvs/share/usr_srvs/hook/cmake_prefix_path.ps1'
[2.022s] INFO:colcon.colcon_core.shell:Creating environment descriptor '/workspace/planner/ros2/install/usr_srvs/share/usr_srvs/hook/cmake_prefix_path.dsv'
[2.023s] INFO:colcon.colcon_core.shell:Creating environment hook '/workspace/planner/ros2/install/usr_srvs/share/usr_srvs/hook/cmake_prefix_path.sh'
[2.025s] Level 1:colcon.colcon_core.environment:checking '/workspace/planner/ros2/install/usr_srvs/lib'
[2.025s] Level 1:colcon.colcon_core.shell:create_environment_hook('usr_srvs', 'ld_library_path_lib')
[2.026s] INFO:colcon.colcon_core.shell:Creating environment hook '/workspace/planner/ros2/install/usr_srvs/share/usr_srvs/hook/ld_library_path_lib.ps1'
[2.027s] INFO:colcon.colcon_core.shell:Creating environment descriptor '/workspace/planner/ros2/install/usr_srvs/share/usr_srvs/hook/ld_library_path_lib.dsv'
[2.027s] INFO:colcon.colcon_core.shell:Creating environment hook '/workspace/planner/ros2/install/usr_srvs/share/usr_srvs/hook/ld_library_path_lib.sh'
[2.028s] Level 1:colcon.colcon_core.environment:checking '/workspace/planner/ros2/install/usr_srvs/bin'
[2.028s] Level 1:colcon.colcon_core.environment:checking '/workspace/planner/ros2/install/usr_srvs/lib/pkgconfig/usr_srvs.pc'
[2.028s] Level 1:colcon.colcon_core.environment:checking '/workspace/planner/ros2/install/usr_srvs/lib/python3.8/site-packages'
[2.028s] Level 1:colcon.colcon_core.shell:create_environment_hook('usr_srvs', 'pythonpath')
[2.029s] INFO:colcon.colcon_core.shell:Creating environment hook '/workspace/planner/ros2/install/usr_srvs/share/usr_srvs/hook/pythonpath.ps1'
[2.029s] INFO:colcon.colcon_core.shell:Creating environment descriptor '/workspace/planner/ros2/install/usr_srvs/share/usr_srvs/hook/pythonpath.dsv'
[2.030s] INFO:colcon.colcon_core.shell:Creating environment hook '/workspace/planner/ros2/install/usr_srvs/share/usr_srvs/hook/pythonpath.sh'
[2.030s] INFO:colcon.colcon_core.shell:Creating package script '/workspace/planner/ros2/install/usr_srvs/share/usr_srvs/package.ps1'
[2.031s] INFO:colcon.colcon_core.shell:Creating package descriptor '/workspace/planner/ros2/install/usr_srvs/share/usr_srvs/package.dsv'
[2.031s] INFO:colcon.colcon_core.shell:Creating package script '/workspace/planner/ros2/install/usr_srvs/share/usr_srvs/package.sh'
[2.033s] INFO:colcon.colcon_core.shell:Creating package script '/workspace/planner/ros2/install/usr_srvs/share/usr_srvs/package.bash'
[2.034s] INFO:colcon.colcon_core.shell:Creating package script '/workspace/planner/ros2/install/usr_srvs/share/usr_srvs/package.zsh'
[2.035s] Level 1:colcon.colcon_core.environment:create_file_with_runtime_dependencies(/workspace/planner/ros2/install/usr_srvs/share/colcon-core/packages/usr_srvs)
[2.097s] Level 1:colcon.colcon_core.environment:create_environment_scripts_only(usr_srvs)
[2.099s] Level 1:colcon.colcon_core.environment:checking '/workspace/planner/ros2/install/usr_srvs' for CMake module files
[2.101s] Level 1:colcon.colcon_core.environment:checking '/workspace/planner/ros2/install/usr_srvs' for CMake config files
[2.101s] Level 1:colcon.colcon_core.shell:create_environment_hook('usr_srvs', 'cmake_prefix_path')
[2.102s] INFO:colcon.colcon_core.shell:Creating environment hook '/workspace/planner/ros2/install/usr_srvs/share/usr_srvs/hook/cmake_prefix_path.ps1'
[2.103s] INFO:colcon.colcon_core.shell:Creating environment descriptor '/workspace/planner/ros2/install/usr_srvs/share/usr_srvs/hook/cmake_prefix_path.dsv'
[2.103s] INFO:colcon.colcon_core.shell:Creating environment hook '/workspace/planner/ros2/install/usr_srvs/share/usr_srvs/hook/cmake_prefix_path.sh'
[2.103s] Level 1:colcon.colcon_core.environment:checking '/workspace/planner/ros2/install/usr_srvs/lib'
[2.104s] Level 1:colcon.colcon_core.shell:create_environment_hook('usr_srvs', 'ld_library_path_lib')
[2.105s] INFO:colcon.colcon_core.shell:Creating environment hook '/workspace/planner/ros2/install/usr_srvs/share/usr_srvs/hook/ld_library_path_lib.ps1'
[2.105s] INFO:colcon.colcon_core.shell:Creating environment descriptor '/workspace/planner/ros2/install/usr_srvs/share/usr_srvs/hook/ld_library_path_lib.dsv'
[2.105s] INFO:colcon.colcon_core.shell:Creating environment hook '/workspace/planner/ros2/install/usr_srvs/share/usr_srvs/hook/ld_library_path_lib.sh'
[2.106s] Level 1:colcon.colcon_core.environment:checking '/workspace/planner/ros2/install/usr_srvs/bin'
[2.106s] Level 1:colcon.colcon_core.environment:checking '/workspace/planner/ros2/install/usr_srvs/lib/pkgconfig/usr_srvs.pc'
[2.106s] Level 1:colcon.colcon_core.environment:checking '/workspace/planner/ros2/install/usr_srvs/lib/python3.8/site-packages'
[2.106s] Level 1:colcon.colcon_core.shell:create_environment_hook('usr_srvs', 'pythonpath')
[2.106s] INFO:colcon.colcon_core.shell:Creating environment hook '/workspace/planner/ros2/install/usr_srvs/share/usr_srvs/hook/pythonpath.ps1'
[2.107s] INFO:colcon.colcon_core.shell:Creating environment descriptor '/workspace/planner/ros2/install/usr_srvs/share/usr_srvs/hook/pythonpath.dsv'
[2.108s] INFO:colcon.colcon_core.shell:Creating environment hook '/workspace/planner/ros2/install/usr_srvs/share/usr_srvs/hook/pythonpath.sh'
[2.109s] INFO:colcon.colcon_core.shell:Creating package script '/workspace/planner/ros2/install/usr_srvs/share/usr_srvs/package.ps1'
[2.110s] INFO:colcon.colcon_core.shell:Creating package descriptor '/workspace/planner/ros2/install/usr_srvs/share/usr_srvs/package.dsv'
[2.111s] INFO:colcon.colcon_core.shell:Creating package script '/workspace/planner/ros2/install/usr_srvs/share/usr_srvs/package.sh'
[2.111s] INFO:colcon.colcon_core.shell:Creating package script '/workspace/planner/ros2/install/usr_srvs/share/usr_srvs/package.bash'
[2.113s] INFO:colcon.colcon_core.shell:Creating package script '/workspace/planner/ros2/install/usr_srvs/share/usr_srvs/package.zsh'
[2.114s] Level 1:colcon.colcon_core.environment:create_file_with_runtime_dependencies(/workspace/planner/ros2/install/usr_srvs/share/colcon-core/packages/usr_srvs)
[2.263s] Level 1:colcon.colcon_core.shell:create_environment_hook('graphics', 'pythonpath_develop')
[2.264s] INFO:colcon.colcon_core.shell:Creating environment hook '/workspace/planner/ros2/build/graphics/share/graphics/hook/pythonpath_develop.ps1'
[2.265s] DEBUG:colcon.colcon_core.event_handler.log_command:Invoked command in '/workspace/planner/ros2/build/graphics' returned '0': PYTHONPATH=/workspace/planner/ros2/install/graphics/lib/python3.8/site-packages:${PYTHONPATH} /usr/bin/python3 setup.py develop --prefix /workspace/planner/ros2/install/graphics --editable --build-directory /workspace/planner/ros2/build/graphics/build --no-deps install_data --install-dir /workspace/planner/ros2/install/graphics
[2.266s] INFO:colcon.colcon_core.shell:Creating environment descriptor '/workspace/planner/ros2/build/graphics/share/graphics/hook/pythonpath_develop.dsv'
[2.266s] INFO:colcon.colcon_core.shell:Creating environment hook '/workspace/planner/ros2/build/graphics/share/graphics/hook/pythonpath_develop.sh'
[2.267s] Level 1:colcon.colcon_core.environment:checking '/workspace/planner/ros2/install/graphics' for CMake module files
[2.268s] Level 1:colcon.colcon_core.environment:checking '/workspace/planner/ros2/install/graphics' for CMake config files
[2.269s] Level 1:colcon.colcon_core.environment:checking '/workspace/planner/ros2/install/graphics/lib'
[2.269s] Level 1:colcon.colcon_core.environment:checking '/workspace/planner/ros2/install/graphics/bin'
[2.269s] Level 1:colcon.colcon_core.environment:checking '/workspace/planner/ros2/install/graphics/lib/pkgconfig/graphics.pc'
[2.269s] Level 1:colcon.colcon_core.environment:checking '/workspace/planner/ros2/install/graphics/lib/python3.8/site-packages'
[2.270s] Level 1:colcon.colcon_core.shell:create_environment_hook('graphics', 'pythonpath')
[2.270s] INFO:colcon.colcon_core.shell:Creating environment hook '/workspace/planner/ros2/install/graphics/share/graphics/hook/pythonpath.ps1'
[2.271s] INFO:colcon.colcon_core.shell:Creating environment descriptor '/workspace/planner/ros2/install/graphics/share/graphics/hook/pythonpath.dsv'
[2.271s] INFO:colcon.colcon_core.shell:Creating environment hook '/workspace/planner/ros2/install/graphics/share/graphics/hook/pythonpath.sh'
[2.273s] Level 1:colcon.colcon_core.environment:create_environment_scripts_only(graphics)
[2.274s] INFO:colcon.colcon_core.shell:Creating package script '/workspace/planner/ros2/install/graphics/share/graphics/package.ps1'
[2.275s] INFO:colcon.colcon_core.shell:Creating package descriptor '/workspace/planner/ros2/install/graphics/share/graphics/package.dsv'
[2.277s] INFO:colcon.colcon_core.shell:Creating package script '/workspace/planner/ros2/install/graphics/share/graphics/package.sh'
[2.279s] INFO:colcon.colcon_core.shell:Creating package script '/workspace/planner/ros2/install/graphics/share/graphics/package.bash'
[2.279s] INFO:colcon.colcon_core.shell:Creating package script '/workspace/planner/ros2/install/graphics/share/graphics/package.zsh'
[2.280s] Level 1:colcon.colcon_core.environment:create_file_with_runtime_dependencies(/workspace/planner/ros2/install/graphics/share/colcon-core/packages/graphics)
[2.298s] Level 1:colcon.colcon_core.shell:create_environment_hook('path_planner', 'pythonpath_develop')
[2.299s] INFO:colcon.colcon_core.shell:Creating environment hook '/workspace/planner/ros2/build/path_planner/share/path_planner/hook/pythonpath_develop.ps1'
[2.301s] DEBUG:colcon.colcon_core.event_handler.log_command:Invoked command in '/workspace/planner/ros2/build/path_planner' returned '0': PYTHONPATH=/workspace/planner/ros2/install/path_planner/lib/python3.8/site-packages:${PYTHONPATH} /usr/bin/python3 setup.py develop --prefix /workspace/planner/ros2/install/path_planner --editable --build-directory /workspace/planner/ros2/build/path_planner/build --no-deps install_data --install-dir /workspace/planner/ros2/install/path_planner
[2.301s] INFO:colcon.colcon_core.shell:Creating environment descriptor '/workspace/planner/ros2/build/path_planner/share/path_planner/hook/pythonpath_develop.dsv'
[2.303s] INFO:colcon.colcon_core.shell:Creating environment hook '/workspace/planner/ros2/build/path_planner/share/path_planner/hook/pythonpath_develop.sh'
[2.305s] Level 1:colcon.colcon_core.environment:checking '/workspace/planner/ros2/install/path_planner' for CMake module files
[2.306s] Level 1:colcon.colcon_core.environment:checking '/workspace/planner/ros2/install/path_planner' for CMake config files
[2.307s] Level 1:colcon.colcon_core.environment:checking '/workspace/planner/ros2/install/path_planner/lib'
[2.307s] Level 1:colcon.colcon_core.environment:checking '/workspace/planner/ros2/install/path_planner/bin'
[2.307s] Level 1:colcon.colcon_core.environment:checking '/workspace/planner/ros2/install/path_planner/lib/pkgconfig/path_planner.pc'
[2.307s] Level 1:colcon.colcon_core.environment:checking '/workspace/planner/ros2/install/path_planner/lib/python3.8/site-packages'
[2.307s] Level 1:colcon.colcon_core.shell:create_environment_hook('path_planner', 'pythonpath')
[2.308s] INFO:colcon.colcon_core.shell:Creating environment hook '/workspace/planner/ros2/install/path_planner/share/path_planner/hook/pythonpath.ps1'
[2.309s] INFO:colcon.colcon_core.shell:Creating environment descriptor '/workspace/planner/ros2/install/path_planner/share/path_planner/hook/pythonpath.dsv'
[2.310s] INFO:colcon.colcon_core.shell:Creating environment hook '/workspace/planner/ros2/install/path_planner/share/path_planner/hook/pythonpath.sh'
[2.311s] Level 1:colcon.colcon_core.environment:create_environment_scripts_only(path_planner)
[2.313s] INFO:colcon.colcon_core.shell:Creating package script '/workspace/planner/ros2/install/path_planner/share/path_planner/package.ps1'
[2.315s] INFO:colcon.colcon_core.shell:Creating package descriptor '/workspace/planner/ros2/install/path_planner/share/path_planner/package.dsv'
[2.317s] INFO:colcon.colcon_core.shell:Creating package script '/workspace/planner/ros2/install/path_planner/share/path_planner/package.sh'
[2.318s] INFO:colcon.colcon_core.shell:Creating package script '/workspace/planner/ros2/install/path_planner/share/path_planner/package.bash'
[2.318s] INFO:colcon.colcon_core.shell:Creating package script '/workspace/planner/ros2/install/path_planner/share/path_planner/package.zsh'
[2.318s] Level 1:colcon.colcon_core.environment:create_file_with_runtime_dependencies(/workspace/planner/ros2/install/path_planner/share/colcon-core/packages/path_planner)
[2.321s] Level 1:colcon.colcon_core.shell:create_environment_hook('kiwibot', 'pythonpath_develop')
[2.322s] INFO:colcon.colcon_core.shell:Creating environment hook '/workspace/planner/ros2/build/kiwibot/share/kiwibot/hook/pythonpath_develop.ps1'
[2.323s] DEBUG:colcon.colcon_core.event_handler.log_command:Invoked command in '/workspace/planner/ros2/build/kiwibot' returned '0': PYTHONPATH=/workspace/planner/ros2/install/kiwibot/lib/python3.8/site-packages:${PYTHONPATH} /usr/bin/python3 setup.py develop --prefix /workspace/planner/ros2/install/kiwibot --editable --build-directory /workspace/planner/ros2/build/kiwibot/build --no-deps install_data --install-dir /workspace/planner/ros2/install/kiwibot
[2.323s] INFO:colcon.colcon_core.shell:Creating environment descriptor '/workspace/planner/ros2/build/kiwibot/share/kiwibot/hook/pythonpath_develop.dsv'
[2.326s] INFO:colcon.colcon_core.shell:Creating environment hook '/workspace/planner/ros2/build/kiwibot/share/kiwibot/hook/pythonpath_develop.sh'
[2.329s] Level 1:colcon.colcon_core.environment:checking '/workspace/planner/ros2/install/kiwibot' for CMake module files
[2.329s] Level 1:colcon.colcon_core.environment:checking '/workspace/planner/ros2/install/kiwibot' for CMake config files
[2.330s] Level 1:colcon.colcon_core.environment:checking '/workspace/planner/ros2/install/kiwibot/lib'
[2.330s] Level 1:colcon.colcon_core.environment:checking '/workspace/planner/ros2/install/kiwibot/bin'
[2.330s] Level 1:colcon.colcon_core.environment:checking '/workspace/planner/ros2/install/kiwibot/lib/pkgconfig/kiwibot.pc'
[2.330s] Level 1:colcon.colcon_core.environment:checking '/workspace/planner/ros2/install/kiwibot/lib/python3.8/site-packages'
[2.330s] Level 1:colcon.colcon_core.shell:create_environment_hook('kiwibot', 'pythonpath')
[2.330s] INFO:colcon.colcon_core.shell:Creating environment hook '/workspace/planner/ros2/install/kiwibot/share/kiwibot/hook/pythonpath.ps1'
[2.331s] INFO:colcon.colcon_core.shell:Creating environment descriptor '/workspace/planner/ros2/install/kiwibot/share/kiwibot/hook/pythonpath.dsv'
[2.331s] INFO:colcon.colcon_core.shell:Creating environment hook '/workspace/planner/ros2/install/kiwibot/share/kiwibot/hook/pythonpath.sh'
[2.331s] Level 1:colcon.colcon_core.environment:create_environment_scripts_only(kiwibot)
[2.333s] INFO:colcon.colcon_core.shell:Creating package script '/workspace/planner/ros2/install/kiwibot/share/kiwibot/package.ps1'
[2.336s] INFO:colcon.colcon_core.shell:Creating package descriptor '/workspace/planner/ros2/install/kiwibot/share/kiwibot/package.dsv'
[2.339s] INFO:colcon.colcon_core.shell:Creating package script '/workspace/planner/ros2/install/kiwibot/share/kiwibot/package.sh'
[2.341s] INFO:colcon.colcon_core.shell:Creating package script '/workspace/planner/ros2/install/kiwibot/share/kiwibot/package.bash'
[2.341s] INFO:colcon.colcon_core.shell:Creating package script '/workspace/planner/ros2/install/kiwibot/share/kiwibot/package.zsh'
[2.341s] Level 1:colcon.colcon_core.environment:create_file_with_runtime_dependencies(/workspace/planner/ros2/install/kiwibot/share/colcon-core/packages/kiwibot)
[2.342s] DEBUG:colcon.colcon_parallel_executor.executor.parallel:closing loop
[2.342s] DEBUG:colcon.colcon_parallel_executor.executor.parallel:loop closed
[2.342s] DEBUG:colcon.colcon_parallel_executor.executor.parallel:run_until_complete finished with '0'
[2.343s] DEBUG:colcon.colcon_core.event_reactor:joining thread
[2.353s] INFO:colcon.colcon_core.plugin_system:Skipping extension 'colcon_notification.desktop_notification.notify_send': Could not find 'notify-send'
[2.353s] INFO:colcon.colcon_core.plugin_system:Skipping extension 'colcon_notification.desktop_notification.terminal_notifier': Not used on non-Darwin systems
[2.353s] INFO:colcon.colcon_core.plugin_system:Skipping extension 'colcon_notification.desktop_notification.win32': Not used on non-Windows systems
[2.353s] INFO:colcon.colcon_notification.desktop_notification:Sending desktop notification using 'notify2'
[2.357s] DEBUG:colcon.colcon_notification.desktop_notification.notify2:Failed to initialize notify2: org.freedesktop.DBus.Error.Spawn.ExecFailed: /usr/bin/dbus-launch terminated abnormally without any error message
[2.357s] DEBUG:colcon.colcon_core.event_reactor:joined thread
[2.359s] INFO:colcon.colcon_core.shell:Creating prefix script '/workspace/planner/ros2/install/local_setup.ps1'
[2.361s] INFO:colcon.colcon_core.shell:Creating prefix util module '/workspace/planner/ros2/install/_local_setup_util_ps1.py'
[2.363s] INFO:colcon.colcon_core.shell:Creating prefix chain script '/workspace/planner/ros2/install/setup.ps1'
[2.364s] INFO:colcon.colcon_core.shell:Creating prefix script '/workspace/planner/ros2/install/local_setup.sh'
[2.365s] INFO:colcon.colcon_core.shell:Creating prefix util module '/workspace/planner/ros2/install/_local_setup_util_sh.py'
[2.368s] INFO:colcon.colcon_core.shell:Creating prefix chain script '/workspace/planner/ros2/install/setup.sh'
[2.371s] INFO:colcon.colcon_core.shell:Creating prefix script '/workspace/planner/ros2/install/local_setup.bash'
[2.375s] INFO:colcon.colcon_core.shell:Creating prefix chain script '/workspace/planner/ros2/install/setup.bash'
[2.378s] INFO:colcon.colcon_core.shell:Creating prefix script '/workspace/planner/ros2/install/local_setup.zsh'
[2.378s] INFO:colcon.colcon_core.shell:Creating prefix chain script '/workspace/planner/ros2/install/setup.zsh'
