[0.086s] Invoking command in '/workspace/planner/ros2/build/usr_msgs': CMAKE_PREFIX_PATH=/opt/ros/galactic /usr/local/bin/cmake --build /workspace/planner/ros2/build/usr_msgs -- -j12 -l12
[0.518s] [  6%] Built target usr_msgs__cpp
[0.520s] [ 17%] Built target usr_msgs__rosidl_generator_c
[0.520s] [ 46%] Built target usr_msgs__rosidl_typesupport_introspection_c
[0.520s] [ 46%] Built target usr_msgs__rosidl_typesupport_introspection_cpp
[0.523s] [ 76%] Built target usr_msgs__rosidl_typesupport_c
[0.524s] [ 76%] Built target usr_msgs__rosidl_typesupport_cpp
[0.524s] [ 76%] Built target usr_msgs
[0.524s] [ 78%] Built target usr_msgs__py
[0.524s] [ 91%] Built target usr_msgs__python
[0.524s] [100%] Built target usr_msgs__rosidl_typesupport_c__pyext
[0.524s] [100%] Built target usr_msgs__rosidl_typesupport_introspection_c__pyext
[0.854s] Invoked command in '/workspace/planner/ros2/build/usr_msgs' returned '0': CMAKE_PREFIX_PATH=/opt/ros/galactic /usr/local/bin/cmake --build /workspace/planner/ros2/build/usr_msgs -- -j12 -l12
[0.994s] Invoking command in '/workspace/planner/ros2/build/usr_msgs': CMAKE_PREFIX_PATH=/opt/ros/galactic /usr/local/bin/cmake --install /workspace/planner/ros2/build/usr_msgs
[1.001s] -- Install configuration: ""
[1.005s] -- Execute custom install script
[1.005s] -- Up-to-date symlink: /workspace/planner/ros2/install/usr_msgs/share/ament_index/resource_index/rosidl_interfaces/usr_msgs
[1.007s] -- Up-to-date symlink: /workspace/planner/ros2/install/usr_msgs/include/usr_msgs/msg/detail/kiwibot__functions.h
[1.007s] -- Up-to-date symlink: /workspace/planner/ros2/install/usr_msgs/include/usr_msgs/msg/detail/kiwibot__struct.h
[1.008s] -- Up-to-date symlink: /workspace/planner/ros2/install/usr_msgs/include/usr_msgs/msg/detail/kiwibot__type_support.h
[1.008s] -- Up-to-date symlink: /workspace/planner/ros2/install/usr_msgs/include/usr_msgs/msg/detail/land_mark__functions.h
[1.009s] -- Up-to-date symlink: /workspace/planner/ros2/install/usr_msgs/include/usr_msgs/msg/detail/land_mark__struct.h
[1.009s] -- Up-to-date symlink: /workspace/planner/ros2/install/usr_msgs/include/usr_msgs/msg/detail/land_mark__type_support.h
[1.011s] -- Up-to-date symlink: /workspace/planner/ros2/install/usr_msgs/include/usr_msgs/msg/detail/planner__functions.h
[1.013s] -- Up-to-date symlink: /workspace/planner/ros2/install/usr_msgs/include/usr_msgs/msg/detail/planner__struct.h
[1.014s] -- Up-to-date symlink: /workspace/planner/ros2/install/usr_msgs/include/usr_msgs/msg/detail/planner__type_support.h
[1.014s] -- Up-to-date symlink: /workspace/planner/ros2/install/usr_msgs/include/usr_msgs/msg/detail/turn_ref__functions.h
[1.014s] -- Up-to-date symlink: /workspace/planner/ros2/install/usr_msgs/include/usr_msgs/msg/detail/turn_ref__struct.h
[1.014s] -- Up-to-date symlink: /workspace/planner/ros2/install/usr_msgs/include/usr_msgs/msg/detail/turn_ref__type_support.h
[1.014s] -- Up-to-date symlink: /workspace/planner/ros2/install/usr_msgs/include/usr_msgs/msg/detail/waypoint__functions.h
[1.015s] -- Up-to-date symlink: /workspace/planner/ros2/install/usr_msgs/include/usr_msgs/msg/detail/waypoint__struct.h
[1.015s] -- Up-to-date symlink: /workspace/planner/ros2/install/usr_msgs/include/usr_msgs/msg/detail/waypoint__type_support.h
[1.015s] -- Up-to-date symlink: /workspace/planner/ros2/install/usr_msgs/include/usr_msgs/msg/kiwibot.h
[1.015s] -- Up-to-date symlink: /workspace/planner/ros2/install/usr_msgs/include/usr_msgs/msg/land_mark.h
[1.017s] -- Up-to-date symlink: /workspace/planner/ros2/install/usr_msgs/include/usr_msgs/msg/planner.h
[1.017s] -- Up-to-date symlink: /workspace/planner/ros2/install/usr_msgs/include/usr_msgs/msg/rosidl_generator_c__visibility_control.h
[1.017s] -- Up-to-date symlink: /workspace/planner/ros2/install/usr_msgs/include/usr_msgs/msg/turn_ref.h
[1.017s] -- Up-to-date symlink: /workspace/planner/ros2/install/usr_msgs/include/usr_msgs/msg/waypoint.h
[1.019s] -- Up-to-date symlink: /workspace/planner/ros2/install/usr_msgs/share/usr_msgs/environment/library_path.sh
[1.020s] -- Up-to-date symlink: /workspace/planner/ros2/install/usr_msgs/share/usr_msgs/environment/library_path.dsv
[1.021s] -- Up-to-date symlink: /workspace/planner/ros2/install/usr_msgs/include/usr_msgs/msg/detail/kiwibot__rosidl_typesupport_introspection_c.h
[1.021s] -- Up-to-date symlink: /workspace/planner/ros2/install/usr_msgs/include/usr_msgs/msg/detail/land_mark__rosidl_typesupport_introspection_c.h
[1.021s] -- Up-to-date symlink: /workspace/planner/ros2/install/usr_msgs/include/usr_msgs/msg/detail/planner__rosidl_typesupport_introspection_c.h
[1.022s] -- Up-to-date symlink: /workspace/planner/ros2/install/usr_msgs/include/usr_msgs/msg/detail/turn_ref__rosidl_typesupport_introspection_c.h
[1.023s] -- Up-to-date symlink: /workspace/planner/ros2/install/usr_msgs/include/usr_msgs/msg/detail/waypoint__rosidl_typesupport_introspection_c.h
[1.023s] -- Up-to-date symlink: /workspace/planner/ros2/install/usr_msgs/include/usr_msgs/msg/rosidl_typesupport_introspection_c__visibility_control.h
[1.025s] -- Up-to-date symlink: /workspace/planner/ros2/install/usr_msgs/include/usr_msgs/msg/detail/kiwibot__builder.hpp
[1.025s] -- Up-to-date symlink: /workspace/planner/ros2/install/usr_msgs/include/usr_msgs/msg/detail/kiwibot__struct.hpp
[1.026s] -- Up-to-date symlink: /workspace/planner/ros2/install/usr_msgs/include/usr_msgs/msg/detail/kiwibot__traits.hpp
[1.027s] -- Up-to-date symlink: /workspace/planner/ros2/install/usr_msgs/include/usr_msgs/msg/detail/land_mark__builder.hpp
[1.027s] -- Up-to-date symlink: /workspace/planner/ros2/install/usr_msgs/include/usr_msgs/msg/detail/land_mark__struct.hpp
[1.028s] -- Up-to-date symlink: /workspace/planner/ros2/install/usr_msgs/include/usr_msgs/msg/detail/land_mark__traits.hpp
[1.028s] -- Up-to-date symlink: /workspace/planner/ros2/install/usr_msgs/include/usr_msgs/msg/detail/planner__builder.hpp
[1.028s] -- Up-to-date symlink: /workspace/planner/ros2/install/usr_msgs/include/usr_msgs/msg/detail/planner__struct.hpp
[1.033s] -- Up-to-date symlink: /workspace/planner/ros2/install/usr_msgs/include/usr_msgs/msg/detail/planner__traits.hpp
[1.033s] -- Up-to-date symlink: /workspace/planner/ros2/install/usr_msgs/include/usr_msgs/msg/detail/turn_ref__builder.hpp
[1.033s] -- Up-to-date symlink: /workspace/planner/ros2/install/usr_msgs/include/usr_msgs/msg/detail/turn_ref__struct.hpp
[1.033s] -- Up-to-date symlink: /workspace/planner/ros2/install/usr_msgs/include/usr_msgs/msg/detail/turn_ref__traits.hpp
[1.034s] -- Up-to-date symlink: /workspace/planner/ros2/install/usr_msgs/include/usr_msgs/msg/detail/waypoint__builder.hpp
[1.034s] -- Up-to-date symlink: /workspace/planner/ros2/install/usr_msgs/include/usr_msgs/msg/detail/waypoint__struct.hpp
[1.034s] -- Up-to-date symlink: /workspace/planner/ros2/install/usr_msgs/include/usr_msgs/msg/detail/waypoint__traits.hpp
[1.034s] -- Up-to-date symlink: /workspace/planner/ros2/install/usr_msgs/include/usr_msgs/msg/kiwibot.hpp
[1.034s] -- Up-to-date symlink: /workspace/planner/ros2/install/usr_msgs/include/usr_msgs/msg/land_mark.hpp
[1.034s] -- Up-to-date symlink: /workspace/planner/ros2/install/usr_msgs/include/usr_msgs/msg/planner.hpp
[1.034s] -- Up-to-date symlink: /workspace/planner/ros2/install/usr_msgs/include/usr_msgs/msg/turn_ref.hpp
[1.035s] -- Up-to-date symlink: /workspace/planner/ros2/install/usr_msgs/include/usr_msgs/msg/waypoint.hpp
[1.035s] -- Up-to-date symlink: /workspace/planner/ros2/install/usr_msgs/include/usr_msgs/msg/detail/kiwibot__rosidl_typesupport_introspection_cpp.hpp
[1.035s] -- Up-to-date symlink: /workspace/planner/ros2/install/usr_msgs/include/usr_msgs/msg/detail/land_mark__rosidl_typesupport_introspection_cpp.hpp
[1.036s] -- Up-to-date symlink: /workspace/planner/ros2/install/usr_msgs/include/usr_msgs/msg/detail/planner__rosidl_typesupport_introspection_cpp.hpp
[1.036s] -- Up-to-date symlink: /workspace/planner/ros2/install/usr_msgs/include/usr_msgs/msg/detail/turn_ref__rosidl_typesupport_introspection_cpp.hpp
[1.040s] -- Up-to-date symlink: /workspace/planner/ros2/install/usr_msgs/include/usr_msgs/msg/detail/waypoint__rosidl_typesupport_introspection_cpp.hpp
[1.041s] -- Up-to-date symlink: /workspace/planner/ros2/install/usr_msgs/share/usr_msgs/environment/pythonpath.sh
[1.041s] -- Up-to-date symlink: /workspace/planner/ros2/install/usr_msgs/share/usr_msgs/environment/pythonpath.dsv
[1.042s] -- Up-to-date symlink: /workspace/planner/ros2/install/usr_msgs/lib/python3.8/site-packages/usr_msgs/__init__.py
[1.042s] -- Up-to-date symlink: /workspace/planner/ros2/install/usr_msgs/lib/python3.8/site-packages/usr_msgs/msg/__init__.py
[1.042s] -- Up-to-date symlink: /workspace/planner/ros2/install/usr_msgs/lib/python3.8/site-packages/usr_msgs/msg/_kiwibot.py
[1.042s] -- Up-to-date symlink: /workspace/planner/ros2/install/usr_msgs/lib/python3.8/site-packages/usr_msgs/msg/_land_mark.py
[1.043s] -- Up-to-date symlink: /workspace/planner/ros2/install/usr_msgs/lib/python3.8/site-packages/usr_msgs/msg/_planner.py
[1.043s] -- Up-to-date symlink: /workspace/planner/ros2/install/usr_msgs/lib/python3.8/site-packages/usr_msgs/msg/_turn_ref.py
[1.044s] -- Up-to-date symlink: /workspace/planner/ros2/install/usr_msgs/lib/python3.8/site-packages/usr_msgs/msg/_waypoint.py
[1.046s] -- Up-to-date symlink: /workspace/planner/ros2/install/usr_msgs/lib/python3.8/site-packages/usr_msgs/usr_msgs_s__rosidl_typesupport_introspection_c.cpython-38-x86_64-linux-gnu.so
[1.047s] -- Up-to-date symlink: /workspace/planner/ros2/install/usr_msgs/lib/python3.8/site-packages/usr_msgs/usr_msgs_s__rosidl_typesupport_c.cpython-38-x86_64-linux-gnu.so
[1.051s] -- Up-to-date symlink: /workspace/planner/ros2/install/usr_msgs/lib/libusr_msgs__python.so
[1.051s] -- Up-to-date symlink: /workspace/planner/ros2/install/usr_msgs/share/usr_msgs/msg/Planner.idl
[1.051s] -- Up-to-date symlink: /workspace/planner/ros2/install/usr_msgs/share/usr_msgs/msg/LandMark.idl
[1.052s] -- Up-to-date symlink: /workspace/planner/ros2/install/usr_msgs/share/usr_msgs/msg/Waypoint.idl
[1.053s] -- Up-to-date symlink: /workspace/planner/ros2/install/usr_msgs/share/usr_msgs/msg/TurnRef.idl
[1.053s] -- Up-to-date symlink: /workspace/planner/ros2/install/usr_msgs/share/usr_msgs/msg/Kiwibot.idl
[1.054s] -- Up-to-date symlink: /workspace/planner/ros2/install/usr_msgs/share/usr_msgs/path_planner/Planner.msg
[1.054s] -- Up-to-date symlink: /workspace/planner/ros2/install/usr_msgs/share/usr_msgs/path_planner/LandMark.msg
[1.054s] -- Up-to-date symlink: /workspace/planner/ros2/install/usr_msgs/share/usr_msgs/path_planner/Waypoint.msg
[1.055s] -- Up-to-date symlink: /workspace/planner/ros2/install/usr_msgs/share/usr_msgs/path_planner/TurnRef.msg
[1.056s] -- Up-to-date symlink: /workspace/planner/ros2/install/usr_msgs/share/usr_msgs/bot_status/Kiwibot.msg
[1.056s] -- Up-to-date symlink: /workspace/planner/ros2/install/usr_msgs/share/ament_index/resource_index/package_run_dependencies/usr_msgs
[1.057s] -- Up-to-date symlink: /workspace/planner/ros2/install/usr_msgs/share/ament_index/resource_index/parent_prefix_path/usr_msgs
[1.059s] -- Up-to-date symlink: /workspace/planner/ros2/install/usr_msgs/share/usr_msgs/environment/ament_prefix_path.sh
[1.060s] -- Up-to-date symlink: /workspace/planner/ros2/install/usr_msgs/share/usr_msgs/environment/ament_prefix_path.dsv
[1.060s] -- Up-to-date symlink: /workspace/planner/ros2/install/usr_msgs/share/usr_msgs/environment/path.sh
[1.060s] -- Up-to-date symlink: /workspace/planner/ros2/install/usr_msgs/share/usr_msgs/environment/path.dsv
[1.061s] -- Up-to-date symlink: /workspace/planner/ros2/install/usr_msgs/share/usr_msgs/local_setup.bash
[1.062s] -- Up-to-date symlink: /workspace/planner/ros2/install/usr_msgs/share/usr_msgs/local_setup.sh
[1.062s] -- Up-to-date symlink: /workspace/planner/ros2/install/usr_msgs/share/usr_msgs/local_setup.zsh
[1.063s] -- Up-to-date symlink: /workspace/planner/ros2/install/usr_msgs/share/usr_msgs/local_setup.dsv
[1.063s] -- Symlinking: /workspace/planner/ros2/install/usr_msgs/share/usr_msgs/package.dsv
[1.071s] -- Up-to-date symlink: /workspace/planner/ros2/install/usr_msgs/share/ament_index/resource_index/packages/usr_msgs
[1.072s] -- Up-to-date symlink: /workspace/planner/ros2/install/usr_msgs/share/usr_msgs/cmake/rosidl_cmake-extras.cmake
[1.075s] -- Up-to-date symlink: /workspace/planner/ros2/install/usr_msgs/share/usr_msgs/cmake/ament_cmake_export_dependencies-extras.cmake
[1.075s] -- Up-to-date symlink: /workspace/planner/ros2/install/usr_msgs/share/usr_msgs/cmake/ament_cmake_export_libraries-extras.cmake
[1.075s] -- Up-to-date symlink: /workspace/planner/ros2/install/usr_msgs/share/usr_msgs/cmake/ament_cmake_export_targets-extras.cmake
[1.075s] -- Up-to-date symlink: /workspace/planner/ros2/install/usr_msgs/share/usr_msgs/cmake/ament_cmake_export_include_directories-extras.cmake
[1.075s] -- Up-to-date symlink: /workspace/planner/ros2/install/usr_msgs/share/usr_msgs/cmake/rosidl_cmake_export_typesupport_targets-extras.cmake
[1.076s] -- Up-to-date symlink: /workspace/planner/ros2/install/usr_msgs/share/usr_msgs/cmake/usr_msgsConfig.cmake
[1.077s] -- Up-to-date symlink: /workspace/planner/ros2/install/usr_msgs/share/usr_msgs/cmake/usr_msgsConfig-version.cmake
[1.078s] -- Up-to-date symlink: /workspace/planner/ros2/install/usr_msgs/share/usr_msgs/package.xml
[1.078s] -- Up-to-date: /workspace/planner/ros2/install/usr_msgs/lib/libusr_msgs__rosidl_generator_c.so
[1.079s] -- Up-to-date: /workspace/planner/ros2/install/usr_msgs/lib/libusr_msgs__rosidl_typesupport_introspection_c.so
[1.080s] -- Up-to-date: /workspace/planner/ros2/install/usr_msgs/lib/libusr_msgs__rosidl_typesupport_c.so
[1.081s] -- Up-to-date: /workspace/planner/ros2/install/usr_msgs/lib/libusr_msgs__rosidl_typesupport_introspection_cpp.so
[1.082s] -- Up-to-date: /workspace/planner/ros2/install/usr_msgs/lib/libusr_msgs__rosidl_typesupport_cpp.so
[1.148s] -- Up-to-date: /workspace/planner/ros2/install/usr_msgs/share/usr_msgs/cmake/usr_msgs__rosidl_generator_cExport.cmake
[1.148s] -- Up-to-date: /workspace/planner/ros2/install/usr_msgs/share/usr_msgs/cmake/usr_msgs__rosidl_generator_cExport-noconfig.cmake
[1.149s] -- Up-to-date: /workspace/planner/ros2/install/usr_msgs/share/usr_msgs/cmake/usr_msgs__rosidl_typesupport_introspection_cExport.cmake
[1.149s] -- Up-to-date: /workspace/planner/ros2/install/usr_msgs/share/usr_msgs/cmake/usr_msgs__rosidl_typesupport_introspection_cExport-noconfig.cmake
[1.149s] -- Up-to-date: /workspace/planner/ros2/install/usr_msgs/share/usr_msgs/cmake/usr_msgs__rosidl_typesupport_cExport.cmake
[1.149s] -- Up-to-date: /workspace/planner/ros2/install/usr_msgs/share/usr_msgs/cmake/usr_msgs__rosidl_typesupport_cExport-noconfig.cmake
[1.149s] -- Up-to-date: /workspace/planner/ros2/install/usr_msgs/share/usr_msgs/cmake/usr_msgs__rosidl_generator_cppExport.cmake
[1.149s] -- Up-to-date: /workspace/planner/ros2/install/usr_msgs/share/usr_msgs/cmake/usr_msgs__rosidl_typesupport_introspection_cppExport.cmake
[1.149s] -- Up-to-date: /workspace/planner/ros2/install/usr_msgs/share/usr_msgs/cmake/usr_msgs__rosidl_typesupport_introspection_cppExport-noconfig.cmake
[1.150s] -- Up-to-date: /workspace/planner/ros2/install/usr_msgs/share/usr_msgs/cmake/usr_msgs__rosidl_typesupport_cppExport.cmake
[1.150s] -- Up-to-date: /workspace/planner/ros2/install/usr_msgs/share/usr_msgs/cmake/usr_msgs__rosidl_typesupport_cppExport-noconfig.cmake
[1.155s] Invoked command in '/workspace/planner/ros2/build/usr_msgs' returned '0': CMAKE_PREFIX_PATH=/opt/ros/galactic /usr/local/bin/cmake --install /workspace/planner/ros2/build/usr_msgs
