running develop
running egg_info
creating kiwibot.egg-info
writing kiwibot.egg-info/PKG-INFO
writing dependency_links to kiwibot.egg-info/dependency_links.txt
writing entry points to kiwibot.egg-info/entry_points.txt
writing requirements to kiwibot.egg-info/requires.txt
writing top-level names to kiwibot.egg-info/top_level.txt
writing manifest file 'kiwibot.egg-info/SOURCES.txt'
reading manifest file 'kiwibot.egg-info/SOURCES.txt'
writing manifest file 'kiwibot.egg-info/SOURCES.txt'
running build_ext
Creating /workspace/planner/ros2/install/kiwibot/lib/python3.8/site-packages/site.py
Creating /workspace/planner/ros2/install/kiwibot/lib/python3.8/site-packages/kiwibot.egg-link (link to .)
Installing kiwibot script to /workspace/planner/ros2/install/kiwibot/lib/kiwibot

Installed /workspace/planner/ros2/build/kiwibot
running install_data
creating /workspace/planner/ros2/install/kiwibot/share/ament_index
creating /workspace/planner/ros2/install/kiwibot/share/ament_index/resource_index
creating /workspace/planner/ros2/install/kiwibot/share/ament_index/resource_index/packages
copying resource/kiwibot -> /workspace/planner/ros2/install/kiwibot/share/ament_index/resource_index/packages
copying package.xml -> /workspace/planner/ros2/install/kiwibot/share/kiwibot
