[1.221s] Invoking command in '/workspace/planner/ros2/build/kiwibot': PYTHONPATH=/workspace/planner/ros2/install/kiwibot/lib/python3.8/site-packages:${PYTHONPATH} /usr/bin/python3 setup.py develop --prefix /workspace/planner/ros2/install/kiwibot --editable --build-directory /workspace/planner/ros2/build/kiwibot/build --no-deps install_data --install-dir /workspace/planner/ros2/install/kiwibot
[1.452s] running develop
[1.550s] running egg_info
[1.550s] creating kiwibot.egg-info
[1.551s] writing kiwibot.egg-info/PKG-INFO
[1.552s] writing dependency_links to kiwibot.egg-info/dependency_links.txt
[1.552s] writing entry points to kiwibot.egg-info/entry_points.txt
[1.552s] writing requirements to kiwibot.egg-info/requires.txt
[1.553s] writing top-level names to kiwibot.egg-info/top_level.txt
[1.553s] writing manifest file 'kiwibot.egg-info/SOURCES.txt'
[1.589s] reading manifest file 'kiwibot.egg-info/SOURCES.txt'
[1.589s] writing manifest file 'kiwibot.egg-info/SOURCES.txt'
[1.591s] running build_ext
[1.591s] Creating /workspace/planner/ros2/install/kiwibot/lib/python3.8/site-packages/site.py
[1.592s] Creating /workspace/planner/ros2/install/kiwibot/lib/python3.8/site-packages/kiwibot.egg-link (link to .)
[1.593s] Installing kiwibot script to /workspace/planner/ros2/install/kiwibot/lib/kiwibot
[1.594s] 
[1.594s] Installed /workspace/planner/ros2/build/kiwibot
[1.594s] running install_data
[1.594s] creating /workspace/planner/ros2/install/kiwibot/share/ament_index
[1.595s] creating /workspace/planner/ros2/install/kiwibot/share/ament_index/resource_index
[1.595s] creating /workspace/planner/ros2/install/kiwibot/share/ament_index/resource_index/packages
[1.595s] copying resource/kiwibot -> /workspace/planner/ros2/install/kiwibot/share/ament_index/resource_index/packages
[1.595s] copying package.xml -> /workspace/planner/ros2/install/kiwibot/share/kiwibot
[1.667s] Invoked command in '/workspace/planner/ros2/build/kiwibot' returned '0': PYTHONPATH=/workspace/planner/ros2/install/kiwibot/lib/python3.8/site-packages:${PYTHONPATH} /usr/bin/python3 setup.py develop --prefix /workspace/planner/ros2/install/kiwibot --editable --build-directory /workspace/planner/ros2/build/kiwibot/build --no-deps install_data --install-dir /workspace/planner/ros2/install/kiwibot
