[0.217s] DEBUG:colcon:Command line arguments: ['/usr/bin/colcon', 'build', '--symlink-install']
[0.218s] DEBUG:colcon:Parsed command line arguments: Namespace(allow_overriding=[], ament_cmake_args=None, base_paths=['.'], build_base='build', catkin_cmake_args=None, catkin_skip_building_tests=False, cmake_args=None, cmake_clean_cache=False, cmake_clean_first=False, cmake_force_configure=False, cmake_target=None, cmake_target_skip_unavailable=False, continue_on_error=False, event_handlers=None, executor='parallel', ignore_user_meta=False, install_base='install', log_base=None, log_level=None, main=<bound method BuildVerb.main of <colcon_core.verb.build.BuildVerb object at 0x7f9172c726d0>>, merge_install=False, metas=['./colcon.meta'], packages_above=None, packages_above_and_dependencies=None, packages_above_depth=None, packages_end=None, packages_ignore=None, packages_ignore_regex=None, packages_select=None, packages_select_build_failed=False, packages_select_by_dep=None, packages_select_regex=None, packages_select_test_failures=False, packages_skip=None, packages_skip_build_finished=False, packages_skip_by_dep=None, packages_skip_regex=None, packages_skip_test_passed=False, packages_skip_up_to=None, packages_start=None, packages_up_to=None, packages_up_to_regex=None, parallel_workers=12, paths=None, symlink_install=True, test_result_base=None, verb_extension=<colcon_core.verb.build.BuildVerb object at 0x7f9172c726d0>, verb_name='build', verb_parser=<colcon_defaults.argument_parser.defaults.DefaultArgumentsDecorator object at 0x7f9172c72c40>)
[0.225s] Level 1:colcon.colcon_core.package_discovery:discover_packages(colcon_meta) check parameters
[0.225s] Level 1:colcon.colcon_core.package_discovery:discover_packages(recursive) check parameters
[0.225s] Level 1:colcon.colcon_core.package_discovery:discover_packages(ignore) check parameters
[0.225s] Level 1:colcon.colcon_core.package_discovery:discover_packages(path) check parameters
[0.225s] Level 1:colcon.colcon_core.package_discovery:discover_packages(colcon_meta) discover
[0.225s] Level 1:colcon.colcon_core.package_discovery:discover_packages(recursive) discover
[0.226s] INFO:colcon.colcon_core.package_discovery:Crawling recursively for packages in '/workspace/planner/ros2'
[0.226s] Level 1:colcon.colcon_core.package_identification:_identify(.) by extensions ['ignore', 'ignore_ament_install']
[0.226s] Level 1:colcon.colcon_core.package_identification:_identify(.) by extension 'ignore'
[0.226s] Level 1:colcon.colcon_core.package_identification:_identify(.) by extension 'ignore_ament_install'
[0.226s] Level 1:colcon.colcon_core.package_identification:_identify(.) by extensions ['colcon_pkg']
[0.226s] Level 1:colcon.colcon_core.package_identification:_identify(.) by extension 'colcon_pkg'
[0.226s] Level 1:colcon.colcon_core.package_identification:_identify(.) by extensions ['colcon_meta']
[0.226s] Level 1:colcon.colcon_core.package_identification:_identify(.) by extension 'colcon_meta'
[0.226s] Level 1:colcon.colcon_core.package_identification:_identify(.) by extensions ['ros']
[0.226s] Level 1:colcon.colcon_core.package_identification:_identify(.) by extension 'ros'
[0.238s] Level 1:colcon.colcon_core.package_identification:_identify(.) by extensions ['cmake', 'python']
[0.238s] Level 1:colcon.colcon_core.package_identification:_identify(.) by extension 'cmake'
[0.238s] Level 1:colcon.colcon_core.package_identification:_identify(.) by extension 'python'
[0.238s] Level 1:colcon.colcon_core.package_identification:_identify(.) by extensions ['python_setup_py']
[0.238s] Level 1:colcon.colcon_core.package_identification:_identify(.) by extension 'python_setup_py'
[0.238s] Level 1:colcon.colcon_core.package_identification:_identify(build) by extensions ['ignore', 'ignore_ament_install']
[0.238s] Level 1:colcon.colcon_core.package_identification:_identify(build) by extension 'ignore'
[0.238s] Level 1:colcon.colcon_core.package_identification:_identify(build) ignored
[0.238s] Level 1:colcon.colcon_core.package_identification:_identify(install) by extensions ['ignore', 'ignore_ament_install']
[0.238s] Level 1:colcon.colcon_core.package_identification:_identify(install) by extension 'ignore'
[0.238s] Level 1:colcon.colcon_core.package_identification:_identify(install) ignored
[0.239s] Level 1:colcon.colcon_core.package_identification:_identify(log) by extensions ['ignore', 'ignore_ament_install']
[0.239s] Level 1:colcon.colcon_core.package_identification:_identify(log) by extension 'ignore'
[0.239s] Level 1:colcon.colcon_core.package_identification:_identify(log) ignored
[0.239s] Level 1:colcon.colcon_core.package_identification:_identify(src) by extensions ['ignore', 'ignore_ament_install']
[0.239s] Level 1:colcon.colcon_core.package_identification:_identify(src) by extension 'ignore'
[0.240s] Level 1:colcon.colcon_core.package_identification:_identify(src) by extension 'ignore_ament_install'
[0.240s] Level 1:colcon.colcon_core.package_identification:_identify(src) by extensions ['colcon_pkg']
[0.240s] Level 1:colcon.colcon_core.package_identification:_identify(src) by extension 'colcon_pkg'
[0.240s] Level 1:colcon.colcon_core.package_identification:_identify(src) by extensions ['colcon_meta']
[0.240s] Level 1:colcon.colcon_core.package_identification:_identify(src) by extension 'colcon_meta'
[0.240s] Level 1:colcon.colcon_core.package_identification:_identify(src) by extensions ['ros']
[0.240s] Level 1:colcon.colcon_core.package_identification:_identify(src) by extension 'ros'
[0.240s] Level 1:colcon.colcon_core.package_identification:_identify(src) by extensions ['cmake', 'python']
[0.240s] Level 1:colcon.colcon_core.package_identification:_identify(src) by extension 'cmake'
[0.240s] Level 1:colcon.colcon_core.package_identification:_identify(src) by extension 'python'
[0.240s] Level 1:colcon.colcon_core.package_identification:_identify(src) by extensions ['python_setup_py']
[0.240s] Level 1:colcon.colcon_core.package_identification:_identify(src) by extension 'python_setup_py'
[0.240s] Level 1:colcon.colcon_core.package_identification:_identify(src/graphics) by extensions ['ignore', 'ignore_ament_install']
[0.240s] Level 1:colcon.colcon_core.package_identification:_identify(src/graphics) by extension 'ignore'
[0.240s] Level 1:colcon.colcon_core.package_identification:_identify(src/graphics) by extension 'ignore_ament_install'
[0.241s] Level 1:colcon.colcon_core.package_identification:_identify(src/graphics) by extensions ['colcon_pkg']
[0.241s] Level 1:colcon.colcon_core.package_identification:_identify(src/graphics) by extension 'colcon_pkg'
[0.241s] Level 1:colcon.colcon_core.package_identification:_identify(src/graphics) by extensions ['colcon_meta']
[0.241s] Level 1:colcon.colcon_core.package_identification:_identify(src/graphics) by extension 'colcon_meta'
[0.241s] Level 1:colcon.colcon_core.package_identification:_identify(src/graphics) by extensions ['ros']
[0.241s] Level 1:colcon.colcon_core.package_identification:_identify(src/graphics) by extension 'ros'
[0.243s] DEBUG:colcon.colcon_core.package_identification:Package 'src/graphics' with type 'ros.ament_python' and name 'graphics'
[0.243s] Level 1:colcon.colcon_core.package_identification:_identify(src/interfaces) by extensions ['ignore', 'ignore_ament_install']
[0.244s] Level 1:colcon.colcon_core.package_identification:_identify(src/interfaces) by extension 'ignore'
[0.244s] Level 1:colcon.colcon_core.package_identification:_identify(src/interfaces) by extension 'ignore_ament_install'
[0.244s] Level 1:colcon.colcon_core.package_identification:_identify(src/interfaces) by extensions ['colcon_pkg']
[0.244s] Level 1:colcon.colcon_core.package_identification:_identify(src/interfaces) by extension 'colcon_pkg'
[0.244s] Level 1:colcon.colcon_core.package_identification:_identify(src/interfaces) by extensions ['colcon_meta']
[0.244s] Level 1:colcon.colcon_core.package_identification:_identify(src/interfaces) by extension 'colcon_meta'
[0.244s] Level 1:colcon.colcon_core.package_identification:_identify(src/interfaces) by extensions ['ros']
[0.244s] Level 1:colcon.colcon_core.package_identification:_identify(src/interfaces) by extension 'ros'
[0.246s] DEBUG:colcon.colcon_core.package_identification:Package 'src/interfaces' with type 'ros.ament_cmake' and name 'interfaces'
[0.246s] Level 1:colcon.colcon_core.package_identification:_identify(src/kiwibot) by extensions ['ignore', 'ignore_ament_install']
[0.246s] Level 1:colcon.colcon_core.package_identification:_identify(src/kiwibot) by extension 'ignore'
[0.246s] Level 1:colcon.colcon_core.package_identification:_identify(src/kiwibot) by extension 'ignore_ament_install'
[0.246s] Level 1:colcon.colcon_core.package_identification:_identify(src/kiwibot) by extensions ['colcon_pkg']
[0.246s] Level 1:colcon.colcon_core.package_identification:_identify(src/kiwibot) by extension 'colcon_pkg'
[0.246s] Level 1:colcon.colcon_core.package_identification:_identify(src/kiwibot) by extensions ['colcon_meta']
[0.246s] Level 1:colcon.colcon_core.package_identification:_identify(src/kiwibot) by extension 'colcon_meta'
[0.247s] Level 1:colcon.colcon_core.package_identification:_identify(src/kiwibot) by extensions ['ros']
[0.247s] Level 1:colcon.colcon_core.package_identification:_identify(src/kiwibot) by extension 'ros'
[0.247s] DEBUG:colcon.colcon_core.package_identification:Package 'src/kiwibot' with type 'ros.ament_python' and name 'kiwibot'
[0.248s] Level 1:colcon.colcon_core.package_identification:_identify(src/path_planner) by extensions ['ignore', 'ignore_ament_install']
[0.248s] Level 1:colcon.colcon_core.package_identification:_identify(src/path_planner) by extension 'ignore'
[0.248s] Level 1:colcon.colcon_core.package_identification:_identify(src/path_planner) by extension 'ignore_ament_install'
[0.248s] Level 1:colcon.colcon_core.package_identification:_identify(src/path_planner) by extensions ['colcon_pkg']
[0.248s] Level 1:colcon.colcon_core.package_identification:_identify(src/path_planner) by extension 'colcon_pkg'
[0.248s] Level 1:colcon.colcon_core.package_identification:_identify(src/path_planner) by extensions ['colcon_meta']
[0.248s] Level 1:colcon.colcon_core.package_identification:_identify(src/path_planner) by extension 'colcon_meta'
[0.248s] Level 1:colcon.colcon_core.package_identification:_identify(src/path_planner) by extensions ['ros']
[0.248s] Level 1:colcon.colcon_core.package_identification:_identify(src/path_planner) by extension 'ros'
[0.249s] DEBUG:colcon.colcon_core.package_identification:Package 'src/path_planner' with type 'ros.ament_python' and name 'path_planner'
[0.249s] Level 1:colcon.colcon_core.package_identification:_identify(src/usr_msgs) by extensions ['ignore', 'ignore_ament_install']
[0.249s] Level 1:colcon.colcon_core.package_identification:_identify(src/usr_msgs) by extension 'ignore'
[0.250s] Level 1:colcon.colcon_core.package_identification:_identify(src/usr_msgs) by extension 'ignore_ament_install'
[0.250s] Level 1:colcon.colcon_core.package_identification:_identify(src/usr_msgs) by extensions ['colcon_pkg']
[0.250s] Level 1:colcon.colcon_core.package_identification:_identify(src/usr_msgs) by extension 'colcon_pkg'
[0.250s] Level 1:colcon.colcon_core.package_identification:_identify(src/usr_msgs) by extensions ['colcon_meta']
[0.250s] Level 1:colcon.colcon_core.package_identification:_identify(src/usr_msgs) by extension 'colcon_meta'
[0.250s] Level 1:colcon.colcon_core.package_identification:_identify(src/usr_msgs) by extensions ['ros']
[0.250s] Level 1:colcon.colcon_core.package_identification:_identify(src/usr_msgs) by extension 'ros'
[0.251s] DEBUG:colcon.colcon_core.package_identification:Package 'src/usr_msgs' with type 'ros.ament_cmake' and name 'usr_msgs'
[0.251s] Level 1:colcon.colcon_core.package_identification:_identify(src/usr_srvs) by extensions ['ignore', 'ignore_ament_install']
[0.251s] Level 1:colcon.colcon_core.package_identification:_identify(src/usr_srvs) by extension 'ignore'
[0.251s] Level 1:colcon.colcon_core.package_identification:_identify(src/usr_srvs) by extension 'ignore_ament_install'
[0.252s] Level 1:colcon.colcon_core.package_identification:_identify(src/usr_srvs) by extensions ['colcon_pkg']
[0.252s] Level 1:colcon.colcon_core.package_identification:_identify(src/usr_srvs) by extension 'colcon_pkg'
[0.252s] Level 1:colcon.colcon_core.package_identification:_identify(src/usr_srvs) by extensions ['colcon_meta']
[0.252s] Level 1:colcon.colcon_core.package_identification:_identify(src/usr_srvs) by extension 'colcon_meta'
[0.252s] Level 1:colcon.colcon_core.package_identification:_identify(src/usr_srvs) by extensions ['ros']
[0.252s] Level 1:colcon.colcon_core.package_identification:_identify(src/usr_srvs) by extension 'ros'
[0.253s] DEBUG:colcon.colcon_core.package_identification:Package 'src/usr_srvs' with type 'ros.ament_cmake' and name 'usr_srvs'
[0.253s] Level 1:colcon.colcon_core.package_identification:_identify(src/utils) by extensions ['ignore', 'ignore_ament_install']
[0.253s] Level 1:colcon.colcon_core.package_identification:_identify(src/utils) by extension 'ignore'
[0.254s] Level 1:colcon.colcon_core.package_identification:_identify(src/utils) by extension 'ignore_ament_install'
[0.254s] Level 1:colcon.colcon_core.package_identification:_identify(src/utils) by extensions ['colcon_pkg']
[0.254s] Level 1:colcon.colcon_core.package_identification:_identify(src/utils) by extension 'colcon_pkg'
[0.254s] Level 1:colcon.colcon_core.package_identification:_identify(src/utils) by extensions ['colcon_meta']
[0.254s] Level 1:colcon.colcon_core.package_identification:_identify(src/utils) by extension 'colcon_meta'
[0.254s] Level 1:colcon.colcon_core.package_identification:_identify(src/utils) by extensions ['ros']
[0.254s] Level 1:colcon.colcon_core.package_identification:_identify(src/utils) by extension 'ros'
[0.255s] DEBUG:colcon.colcon_core.package_identification:Package 'src/utils' with type 'ros.ament_cmake' and name 'utils'
[0.256s] Level 1:colcon.colcon_core.package_discovery:discover_packages(recursive) using defaults
[0.256s] Level 1:colcon.colcon_core.package_discovery:discover_packages(ignore) discover
[0.256s] Level 1:colcon.colcon_core.package_discovery:discover_packages(ignore) using defaults
[0.256s] Level 1:colcon.colcon_core.package_discovery:discover_packages(path) discover
[0.256s] Level 1:colcon.colcon_core.package_discovery:discover_packages(path) using defaults
[0.281s] Level 5:colcon.colcon_core.verb:set package 'graphics' build argument 'cmake_args' from command line to 'None'
[0.281s] Level 5:colcon.colcon_core.verb:set package 'graphics' build argument 'cmake_target' from command line to 'None'
[0.281s] Level 5:colcon.colcon_core.verb:set package 'graphics' build argument 'cmake_target_skip_unavailable' from command line to 'False'
[0.281s] Level 5:colcon.colcon_core.verb:set package 'graphics' build argument 'cmake_clean_cache' from command line to 'False'
[0.281s] Level 5:colcon.colcon_core.verb:set package 'graphics' build argument 'cmake_clean_first' from command line to 'False'
[0.281s] Level 5:colcon.colcon_core.verb:set package 'graphics' build argument 'cmake_force_configure' from command line to 'False'
[0.281s] Level 5:colcon.colcon_core.verb:set package 'graphics' build argument 'ament_cmake_args' from command line to 'None'
[0.281s] Level 5:colcon.colcon_core.verb:set package 'graphics' build argument 'catkin_cmake_args' from command line to 'None'
[0.281s] Level 5:colcon.colcon_core.verb:set package 'graphics' build argument 'catkin_skip_building_tests' from command line to 'False'
[0.281s] DEBUG:colcon.colcon_core.verb:Building package 'graphics' with the following arguments: {'ament_cmake_args': None, 'build_base': '/workspace/planner/ros2/build/graphics', 'catkin_cmake_args': None, 'catkin_skip_building_tests': False, 'cmake_args': None, 'cmake_clean_cache': False, 'cmake_clean_first': False, 'cmake_force_configure': False, 'cmake_target': None, 'cmake_target_skip_unavailable': False, 'install_base': '/workspace/planner/ros2/install/graphics', 'merge_install': False, 'path': '/workspace/planner/ros2/src/graphics', 'symlink_install': True, 'test_result_base': None}
[0.282s] Level 5:colcon.colcon_core.verb:set package 'kiwibot' build argument 'cmake_args' from command line to 'None'
[0.282s] Level 5:colcon.colcon_core.verb:set package 'kiwibot' build argument 'cmake_target' from command line to 'None'
[0.282s] Level 5:colcon.colcon_core.verb:set package 'kiwibot' build argument 'cmake_target_skip_unavailable' from command line to 'False'
[0.282s] Level 5:colcon.colcon_core.verb:set package 'kiwibot' build argument 'cmake_clean_cache' from command line to 'False'
[0.282s] Level 5:colcon.colcon_core.verb:set package 'kiwibot' build argument 'cmake_clean_first' from command line to 'False'
[0.282s] Level 5:colcon.colcon_core.verb:set package 'kiwibot' build argument 'cmake_force_configure' from command line to 'False'
[0.282s] Level 5:colcon.colcon_core.verb:set package 'kiwibot' build argument 'ament_cmake_args' from command line to 'None'
[0.282s] Level 5:colcon.colcon_core.verb:set package 'kiwibot' build argument 'catkin_cmake_args' from command line to 'None'
[0.282s] Level 5:colcon.colcon_core.verb:set package 'kiwibot' build argument 'catkin_skip_building_tests' from command line to 'False'
[0.282s] DEBUG:colcon.colcon_core.verb:Building package 'kiwibot' with the following arguments: {'ament_cmake_args': None, 'build_base': '/workspace/planner/ros2/build/kiwibot', 'catkin_cmake_args': None, 'catkin_skip_building_tests': False, 'cmake_args': None, 'cmake_clean_cache': False, 'cmake_clean_first': False, 'cmake_force_configure': False, 'cmake_target': None, 'cmake_target_skip_unavailable': False, 'install_base': '/workspace/planner/ros2/install/kiwibot', 'merge_install': False, 'path': '/workspace/planner/ros2/src/kiwibot', 'symlink_install': True, 'test_result_base': None}
[0.282s] Level 5:colcon.colcon_core.verb:set package 'path_planner' build argument 'cmake_args' from command line to 'None'
[0.282s] Level 5:colcon.colcon_core.verb:set package 'path_planner' build argument 'cmake_target' from command line to 'None'
[0.282s] Level 5:colcon.colcon_core.verb:set package 'path_planner' build argument 'cmake_target_skip_unavailable' from command line to 'False'
[0.283s] Level 5:colcon.colcon_core.verb:set package 'path_planner' build argument 'cmake_clean_cache' from command line to 'False'
[0.283s] Level 5:colcon.colcon_core.verb:set package 'path_planner' build argument 'cmake_clean_first' from command line to 'False'
[0.283s] Level 5:colcon.colcon_core.verb:set package 'path_planner' build argument 'cmake_force_configure' from command line to 'False'
[0.283s] Level 5:colcon.colcon_core.verb:set package 'path_planner' build argument 'ament_cmake_args' from command line to 'None'
[0.283s] Level 5:colcon.colcon_core.verb:set package 'path_planner' build argument 'catkin_cmake_args' from command line to 'None'
[0.283s] Level 5:colcon.colcon_core.verb:set package 'path_planner' build argument 'catkin_skip_building_tests' from command line to 'False'
[0.283s] DEBUG:colcon.colcon_core.verb:Building package 'path_planner' with the following arguments: {'ament_cmake_args': None, 'build_base': '/workspace/planner/ros2/build/path_planner', 'catkin_cmake_args': None, 'catkin_skip_building_tests': False, 'cmake_args': None, 'cmake_clean_cache': False, 'cmake_clean_first': False, 'cmake_force_configure': False, 'cmake_target': None, 'cmake_target_skip_unavailable': False, 'install_base': '/workspace/planner/ros2/install/path_planner', 'merge_install': False, 'path': '/workspace/planner/ros2/src/path_planner', 'symlink_install': True, 'test_result_base': None}
[0.283s] Level 5:colcon.colcon_core.verb:set package 'usr_msgs' build argument 'cmake_args' from command line to 'None'
[0.283s] Level 5:colcon.colcon_core.verb:set package 'usr_msgs' build argument 'cmake_target' from command line to 'None'
[0.284s] Level 5:colcon.colcon_core.verb:set package 'usr_msgs' build argument 'cmake_target_skip_unavailable' from command line to 'False'
[0.284s] Level 5:colcon.colcon_core.verb:set package 'usr_msgs' build argument 'cmake_clean_cache' from command line to 'False'
[0.284s] Level 5:colcon.colcon_core.verb:set package 'usr_msgs' build argument 'cmake_clean_first' from command line to 'False'
[0.284s] Level 5:colcon.colcon_core.verb:set package 'usr_msgs' build argument 'cmake_force_configure' from command line to 'False'
[0.284s] Level 5:colcon.colcon_core.verb:set package 'usr_msgs' build argument 'ament_cmake_args' from command line to 'None'
[0.284s] Level 5:colcon.colcon_core.verb:set package 'usr_msgs' build argument 'catkin_cmake_args' from command line to 'None'
[0.284s] Level 5:colcon.colcon_core.verb:set package 'usr_msgs' build argument 'catkin_skip_building_tests' from command line to 'False'
[0.284s] DEBUG:colcon.colcon_core.verb:Building package 'usr_msgs' with the following arguments: {'ament_cmake_args': None, 'build_base': '/workspace/planner/ros2/build/usr_msgs', 'catkin_cmake_args': None, 'catkin_skip_building_tests': False, 'cmake_args': None, 'cmake_clean_cache': False, 'cmake_clean_first': False, 'cmake_force_configure': False, 'cmake_target': None, 'cmake_target_skip_unavailable': False, 'install_base': '/workspace/planner/ros2/install/usr_msgs', 'merge_install': False, 'path': '/workspace/planner/ros2/src/usr_msgs', 'symlink_install': True, 'test_result_base': None}
[0.284s] Level 5:colcon.colcon_core.verb:set package 'utils' build argument 'cmake_args' from command line to 'None'
[0.284s] Level 5:colcon.colcon_core.verb:set package 'utils' build argument 'cmake_target' from command line to 'None'
[0.284s] Level 5:colcon.colcon_core.verb:set package 'utils' build argument 'cmake_target_skip_unavailable' from command line to 'False'
[0.284s] Level 5:colcon.colcon_core.verb:set package 'utils' build argument 'cmake_clean_cache' from command line to 'False'
[0.284s] Level 5:colcon.colcon_core.verb:set package 'utils' build argument 'cmake_clean_first' from command line to 'False'
[0.284s] Level 5:colcon.colcon_core.verb:set package 'utils' build argument 'cmake_force_configure' from command line to 'False'
[0.284s] Level 5:colcon.colcon_core.verb:set package 'utils' build argument 'ament_cmake_args' from command line to 'None'
[0.284s] Level 5:colcon.colcon_core.verb:set package 'utils' build argument 'catkin_cmake_args' from command line to 'None'
[0.284s] Level 5:colcon.colcon_core.verb:set package 'utils' build argument 'catkin_skip_building_tests' from command line to 'False'
[0.284s] DEBUG:colcon.colcon_core.verb:Building package 'utils' with the following arguments: {'ament_cmake_args': None, 'build_base': '/workspace/planner/ros2/build/utils', 'catkin_cmake_args': None, 'catkin_skip_building_tests': False, 'cmake_args': None, 'cmake_clean_cache': False, 'cmake_clean_first': False, 'cmake_force_configure': False, 'cmake_target': None, 'cmake_target_skip_unavailable': False, 'install_base': '/workspace/planner/ros2/install/utils', 'merge_install': False, 'path': '/workspace/planner/ros2/src/utils', 'symlink_install': True, 'test_result_base': None}
[0.285s] Level 5:colcon.colcon_core.verb:set package 'interfaces' build argument 'cmake_args' from command line to 'None'
[0.285s] Level 5:colcon.colcon_core.verb:set package 'interfaces' build argument 'cmake_target' from command line to 'None'
[0.285s] Level 5:colcon.colcon_core.verb:set package 'interfaces' build argument 'cmake_target_skip_unavailable' from command line to 'False'
[0.285s] Level 5:colcon.colcon_core.verb:set package 'interfaces' build argument 'cmake_clean_cache' from command line to 'False'
[0.285s] Level 5:colcon.colcon_core.verb:set package 'interfaces' build argument 'cmake_clean_first' from command line to 'False'
[0.285s] Level 5:colcon.colcon_core.verb:set package 'interfaces' build argument 'cmake_force_configure' from command line to 'False'
[0.285s] Level 5:colcon.colcon_core.verb:set package 'interfaces' build argument 'ament_cmake_args' from command line to 'None'
[0.285s] Level 5:colcon.colcon_core.verb:set package 'interfaces' build argument 'catkin_cmake_args' from command line to 'None'
[0.285s] Level 5:colcon.colcon_core.verb:set package 'interfaces' build argument 'catkin_skip_building_tests' from command line to 'False'
[0.285s] DEBUG:colcon.colcon_core.verb:Building package 'interfaces' with the following arguments: {'ament_cmake_args': None, 'build_base': '/workspace/planner/ros2/build/interfaces', 'catkin_cmake_args': None, 'catkin_skip_building_tests': False, 'cmake_args': None, 'cmake_clean_cache': False, 'cmake_clean_first': False, 'cmake_force_configure': False, 'cmake_target': None, 'cmake_target_skip_unavailable': False, 'install_base': '/workspace/planner/ros2/install/interfaces', 'merge_install': False, 'path': '/workspace/planner/ros2/src/interfaces', 'symlink_install': True, 'test_result_base': None}
[0.286s] Level 5:colcon.colcon_core.verb:set package 'usr_srvs' build argument 'cmake_args' from command line to 'None'
[0.286s] Level 5:colcon.colcon_core.verb:set package 'usr_srvs' build argument 'cmake_target' from command line to 'None'
[0.286s] Level 5:colcon.colcon_core.verb:set package 'usr_srvs' build argument 'cmake_target_skip_unavailable' from command line to 'False'
[0.286s] Level 5:colcon.colcon_core.verb:set package 'usr_srvs' build argument 'cmake_clean_cache' from command line to 'False'
[0.286s] Level 5:colcon.colcon_core.verb:set package 'usr_srvs' build argument 'cmake_clean_first' from command line to 'False'
[0.286s] Level 5:colcon.colcon_core.verb:set package 'usr_srvs' build argument 'cmake_force_configure' from command line to 'False'
[0.286s] Level 5:colcon.colcon_core.verb:set package 'usr_srvs' build argument 'ament_cmake_args' from command line to 'None'
[0.286s] Level 5:colcon.colcon_core.verb:set package 'usr_srvs' build argument 'catkin_cmake_args' from command line to 'None'
[0.286s] Level 5:colcon.colcon_core.verb:set package 'usr_srvs' build argument 'catkin_skip_building_tests' from command line to 'False'
[0.286s] DEBUG:colcon.colcon_core.verb:Building package 'usr_srvs' with the following arguments: {'ament_cmake_args': None, 'build_base': '/workspace/planner/ros2/build/usr_srvs', 'catkin_cmake_args': None, 'catkin_skip_building_tests': False, 'cmake_args': None, 'cmake_clean_cache': False, 'cmake_clean_first': False, 'cmake_force_configure': False, 'cmake_target': None, 'cmake_target_skip_unavailable': False, 'install_base': '/workspace/planner/ros2/install/usr_srvs', 'merge_install': False, 'path': '/workspace/planner/ros2/src/usr_srvs', 'symlink_install': True, 'test_result_base': None}
[0.289s] INFO:colcon.colcon_core.executor:Executing jobs using 'parallel' executor
[0.291s] DEBUG:colcon.colcon_parallel_executor.executor.parallel:run_until_complete
[0.292s] INFO:colcon.colcon_ros.task.ament_cmake.build:Building ROS package in '/workspace/planner/ros2/src/usr_msgs' with build type 'ament_cmake'
[0.292s] INFO:colcon.colcon_cmake.task.cmake.build:Building CMake package in '/workspace/planner/ros2/src/usr_msgs'
[0.301s] INFO:colcon.colcon_core.plugin_system:Skipping extension 'colcon_core.shell.bat': Not used on non-Windows systems
[0.301s] INFO:colcon.colcon_core.shell:Skip shell extension 'powershell' for command environment: Not usable outside of PowerShell
[0.301s] DEBUG:colcon.colcon_core.shell:Skip shell extension 'dsv' for command environment
[0.307s] INFO:colcon.colcon_ros.task.ament_cmake.build:Building ROS package in '/workspace/planner/ros2/src/utils' with build type 'ament_cmake'
[0.308s] INFO:colcon.colcon_cmake.task.cmake.build:Building CMake package in '/workspace/planner/ros2/src/utils'
[0.310s] INFO:colcon.colcon_core.shell:Skip shell extension 'powershell' for command environment: Not usable outside of PowerShell
[0.311s] DEBUG:colcon.colcon_core.shell:Skip shell extension 'dsv' for command environment
[0.319s] INFO:colcon.colcon_ros.task.ament_python.build:Building ROS package in '/workspace/planner/ros2/src/graphics' with build type 'ament_python'
[0.320s] Level 1:colcon.colcon_core.shell:create_environment_hook('graphics', 'ament_prefix_path')
[0.321s] INFO:colcon.colcon_core.shell:Creating environment hook '/workspace/planner/ros2/install/graphics/share/graphics/hook/ament_prefix_path.ps1'
[0.322s] INFO:colcon.colcon_core.shell:Creating environment descriptor '/workspace/planner/ros2/install/graphics/share/graphics/hook/ament_prefix_path.dsv'
[0.323s] INFO:colcon.colcon_core.shell:Creating environment hook '/workspace/planner/ros2/install/graphics/share/graphics/hook/ament_prefix_path.sh'
[0.328s] INFO:colcon.colcon_core.shell:Skip shell extension 'powershell' for command environment: Not usable outside of PowerShell
[0.329s] DEBUG:colcon.colcon_core.shell:Skip shell extension 'dsv' for command environment
[0.333s] INFO:colcon.colcon_ros.task.ament_python.build:Building ROS package in '/workspace/planner/ros2/src/kiwibot' with build type 'ament_python'
[0.333s] Level 1:colcon.colcon_core.shell:create_environment_hook('kiwibot', 'ament_prefix_path')
[0.334s] INFO:colcon.colcon_core.shell:Creating environment hook '/workspace/planner/ros2/install/kiwibot/share/kiwibot/hook/ament_prefix_path.ps1'
[0.336s] INFO:colcon.colcon_core.shell:Creating environment descriptor '/workspace/planner/ros2/install/kiwibot/share/kiwibot/hook/ament_prefix_path.dsv'
[0.337s] INFO:colcon.colcon_core.shell:Creating environment hook '/workspace/planner/ros2/install/kiwibot/share/kiwibot/hook/ament_prefix_path.sh'
[0.338s] INFO:colcon.colcon_core.shell:Skip shell extension 'powershell' for command environment: Not usable outside of PowerShell
[0.338s] DEBUG:colcon.colcon_core.shell:Skip shell extension 'dsv' for command environment
[0.345s] INFO:colcon.colcon_ros.task.ament_python.build:Building ROS package in '/workspace/planner/ros2/src/path_planner' with build type 'ament_python'
[0.345s] Level 1:colcon.colcon_core.shell:create_environment_hook('path_planner', 'ament_prefix_path')
[0.346s] INFO:colcon.colcon_core.shell:Creating environment hook '/workspace/planner/ros2/install/path_planner/share/path_planner/hook/ament_prefix_path.ps1'
[0.348s] INFO:colcon.colcon_core.shell:Creating environment descriptor '/workspace/planner/ros2/install/path_planner/share/path_planner/hook/ament_prefix_path.dsv'
[0.349s] INFO:colcon.colcon_core.shell:Creating environment hook '/workspace/planner/ros2/install/path_planner/share/path_planner/hook/ament_prefix_path.sh'
[0.349s] INFO:colcon.colcon_core.shell:Skip shell extension 'powershell' for command environment: Not usable outside of PowerShell
[0.349s] DEBUG:colcon.colcon_core.shell:Skip shell extension 'dsv' for command environment
[0.363s] DEBUG:colcon.colcon_core.event_handler.log_command:Invoking command in '/workspace/planner/ros2/build/usr_msgs': CMAKE_PREFIX_PATH=/opt/ros/galactic /usr/local/bin/cmake --build /workspace/planner/ros2/build/usr_msgs -- -j12 -l12
[0.374s] DEBUG:colcon.colcon_core.event_handler.log_command:Invoking command in '/workspace/planner/ros2/build/utils': CMAKE_PREFIX_PATH=/opt/ros/galactic /usr/local/bin/cmake --build /workspace/planner/ros2/build/utils -- -j12 -l12
[0.568s] INFO:colcon.colcon_core.task.python.build:Building Python package in '/workspace/planner/ros2/src/graphics'
[0.569s] INFO:colcon.colcon_core.shell:Skip shell extension 'powershell' for command environment: Not usable outside of PowerShell
[0.569s] DEBUG:colcon.colcon_core.shell:Skip shell extension 'dsv' for command environment
[0.764s] INFO:colcon.colcon_core.task.python.build:Building Python package in '/workspace/planner/ros2/src/kiwibot'
[0.765s] INFO:colcon.colcon_core.shell:Skip shell extension 'powershell' for command environment: Not usable outside of PowerShell
[0.765s] DEBUG:colcon.colcon_core.shell:Skip shell extension 'dsv' for command environment
[0.782s] DEBUG:colcon.colcon_core.event_handler.log_command:Invoked command in '/workspace/planner/ros2/build/usr_msgs' returned '0': CMAKE_PREFIX_PATH=/opt/ros/galactic /usr/local/bin/cmake --build /workspace/planner/ros2/build/usr_msgs -- -j12 -l12
[0.973s] INFO:colcon.colcon_core.task.python.build:Building Python package in '/workspace/planner/ros2/src/path_planner'
[0.974s] INFO:colcon.colcon_core.shell:Skip shell extension 'powershell' for command environment: Not usable outside of PowerShell
[0.974s] DEBUG:colcon.colcon_core.shell:Skip shell extension 'dsv' for command environment
[0.981s] DEBUG:colcon.colcon_core.event_handler.log_command:Invoked command in '/workspace/planner/ros2/build/utils' returned '0': CMAKE_PREFIX_PATH=/opt/ros/galactic /usr/local/bin/cmake --build /workspace/planner/ros2/build/utils -- -j12 -l12
[1.009s] DEBUG:colcon.colcon_core.event_handler.log_command:Invoking command in '/workspace/planner/ros2/build/usr_msgs': CMAKE_PREFIX_PATH=/opt/ros/galactic /usr/local/bin/cmake --install /workspace/planner/ros2/build/usr_msgs
[1.020s] DEBUG:colcon.colcon_core.event_handler.log_command:Invoking command in '/workspace/planner/ros2/build/utils': CMAKE_PREFIX_PATH=/opt/ros/galactic /usr/local/bin/cmake --install /workspace/planner/ros2/build/utils
[1.060s] Level 1:colcon.colcon_core.environment:create_environment_scripts_only(utils)
[1.061s] DEBUG:colcon.colcon_core.event_handler.log_command:Invoked command in '/workspace/planner/ros2/build/utils' returned '0': CMAKE_PREFIX_PATH=/opt/ros/galactic /usr/local/bin/cmake --install /workspace/planner/ros2/build/utils
[1.073s] Level 1:colcon.colcon_core.environment:checking '/workspace/planner/ros2/install/utils' for CMake module files
[1.074s] Level 1:colcon.colcon_core.environment:checking '/workspace/planner/ros2/install/utils' for CMake config files
[1.074s] Level 1:colcon.colcon_core.shell:create_environment_hook('utils', 'cmake_prefix_path')
[1.075s] INFO:colcon.colcon_core.shell:Creating environment hook '/workspace/planner/ros2/install/utils/share/utils/hook/cmake_prefix_path.ps1'
[1.076s] INFO:colcon.colcon_core.shell:Creating environment descriptor '/workspace/planner/ros2/install/utils/share/utils/hook/cmake_prefix_path.dsv'
[1.078s] INFO:colcon.colcon_core.shell:Creating environment hook '/workspace/planner/ros2/install/utils/share/utils/hook/cmake_prefix_path.sh'
[1.079s] Level 1:colcon.colcon_core.environment:checking '/workspace/planner/ros2/install/utils/lib'
[1.080s] Level 1:colcon.colcon_core.environment:checking '/workspace/planner/ros2/install/utils/bin'
[1.080s] Level 1:colcon.colcon_core.environment:checking '/workspace/planner/ros2/install/utils/lib/pkgconfig/utils.pc'
[1.081s] Level 1:colcon.colcon_core.environment:checking '/workspace/planner/ros2/install/utils/lib/python3.8/site-packages'
[1.082s] INFO:colcon.colcon_core.shell:Creating package script '/workspace/planner/ros2/install/utils/share/utils/package.ps1'
[1.084s] INFO:colcon.colcon_core.shell:Creating package descriptor '/workspace/planner/ros2/install/utils/share/utils/package.dsv'
[1.085s] INFO:colcon.colcon_core.shell:Creating package script '/workspace/planner/ros2/install/utils/share/utils/package.sh'
[1.086s] INFO:colcon.colcon_core.shell:Creating package script '/workspace/planner/ros2/install/utils/share/utils/package.bash'
[1.088s] INFO:colcon.colcon_core.shell:Creating package script '/workspace/planner/ros2/install/utils/share/utils/package.zsh'
[1.089s] Level 1:colcon.colcon_core.environment:create_file_with_runtime_dependencies(/workspace/planner/ros2/install/utils/share/colcon-core/packages/utils)
[1.112s] Level 1:colcon.colcon_core.environment:create_environment_scripts_only(utils)
[1.112s] Level 1:colcon.colcon_core.environment:checking '/workspace/planner/ros2/install/utils' for CMake module files
[1.113s] Level 1:colcon.colcon_core.environment:checking '/workspace/planner/ros2/install/utils' for CMake config files
[1.113s] Level 1:colcon.colcon_core.shell:create_environment_hook('utils', 'cmake_prefix_path')
[1.114s] INFO:colcon.colcon_core.shell:Creating environment hook '/workspace/planner/ros2/install/utils/share/utils/hook/cmake_prefix_path.ps1'
[1.114s] INFO:colcon.colcon_core.shell:Creating environment descriptor '/workspace/planner/ros2/install/utils/share/utils/hook/cmake_prefix_path.dsv'
[1.114s] INFO:colcon.colcon_core.shell:Creating environment hook '/workspace/planner/ros2/install/utils/share/utils/hook/cmake_prefix_path.sh'
[1.116s] Level 1:colcon.colcon_core.environment:checking '/workspace/planner/ros2/install/utils/lib'
[1.117s] Level 1:colcon.colcon_core.environment:checking '/workspace/planner/ros2/install/utils/bin'
[1.117s] Level 1:colcon.colcon_core.environment:checking '/workspace/planner/ros2/install/utils/lib/pkgconfig/utils.pc'
[1.117s] Level 1:colcon.colcon_core.environment:checking '/workspace/planner/ros2/install/utils/lib/python3.8/site-packages'
[1.117s] INFO:colcon.colcon_core.shell:Creating package script '/workspace/planner/ros2/install/utils/share/utils/package.ps1'
[1.118s] INFO:colcon.colcon_core.shell:Creating package descriptor '/workspace/planner/ros2/install/utils/share/utils/package.dsv'
[1.118s] INFO:colcon.colcon_core.shell:Creating package script '/workspace/planner/ros2/install/utils/share/utils/package.sh'
[1.118s] INFO:colcon.colcon_core.shell:Creating package script '/workspace/planner/ros2/install/utils/share/utils/package.bash'
[1.120s] INFO:colcon.colcon_core.shell:Creating package script '/workspace/planner/ros2/install/utils/share/utils/package.zsh'
[1.121s] Level 1:colcon.colcon_core.environment:create_file_with_runtime_dependencies(/workspace/planner/ros2/install/utils/share/colcon-core/packages/utils)
[1.122s] INFO:colcon.colcon_ros.task.ament_cmake.build:Building ROS package in '/workspace/planner/ros2/src/interfaces' with build type 'ament_cmake'
[1.122s] INFO:colcon.colcon_cmake.task.cmake.build:Building CMake package in '/workspace/planner/ros2/src/interfaces'
[1.123s] INFO:colcon.colcon_core.shell:Skip shell extension 'powershell' for command environment: Not usable outside of PowerShell
[1.124s] DEBUG:colcon.colcon_core.shell:Skip shell extension 'dsv' for command environment
[1.140s] DEBUG:colcon.colcon_core.event_handler.log_command:Invoking command in '/workspace/planner/ros2/build/interfaces': AMENT_PREFIX_PATH=/workspace/planner/ros2/install/utils:${AMENT_PREFIX_PATH} CMAKE_PREFIX_PATH=/workspace/planner/ros2/install/utils:/opt/ros/galactic LD_LIBRARY_PATH=/workspace/planner/ros2/install/utils/lib:${LD_LIBRARY_PATH} /usr/local/bin/cmake --build /workspace/planner/ros2/build/interfaces -- -j12 -l12
[1.157s] Level 1:colcon.colcon_core.environment:create_environment_scripts_only(usr_msgs)
[1.158s] Level 1:colcon.colcon_core.environment:checking '/workspace/planner/ros2/install/usr_msgs' for CMake module files
[1.159s] DEBUG:colcon.colcon_core.event_handler.log_command:Invoked command in '/workspace/planner/ros2/build/usr_msgs' returned '0': CMAKE_PREFIX_PATH=/opt/ros/galactic /usr/local/bin/cmake --install /workspace/planner/ros2/build/usr_msgs
[1.159s] Level 1:colcon.colcon_core.environment:checking '/workspace/planner/ros2/install/usr_msgs' for CMake config files
[1.160s] Level 1:colcon.colcon_core.shell:create_environment_hook('usr_msgs', 'cmake_prefix_path')
[1.160s] INFO:colcon.colcon_core.shell:Creating environment hook '/workspace/planner/ros2/install/usr_msgs/share/usr_msgs/hook/cmake_prefix_path.ps1'
[1.162s] INFO:colcon.colcon_core.shell:Creating environment descriptor '/workspace/planner/ros2/install/usr_msgs/share/usr_msgs/hook/cmake_prefix_path.dsv'
[1.162s] INFO:colcon.colcon_core.shell:Creating environment hook '/workspace/planner/ros2/install/usr_msgs/share/usr_msgs/hook/cmake_prefix_path.sh'
[1.162s] Level 1:colcon.colcon_core.environment:checking '/workspace/planner/ros2/install/usr_msgs/lib'
[1.162s] Level 1:colcon.colcon_core.shell:create_environment_hook('usr_msgs', 'ld_library_path_lib')
[1.163s] INFO:colcon.colcon_core.shell:Creating environment hook '/workspace/planner/ros2/install/usr_msgs/share/usr_msgs/hook/ld_library_path_lib.ps1'
[1.164s] INFO:colcon.colcon_core.shell:Creating environment descriptor '/workspace/planner/ros2/install/usr_msgs/share/usr_msgs/hook/ld_library_path_lib.dsv'
[1.164s] INFO:colcon.colcon_core.shell:Creating environment hook '/workspace/planner/ros2/install/usr_msgs/share/usr_msgs/hook/ld_library_path_lib.sh'
[1.164s] Level 1:colcon.colcon_core.environment:checking '/workspace/planner/ros2/install/usr_msgs/bin'
[1.165s] Level 1:colcon.colcon_core.environment:checking '/workspace/planner/ros2/install/usr_msgs/lib/pkgconfig/usr_msgs.pc'
[1.165s] Level 1:colcon.colcon_core.environment:checking '/workspace/planner/ros2/install/usr_msgs/lib/python3.8/site-packages'
[1.165s] Level 1:colcon.colcon_core.shell:create_environment_hook('usr_msgs', 'pythonpath')
[1.165s] INFO:colcon.colcon_core.shell:Creating environment hook '/workspace/planner/ros2/install/usr_msgs/share/usr_msgs/hook/pythonpath.ps1'
[1.165s] INFO:colcon.colcon_core.shell:Creating environment descriptor '/workspace/planner/ros2/install/usr_msgs/share/usr_msgs/hook/pythonpath.dsv'
[1.166s] INFO:colcon.colcon_core.shell:Creating environment hook '/workspace/planner/ros2/install/usr_msgs/share/usr_msgs/hook/pythonpath.sh'
[1.166s] INFO:colcon.colcon_core.shell:Creating package script '/workspace/planner/ros2/install/usr_msgs/share/usr_msgs/package.ps1'
[1.167s] INFO:colcon.colcon_core.shell:Creating package descriptor '/workspace/planner/ros2/install/usr_msgs/share/usr_msgs/package.dsv'
[1.168s] INFO:colcon.colcon_core.shell:Creating package script '/workspace/planner/ros2/install/usr_msgs/share/usr_msgs/package.sh'
[1.168s] INFO:colcon.colcon_core.shell:Creating package script '/workspace/planner/ros2/install/usr_msgs/share/usr_msgs/package.bash'
[1.169s] INFO:colcon.colcon_core.shell:Creating package script '/workspace/planner/ros2/install/usr_msgs/share/usr_msgs/package.zsh'
[1.169s] Level 1:colcon.colcon_core.environment:create_file_with_runtime_dependencies(/workspace/planner/ros2/install/usr_msgs/share/colcon-core/packages/usr_msgs)
[1.205s] DEBUG:colcon.colcon_core.event_handler.log_command:Invoked command in '/workspace/planner/ros2/build/interfaces' returned '0': AMENT_PREFIX_PATH=/workspace/planner/ros2/install/utils:${AMENT_PREFIX_PATH} CMAKE_PREFIX_PATH=/workspace/planner/ros2/install/utils:/opt/ros/galactic LD_LIBRARY_PATH=/workspace/planner/ros2/install/utils/lib:${LD_LIBRARY_PATH} /usr/local/bin/cmake --build /workspace/planner/ros2/build/interfaces -- -j12 -l12
[1.226s] DEBUG:colcon.colcon_core.event_handler.log_command:Invoking command in '/workspace/planner/ros2/build/interfaces': AMENT_PREFIX_PATH=/workspace/planner/ros2/install/utils:${AMENT_PREFIX_PATH} CMAKE_PREFIX_PATH=/workspace/planner/ros2/install/utils:/opt/ros/galactic LD_LIBRARY_PATH=/workspace/planner/ros2/install/utils/lib:${LD_LIBRARY_PATH} /usr/local/bin/cmake --install /workspace/planner/ros2/build/interfaces
[1.241s] Level 1:colcon.colcon_core.environment:create_environment_scripts_only(usr_msgs)
[1.242s] Level 1:colcon.colcon_core.environment:checking '/workspace/planner/ros2/install/usr_msgs' for CMake module files
[1.244s] Level 1:colcon.colcon_core.environment:checking '/workspace/planner/ros2/install/usr_msgs' for CMake config files
[1.245s] Level 1:colcon.colcon_core.shell:create_environment_hook('usr_msgs', 'cmake_prefix_path')
[1.246s] INFO:colcon.colcon_core.shell:Creating environment hook '/workspace/planner/ros2/install/usr_msgs/share/usr_msgs/hook/cmake_prefix_path.ps1'
[1.246s] INFO:colcon.colcon_core.shell:Creating environment descriptor '/workspace/planner/ros2/install/usr_msgs/share/usr_msgs/hook/cmake_prefix_path.dsv'
[1.246s] INFO:colcon.colcon_core.shell:Creating environment hook '/workspace/planner/ros2/install/usr_msgs/share/usr_msgs/hook/cmake_prefix_path.sh'
[1.247s] Level 1:colcon.colcon_core.environment:checking '/workspace/planner/ros2/install/usr_msgs/lib'
[1.248s] Level 1:colcon.colcon_core.shell:create_environment_hook('usr_msgs', 'ld_library_path_lib')
[1.248s] INFO:colcon.colcon_core.shell:Creating environment hook '/workspace/planner/ros2/install/usr_msgs/share/usr_msgs/hook/ld_library_path_lib.ps1'
[1.248s] INFO:colcon.colcon_core.shell:Creating environment descriptor '/workspace/planner/ros2/install/usr_msgs/share/usr_msgs/hook/ld_library_path_lib.dsv'
[1.249s] INFO:colcon.colcon_core.shell:Creating environment hook '/workspace/planner/ros2/install/usr_msgs/share/usr_msgs/hook/ld_library_path_lib.sh'
[1.249s] Level 1:colcon.colcon_core.environment:checking '/workspace/planner/ros2/install/usr_msgs/bin'
[1.249s] Level 1:colcon.colcon_core.environment:checking '/workspace/planner/ros2/install/usr_msgs/lib/pkgconfig/usr_msgs.pc'
[1.250s] Level 1:colcon.colcon_core.environment:checking '/workspace/planner/ros2/install/usr_msgs/lib/python3.8/site-packages'
[1.250s] Level 1:colcon.colcon_core.shell:create_environment_hook('usr_msgs', 'pythonpath')
[1.250s] INFO:colcon.colcon_core.shell:Creating environment hook '/workspace/planner/ros2/install/usr_msgs/share/usr_msgs/hook/pythonpath.ps1'
[1.252s] INFO:colcon.colcon_core.shell:Creating environment descriptor '/workspace/planner/ros2/install/usr_msgs/share/usr_msgs/hook/pythonpath.dsv'
[1.253s] INFO:colcon.colcon_core.shell:Creating environment hook '/workspace/planner/ros2/install/usr_msgs/share/usr_msgs/hook/pythonpath.sh'
[1.254s] INFO:colcon.colcon_core.shell:Creating package script '/workspace/planner/ros2/install/usr_msgs/share/usr_msgs/package.ps1'
[1.254s] INFO:colcon.colcon_core.shell:Creating package descriptor '/workspace/planner/ros2/install/usr_msgs/share/usr_msgs/package.dsv'
[1.256s] INFO:colcon.colcon_core.shell:Creating package script '/workspace/planner/ros2/install/usr_msgs/share/usr_msgs/package.sh'
[1.256s] INFO:colcon.colcon_core.shell:Creating package script '/workspace/planner/ros2/install/usr_msgs/share/usr_msgs/package.bash'
[1.256s] INFO:colcon.colcon_core.shell:Creating package script '/workspace/planner/ros2/install/usr_msgs/share/usr_msgs/package.zsh'
[1.257s] Level 1:colcon.colcon_core.environment:create_file_with_runtime_dependencies(/workspace/planner/ros2/install/usr_msgs/share/colcon-core/packages/usr_msgs)
[1.257s] INFO:colcon.colcon_ros.task.ament_cmake.build:Building ROS package in '/workspace/planner/ros2/src/usr_srvs' with build type 'ament_cmake'
[1.257s] INFO:colcon.colcon_cmake.task.cmake.build:Building CMake package in '/workspace/planner/ros2/src/usr_srvs'
[1.258s] INFO:colcon.colcon_core.shell:Skip shell extension 'powershell' for command environment: Not usable outside of PowerShell
[1.258s] DEBUG:colcon.colcon_core.shell:Skip shell extension 'dsv' for command environment
[1.265s] Level 1:colcon.colcon_core.environment:create_environment_scripts_only(interfaces)
[1.266s] Level 1:colcon.colcon_core.environment:checking '/workspace/planner/ros2/install/interfaces' for CMake module files
[1.268s] DEBUG:colcon.colcon_core.event_handler.log_command:Invoked command in '/workspace/planner/ros2/build/interfaces' returned '0': AMENT_PREFIX_PATH=/workspace/planner/ros2/install/utils:${AMENT_PREFIX_PATH} CMAKE_PREFIX_PATH=/workspace/planner/ros2/install/utils:/opt/ros/galactic LD_LIBRARY_PATH=/workspace/planner/ros2/install/utils/lib:${LD_LIBRARY_PATH} /usr/local/bin/cmake --install /workspace/planner/ros2/build/interfaces
[1.269s] Level 1:colcon.colcon_core.environment:checking '/workspace/planner/ros2/install/interfaces' for CMake config files
[1.270s] Level 1:colcon.colcon_core.shell:create_environment_hook('interfaces', 'cmake_prefix_path')
[1.270s] INFO:colcon.colcon_core.shell:Creating environment hook '/workspace/planner/ros2/install/interfaces/share/interfaces/hook/cmake_prefix_path.ps1'
[1.272s] INFO:colcon.colcon_core.shell:Creating environment descriptor '/workspace/planner/ros2/install/interfaces/share/interfaces/hook/cmake_prefix_path.dsv'
[1.273s] INFO:colcon.colcon_core.shell:Creating environment hook '/workspace/planner/ros2/install/interfaces/share/interfaces/hook/cmake_prefix_path.sh'
[1.274s] Level 1:colcon.colcon_core.environment:checking '/workspace/planner/ros2/install/interfaces/lib'
[1.274s] Level 1:colcon.colcon_core.environment:checking '/workspace/planner/ros2/install/interfaces/bin'
[1.275s] Level 1:colcon.colcon_core.environment:checking '/workspace/planner/ros2/install/interfaces/lib/pkgconfig/interfaces.pc'
[1.275s] Level 1:colcon.colcon_core.environment:checking '/workspace/planner/ros2/install/interfaces/lib/python3.8/site-packages'
[1.276s] INFO:colcon.colcon_core.shell:Creating package script '/workspace/planner/ros2/install/interfaces/share/interfaces/package.ps1'
[1.277s] INFO:colcon.colcon_core.shell:Creating package descriptor '/workspace/planner/ros2/install/interfaces/share/interfaces/package.dsv'
[1.278s] INFO:colcon.colcon_core.shell:Creating package script '/workspace/planner/ros2/install/interfaces/share/interfaces/package.sh'
[1.278s] INFO:colcon.colcon_core.shell:Creating package script '/workspace/planner/ros2/install/interfaces/share/interfaces/package.bash'
[1.280s] INFO:colcon.colcon_core.shell:Creating package script '/workspace/planner/ros2/install/interfaces/share/interfaces/package.zsh'
[1.280s] Level 1:colcon.colcon_core.environment:create_file_with_runtime_dependencies(/workspace/planner/ros2/install/interfaces/share/colcon-core/packages/interfaces)
[1.294s] DEBUG:colcon.colcon_core.event_handler.log_command:Invoking command in '/workspace/planner/ros2/build/usr_srvs': AMENT_PREFIX_PATH=/workspace/planner/ros2/install/usr_msgs:${AMENT_PREFIX_PATH} CMAKE_PREFIX_PATH=/workspace/planner/ros2/install/usr_msgs:/opt/ros/galactic LD_LIBRARY_PATH=/workspace/planner/ros2/install/usr_msgs/lib:${LD_LIBRARY_PATH} PYTHONPATH=/workspace/planner/ros2/install/usr_msgs/lib/python3.8/site-packages:${PYTHONPATH} /usr/local/bin/cmake --build /workspace/planner/ros2/build/usr_srvs -- -j12 -l12
[1.306s] Level 1:colcon.colcon_core.environment:create_environment_scripts_only(interfaces)
[1.306s] Level 1:colcon.colcon_core.environment:checking '/workspace/planner/ros2/install/interfaces' for CMake module files
[1.308s] Level 1:colcon.colcon_core.environment:checking '/workspace/planner/ros2/install/interfaces' for CMake config files
[1.308s] Level 1:colcon.colcon_core.shell:create_environment_hook('interfaces', 'cmake_prefix_path')
[1.309s] INFO:colcon.colcon_core.shell:Creating environment hook '/workspace/planner/ros2/install/interfaces/share/interfaces/hook/cmake_prefix_path.ps1'
[1.310s] INFO:colcon.colcon_core.shell:Creating environment descriptor '/workspace/planner/ros2/install/interfaces/share/interfaces/hook/cmake_prefix_path.dsv'
[1.310s] INFO:colcon.colcon_core.shell:Creating environment hook '/workspace/planner/ros2/install/interfaces/share/interfaces/hook/cmake_prefix_path.sh'
[1.312s] Level 1:colcon.colcon_core.environment:checking '/workspace/planner/ros2/install/interfaces/lib'
[1.312s] Level 1:colcon.colcon_core.environment:checking '/workspace/planner/ros2/install/interfaces/bin'
[1.312s] Level 1:colcon.colcon_core.environment:checking '/workspace/planner/ros2/install/interfaces/lib/pkgconfig/interfaces.pc'
[1.312s] Level 1:colcon.colcon_core.environment:checking '/workspace/planner/ros2/install/interfaces/lib/python3.8/site-packages'
[1.313s] INFO:colcon.colcon_core.shell:Creating package script '/workspace/planner/ros2/install/interfaces/share/interfaces/package.ps1'
[1.313s] INFO:colcon.colcon_core.shell:Creating package descriptor '/workspace/planner/ros2/install/interfaces/share/interfaces/package.dsv'
[1.314s] INFO:colcon.colcon_core.shell:Creating package script '/workspace/planner/ros2/install/interfaces/share/interfaces/package.sh'
[1.314s] INFO:colcon.colcon_core.shell:Creating package script '/workspace/planner/ros2/install/interfaces/share/interfaces/package.bash'
[1.314s] INFO:colcon.colcon_core.shell:Creating package script '/workspace/planner/ros2/install/interfaces/share/interfaces/package.zsh'
[1.314s] Level 1:colcon.colcon_core.environment:create_file_with_runtime_dependencies(/workspace/planner/ros2/install/interfaces/share/colcon-core/packages/interfaces)
[1.449s] DEBUG:colcon.colcon_core.event_handler.log_command:Invoked command in '/workspace/planner/ros2/build/usr_srvs' returned '0': AMENT_PREFIX_PATH=/workspace/planner/ros2/install/usr_msgs:${AMENT_PREFIX_PATH} CMAKE_PREFIX_PATH=/workspace/planner/ros2/install/usr_msgs:/opt/ros/galactic LD_LIBRARY_PATH=/workspace/planner/ros2/install/usr_msgs/lib:${LD_LIBRARY_PATH} PYTHONPATH=/workspace/planner/ros2/install/usr_msgs/lib/python3.8/site-packages:${PYTHONPATH} /usr/local/bin/cmake --build /workspace/planner/ros2/build/usr_srvs -- -j12 -l12
[1.486s] DEBUG:colcon.colcon_core.event_handler.log_command:Invoking command in '/workspace/planner/ros2/build/kiwibot': PYTHONPATH=/workspace/planner/ros2/install/kiwibot/lib/python3.8/site-packages:${PYTHONPATH} /usr/bin/python3 setup.py develop --prefix /workspace/planner/ros2/install/kiwibot --editable --build-directory /workspace/planner/ros2/build/kiwibot/build --no-deps install_data --install-dir /workspace/planner/ros2/install/kiwibot
[1.489s] DEBUG:colcon.colcon_core.event_handler.log_command:Invoking command in '/workspace/planner/ros2/build/graphics': PYTHONPATH=/workspace/planner/ros2/install/graphics/lib/python3.8/site-packages:${PYTHONPATH} /usr/bin/python3 setup.py develop --prefix /workspace/planner/ros2/install/graphics --editable --build-directory /workspace/planner/ros2/build/graphics/build --no-deps install_data --install-dir /workspace/planner/ros2/install/graphics
[1.496s] DEBUG:colcon.colcon_core.event_handler.log_command:Invoking command in '/workspace/planner/ros2/build/path_planner': PYTHONPATH=/workspace/planner/ros2/install/path_planner/lib/python3.8/site-packages:${PYTHONPATH} /usr/bin/python3 setup.py develop --prefix /workspace/planner/ros2/install/path_planner --editable --build-directory /workspace/planner/ros2/build/path_planner/build --no-deps install_data --install-dir /workspace/planner/ros2/install/path_planner
[1.502s] DEBUG:colcon.colcon_core.event_handler.log_command:Invoking command in '/workspace/planner/ros2/build/usr_srvs': AMENT_PREFIX_PATH=/workspace/planner/ros2/install/usr_msgs:${AMENT_PREFIX_PATH} CMAKE_PREFIX_PATH=/workspace/planner/ros2/install/usr_msgs:/opt/ros/galactic LD_LIBRARY_PATH=/workspace/planner/ros2/install/usr_msgs/lib:${LD_LIBRARY_PATH} PYTHONPATH=/workspace/planner/ros2/install/usr_msgs/lib/python3.8/site-packages:${PYTHONPATH} /usr/local/bin/cmake --install /workspace/planner/ros2/build/usr_srvs
[1.637s] Level 1:colcon.colcon_core.environment:create_environment_scripts_only(usr_srvs)
[1.638s] Level 1:colcon.colcon_core.environment:checking '/workspace/planner/ros2/install/usr_srvs' for CMake module files
[1.638s] DEBUG:colcon.colcon_core.event_handler.log_command:Invoked command in '/workspace/planner/ros2/build/usr_srvs' returned '0': AMENT_PREFIX_PATH=/workspace/planner/ros2/install/usr_msgs:${AMENT_PREFIX_PATH} CMAKE_PREFIX_PATH=/workspace/planner/ros2/install/usr_msgs:/opt/ros/galactic LD_LIBRARY_PATH=/workspace/planner/ros2/install/usr_msgs/lib:${LD_LIBRARY_PATH} PYTHONPATH=/workspace/planner/ros2/install/usr_msgs/lib/python3.8/site-packages:${PYTHONPATH} /usr/local/bin/cmake --install /workspace/planner/ros2/build/usr_srvs
[1.639s] Level 1:colcon.colcon_core.environment:checking '/workspace/planner/ros2/install/usr_srvs' for CMake config files
[1.640s] Level 1:colcon.colcon_core.shell:create_environment_hook('usr_srvs', 'cmake_prefix_path')
[1.640s] INFO:colcon.colcon_core.shell:Creating environment hook '/workspace/planner/ros2/install/usr_srvs/share/usr_srvs/hook/cmake_prefix_path.ps1'
[1.641s] INFO:colcon.colcon_core.shell:Creating environment descriptor '/workspace/planner/ros2/install/usr_srvs/share/usr_srvs/hook/cmake_prefix_path.dsv'
[1.641s] INFO:colcon.colcon_core.shell:Creating environment hook '/workspace/planner/ros2/install/usr_srvs/share/usr_srvs/hook/cmake_prefix_path.sh'
[1.641s] Level 1:colcon.colcon_core.environment:checking '/workspace/planner/ros2/install/usr_srvs/lib'
[1.641s] Level 1:colcon.colcon_core.shell:create_environment_hook('usr_srvs', 'ld_library_path_lib')
[1.642s] INFO:colcon.colcon_core.shell:Creating environment hook '/workspace/planner/ros2/install/usr_srvs/share/usr_srvs/hook/ld_library_path_lib.ps1'
[1.642s] INFO:colcon.colcon_core.shell:Creating environment descriptor '/workspace/planner/ros2/install/usr_srvs/share/usr_srvs/hook/ld_library_path_lib.dsv'
[1.642s] INFO:colcon.colcon_core.shell:Creating environment hook '/workspace/planner/ros2/install/usr_srvs/share/usr_srvs/hook/ld_library_path_lib.sh'
[1.643s] Level 1:colcon.colcon_core.environment:checking '/workspace/planner/ros2/install/usr_srvs/bin'
[1.643s] Level 1:colcon.colcon_core.environment:checking '/workspace/planner/ros2/install/usr_srvs/lib/pkgconfig/usr_srvs.pc'
[1.643s] Level 1:colcon.colcon_core.environment:checking '/workspace/planner/ros2/install/usr_srvs/lib/python3.8/site-packages'
[1.644s] Level 1:colcon.colcon_core.shell:create_environment_hook('usr_srvs', 'pythonpath')
[1.644s] INFO:colcon.colcon_core.shell:Creating environment hook '/workspace/planner/ros2/install/usr_srvs/share/usr_srvs/hook/pythonpath.ps1'
[1.645s] INFO:colcon.colcon_core.shell:Creating environment descriptor '/workspace/planner/ros2/install/usr_srvs/share/usr_srvs/hook/pythonpath.dsv'
[1.645s] INFO:colcon.colcon_core.shell:Creating environment hook '/workspace/planner/ros2/install/usr_srvs/share/usr_srvs/hook/pythonpath.sh'
[1.646s] INFO:colcon.colcon_core.shell:Creating package script '/workspace/planner/ros2/install/usr_srvs/share/usr_srvs/package.ps1'
[1.646s] INFO:colcon.colcon_core.shell:Creating package descriptor '/workspace/planner/ros2/install/usr_srvs/share/usr_srvs/package.dsv'
[1.648s] INFO:colcon.colcon_core.shell:Creating package script '/workspace/planner/ros2/install/usr_srvs/share/usr_srvs/package.sh'
[1.648s] INFO:colcon.colcon_core.shell:Creating package script '/workspace/planner/ros2/install/usr_srvs/share/usr_srvs/package.bash'
[1.648s] INFO:colcon.colcon_core.shell:Creating package script '/workspace/planner/ros2/install/usr_srvs/share/usr_srvs/package.zsh'
[1.649s] Level 1:colcon.colcon_core.environment:create_file_with_runtime_dependencies(/workspace/planner/ros2/install/usr_srvs/share/colcon-core/packages/usr_srvs)
[1.691s] Level 1:colcon.colcon_core.environment:create_environment_scripts_only(usr_srvs)
[1.692s] Level 1:colcon.colcon_core.environment:checking '/workspace/planner/ros2/install/usr_srvs' for CMake module files
[1.693s] Level 1:colcon.colcon_core.environment:checking '/workspace/planner/ros2/install/usr_srvs' for CMake config files
[1.693s] Level 1:colcon.colcon_core.shell:create_environment_hook('usr_srvs', 'cmake_prefix_path')
[1.694s] INFO:colcon.colcon_core.shell:Creating environment hook '/workspace/planner/ros2/install/usr_srvs/share/usr_srvs/hook/cmake_prefix_path.ps1'
[1.694s] INFO:colcon.colcon_core.shell:Creating environment descriptor '/workspace/planner/ros2/install/usr_srvs/share/usr_srvs/hook/cmake_prefix_path.dsv'
[1.694s] INFO:colcon.colcon_core.shell:Creating environment hook '/workspace/planner/ros2/install/usr_srvs/share/usr_srvs/hook/cmake_prefix_path.sh'
[1.696s] Level 1:colcon.colcon_core.environment:checking '/workspace/planner/ros2/install/usr_srvs/lib'
[1.696s] Level 1:colcon.colcon_core.shell:create_environment_hook('usr_srvs', 'ld_library_path_lib')
[1.696s] INFO:colcon.colcon_core.shell:Creating environment hook '/workspace/planner/ros2/install/usr_srvs/share/usr_srvs/hook/ld_library_path_lib.ps1'
[1.697s] INFO:colcon.colcon_core.shell:Creating environment descriptor '/workspace/planner/ros2/install/usr_srvs/share/usr_srvs/hook/ld_library_path_lib.dsv'
[1.698s] INFO:colcon.colcon_core.shell:Creating environment hook '/workspace/planner/ros2/install/usr_srvs/share/usr_srvs/hook/ld_library_path_lib.sh'
[1.698s] Level 1:colcon.colcon_core.environment:checking '/workspace/planner/ros2/install/usr_srvs/bin'
[1.698s] Level 1:colcon.colcon_core.environment:checking '/workspace/planner/ros2/install/usr_srvs/lib/pkgconfig/usr_srvs.pc'
[1.698s] Level 1:colcon.colcon_core.environment:checking '/workspace/planner/ros2/install/usr_srvs/lib/python3.8/site-packages'
[1.698s] Level 1:colcon.colcon_core.shell:create_environment_hook('usr_srvs', 'pythonpath')
[1.698s] INFO:colcon.colcon_core.shell:Creating environment hook '/workspace/planner/ros2/install/usr_srvs/share/usr_srvs/hook/pythonpath.ps1'
[1.700s] INFO:colcon.colcon_core.shell:Creating environment descriptor '/workspace/planner/ros2/install/usr_srvs/share/usr_srvs/hook/pythonpath.dsv'
[1.700s] INFO:colcon.colcon_core.shell:Creating environment hook '/workspace/planner/ros2/install/usr_srvs/share/usr_srvs/hook/pythonpath.sh'
[1.701s] INFO:colcon.colcon_core.shell:Creating package script '/workspace/planner/ros2/install/usr_srvs/share/usr_srvs/package.ps1'
[1.702s] INFO:colcon.colcon_core.shell:Creating package descriptor '/workspace/planner/ros2/install/usr_srvs/share/usr_srvs/package.dsv'
[1.702s] INFO:colcon.colcon_core.shell:Creating package script '/workspace/planner/ros2/install/usr_srvs/share/usr_srvs/package.sh'
[1.704s] INFO:colcon.colcon_core.shell:Creating package script '/workspace/planner/ros2/install/usr_srvs/share/usr_srvs/package.bash'
[1.705s] INFO:colcon.colcon_core.shell:Creating package script '/workspace/planner/ros2/install/usr_srvs/share/usr_srvs/package.zsh'
[1.705s] Level 1:colcon.colcon_core.environment:create_file_with_runtime_dependencies(/workspace/planner/ros2/install/usr_srvs/share/colcon-core/packages/usr_srvs)
[1.918s] Level 1:colcon.colcon_core.shell:create_environment_hook('graphics', 'pythonpath_develop')
[1.920s] INFO:colcon.colcon_core.shell:Creating environment hook '/workspace/planner/ros2/build/graphics/share/graphics/hook/pythonpath_develop.ps1'
[1.920s] DEBUG:colcon.colcon_core.event_handler.log_command:Invoked command in '/workspace/planner/ros2/build/graphics' returned '0': PYTHONPATH=/workspace/planner/ros2/install/graphics/lib/python3.8/site-packages:${PYTHONPATH} /usr/bin/python3 setup.py develop --prefix /workspace/planner/ros2/install/graphics --editable --build-directory /workspace/planner/ros2/build/graphics/build --no-deps install_data --install-dir /workspace/planner/ros2/install/graphics
[1.921s] INFO:colcon.colcon_core.shell:Creating environment descriptor '/workspace/planner/ros2/build/graphics/share/graphics/hook/pythonpath_develop.dsv'
[1.922s] INFO:colcon.colcon_core.shell:Creating environment hook '/workspace/planner/ros2/build/graphics/share/graphics/hook/pythonpath_develop.sh'
[1.924s] Level 1:colcon.colcon_core.environment:checking '/workspace/planner/ros2/install/graphics' for CMake module files
[1.924s] Level 1:colcon.colcon_core.environment:checking '/workspace/planner/ros2/install/graphics' for CMake config files
[1.925s] Level 1:colcon.colcon_core.environment:checking '/workspace/planner/ros2/install/graphics/lib'
[1.925s] Level 1:colcon.colcon_core.environment:checking '/workspace/planner/ros2/install/graphics/bin'
[1.925s] Level 1:colcon.colcon_core.environment:checking '/workspace/planner/ros2/install/graphics/lib/pkgconfig/graphics.pc'
[1.925s] Level 1:colcon.colcon_core.environment:checking '/workspace/planner/ros2/install/graphics/lib/python3.8/site-packages'
[1.925s] Level 1:colcon.colcon_core.shell:create_environment_hook('graphics', 'pythonpath')
[1.925s] INFO:colcon.colcon_core.shell:Creating environment hook '/workspace/planner/ros2/install/graphics/share/graphics/hook/pythonpath.ps1'
[1.926s] INFO:colcon.colcon_core.shell:Creating environment descriptor '/workspace/planner/ros2/install/graphics/share/graphics/hook/pythonpath.dsv'
[1.927s] INFO:colcon.colcon_core.shell:Creating environment hook '/workspace/planner/ros2/install/graphics/share/graphics/hook/pythonpath.sh'
[1.928s] Level 1:colcon.colcon_core.environment:create_environment_scripts_only(graphics)
[1.929s] INFO:colcon.colcon_core.shell:Creating package script '/workspace/planner/ros2/install/graphics/share/graphics/package.ps1'
[1.930s] INFO:colcon.colcon_core.shell:Creating package descriptor '/workspace/planner/ros2/install/graphics/share/graphics/package.dsv'
[1.931s] INFO:colcon.colcon_core.shell:Creating package script '/workspace/planner/ros2/install/graphics/share/graphics/package.sh'
[1.932s] INFO:colcon.colcon_core.shell:Creating package script '/workspace/planner/ros2/install/graphics/share/graphics/package.bash'
[1.933s] INFO:colcon.colcon_core.shell:Creating package script '/workspace/planner/ros2/install/graphics/share/graphics/package.zsh'
[1.933s] Level 1:colcon.colcon_core.environment:create_file_with_runtime_dependencies(/workspace/planner/ros2/install/graphics/share/colcon-core/packages/graphics)
[1.939s] Level 1:colcon.colcon_core.shell:create_environment_hook('path_planner', 'pythonpath_develop')
[1.940s] INFO:colcon.colcon_core.shell:Creating environment hook '/workspace/planner/ros2/build/path_planner/share/path_planner/hook/pythonpath_develop.ps1'
[1.941s] DEBUG:colcon.colcon_core.event_handler.log_command:Invoked command in '/workspace/planner/ros2/build/path_planner' returned '0': PYTHONPATH=/workspace/planner/ros2/install/path_planner/lib/python3.8/site-packages:${PYTHONPATH} /usr/bin/python3 setup.py develop --prefix /workspace/planner/ros2/install/path_planner --editable --build-directory /workspace/planner/ros2/build/path_planner/build --no-deps install_data --install-dir /workspace/planner/ros2/install/path_planner
[1.941s] INFO:colcon.colcon_core.shell:Creating environment descriptor '/workspace/planner/ros2/build/path_planner/share/path_planner/hook/pythonpath_develop.dsv'
[1.942s] INFO:colcon.colcon_core.shell:Creating environment hook '/workspace/planner/ros2/build/path_planner/share/path_planner/hook/pythonpath_develop.sh'
[1.943s] Level 1:colcon.colcon_core.environment:checking '/workspace/planner/ros2/install/path_planner' for CMake module files
[1.944s] Level 1:colcon.colcon_core.environment:checking '/workspace/planner/ros2/install/path_planner' for CMake config files
[1.944s] Level 1:colcon.colcon_core.environment:checking '/workspace/planner/ros2/install/path_planner/lib'
[1.944s] Level 1:colcon.colcon_core.environment:checking '/workspace/planner/ros2/install/path_planner/bin'
[1.944s] Level 1:colcon.colcon_core.environment:checking '/workspace/planner/ros2/install/path_planner/lib/pkgconfig/path_planner.pc'
[1.945s] Level 1:colcon.colcon_core.environment:checking '/workspace/planner/ros2/install/path_planner/lib/python3.8/site-packages'
[1.945s] Level 1:colcon.colcon_core.shell:create_environment_hook('path_planner', 'pythonpath')
[1.946s] INFO:colcon.colcon_core.shell:Creating environment hook '/workspace/planner/ros2/install/path_planner/share/path_planner/hook/pythonpath.ps1'
[1.947s] INFO:colcon.colcon_core.shell:Creating environment descriptor '/workspace/planner/ros2/install/path_planner/share/path_planner/hook/pythonpath.dsv'
[1.948s] INFO:colcon.colcon_core.shell:Creating environment hook '/workspace/planner/ros2/install/path_planner/share/path_planner/hook/pythonpath.sh'
[1.950s] Level 1:colcon.colcon_core.environment:create_environment_scripts_only(path_planner)
[1.950s] INFO:colcon.colcon_core.shell:Creating package script '/workspace/planner/ros2/install/path_planner/share/path_planner/package.ps1'
[1.951s] INFO:colcon.colcon_core.shell:Creating package descriptor '/workspace/planner/ros2/install/path_planner/share/path_planner/package.dsv'
[1.952s] INFO:colcon.colcon_core.shell:Creating package script '/workspace/planner/ros2/install/path_planner/share/path_planner/package.sh'
[1.952s] INFO:colcon.colcon_core.shell:Creating package script '/workspace/planner/ros2/install/path_planner/share/path_planner/package.bash'
[1.952s] INFO:colcon.colcon_core.shell:Creating package script '/workspace/planner/ros2/install/path_planner/share/path_planner/package.zsh'
[1.953s] Level 1:colcon.colcon_core.environment:create_file_with_runtime_dependencies(/workspace/planner/ros2/install/path_planner/share/colcon-core/packages/path_planner)
[1.954s] Level 1:colcon.colcon_core.shell:create_environment_hook('kiwibot', 'pythonpath_develop')
[1.954s] INFO:colcon.colcon_core.shell:Creating environment hook '/workspace/planner/ros2/build/kiwibot/share/kiwibot/hook/pythonpath_develop.ps1'
[1.955s] DEBUG:colcon.colcon_core.event_handler.log_command:Invoked command in '/workspace/planner/ros2/build/kiwibot' returned '0': PYTHONPATH=/workspace/planner/ros2/install/kiwibot/lib/python3.8/site-packages:${PYTHONPATH} /usr/bin/python3 setup.py develop --prefix /workspace/planner/ros2/install/kiwibot --editable --build-directory /workspace/planner/ros2/build/kiwibot/build --no-deps install_data --install-dir /workspace/planner/ros2/install/kiwibot
[1.956s] INFO:colcon.colcon_core.shell:Creating environment descriptor '/workspace/planner/ros2/build/kiwibot/share/kiwibot/hook/pythonpath_develop.dsv'
[1.956s] INFO:colcon.colcon_core.shell:Creating environment hook '/workspace/planner/ros2/build/kiwibot/share/kiwibot/hook/pythonpath_develop.sh'
[1.958s] Level 1:colcon.colcon_core.environment:checking '/workspace/planner/ros2/install/kiwibot' for CMake module files
[1.959s] Level 1:colcon.colcon_core.environment:checking '/workspace/planner/ros2/install/kiwibot' for CMake config files
[1.960s] Level 1:colcon.colcon_core.environment:checking '/workspace/planner/ros2/install/kiwibot/lib'
[1.960s] Level 1:colcon.colcon_core.environment:checking '/workspace/planner/ros2/install/kiwibot/bin'
[1.960s] Level 1:colcon.colcon_core.environment:checking '/workspace/planner/ros2/install/kiwibot/lib/pkgconfig/kiwibot.pc'
[1.960s] Level 1:colcon.colcon_core.environment:checking '/workspace/planner/ros2/install/kiwibot/lib/python3.8/site-packages'
[1.960s] Level 1:colcon.colcon_core.shell:create_environment_hook('kiwibot', 'pythonpath')
[1.961s] INFO:colcon.colcon_core.shell:Creating environment hook '/workspace/planner/ros2/install/kiwibot/share/kiwibot/hook/pythonpath.ps1'
[1.961s] INFO:colcon.colcon_core.shell:Creating environment descriptor '/workspace/planner/ros2/install/kiwibot/share/kiwibot/hook/pythonpath.dsv'
[1.962s] INFO:colcon.colcon_core.shell:Creating environment hook '/workspace/planner/ros2/install/kiwibot/share/kiwibot/hook/pythonpath.sh'
[1.962s] Level 1:colcon.colcon_core.environment:create_environment_scripts_only(kiwibot)
[1.962s] INFO:colcon.colcon_core.shell:Creating package script '/workspace/planner/ros2/install/kiwibot/share/kiwibot/package.ps1'
[1.964s] INFO:colcon.colcon_core.shell:Creating package descriptor '/workspace/planner/ros2/install/kiwibot/share/kiwibot/package.dsv'
[1.965s] INFO:colcon.colcon_core.shell:Creating package script '/workspace/planner/ros2/install/kiwibot/share/kiwibot/package.sh'
[1.965s] INFO:colcon.colcon_core.shell:Creating package script '/workspace/planner/ros2/install/kiwibot/share/kiwibot/package.bash'
[1.966s] INFO:colcon.colcon_core.shell:Creating package script '/workspace/planner/ros2/install/kiwibot/share/kiwibot/package.zsh'
[1.966s] Level 1:colcon.colcon_core.environment:create_file_with_runtime_dependencies(/workspace/planner/ros2/install/kiwibot/share/colcon-core/packages/kiwibot)
[1.966s] DEBUG:colcon.colcon_parallel_executor.executor.parallel:closing loop
[1.966s] DEBUG:colcon.colcon_parallel_executor.executor.parallel:loop closed
[1.967s] DEBUG:colcon.colcon_parallel_executor.executor.parallel:run_until_complete finished with '0'
[1.967s] DEBUG:colcon.colcon_core.event_reactor:joining thread
[1.984s] INFO:colcon.colcon_core.plugin_system:Skipping extension 'colcon_notification.desktop_notification.notify_send': Could not find 'notify-send'
[1.984s] INFO:colcon.colcon_core.plugin_system:Skipping extension 'colcon_notification.desktop_notification.terminal_notifier': Not used on non-Darwin systems
[1.984s] INFO:colcon.colcon_core.plugin_system:Skipping extension 'colcon_notification.desktop_notification.win32': Not used on non-Windows systems
[1.984s] INFO:colcon.colcon_notification.desktop_notification:Sending desktop notification using 'notify2'
[1.989s] DEBUG:colcon.colcon_notification.desktop_notification.notify2:Failed to initialize notify2: org.freedesktop.DBus.Error.Spawn.ExecFailed: /usr/bin/dbus-launch terminated abnormally without any error message
[1.990s] DEBUG:colcon.colcon_core.event_reactor:joined thread
[1.994s] INFO:colcon.colcon_core.shell:Creating prefix script '/workspace/planner/ros2/install/local_setup.ps1'
[1.998s] INFO:colcon.colcon_core.shell:Creating prefix util module '/workspace/planner/ros2/install/_local_setup_util_ps1.py'
[2.000s] INFO:colcon.colcon_core.shell:Creating prefix chain script '/workspace/planner/ros2/install/setup.ps1'
[2.003s] INFO:colcon.colcon_core.shell:Creating prefix script '/workspace/planner/ros2/install/local_setup.sh'
[2.006s] INFO:colcon.colcon_core.shell:Creating prefix util module '/workspace/planner/ros2/install/_local_setup_util_sh.py'
[2.007s] INFO:colcon.colcon_core.shell:Creating prefix chain script '/workspace/planner/ros2/install/setup.sh'
[2.010s] INFO:colcon.colcon_core.shell:Creating prefix script '/workspace/planner/ros2/install/local_setup.bash'
[2.013s] INFO:colcon.colcon_core.shell:Creating prefix chain script '/workspace/planner/ros2/install/setup.bash'
[2.014s] INFO:colcon.colcon_core.shell:Creating prefix script '/workspace/planner/ros2/install/local_setup.zsh'
[2.015s] INFO:colcon.colcon_core.shell:Creating prefix chain script '/workspace/planner/ros2/install/setup.zsh'
