running develop
running egg_info
creating graphics.egg-info
writing graphics.egg-info/PKG-INFO
writing dependency_links to graphics.egg-info/dependency_links.txt
writing entry points to graphics.egg-info/entry_points.txt
writing requirements to graphics.egg-info/requires.txt
writing top-level names to graphics.egg-info/top_level.txt
writing manifest file 'graphics.egg-info/SOURCES.txt'
reading manifest file 'graphics.egg-info/SOURCES.txt'
writing manifest file 'graphics.egg-info/SOURCES.txt'
running build_ext
Creating /workspace/planner/ros2/install/graphics/lib/python3.8/site-packages/site.py
Creating /workspace/planner/ros2/install/graphics/lib/python3.8/site-packages/graphics.egg-link (link to .)
Installing graphics script to /workspace/planner/ros2/install/graphics/lib/graphics

Installed /workspace/planner/ros2/build/graphics
running install_data
creating /workspace/planner/ros2/install/graphics/share/ament_index
creating /workspace/planner/ros2/install/graphics/share/ament_index/resource_index
creating /workspace/planner/ros2/install/graphics/share/ament_index/resource_index/packages
copying resource/graphics -> /workspace/planner/ros2/install/graphics/share/ament_index/resource_index/packages
copying package.xml -> /workspace/planner/ros2/install/graphics/share/graphics
