[1.227s] Invoking command in '/workspace/planner/ros2/build/graphics': PYTHONPATH=/workspace/planner/ros2/install/graphics/lib/python3.8/site-packages:${PYTHONPATH} /usr/bin/python3 setup.py develop --prefix /workspace/planner/ros2/install/graphics --editable --build-directory /workspace/planner/ros2/build/graphics/build --no-deps install_data --install-dir /workspace/planner/ros2/install/graphics
[1.455s] running develop
[1.552s] running egg_info
[1.552s] creating graphics.egg-info
[1.556s] writing graphics.egg-info/PKG-INFO
[1.556s] writing dependency_links to graphics.egg-info/dependency_links.txt
[1.556s] writing entry points to graphics.egg-info/entry_points.txt
[1.557s] writing requirements to graphics.egg-info/requires.txt
[1.557s] writing top-level names to graphics.egg-info/top_level.txt
[1.557s] writing manifest file 'graphics.egg-info/SOURCES.txt'
[1.591s] reading manifest file 'graphics.egg-info/SOURCES.txt'
[1.592s] writing manifest file 'graphics.egg-info/SOURCES.txt'
[1.594s] running build_ext
[1.594s] Creating /workspace/planner/ros2/install/graphics/lib/python3.8/site-packages/site.py
[1.597s] Creating /workspace/planner/ros2/install/graphics/lib/python3.8/site-packages/graphics.egg-link (link to .)
[1.598s] Installing graphics script to /workspace/planner/ros2/install/graphics/lib/graphics
[1.598s] 
[1.599s] Installed /workspace/planner/ros2/build/graphics
[1.599s] running install_data
[1.599s] creating /workspace/planner/ros2/install/graphics/share/ament_index
[1.599s] creating /workspace/planner/ros2/install/graphics/share/ament_index/resource_index
[1.599s] creating /workspace/planner/ros2/install/graphics/share/ament_index/resource_index/packages
[1.599s] copying resource/graphics -> /workspace/planner/ros2/install/graphics/share/ament_index/resource_index/packages
[1.600s] copying package.xml -> /workspace/planner/ros2/install/graphics/share/graphics
[1.646s] Invoked command in '/workspace/planner/ros2/build/graphics' returned '0': PYTHONPATH=/workspace/planner/ros2/install/graphics/lib/python3.8/site-packages:${PYTHONPATH} /usr/bin/python3 setup.py develop --prefix /workspace/planner/ros2/install/graphics --editable --build-directory /workspace/planner/ros2/build/graphics/build --no-deps install_data --install-dir /workspace/planner/ros2/install/graphics
