[0.089s] Invoking command in '/workspace/planner/ros2/build/utils': CMAKE_PREFIX_PATH=/opt/ros/galactic /usr/local/bin/cmake --build /workspace/planner/ros2/build/utils -- -j12 -l12
[0.979s] [100%] Built target utils
[0.983s] Invoked command in '/workspace/planner/ros2/build/utils' returned '0': CMAKE_PREFIX_PATH=/opt/ros/galactic /usr/local/bin/cmake --build /workspace/planner/ros2/build/utils -- -j12 -l12
[1.014s] Invoking command in '/workspace/planner/ros2/build/utils': CMAKE_PREFIX_PATH=/opt/ros/galactic /usr/local/bin/cmake --install /workspace/planner/ros2/build/utils
[1.019s] -- Install configuration: ""
[1.020s] -- Execute custom install script
[1.021s] -- Up-to-date symlink: /workspace/planner/ros2/install/utils/share/utils/environment/library_path.sh
[1.022s] -- Up-to-date symlink: /workspace/planner/ros2/install/utils/share/utils/environment/library_path.dsv
[1.023s] -- Up-to-date symlink: /workspace/planner/ros2/install/utils/include/utils//console.hpp
[1.024s] -- Up-to-date symlink: /workspace/planner/ros2/install/utils/share/ament_index/resource_index/package_run_dependencies/utils
[1.024s] -- Up-to-date symlink: /workspace/planner/ros2/install/utils/share/ament_index/resource_index/parent_prefix_path/utils
[1.025s] -- Up-to-date symlink: /workspace/planner/ros2/install/utils/share/utils/environment/ament_prefix_path.sh
[1.026s] -- Up-to-date symlink: /workspace/planner/ros2/install/utils/share/utils/environment/ament_prefix_path.dsv
[1.026s] -- Up-to-date symlink: /workspace/planner/ros2/install/utils/share/utils/environment/path.sh
[1.027s] -- Up-to-date symlink: /workspace/planner/ros2/install/utils/share/utils/environment/path.dsv
[1.027s] -- Up-to-date symlink: /workspace/planner/ros2/install/utils/share/utils/local_setup.bash
[1.028s] -- Up-to-date symlink: /workspace/planner/ros2/install/utils/share/utils/local_setup.sh
[1.029s] -- Up-to-date symlink: /workspace/planner/ros2/install/utils/share/utils/local_setup.zsh
[1.029s] -- Up-to-date symlink: /workspace/planner/ros2/install/utils/share/utils/local_setup.dsv
[1.030s] -- Symlinking: /workspace/planner/ros2/install/utils/share/utils/package.dsv
[1.034s] -- Up-to-date symlink: /workspace/planner/ros2/install/utils/share/ament_index/resource_index/packages/utils
[1.035s] -- Up-to-date symlink: /workspace/planner/ros2/install/utils/share/utils/cmake/ament_cmake_export_dependencies-extras.cmake
[1.036s] -- Up-to-date symlink: /workspace/planner/ros2/install/utils/share/utils/cmake/ament_cmake_export_targets-extras.cmake
[1.036s] -- Up-to-date symlink: /workspace/planner/ros2/install/utils/share/utils/cmake/utilsConfig.cmake
[1.037s] -- Up-to-date symlink: /workspace/planner/ros2/install/utils/share/utils/cmake/utilsConfig-version.cmake
[1.037s] -- Up-to-date symlink: /workspace/planner/ros2/install/utils/share/utils/package.xml
[1.037s] -- Up-to-date: /workspace/planner/ros2/install/utils/lib/libutils.a
[1.038s] -- Up-to-date: /workspace/planner/ros2/install/utils/share/utils/cmake/export_utilsExport.cmake
[1.038s] -- Up-to-date: /workspace/planner/ros2/install/utils/share/utils/cmake/export_utilsExport-noconfig.cmake
[1.040s] Invoked command in '/workspace/planner/ros2/build/utils' returned '0': CMAKE_PREFIX_PATH=/opt/ros/galactic /usr/local/bin/cmake --install /workspace/planner/ros2/build/utils
