[0.082s] Invoking command in '/workspace/planner/ros2/build/usr_msgs': CMAKE_PREFIX_PATH=/opt/ros/galactic /usr/local/bin/cmake --build /workspace/planner/ros2/build/usr_msgs -- -j12 -l12
[0.742s] [  8%] Built target usr_msgs__cpp
[0.743s] [ 17%] Built target usr_msgs__rosidl_generator_c
[0.743s] [ 46%] Built target usr_msgs__rosidl_typesupport_introspection_c
[0.743s] [ 46%] Built target usr_msgs__rosidl_typesupport_introspection_cpp
[0.743s] [ 74%] Built target usr_msgs__rosidl_typesupport_cpp
[0.743s] [ 76%] Built target usr_msgs__rosidl_typesupport_c
[0.743s] [ 76%] Built target usr_msgs
[0.744s] [ 78%] Built target usr_msgs__py
[0.744s] [ 91%] Built target usr_msgs__python
[0.744s] [100%] Built target usr_msgs__rosidl_typesupport_c__pyext
[0.744s] [100%] Built target usr_msgs__rosidl_typesupport_introspection_c__pyext
[0.746s] Invoked command in '/workspace/planner/ros2/build/usr_msgs' returned '0': CMAKE_PREFIX_PATH=/opt/ros/galactic /usr/local/bin/cmake --build /workspace/planner/ros2/build/usr_msgs -- -j12 -l12
[0.835s] Invoking command in '/workspace/planner/ros2/build/usr_msgs': CMAKE_PREFIX_PATH=/opt/ros/galactic /usr/local/bin/cmake --install /workspace/planner/ros2/build/usr_msgs
[0.840s] -- Install configuration: ""
[0.841s] -- Execute custom install script
[0.842s] -- Up-to-date symlink: /workspace/planner/ros2/install/usr_msgs/share/ament_index/resource_index/rosidl_interfaces/usr_msgs
[0.847s] -- Up-to-date symlink: /workspace/planner/ros2/install/usr_msgs/include/usr_msgs/msg/detail/kiwibot__functions.h
[0.847s] -- Up-to-date symlink: /workspace/planner/ros2/install/usr_msgs/include/usr_msgs/msg/detail/kiwibot__struct.h
[0.847s] -- Up-to-date symlink: /workspace/planner/ros2/install/usr_msgs/include/usr_msgs/msg/detail/kiwibot__type_support.h
[0.848s] -- Up-to-date symlink: /workspace/planner/ros2/install/usr_msgs/include/usr_msgs/msg/detail/land_mark__functions.h
[0.849s] -- Up-to-date symlink: /workspace/planner/ros2/install/usr_msgs/include/usr_msgs/msg/detail/land_mark__struct.h
[0.849s] -- Up-to-date symlink: /workspace/planner/ros2/install/usr_msgs/include/usr_msgs/msg/detail/land_mark__type_support.h
[0.849s] -- Up-to-date symlink: /workspace/planner/ros2/install/usr_msgs/include/usr_msgs/msg/detail/planner__functions.h
[0.850s] -- Up-to-date symlink: /workspace/planner/ros2/install/usr_msgs/include/usr_msgs/msg/detail/planner__struct.h
[0.850s] -- Up-to-date symlink: /workspace/planner/ros2/install/usr_msgs/include/usr_msgs/msg/detail/planner__type_support.h
[0.851s] -- Up-to-date symlink: /workspace/planner/ros2/install/usr_msgs/include/usr_msgs/msg/detail/turn_ref__functions.h
[0.851s] -- Up-to-date symlink: /workspace/planner/ros2/install/usr_msgs/include/usr_msgs/msg/detail/turn_ref__struct.h
[0.851s] -- Up-to-date symlink: /workspace/planner/ros2/install/usr_msgs/include/usr_msgs/msg/detail/turn_ref__type_support.h
[0.851s] -- Up-to-date symlink: /workspace/planner/ros2/install/usr_msgs/include/usr_msgs/msg/detail/waypoint__functions.h
[0.851s] -- Up-to-date symlink: /workspace/planner/ros2/install/usr_msgs/include/usr_msgs/msg/detail/waypoint__struct.h
[0.852s] -- Up-to-date symlink: /workspace/planner/ros2/install/usr_msgs/include/usr_msgs/msg/detail/waypoint__type_support.h
[0.852s] -- Up-to-date symlink: /workspace/planner/ros2/install/usr_msgs/include/usr_msgs/msg/kiwibot.h
[0.852s] -- Up-to-date symlink: /workspace/planner/ros2/install/usr_msgs/include/usr_msgs/msg/land_mark.h
[0.852s] -- Up-to-date symlink: /workspace/planner/ros2/install/usr_msgs/include/usr_msgs/msg/planner.h
[0.852s] -- Up-to-date symlink: /workspace/planner/ros2/install/usr_msgs/include/usr_msgs/msg/rosidl_generator_c__visibility_control.h
[0.852s] -- Up-to-date symlink: /workspace/planner/ros2/install/usr_msgs/include/usr_msgs/msg/turn_ref.h
[0.852s] -- Up-to-date symlink: /workspace/planner/ros2/install/usr_msgs/include/usr_msgs/msg/waypoint.h
[0.854s] -- Up-to-date symlink: /workspace/planner/ros2/install/usr_msgs/share/usr_msgs/environment/library_path.sh
[0.854s] -- Up-to-date symlink: /workspace/planner/ros2/install/usr_msgs/share/usr_msgs/environment/library_path.dsv
[0.855s] -- Up-to-date symlink: /workspace/planner/ros2/install/usr_msgs/include/usr_msgs/msg/detail/kiwibot__rosidl_typesupport_introspection_c.h
[0.856s] -- Up-to-date symlink: /workspace/planner/ros2/install/usr_msgs/include/usr_msgs/msg/detail/land_mark__rosidl_typesupport_introspection_c.h
[0.857s] -- Up-to-date symlink: /workspace/planner/ros2/install/usr_msgs/include/usr_msgs/msg/detail/planner__rosidl_typesupport_introspection_c.h
[0.858s] -- Up-to-date symlink: /workspace/planner/ros2/install/usr_msgs/include/usr_msgs/msg/detail/turn_ref__rosidl_typesupport_introspection_c.h
[0.859s] -- Up-to-date symlink: /workspace/planner/ros2/install/usr_msgs/include/usr_msgs/msg/detail/waypoint__rosidl_typesupport_introspection_c.h
[0.859s] -- Up-to-date symlink: /workspace/planner/ros2/install/usr_msgs/include/usr_msgs/msg/rosidl_typesupport_introspection_c__visibility_control.h
[0.859s] -- Up-to-date symlink: /workspace/planner/ros2/install/usr_msgs/include/usr_msgs/msg/detail/kiwibot__builder.hpp
[0.860s] -- Up-to-date symlink: /workspace/planner/ros2/install/usr_msgs/include/usr_msgs/msg/detail/kiwibot__struct.hpp
[0.860s] -- Up-to-date symlink: /workspace/planner/ros2/install/usr_msgs/include/usr_msgs/msg/detail/kiwibot__traits.hpp
[0.860s] -- Up-to-date symlink: /workspace/planner/ros2/install/usr_msgs/include/usr_msgs/msg/detail/land_mark__builder.hpp
[0.861s] -- Up-to-date symlink: /workspace/planner/ros2/install/usr_msgs/include/usr_msgs/msg/detail/land_mark__struct.hpp
[0.861s] -- Up-to-date symlink: /workspace/planner/ros2/install/usr_msgs/include/usr_msgs/msg/detail/land_mark__traits.hpp
[0.862s] -- Up-to-date symlink: /workspace/planner/ros2/install/usr_msgs/include/usr_msgs/msg/detail/planner__builder.hpp
[0.862s] -- Up-to-date symlink: /workspace/planner/ros2/install/usr_msgs/include/usr_msgs/msg/detail/planner__struct.hpp
[0.866s] -- Up-to-date symlink: /workspace/planner/ros2/install/usr_msgs/include/usr_msgs/msg/detail/planner__traits.hpp
[0.866s] -- Up-to-date symlink: /workspace/planner/ros2/install/usr_msgs/include/usr_msgs/msg/detail/turn_ref__builder.hpp
[0.866s] -- Up-to-date symlink: /workspace/planner/ros2/install/usr_msgs/include/usr_msgs/msg/detail/turn_ref__struct.hpp
[0.866s] -- Up-to-date symlink: /workspace/planner/ros2/install/usr_msgs/include/usr_msgs/msg/detail/turn_ref__traits.hpp
[0.866s] -- Up-to-date symlink: /workspace/planner/ros2/install/usr_msgs/include/usr_msgs/msg/detail/waypoint__builder.hpp
[0.867s] -- Up-to-date symlink: /workspace/planner/ros2/install/usr_msgs/include/usr_msgs/msg/detail/waypoint__struct.hpp
[0.867s] -- Up-to-date symlink: /workspace/planner/ros2/install/usr_msgs/include/usr_msgs/msg/detail/waypoint__traits.hpp
[0.867s] -- Up-to-date symlink: /workspace/planner/ros2/install/usr_msgs/include/usr_msgs/msg/kiwibot.hpp
[0.867s] -- Up-to-date symlink: /workspace/planner/ros2/install/usr_msgs/include/usr_msgs/msg/land_mark.hpp
[0.867s] -- Up-to-date symlink: /workspace/planner/ros2/install/usr_msgs/include/usr_msgs/msg/planner.hpp
[0.867s] -- Up-to-date symlink: /workspace/planner/ros2/install/usr_msgs/include/usr_msgs/msg/turn_ref.hpp
[0.869s] -- Up-to-date symlink: /workspace/planner/ros2/install/usr_msgs/include/usr_msgs/msg/waypoint.hpp
[0.871s] -- Up-to-date symlink: /workspace/planner/ros2/install/usr_msgs/include/usr_msgs/msg/detail/kiwibot__rosidl_typesupport_introspection_cpp.hpp
[0.873s] -- Up-to-date symlink: /workspace/planner/ros2/install/usr_msgs/include/usr_msgs/msg/detail/land_mark__rosidl_typesupport_introspection_cpp.hpp
[0.873s] -- Up-to-date symlink: /workspace/planner/ros2/install/usr_msgs/include/usr_msgs/msg/detail/planner__rosidl_typesupport_introspection_cpp.hpp
[0.873s] -- Up-to-date symlink: /workspace/planner/ros2/install/usr_msgs/include/usr_msgs/msg/detail/turn_ref__rosidl_typesupport_introspection_cpp.hpp
[0.873s] -- Up-to-date symlink: /workspace/planner/ros2/install/usr_msgs/include/usr_msgs/msg/detail/waypoint__rosidl_typesupport_introspection_cpp.hpp
[0.873s] -- Up-to-date symlink: /workspace/planner/ros2/install/usr_msgs/share/usr_msgs/environment/pythonpath.sh
[0.873s] -- Up-to-date symlink: /workspace/planner/ros2/install/usr_msgs/share/usr_msgs/environment/pythonpath.dsv
[0.874s] -- Up-to-date symlink: /workspace/planner/ros2/install/usr_msgs/lib/python3.8/site-packages/usr_msgs/__init__.py
[0.875s] -- Up-to-date symlink: /workspace/planner/ros2/install/usr_msgs/lib/python3.8/site-packages/usr_msgs/msg/__init__.py
[0.876s] -- Up-to-date symlink: /workspace/planner/ros2/install/usr_msgs/lib/python3.8/site-packages/usr_msgs/msg/_kiwibot.py
[0.876s] -- Up-to-date symlink: /workspace/planner/ros2/install/usr_msgs/lib/python3.8/site-packages/usr_msgs/msg/_land_mark.py
[0.876s] -- Up-to-date symlink: /workspace/planner/ros2/install/usr_msgs/lib/python3.8/site-packages/usr_msgs/msg/_planner.py
[0.879s] -- Up-to-date symlink: /workspace/planner/ros2/install/usr_msgs/lib/python3.8/site-packages/usr_msgs/msg/_turn_ref.py
[0.880s] -- Up-to-date symlink: /workspace/planner/ros2/install/usr_msgs/lib/python3.8/site-packages/usr_msgs/msg/_waypoint.py
[0.881s] -- Up-to-date symlink: /workspace/planner/ros2/install/usr_msgs/lib/python3.8/site-packages/usr_msgs/usr_msgs_s__rosidl_typesupport_introspection_c.cpython-38-x86_64-linux-gnu.so
[0.881s] -- Up-to-date symlink: /workspace/planner/ros2/install/usr_msgs/lib/python3.8/site-packages/usr_msgs/usr_msgs_s__rosidl_typesupport_c.cpython-38-x86_64-linux-gnu.so
[0.881s] -- Up-to-date symlink: /workspace/planner/ros2/install/usr_msgs/lib/libusr_msgs__python.so
[0.881s] -- Up-to-date symlink: /workspace/planner/ros2/install/usr_msgs/share/usr_msgs/msg/Planner.idl
[0.881s] -- Up-to-date symlink: /workspace/planner/ros2/install/usr_msgs/share/usr_msgs/msg/LandMark.idl
[0.881s] -- Up-to-date symlink: /workspace/planner/ros2/install/usr_msgs/share/usr_msgs/msg/Waypoint.idl
[0.882s] -- Up-to-date symlink: /workspace/planner/ros2/install/usr_msgs/share/usr_msgs/msg/TurnRef.idl
[0.883s] -- Up-to-date symlink: /workspace/planner/ros2/install/usr_msgs/share/usr_msgs/msg/Kiwibot.idl
[0.883s] -- Up-to-date symlink: /workspace/planner/ros2/install/usr_msgs/share/usr_msgs/path_planner/Planner.msg
[0.884s] -- Up-to-date symlink: /workspace/planner/ros2/install/usr_msgs/share/usr_msgs/path_planner/LandMark.msg
[0.885s] -- Up-to-date symlink: /workspace/planner/ros2/install/usr_msgs/share/usr_msgs/path_planner/Waypoint.msg
[0.885s] -- Up-to-date symlink: /workspace/planner/ros2/install/usr_msgs/share/usr_msgs/path_planner/TurnRef.msg
[0.886s] -- Up-to-date symlink: /workspace/planner/ros2/install/usr_msgs/share/usr_msgs/bot_status/Kiwibot.msg
[0.886s] -- Up-to-date symlink: /workspace/planner/ros2/install/usr_msgs/share/ament_index/resource_index/package_run_dependencies/usr_msgs
[0.887s] -- Up-to-date symlink: /workspace/planner/ros2/install/usr_msgs/share/ament_index/resource_index/parent_prefix_path/usr_msgs
[0.888s] -- Up-to-date symlink: /workspace/planner/ros2/install/usr_msgs/share/usr_msgs/environment/ament_prefix_path.sh
[0.888s] -- Up-to-date symlink: /workspace/planner/ros2/install/usr_msgs/share/usr_msgs/environment/ament_prefix_path.dsv
[0.889s] -- Up-to-date symlink: /workspace/planner/ros2/install/usr_msgs/share/usr_msgs/environment/path.sh
[0.889s] -- Up-to-date symlink: /workspace/planner/ros2/install/usr_msgs/share/usr_msgs/environment/path.dsv
[0.890s] -- Up-to-date symlink: /workspace/planner/ros2/install/usr_msgs/share/usr_msgs/local_setup.bash
[0.891s] -- Up-to-date symlink: /workspace/planner/ros2/install/usr_msgs/share/usr_msgs/local_setup.sh
[0.891s] -- Up-to-date symlink: /workspace/planner/ros2/install/usr_msgs/share/usr_msgs/local_setup.zsh
[0.892s] -- Up-to-date symlink: /workspace/planner/ros2/install/usr_msgs/share/usr_msgs/local_setup.dsv
[0.892s] -- Symlinking: /workspace/planner/ros2/install/usr_msgs/share/usr_msgs/package.dsv
[0.898s] -- Up-to-date symlink: /workspace/planner/ros2/install/usr_msgs/share/ament_index/resource_index/packages/usr_msgs
[0.898s] -- Up-to-date symlink: /workspace/planner/ros2/install/usr_msgs/share/usr_msgs/cmake/rosidl_cmake-extras.cmake
[0.899s] -- Up-to-date symlink: /workspace/planner/ros2/install/usr_msgs/share/usr_msgs/cmake/ament_cmake_export_dependencies-extras.cmake
[0.901s] -- Up-to-date symlink: /workspace/planner/ros2/install/usr_msgs/share/usr_msgs/cmake/ament_cmake_export_libraries-extras.cmake
[0.901s] -- Up-to-date symlink: /workspace/planner/ros2/install/usr_msgs/share/usr_msgs/cmake/ament_cmake_export_targets-extras.cmake
[0.902s] -- Up-to-date symlink: /workspace/planner/ros2/install/usr_msgs/share/usr_msgs/cmake/ament_cmake_export_include_directories-extras.cmake
[0.903s] -- Up-to-date symlink: /workspace/planner/ros2/install/usr_msgs/share/usr_msgs/cmake/rosidl_cmake_export_typesupport_targets-extras.cmake
[0.904s] -- Up-to-date symlink: /workspace/planner/ros2/install/usr_msgs/share/usr_msgs/cmake/usr_msgsConfig.cmake
[0.904s] -- Up-to-date symlink: /workspace/planner/ros2/install/usr_msgs/share/usr_msgs/cmake/usr_msgsConfig-version.cmake
[0.905s] -- Up-to-date symlink: /workspace/planner/ros2/install/usr_msgs/share/usr_msgs/package.xml
[0.906s] -- Up-to-date: /workspace/planner/ros2/install/usr_msgs/lib/libusr_msgs__rosidl_generator_c.so
[0.906s] -- Up-to-date: /workspace/planner/ros2/install/usr_msgs/lib/libusr_msgs__rosidl_typesupport_introspection_c.so
[0.907s] -- Up-to-date: /workspace/planner/ros2/install/usr_msgs/lib/libusr_msgs__rosidl_typesupport_c.so
[0.908s] -- Up-to-date: /workspace/planner/ros2/install/usr_msgs/lib/libusr_msgs__rosidl_typesupport_introspection_cpp.so
[0.908s] -- Up-to-date: /workspace/planner/ros2/install/usr_msgs/lib/libusr_msgs__rosidl_typesupport_cpp.so
[0.969s] -- Up-to-date: /workspace/planner/ros2/install/usr_msgs/share/usr_msgs/cmake/usr_msgs__rosidl_generator_cExport.cmake
[0.969s] -- Up-to-date: /workspace/planner/ros2/install/usr_msgs/share/usr_msgs/cmake/usr_msgs__rosidl_generator_cExport-noconfig.cmake
[0.970s] -- Up-to-date: /workspace/planner/ros2/install/usr_msgs/share/usr_msgs/cmake/usr_msgs__rosidl_typesupport_introspection_cExport.cmake
[0.970s] -- Up-to-date: /workspace/planner/ros2/install/usr_msgs/share/usr_msgs/cmake/usr_msgs__rosidl_typesupport_introspection_cExport-noconfig.cmake
[0.971s] -- Up-to-date: /workspace/planner/ros2/install/usr_msgs/share/usr_msgs/cmake/usr_msgs__rosidl_typesupport_cExport.cmake
[0.974s] -- Up-to-date: /workspace/planner/ros2/install/usr_msgs/share/usr_msgs/cmake/usr_msgs__rosidl_typesupport_cExport-noconfig.cmake
[0.975s] -- Up-to-date: /workspace/planner/ros2/install/usr_msgs/share/usr_msgs/cmake/usr_msgs__rosidl_generator_cppExport.cmake
[0.976s] -- Up-to-date: /workspace/planner/ros2/install/usr_msgs/share/usr_msgs/cmake/usr_msgs__rosidl_typesupport_introspection_cppExport.cmake
[0.977s] -- Up-to-date: /workspace/planner/ros2/install/usr_msgs/share/usr_msgs/cmake/usr_msgs__rosidl_typesupport_introspection_cppExport-noconfig.cmake
[0.977s] -- Up-to-date: /workspace/planner/ros2/install/usr_msgs/share/usr_msgs/cmake/usr_msgs__rosidl_typesupport_cppExport.cmake
[0.978s] -- Up-to-date: /workspace/planner/ros2/install/usr_msgs/share/usr_msgs/cmake/usr_msgs__rosidl_typesupport_cppExport-noconfig.cmake
[0.978s] Invoked command in '/workspace/planner/ros2/build/usr_msgs' returned '0': CMAKE_PREFIX_PATH=/opt/ros/galactic /usr/local/bin/cmake --install /workspace/planner/ros2/build/usr_msgs
