[0.137s] DEBUG:colcon:Command line arguments: ['/usr/bin/colcon', 'build', '--symlink-install']
[0.137s] DEBUG:colcon:Parsed command line arguments: Namespace(allow_overriding=[], ament_cmake_args=None, base_paths=['.'], build_base='build', catkin_cmake_args=None, catkin_skip_building_tests=False, cmake_args=None, cmake_clean_cache=False, cmake_clean_first=False, cmake_force_configure=False, cmake_target=None, cmake_target_skip_unavailable=False, continue_on_error=False, event_handlers=None, executor='parallel', ignore_user_meta=False, install_base='install', log_base=None, log_level=None, main=<bound method BuildVerb.main of <colcon_core.verb.build.BuildVerb object at 0x7f4db4803370>>, merge_install=False, metas=['./colcon.meta'], packages_above=None, packages_above_and_dependencies=None, packages_above_depth=None, packages_end=None, packages_ignore=None, packages_ignore_regex=None, packages_select=None, packages_select_build_failed=False, packages_select_by_dep=None, packages_select_regex=None, packages_select_test_failures=False, packages_skip=None, packages_skip_build_finished=False, packages_skip_by_dep=None, packages_skip_regex=None, packages_skip_test_passed=False, packages_skip_up_to=None, packages_start=None, packages_up_to=None, packages_up_to_regex=None, parallel_workers=12, paths=None, symlink_install=True, test_result_base=None, verb_extension=<colcon_core.verb.build.BuildVerb object at 0x7f4db4803370>, verb_name='build', verb_parser=<colcon_defaults.argument_parser.defaults.DefaultArgumentsDecorator object at 0x7f4db48038b0>)
[0.142s] Level 1:colcon.colcon_core.package_discovery:discover_packages(colcon_meta) check parameters
[0.142s] Level 1:colcon.colcon_core.package_discovery:discover_packages(recursive) check parameters
[0.142s] Level 1:colcon.colcon_core.package_discovery:discover_packages(ignore) check parameters
[0.142s] Level 1:colcon.colcon_core.package_discovery:discover_packages(path) check parameters
[0.143s] Level 1:colcon.colcon_core.package_discovery:discover_packages(colcon_meta) discover
[0.143s] Level 1:colcon.colcon_core.package_discovery:discover_packages(recursive) discover
[0.143s] INFO:colcon.colcon_core.package_discovery:Crawling recursively for packages in '/workspace/planner/ros2'
[0.143s] Level 1:colcon.colcon_core.package_identification:_identify(.) by extensions ['ignore', 'ignore_ament_install']
[0.143s] Level 1:colcon.colcon_core.package_identification:_identify(.) by extension 'ignore'
[0.144s] Level 1:colcon.colcon_core.package_identification:_identify(.) by extension 'ignore_ament_install'
[0.144s] Level 1:colcon.colcon_core.package_identification:_identify(.) by extensions ['colcon_pkg']
[0.144s] Level 1:colcon.colcon_core.package_identification:_identify(.) by extension 'colcon_pkg'
[0.144s] Level 1:colcon.colcon_core.package_identification:_identify(.) by extensions ['colcon_meta']
[0.144s] Level 1:colcon.colcon_core.package_identification:_identify(.) by extension 'colcon_meta'
[0.144s] Level 1:colcon.colcon_core.package_identification:_identify(.) by extensions ['ros']
[0.144s] Level 1:colcon.colcon_core.package_identification:_identify(.) by extension 'ros'
[0.154s] Level 1:colcon.colcon_core.package_identification:_identify(.) by extensions ['cmake', 'python']
[0.154s] Level 1:colcon.colcon_core.package_identification:_identify(.) by extension 'cmake'
[0.154s] Level 1:colcon.colcon_core.package_identification:_identify(.) by extension 'python'
[0.154s] Level 1:colcon.colcon_core.package_identification:_identify(.) by extensions ['python_setup_py']
[0.154s] Level 1:colcon.colcon_core.package_identification:_identify(.) by extension 'python_setup_py'
[0.155s] Level 1:colcon.colcon_core.package_identification:_identify(build) by extensions ['ignore', 'ignore_ament_install']
[0.155s] Level 1:colcon.colcon_core.package_identification:_identify(build) by extension 'ignore'
[0.155s] Level 1:colcon.colcon_core.package_identification:_identify(build) ignored
[0.155s] Level 1:colcon.colcon_core.package_identification:_identify(install) by extensions ['ignore', 'ignore_ament_install']
[0.156s] Level 1:colcon.colcon_core.package_identification:_identify(install) by extension 'ignore'
[0.156s] Level 1:colcon.colcon_core.package_identification:_identify(install) ignored
[0.156s] Level 1:colcon.colcon_core.package_identification:_identify(log) by extensions ['ignore', 'ignore_ament_install']
[0.156s] Level 1:colcon.colcon_core.package_identification:_identify(log) by extension 'ignore'
[0.156s] Level 1:colcon.colcon_core.package_identification:_identify(log) ignored
[0.156s] Level 1:colcon.colcon_core.package_identification:_identify(src) by extensions ['ignore', 'ignore_ament_install']
[0.156s] Level 1:colcon.colcon_core.package_identification:_identify(src) by extension 'ignore'
[0.156s] Level 1:colcon.colcon_core.package_identification:_identify(src) by extension 'ignore_ament_install'
[0.156s] Level 1:colcon.colcon_core.package_identification:_identify(src) by extensions ['colcon_pkg']
[0.156s] Level 1:colcon.colcon_core.package_identification:_identify(src) by extension 'colcon_pkg'
[0.156s] Level 1:colcon.colcon_core.package_identification:_identify(src) by extensions ['colcon_meta']
[0.157s] Level 1:colcon.colcon_core.package_identification:_identify(src) by extension 'colcon_meta'
[0.157s] Level 1:colcon.colcon_core.package_identification:_identify(src) by extensions ['ros']
[0.157s] Level 1:colcon.colcon_core.package_identification:_identify(src) by extension 'ros'
[0.157s] Level 1:colcon.colcon_core.package_identification:_identify(src) by extensions ['cmake', 'python']
[0.157s] Level 1:colcon.colcon_core.package_identification:_identify(src) by extension 'cmake'
[0.157s] Level 1:colcon.colcon_core.package_identification:_identify(src) by extension 'python'
[0.157s] Level 1:colcon.colcon_core.package_identification:_identify(src) by extensions ['python_setup_py']
[0.157s] Level 1:colcon.colcon_core.package_identification:_identify(src) by extension 'python_setup_py'
[0.157s] Level 1:colcon.colcon_core.package_identification:_identify(src/graphics) by extensions ['ignore', 'ignore_ament_install']
[0.157s] Level 1:colcon.colcon_core.package_identification:_identify(src/graphics) by extension 'ignore'
[0.157s] Level 1:colcon.colcon_core.package_identification:_identify(src/graphics) by extension 'ignore_ament_install'
[0.157s] Level 1:colcon.colcon_core.package_identification:_identify(src/graphics) by extensions ['colcon_pkg']
[0.157s] Level 1:colcon.colcon_core.package_identification:_identify(src/graphics) by extension 'colcon_pkg'
[0.157s] Level 1:colcon.colcon_core.package_identification:_identify(src/graphics) by extensions ['colcon_meta']
[0.157s] Level 1:colcon.colcon_core.package_identification:_identify(src/graphics) by extension 'colcon_meta'
[0.157s] Level 1:colcon.colcon_core.package_identification:_identify(src/graphics) by extensions ['ros']
[0.157s] Level 1:colcon.colcon_core.package_identification:_identify(src/graphics) by extension 'ros'
[0.159s] DEBUG:colcon.colcon_core.package_identification:Package 'src/graphics' with type 'ros.ament_python' and name 'graphics'
[0.159s] Level 1:colcon.colcon_core.package_identification:_identify(src/interfaces) by extensions ['ignore', 'ignore_ament_install']
[0.159s] Level 1:colcon.colcon_core.package_identification:_identify(src/interfaces) by extension 'ignore'
[0.159s] Level 1:colcon.colcon_core.package_identification:_identify(src/interfaces) by extension 'ignore_ament_install'
[0.159s] Level 1:colcon.colcon_core.package_identification:_identify(src/interfaces) by extensions ['colcon_pkg']
[0.160s] Level 1:colcon.colcon_core.package_identification:_identify(src/interfaces) by extension 'colcon_pkg'
[0.160s] Level 1:colcon.colcon_core.package_identification:_identify(src/interfaces) by extensions ['colcon_meta']
[0.160s] Level 1:colcon.colcon_core.package_identification:_identify(src/interfaces) by extension 'colcon_meta'
[0.160s] Level 1:colcon.colcon_core.package_identification:_identify(src/interfaces) by extensions ['ros']
[0.160s] Level 1:colcon.colcon_core.package_identification:_identify(src/interfaces) by extension 'ros'
[0.161s] DEBUG:colcon.colcon_core.package_identification:Package 'src/interfaces' with type 'ros.ament_cmake' and name 'interfaces'
[0.161s] Level 1:colcon.colcon_core.package_identification:_identify(src/kiwibot) by extensions ['ignore', 'ignore_ament_install']
[0.161s] Level 1:colcon.colcon_core.package_identification:_identify(src/kiwibot) by extension 'ignore'
[0.161s] Level 1:colcon.colcon_core.package_identification:_identify(src/kiwibot) by extension 'ignore_ament_install'
[0.162s] Level 1:colcon.colcon_core.package_identification:_identify(src/kiwibot) by extensions ['colcon_pkg']
[0.162s] Level 1:colcon.colcon_core.package_identification:_identify(src/kiwibot) by extension 'colcon_pkg'
[0.162s] Level 1:colcon.colcon_core.package_identification:_identify(src/kiwibot) by extensions ['colcon_meta']
[0.162s] Level 1:colcon.colcon_core.package_identification:_identify(src/kiwibot) by extension 'colcon_meta'
[0.162s] Level 1:colcon.colcon_core.package_identification:_identify(src/kiwibot) by extensions ['ros']
[0.162s] Level 1:colcon.colcon_core.package_identification:_identify(src/kiwibot) by extension 'ros'
[0.163s] DEBUG:colcon.colcon_core.package_identification:Package 'src/kiwibot' with type 'ros.ament_python' and name 'kiwibot'
[0.163s] Level 1:colcon.colcon_core.package_identification:_identify(src/path_planner) by extensions ['ignore', 'ignore_ament_install']
[0.163s] Level 1:colcon.colcon_core.package_identification:_identify(src/path_planner) by extension 'ignore'
[0.163s] Level 1:colcon.colcon_core.package_identification:_identify(src/path_planner) by extension 'ignore_ament_install'
[0.163s] Level 1:colcon.colcon_core.package_identification:_identify(src/path_planner) by extensions ['colcon_pkg']
[0.164s] Level 1:colcon.colcon_core.package_identification:_identify(src/path_planner) by extension 'colcon_pkg'
[0.164s] Level 1:colcon.colcon_core.package_identification:_identify(src/path_planner) by extensions ['colcon_meta']
[0.164s] Level 1:colcon.colcon_core.package_identification:_identify(src/path_planner) by extension 'colcon_meta'
[0.164s] Level 1:colcon.colcon_core.package_identification:_identify(src/path_planner) by extensions ['ros']
[0.164s] Level 1:colcon.colcon_core.package_identification:_identify(src/path_planner) by extension 'ros'
[0.164s] DEBUG:colcon.colcon_core.package_identification:Package 'src/path_planner' with type 'ros.ament_python' and name 'path_planner'
[0.164s] Level 1:colcon.colcon_core.package_identification:_identify(src/usr_msgs) by extensions ['ignore', 'ignore_ament_install']
[0.165s] Level 1:colcon.colcon_core.package_identification:_identify(src/usr_msgs) by extension 'ignore'
[0.165s] Level 1:colcon.colcon_core.package_identification:_identify(src/usr_msgs) by extension 'ignore_ament_install'
[0.165s] Level 1:colcon.colcon_core.package_identification:_identify(src/usr_msgs) by extensions ['colcon_pkg']
[0.165s] Level 1:colcon.colcon_core.package_identification:_identify(src/usr_msgs) by extension 'colcon_pkg'
[0.165s] Level 1:colcon.colcon_core.package_identification:_identify(src/usr_msgs) by extensions ['colcon_meta']
[0.165s] Level 1:colcon.colcon_core.package_identification:_identify(src/usr_msgs) by extension 'colcon_meta'
[0.166s] Level 1:colcon.colcon_core.package_identification:_identify(src/usr_msgs) by extensions ['ros']
[0.166s] Level 1:colcon.colcon_core.package_identification:_identify(src/usr_msgs) by extension 'ros'
[0.166s] DEBUG:colcon.colcon_core.package_identification:Package 'src/usr_msgs' with type 'ros.ament_cmake' and name 'usr_msgs'
[0.167s] Level 1:colcon.colcon_core.package_identification:_identify(src/usr_srvs) by extensions ['ignore', 'ignore_ament_install']
[0.167s] Level 1:colcon.colcon_core.package_identification:_identify(src/usr_srvs) by extension 'ignore'
[0.167s] Level 1:colcon.colcon_core.package_identification:_identify(src/usr_srvs) by extension 'ignore_ament_install'
[0.167s] Level 1:colcon.colcon_core.package_identification:_identify(src/usr_srvs) by extensions ['colcon_pkg']
[0.167s] Level 1:colcon.colcon_core.package_identification:_identify(src/usr_srvs) by extension 'colcon_pkg'
[0.167s] Level 1:colcon.colcon_core.package_identification:_identify(src/usr_srvs) by extensions ['colcon_meta']
[0.168s] Level 1:colcon.colcon_core.package_identification:_identify(src/usr_srvs) by extension 'colcon_meta'
[0.168s] Level 1:colcon.colcon_core.package_identification:_identify(src/usr_srvs) by extensions ['ros']
[0.168s] Level 1:colcon.colcon_core.package_identification:_identify(src/usr_srvs) by extension 'ros'
[0.168s] DEBUG:colcon.colcon_core.package_identification:Package 'src/usr_srvs' with type 'ros.ament_cmake' and name 'usr_srvs'
[0.168s] Level 1:colcon.colcon_core.package_identification:_identify(src/utils) by extensions ['ignore', 'ignore_ament_install']
[0.169s] Level 1:colcon.colcon_core.package_identification:_identify(src/utils) by extension 'ignore'
[0.169s] Level 1:colcon.colcon_core.package_identification:_identify(src/utils) by extension 'ignore_ament_install'
[0.169s] Level 1:colcon.colcon_core.package_identification:_identify(src/utils) by extensions ['colcon_pkg']
[0.169s] Level 1:colcon.colcon_core.package_identification:_identify(src/utils) by extension 'colcon_pkg'
[0.169s] Level 1:colcon.colcon_core.package_identification:_identify(src/utils) by extensions ['colcon_meta']
[0.169s] Level 1:colcon.colcon_core.package_identification:_identify(src/utils) by extension 'colcon_meta'
[0.170s] Level 1:colcon.colcon_core.package_identification:_identify(src/utils) by extensions ['ros']
[0.170s] Level 1:colcon.colcon_core.package_identification:_identify(src/utils) by extension 'ros'
[0.171s] DEBUG:colcon.colcon_core.package_identification:Package 'src/utils' with type 'ros.ament_cmake' and name 'utils'
[0.171s] Level 1:colcon.colcon_core.package_discovery:discover_packages(recursive) using defaults
[0.171s] Level 1:colcon.colcon_core.package_discovery:discover_packages(ignore) discover
[0.171s] Level 1:colcon.colcon_core.package_discovery:discover_packages(ignore) using defaults
[0.171s] Level 1:colcon.colcon_core.package_discovery:discover_packages(path) discover
[0.171s] Level 1:colcon.colcon_core.package_discovery:discover_packages(path) using defaults
[0.193s] Level 5:colcon.colcon_core.verb:set package 'graphics' build argument 'cmake_args' from command line to 'None'
[0.193s] Level 5:colcon.colcon_core.verb:set package 'graphics' build argument 'cmake_target' from command line to 'None'
[0.193s] Level 5:colcon.colcon_core.verb:set package 'graphics' build argument 'cmake_target_skip_unavailable' from command line to 'False'
[0.194s] Level 5:colcon.colcon_core.verb:set package 'graphics' build argument 'cmake_clean_cache' from command line to 'False'
[0.194s] Level 5:colcon.colcon_core.verb:set package 'graphics' build argument 'cmake_clean_first' from command line to 'False'
[0.194s] Level 5:colcon.colcon_core.verb:set package 'graphics' build argument 'cmake_force_configure' from command line to 'False'
[0.194s] Level 5:colcon.colcon_core.verb:set package 'graphics' build argument 'ament_cmake_args' from command line to 'None'
[0.194s] Level 5:colcon.colcon_core.verb:set package 'graphics' build argument 'catkin_cmake_args' from command line to 'None'
[0.194s] Level 5:colcon.colcon_core.verb:set package 'graphics' build argument 'catkin_skip_building_tests' from command line to 'False'
[0.194s] DEBUG:colcon.colcon_core.verb:Building package 'graphics' with the following arguments: {'ament_cmake_args': None, 'build_base': '/workspace/planner/ros2/build/graphics', 'catkin_cmake_args': None, 'catkin_skip_building_tests': False, 'cmake_args': None, 'cmake_clean_cache': False, 'cmake_clean_first': False, 'cmake_force_configure': False, 'cmake_target': None, 'cmake_target_skip_unavailable': False, 'install_base': '/workspace/planner/ros2/install/graphics', 'merge_install': False, 'path': '/workspace/planner/ros2/src/graphics', 'symlink_install': True, 'test_result_base': None}
[0.195s] Level 5:colcon.colcon_core.verb:set package 'kiwibot' build argument 'cmake_args' from command line to 'None'
[0.195s] Level 5:colcon.colcon_core.verb:set package 'kiwibot' build argument 'cmake_target' from command line to 'None'
[0.195s] Level 5:colcon.colcon_core.verb:set package 'kiwibot' build argument 'cmake_target_skip_unavailable' from command line to 'False'
[0.195s] Level 5:colcon.colcon_core.verb:set package 'kiwibot' build argument 'cmake_clean_cache' from command line to 'False'
[0.195s] Level 5:colcon.colcon_core.verb:set package 'kiwibot' build argument 'cmake_clean_first' from command line to 'False'
[0.195s] Level 5:colcon.colcon_core.verb:set package 'kiwibot' build argument 'cmake_force_configure' from command line to 'False'
[0.195s] Level 5:colcon.colcon_core.verb:set package 'kiwibot' build argument 'ament_cmake_args' from command line to 'None'
[0.196s] Level 5:colcon.colcon_core.verb:set package 'kiwibot' build argument 'catkin_cmake_args' from command line to 'None'
[0.196s] Level 5:colcon.colcon_core.verb:set package 'kiwibot' build argument 'catkin_skip_building_tests' from command line to 'False'
[0.196s] DEBUG:colcon.colcon_core.verb:Building package 'kiwibot' with the following arguments: {'ament_cmake_args': None, 'build_base': '/workspace/planner/ros2/build/kiwibot', 'catkin_cmake_args': None, 'catkin_skip_building_tests': False, 'cmake_args': None, 'cmake_clean_cache': False, 'cmake_clean_first': False, 'cmake_force_configure': False, 'cmake_target': None, 'cmake_target_skip_unavailable': False, 'install_base': '/workspace/planner/ros2/install/kiwibot', 'merge_install': False, 'path': '/workspace/planner/ros2/src/kiwibot', 'symlink_install': True, 'test_result_base': None}
[0.196s] Level 5:colcon.colcon_core.verb:set package 'path_planner' build argument 'cmake_args' from command line to 'None'
[0.196s] Level 5:colcon.colcon_core.verb:set package 'path_planner' build argument 'cmake_target' from command line to 'None'
[0.197s] Level 5:colcon.colcon_core.verb:set package 'path_planner' build argument 'cmake_target_skip_unavailable' from command line to 'False'
[0.197s] Level 5:colcon.colcon_core.verb:set package 'path_planner' build argument 'cmake_clean_cache' from command line to 'False'
[0.197s] Level 5:colcon.colcon_core.verb:set package 'path_planner' build argument 'cmake_clean_first' from command line to 'False'
[0.197s] Level 5:colcon.colcon_core.verb:set package 'path_planner' build argument 'cmake_force_configure' from command line to 'False'
[0.197s] Level 5:colcon.colcon_core.verb:set package 'path_planner' build argument 'ament_cmake_args' from command line to 'None'
[0.197s] Level 5:colcon.colcon_core.verb:set package 'path_planner' build argument 'catkin_cmake_args' from command line to 'None'
[0.197s] Level 5:colcon.colcon_core.verb:set package 'path_planner' build argument 'catkin_skip_building_tests' from command line to 'False'
[0.197s] DEBUG:colcon.colcon_core.verb:Building package 'path_planner' with the following arguments: {'ament_cmake_args': None, 'build_base': '/workspace/planner/ros2/build/path_planner', 'catkin_cmake_args': None, 'catkin_skip_building_tests': False, 'cmake_args': None, 'cmake_clean_cache': False, 'cmake_clean_first': False, 'cmake_force_configure': False, 'cmake_target': None, 'cmake_target_skip_unavailable': False, 'install_base': '/workspace/planner/ros2/install/path_planner', 'merge_install': False, 'path': '/workspace/planner/ros2/src/path_planner', 'symlink_install': True, 'test_result_base': None}
[0.198s] Level 5:colcon.colcon_core.verb:set package 'usr_msgs' build argument 'cmake_args' from command line to 'None'
[0.198s] Level 5:colcon.colcon_core.verb:set package 'usr_msgs' build argument 'cmake_target' from command line to 'None'
[0.198s] Level 5:colcon.colcon_core.verb:set package 'usr_msgs' build argument 'cmake_target_skip_unavailable' from command line to 'False'
[0.198s] Level 5:colcon.colcon_core.verb:set package 'usr_msgs' build argument 'cmake_clean_cache' from command line to 'False'
[0.198s] Level 5:colcon.colcon_core.verb:set package 'usr_msgs' build argument 'cmake_clean_first' from command line to 'False'
[0.198s] Level 5:colcon.colcon_core.verb:set package 'usr_msgs' build argument 'cmake_force_configure' from command line to 'False'
[0.198s] Level 5:colcon.colcon_core.verb:set package 'usr_msgs' build argument 'ament_cmake_args' from command line to 'None'
[0.198s] Level 5:colcon.colcon_core.verb:set package 'usr_msgs' build argument 'catkin_cmake_args' from command line to 'None'
[0.198s] Level 5:colcon.colcon_core.verb:set package 'usr_msgs' build argument 'catkin_skip_building_tests' from command line to 'False'
[0.199s] DEBUG:colcon.colcon_core.verb:Building package 'usr_msgs' with the following arguments: {'ament_cmake_args': None, 'build_base': '/workspace/planner/ros2/build/usr_msgs', 'catkin_cmake_args': None, 'catkin_skip_building_tests': False, 'cmake_args': None, 'cmake_clean_cache': False, 'cmake_clean_first': False, 'cmake_force_configure': False, 'cmake_target': None, 'cmake_target_skip_unavailable': False, 'install_base': '/workspace/planner/ros2/install/usr_msgs', 'merge_install': False, 'path': '/workspace/planner/ros2/src/usr_msgs', 'symlink_install': True, 'test_result_base': None}
[0.199s] Level 5:colcon.colcon_core.verb:set package 'utils' build argument 'cmake_args' from command line to 'None'
[0.199s] Level 5:colcon.colcon_core.verb:set package 'utils' build argument 'cmake_target' from command line to 'None'
[0.199s] Level 5:colcon.colcon_core.verb:set package 'utils' build argument 'cmake_target_skip_unavailable' from command line to 'False'
[0.199s] Level 5:colcon.colcon_core.verb:set package 'utils' build argument 'cmake_clean_cache' from command line to 'False'
[0.199s] Level 5:colcon.colcon_core.verb:set package 'utils' build argument 'cmake_clean_first' from command line to 'False'
[0.199s] Level 5:colcon.colcon_core.verb:set package 'utils' build argument 'cmake_force_configure' from command line to 'False'
[0.199s] Level 5:colcon.colcon_core.verb:set package 'utils' build argument 'ament_cmake_args' from command line to 'None'
[0.200s] Level 5:colcon.colcon_core.verb:set package 'utils' build argument 'catkin_cmake_args' from command line to 'None'
[0.200s] Level 5:colcon.colcon_core.verb:set package 'utils' build argument 'catkin_skip_building_tests' from command line to 'False'
[0.200s] DEBUG:colcon.colcon_core.verb:Building package 'utils' with the following arguments: {'ament_cmake_args': None, 'build_base': '/workspace/planner/ros2/build/utils', 'catkin_cmake_args': None, 'catkin_skip_building_tests': False, 'cmake_args': None, 'cmake_clean_cache': False, 'cmake_clean_first': False, 'cmake_force_configure': False, 'cmake_target': None, 'cmake_target_skip_unavailable': False, 'install_base': '/workspace/planner/ros2/install/utils', 'merge_install': False, 'path': '/workspace/planner/ros2/src/utils', 'symlink_install': True, 'test_result_base': None}
[0.200s] Level 5:colcon.colcon_core.verb:set package 'interfaces' build argument 'cmake_args' from command line to 'None'
[0.200s] Level 5:colcon.colcon_core.verb:set package 'interfaces' build argument 'cmake_target' from command line to 'None'
[0.200s] Level 5:colcon.colcon_core.verb:set package 'interfaces' build argument 'cmake_target_skip_unavailable' from command line to 'False'
[0.200s] Level 5:colcon.colcon_core.verb:set package 'interfaces' build argument 'cmake_clean_cache' from command line to 'False'
[0.200s] Level 5:colcon.colcon_core.verb:set package 'interfaces' build argument 'cmake_clean_first' from command line to 'False'
[0.200s] Level 5:colcon.colcon_core.verb:set package 'interfaces' build argument 'cmake_force_configure' from command line to 'False'
[0.200s] Level 5:colcon.colcon_core.verb:set package 'interfaces' build argument 'ament_cmake_args' from command line to 'None'
[0.200s] Level 5:colcon.colcon_core.verb:set package 'interfaces' build argument 'catkin_cmake_args' from command line to 'None'
[0.200s] Level 5:colcon.colcon_core.verb:set package 'interfaces' build argument 'catkin_skip_building_tests' from command line to 'False'
[0.201s] DEBUG:colcon.colcon_core.verb:Building package 'interfaces' with the following arguments: {'ament_cmake_args': None, 'build_base': '/workspace/planner/ros2/build/interfaces', 'catkin_cmake_args': None, 'catkin_skip_building_tests': False, 'cmake_args': None, 'cmake_clean_cache': False, 'cmake_clean_first': False, 'cmake_force_configure': False, 'cmake_target': None, 'cmake_target_skip_unavailable': False, 'install_base': '/workspace/planner/ros2/install/interfaces', 'merge_install': False, 'path': '/workspace/planner/ros2/src/interfaces', 'symlink_install': True, 'test_result_base': None}
[0.201s] Level 5:colcon.colcon_core.verb:set package 'usr_srvs' build argument 'cmake_args' from command line to 'None'
[0.201s] Level 5:colcon.colcon_core.verb:set package 'usr_srvs' build argument 'cmake_target' from command line to 'None'
[0.201s] Level 5:colcon.colcon_core.verb:set package 'usr_srvs' build argument 'cmake_target_skip_unavailable' from command line to 'False'
[0.201s] Level 5:colcon.colcon_core.verb:set package 'usr_srvs' build argument 'cmake_clean_cache' from command line to 'False'
[0.201s] Level 5:colcon.colcon_core.verb:set package 'usr_srvs' build argument 'cmake_clean_first' from command line to 'False'
[0.201s] Level 5:colcon.colcon_core.verb:set package 'usr_srvs' build argument 'cmake_force_configure' from command line to 'False'
[0.201s] Level 5:colcon.colcon_core.verb:set package 'usr_srvs' build argument 'ament_cmake_args' from command line to 'None'
[0.202s] Level 5:colcon.colcon_core.verb:set package 'usr_srvs' build argument 'catkin_cmake_args' from command line to 'None'
[0.202s] Level 5:colcon.colcon_core.verb:set package 'usr_srvs' build argument 'catkin_skip_building_tests' from command line to 'False'
[0.202s] DEBUG:colcon.colcon_core.verb:Building package 'usr_srvs' with the following arguments: {'ament_cmake_args': None, 'build_base': '/workspace/planner/ros2/build/usr_srvs', 'catkin_cmake_args': None, 'catkin_skip_building_tests': False, 'cmake_args': None, 'cmake_clean_cache': False, 'cmake_clean_first': False, 'cmake_force_configure': False, 'cmake_target': None, 'cmake_target_skip_unavailable': False, 'install_base': '/workspace/planner/ros2/install/usr_srvs', 'merge_install': False, 'path': '/workspace/planner/ros2/src/usr_srvs', 'symlink_install': True, 'test_result_base': None}
[0.204s] INFO:colcon.colcon_core.executor:Executing jobs using 'parallel' executor
[0.207s] DEBUG:colcon.colcon_parallel_executor.executor.parallel:run_until_complete
[0.207s] INFO:colcon.colcon_ros.task.ament_cmake.build:Building ROS package in '/workspace/planner/ros2/src/usr_msgs' with build type 'ament_cmake'
[0.208s] INFO:colcon.colcon_cmake.task.cmake.build:Building CMake package in '/workspace/planner/ros2/src/usr_msgs'
[0.213s] INFO:colcon.colcon_core.plugin_system:Skipping extension 'colcon_core.shell.bat': Not used on non-Windows systems
[0.214s] INFO:colcon.colcon_core.shell:Skip shell extension 'powershell' for command environment: Not usable outside of PowerShell
[0.214s] DEBUG:colcon.colcon_core.shell:Skip shell extension 'dsv' for command environment
[0.220s] INFO:colcon.colcon_ros.task.ament_cmake.build:Building ROS package in '/workspace/planner/ros2/src/utils' with build type 'ament_cmake'
[0.221s] INFO:colcon.colcon_cmake.task.cmake.build:Building CMake package in '/workspace/planner/ros2/src/utils'
[0.222s] INFO:colcon.colcon_core.shell:Skip shell extension 'powershell' for command environment: Not usable outside of PowerShell
[0.224s] DEBUG:colcon.colcon_core.shell:Skip shell extension 'dsv' for command environment
[0.234s] INFO:colcon.colcon_ros.task.ament_python.build:Building ROS package in '/workspace/planner/ros2/src/graphics' with build type 'ament_python'
[0.235s] Level 1:colcon.colcon_core.shell:create_environment_hook('graphics', 'ament_prefix_path')
[0.237s] INFO:colcon.colcon_core.shell:Creating environment hook '/workspace/planner/ros2/install/graphics/share/graphics/hook/ament_prefix_path.ps1'
[0.239s] INFO:colcon.colcon_core.shell:Creating environment descriptor '/workspace/planner/ros2/install/graphics/share/graphics/hook/ament_prefix_path.dsv'
[0.239s] INFO:colcon.colcon_core.shell:Creating environment hook '/workspace/planner/ros2/install/graphics/share/graphics/hook/ament_prefix_path.sh'
[0.242s] INFO:colcon.colcon_core.shell:Skip shell extension 'powershell' for command environment: Not usable outside of PowerShell
[0.242s] DEBUG:colcon.colcon_core.shell:Skip shell extension 'dsv' for command environment
[0.247s] INFO:colcon.colcon_ros.task.ament_python.build:Building ROS package in '/workspace/planner/ros2/src/kiwibot' with build type 'ament_python'
[0.247s] Level 1:colcon.colcon_core.shell:create_environment_hook('kiwibot', 'ament_prefix_path')
[0.250s] INFO:colcon.colcon_core.shell:Creating environment hook '/workspace/planner/ros2/install/kiwibot/share/kiwibot/hook/ament_prefix_path.ps1'
[0.252s] INFO:colcon.colcon_core.shell:Creating environment descriptor '/workspace/planner/ros2/install/kiwibot/share/kiwibot/hook/ament_prefix_path.dsv'
[0.254s] INFO:colcon.colcon_core.shell:Creating environment hook '/workspace/planner/ros2/install/kiwibot/share/kiwibot/hook/ament_prefix_path.sh'
[0.256s] INFO:colcon.colcon_core.shell:Skip shell extension 'powershell' for command environment: Not usable outside of PowerShell
[0.256s] DEBUG:colcon.colcon_core.shell:Skip shell extension 'dsv' for command environment
[0.261s] INFO:colcon.colcon_ros.task.ament_python.build:Building ROS package in '/workspace/planner/ros2/src/path_planner' with build type 'ament_python'
[0.261s] Level 1:colcon.colcon_core.shell:create_environment_hook('path_planner', 'ament_prefix_path')
[0.262s] INFO:colcon.colcon_core.shell:Creating environment hook '/workspace/planner/ros2/install/path_planner/share/path_planner/hook/ament_prefix_path.ps1'
[0.263s] INFO:colcon.colcon_core.shell:Creating environment descriptor '/workspace/planner/ros2/install/path_planner/share/path_planner/hook/ament_prefix_path.dsv'
[0.263s] INFO:colcon.colcon_core.shell:Creating environment hook '/workspace/planner/ros2/install/path_planner/share/path_planner/hook/ament_prefix_path.sh'
[0.264s] INFO:colcon.colcon_core.shell:Skip shell extension 'powershell' for command environment: Not usable outside of PowerShell
[0.264s] DEBUG:colcon.colcon_core.shell:Skip shell extension 'dsv' for command environment
[0.283s] DEBUG:colcon.colcon_core.event_handler.log_command:Invoking command in '/workspace/planner/ros2/build/usr_msgs': CMAKE_PREFIX_PATH=/opt/ros/galactic /usr/local/bin/cmake --build /workspace/planner/ros2/build/usr_msgs -- -j12 -l12
[0.295s] DEBUG:colcon.colcon_core.event_handler.log_command:Invoking command in '/workspace/planner/ros2/build/utils': CMAKE_PREFIX_PATH=/opt/ros/galactic /usr/local/bin/cmake --build /workspace/planner/ros2/build/utils -- -j12 -l12
[0.527s] INFO:colcon.colcon_core.task.python.build:Building Python package in '/workspace/planner/ros2/src/graphics'
[0.530s] INFO:colcon.colcon_core.shell:Skip shell extension 'powershell' for command environment: Not usable outside of PowerShell
[0.530s] DEBUG:colcon.colcon_core.shell:Skip shell extension 'dsv' for command environment
[0.753s] INFO:colcon.colcon_core.task.python.build:Building Python package in '/workspace/planner/ros2/src/kiwibot'
[0.754s] INFO:colcon.colcon_core.shell:Skip shell extension 'powershell' for command environment: Not usable outside of PowerShell
[0.754s] DEBUG:colcon.colcon_core.shell:Skip shell extension 'dsv' for command environment
[1.039s] INFO:colcon.colcon_core.task.python.build:Building Python package in '/workspace/planner/ros2/src/path_planner'
[1.039s] INFO:colcon.colcon_core.shell:Skip shell extension 'powershell' for command environment: Not usable outside of PowerShell
[1.039s] DEBUG:colcon.colcon_core.shell:Skip shell extension 'dsv' for command environment
[1.047s] DEBUG:colcon.colcon_core.event_handler.log_command:Invoked command in '/workspace/planner/ros2/build/usr_msgs' returned '0': CMAKE_PREFIX_PATH=/opt/ros/galactic /usr/local/bin/cmake --build /workspace/planner/ros2/build/usr_msgs -- -j12 -l12
[1.053s] DEBUG:colcon.colcon_core.event_handler.log_command:Invoked command in '/workspace/planner/ros2/build/utils' returned '0': CMAKE_PREFIX_PATH=/opt/ros/galactic /usr/local/bin/cmake --build /workspace/planner/ros2/build/utils -- -j12 -l12
[1.084s] DEBUG:colcon.colcon_core.event_handler.log_command:Invoking command in '/workspace/planner/ros2/build/utils': CMAKE_PREFIX_PATH=/opt/ros/galactic /usr/local/bin/cmake --install /workspace/planner/ros2/build/utils
[1.113s] Level 1:colcon.colcon_core.environment:create_environment_scripts_only(utils)
[1.116s] DEBUG:colcon.colcon_core.event_handler.log_command:Invoked command in '/workspace/planner/ros2/build/utils' returned '0': CMAKE_PREFIX_PATH=/opt/ros/galactic /usr/local/bin/cmake --install /workspace/planner/ros2/build/utils
[1.120s] Level 1:colcon.colcon_core.environment:checking '/workspace/planner/ros2/install/utils' for CMake module files
[1.121s] Level 1:colcon.colcon_core.environment:checking '/workspace/planner/ros2/install/utils' for CMake config files
[1.122s] Level 1:colcon.colcon_core.shell:create_environment_hook('utils', 'cmake_prefix_path')
[1.123s] INFO:colcon.colcon_core.shell:Creating environment hook '/workspace/planner/ros2/install/utils/share/utils/hook/cmake_prefix_path.ps1'
[1.123s] INFO:colcon.colcon_core.shell:Creating environment descriptor '/workspace/planner/ros2/install/utils/share/utils/hook/cmake_prefix_path.dsv'
[1.124s] INFO:colcon.colcon_core.shell:Creating environment hook '/workspace/planner/ros2/install/utils/share/utils/hook/cmake_prefix_path.sh'
[1.125s] Level 1:colcon.colcon_core.environment:checking '/workspace/planner/ros2/install/utils/lib'
[1.125s] Level 1:colcon.colcon_core.environment:checking '/workspace/planner/ros2/install/utils/bin'
[1.125s] Level 1:colcon.colcon_core.environment:checking '/workspace/planner/ros2/install/utils/lib/pkgconfig/utils.pc'
[1.125s] Level 1:colcon.colcon_core.environment:checking '/workspace/planner/ros2/install/utils/lib/python3.8/site-packages'
[1.126s] INFO:colcon.colcon_core.shell:Creating package script '/workspace/planner/ros2/install/utils/share/utils/package.ps1'
[1.127s] INFO:colcon.colcon_core.shell:Creating package descriptor '/workspace/planner/ros2/install/utils/share/utils/package.dsv'
[1.127s] INFO:colcon.colcon_core.shell:Creating package script '/workspace/planner/ros2/install/utils/share/utils/package.sh'
[1.128s] INFO:colcon.colcon_core.shell:Creating package script '/workspace/planner/ros2/install/utils/share/utils/package.bash'
[1.130s] INFO:colcon.colcon_core.shell:Creating package script '/workspace/planner/ros2/install/utils/share/utils/package.zsh'
[1.131s] Level 1:colcon.colcon_core.environment:create_file_with_runtime_dependencies(/workspace/planner/ros2/install/utils/share/colcon-core/packages/utils)
[1.139s] DEBUG:colcon.colcon_core.event_handler.log_command:Invoking command in '/workspace/planner/ros2/build/usr_msgs': CMAKE_PREFIX_PATH=/opt/ros/galactic /usr/local/bin/cmake --install /workspace/planner/ros2/build/usr_msgs
[1.153s] Level 1:colcon.colcon_core.environment:create_environment_scripts_only(utils)
[1.154s] Level 1:colcon.colcon_core.environment:checking '/workspace/planner/ros2/install/utils' for CMake module files
[1.155s] Level 1:colcon.colcon_core.environment:checking '/workspace/planner/ros2/install/utils' for CMake config files
[1.156s] Level 1:colcon.colcon_core.shell:create_environment_hook('utils', 'cmake_prefix_path')
[1.156s] INFO:colcon.colcon_core.shell:Creating environment hook '/workspace/planner/ros2/install/utils/share/utils/hook/cmake_prefix_path.ps1'
[1.158s] INFO:colcon.colcon_core.shell:Creating environment descriptor '/workspace/planner/ros2/install/utils/share/utils/hook/cmake_prefix_path.dsv'
[1.159s] INFO:colcon.colcon_core.shell:Creating environment hook '/workspace/planner/ros2/install/utils/share/utils/hook/cmake_prefix_path.sh'
[1.160s] Level 1:colcon.colcon_core.environment:checking '/workspace/planner/ros2/install/utils/lib'
[1.160s] Level 1:colcon.colcon_core.environment:checking '/workspace/planner/ros2/install/utils/bin'
[1.160s] Level 1:colcon.colcon_core.environment:checking '/workspace/planner/ros2/install/utils/lib/pkgconfig/utils.pc'
[1.160s] Level 1:colcon.colcon_core.environment:checking '/workspace/planner/ros2/install/utils/lib/python3.8/site-packages'
[1.162s] INFO:colcon.colcon_core.shell:Creating package script '/workspace/planner/ros2/install/utils/share/utils/package.ps1'
[1.163s] INFO:colcon.colcon_core.shell:Creating package descriptor '/workspace/planner/ros2/install/utils/share/utils/package.dsv'
[1.163s] INFO:colcon.colcon_core.shell:Creating package script '/workspace/planner/ros2/install/utils/share/utils/package.sh'
[1.164s] INFO:colcon.colcon_core.shell:Creating package script '/workspace/planner/ros2/install/utils/share/utils/package.bash'
[1.164s] INFO:colcon.colcon_core.shell:Creating package script '/workspace/planner/ros2/install/utils/share/utils/package.zsh'
[1.165s] Level 1:colcon.colcon_core.environment:create_file_with_runtime_dependencies(/workspace/planner/ros2/install/utils/share/colcon-core/packages/utils)
[1.165s] INFO:colcon.colcon_ros.task.ament_cmake.build:Building ROS package in '/workspace/planner/ros2/src/interfaces' with build type 'ament_cmake'
[1.166s] INFO:colcon.colcon_cmake.task.cmake.build:Building CMake package in '/workspace/planner/ros2/src/interfaces'
[1.166s] INFO:colcon.colcon_core.shell:Skip shell extension 'powershell' for command environment: Not usable outside of PowerShell
[1.166s] DEBUG:colcon.colcon_core.shell:Skip shell extension 'dsv' for command environment
[1.188s] DEBUG:colcon.colcon_core.event_handler.log_command:Invoking command in '/workspace/planner/ros2/build/interfaces': AMENT_PREFIX_PATH=/workspace/planner/ros2/install/utils:${AMENT_PREFIX_PATH} CMAKE_PREFIX_PATH=/workspace/planner/ros2/install/utils:/opt/ros/galactic LD_LIBRARY_PATH=/workspace/planner/ros2/install/utils/lib:${LD_LIBRARY_PATH} /usr/local/bin/cmake --build /workspace/planner/ros2/build/interfaces -- -j12 -l12
[1.245s] DEBUG:colcon.colcon_core.event_handler.log_command:Invoked command in '/workspace/planner/ros2/build/interfaces' returned '0': AMENT_PREFIX_PATH=/workspace/planner/ros2/install/utils:${AMENT_PREFIX_PATH} CMAKE_PREFIX_PATH=/workspace/planner/ros2/install/utils:/opt/ros/galactic LD_LIBRARY_PATH=/workspace/planner/ros2/install/utils/lib:${LD_LIBRARY_PATH} /usr/local/bin/cmake --build /workspace/planner/ros2/build/interfaces -- -j12 -l12
[1.275s] DEBUG:colcon.colcon_core.event_handler.log_command:Invoking command in '/workspace/planner/ros2/build/interfaces': AMENT_PREFIX_PATH=/workspace/planner/ros2/install/utils:${AMENT_PREFIX_PATH} CMAKE_PREFIX_PATH=/workspace/planner/ros2/install/utils:/opt/ros/galactic LD_LIBRARY_PATH=/workspace/planner/ros2/install/utils/lib:${LD_LIBRARY_PATH} /usr/local/bin/cmake --install /workspace/planner/ros2/build/interfaces
[1.298s] Level 1:colcon.colcon_core.environment:create_environment_scripts_only(usr_msgs)
[1.300s] Level 1:colcon.colcon_core.environment:checking '/workspace/planner/ros2/install/usr_msgs' for CMake module files
[1.302s] DEBUG:colcon.colcon_core.event_handler.log_command:Invoked command in '/workspace/planner/ros2/build/usr_msgs' returned '0': CMAKE_PREFIX_PATH=/opt/ros/galactic /usr/local/bin/cmake --install /workspace/planner/ros2/build/usr_msgs
[1.304s] Level 1:colcon.colcon_core.environment:checking '/workspace/planner/ros2/install/usr_msgs' for CMake config files
[1.306s] Level 1:colcon.colcon_core.shell:create_environment_hook('usr_msgs', 'cmake_prefix_path')
[1.307s] INFO:colcon.colcon_core.shell:Creating environment hook '/workspace/planner/ros2/install/usr_msgs/share/usr_msgs/hook/cmake_prefix_path.ps1'
[1.308s] INFO:colcon.colcon_core.shell:Creating environment descriptor '/workspace/planner/ros2/install/usr_msgs/share/usr_msgs/hook/cmake_prefix_path.dsv'
[1.310s] INFO:colcon.colcon_core.shell:Creating environment hook '/workspace/planner/ros2/install/usr_msgs/share/usr_msgs/hook/cmake_prefix_path.sh'
[1.311s] Level 1:colcon.colcon_core.environment:checking '/workspace/planner/ros2/install/usr_msgs/lib'
[1.311s] Level 1:colcon.colcon_core.shell:create_environment_hook('usr_msgs', 'ld_library_path_lib')
[1.312s] INFO:colcon.colcon_core.shell:Creating environment hook '/workspace/planner/ros2/install/usr_msgs/share/usr_msgs/hook/ld_library_path_lib.ps1'
[1.318s] INFO:colcon.colcon_core.shell:Creating environment descriptor '/workspace/planner/ros2/install/usr_msgs/share/usr_msgs/hook/ld_library_path_lib.dsv'
[1.319s] INFO:colcon.colcon_core.shell:Creating environment hook '/workspace/planner/ros2/install/usr_msgs/share/usr_msgs/hook/ld_library_path_lib.sh'
[1.319s] Level 1:colcon.colcon_core.environment:checking '/workspace/planner/ros2/install/usr_msgs/bin'
[1.319s] Level 1:colcon.colcon_core.environment:checking '/workspace/planner/ros2/install/usr_msgs/lib/pkgconfig/usr_msgs.pc'
[1.320s] Level 1:colcon.colcon_core.environment:checking '/workspace/planner/ros2/install/usr_msgs/lib/python3.8/site-packages'
[1.320s] Level 1:colcon.colcon_core.shell:create_environment_hook('usr_msgs', 'pythonpath')
[1.321s] INFO:colcon.colcon_core.shell:Creating environment hook '/workspace/planner/ros2/install/usr_msgs/share/usr_msgs/hook/pythonpath.ps1'
[1.322s] INFO:colcon.colcon_core.shell:Creating environment descriptor '/workspace/planner/ros2/install/usr_msgs/share/usr_msgs/hook/pythonpath.dsv'
[1.322s] INFO:colcon.colcon_core.shell:Creating environment hook '/workspace/planner/ros2/install/usr_msgs/share/usr_msgs/hook/pythonpath.sh'
[1.324s] INFO:colcon.colcon_core.shell:Creating package script '/workspace/planner/ros2/install/usr_msgs/share/usr_msgs/package.ps1'
[1.325s] INFO:colcon.colcon_core.shell:Creating package descriptor '/workspace/planner/ros2/install/usr_msgs/share/usr_msgs/package.dsv'
[1.326s] INFO:colcon.colcon_core.shell:Creating package script '/workspace/planner/ros2/install/usr_msgs/share/usr_msgs/package.sh'
[1.326s] INFO:colcon.colcon_core.shell:Creating package script '/workspace/planner/ros2/install/usr_msgs/share/usr_msgs/package.bash'
[1.327s] INFO:colcon.colcon_core.shell:Creating package script '/workspace/planner/ros2/install/usr_msgs/share/usr_msgs/package.zsh'
[1.327s] Level 1:colcon.colcon_core.environment:create_file_with_runtime_dependencies(/workspace/planner/ros2/install/usr_msgs/share/colcon-core/packages/usr_msgs)
[1.335s] Level 1:colcon.colcon_core.environment:create_environment_scripts_only(interfaces)
[1.338s] Level 1:colcon.colcon_core.environment:checking '/workspace/planner/ros2/install/interfaces' for CMake module files
[1.338s] DEBUG:colcon.colcon_core.event_handler.log_command:Invoked command in '/workspace/planner/ros2/build/interfaces' returned '0': AMENT_PREFIX_PATH=/workspace/planner/ros2/install/utils:${AMENT_PREFIX_PATH} CMAKE_PREFIX_PATH=/workspace/planner/ros2/install/utils:/opt/ros/galactic LD_LIBRARY_PATH=/workspace/planner/ros2/install/utils/lib:${LD_LIBRARY_PATH} /usr/local/bin/cmake --install /workspace/planner/ros2/build/interfaces
[1.339s] Level 1:colcon.colcon_core.environment:checking '/workspace/planner/ros2/install/interfaces' for CMake config files
[1.340s] Level 1:colcon.colcon_core.shell:create_environment_hook('interfaces', 'cmake_prefix_path')
[1.341s] INFO:colcon.colcon_core.shell:Creating environment hook '/workspace/planner/ros2/install/interfaces/share/interfaces/hook/cmake_prefix_path.ps1'
[1.341s] INFO:colcon.colcon_core.shell:Creating environment descriptor '/workspace/planner/ros2/install/interfaces/share/interfaces/hook/cmake_prefix_path.dsv'
[1.342s] INFO:colcon.colcon_core.shell:Creating environment hook '/workspace/planner/ros2/install/interfaces/share/interfaces/hook/cmake_prefix_path.sh'
[1.342s] Level 1:colcon.colcon_core.environment:checking '/workspace/planner/ros2/install/interfaces/lib'
[1.342s] Level 1:colcon.colcon_core.environment:checking '/workspace/planner/ros2/install/interfaces/bin'
[1.342s] Level 1:colcon.colcon_core.environment:checking '/workspace/planner/ros2/install/interfaces/lib/pkgconfig/interfaces.pc'
[1.343s] Level 1:colcon.colcon_core.environment:checking '/workspace/planner/ros2/install/interfaces/lib/python3.8/site-packages'
[1.343s] INFO:colcon.colcon_core.shell:Creating package script '/workspace/planner/ros2/install/interfaces/share/interfaces/package.ps1'
[1.344s] INFO:colcon.colcon_core.shell:Creating package descriptor '/workspace/planner/ros2/install/interfaces/share/interfaces/package.dsv'
[1.345s] INFO:colcon.colcon_core.shell:Creating package script '/workspace/planner/ros2/install/interfaces/share/interfaces/package.sh'
[1.345s] INFO:colcon.colcon_core.shell:Creating package script '/workspace/planner/ros2/install/interfaces/share/interfaces/package.bash'
[1.345s] INFO:colcon.colcon_core.shell:Creating package script '/workspace/planner/ros2/install/interfaces/share/interfaces/package.zsh'
[1.346s] Level 1:colcon.colcon_core.environment:create_file_with_runtime_dependencies(/workspace/planner/ros2/install/interfaces/share/colcon-core/packages/interfaces)
[1.378s] Level 1:colcon.colcon_core.environment:create_environment_scripts_only(interfaces)
[1.379s] Level 1:colcon.colcon_core.environment:checking '/workspace/planner/ros2/install/interfaces' for CMake module files
[1.380s] Level 1:colcon.colcon_core.environment:checking '/workspace/planner/ros2/install/interfaces' for CMake config files
[1.380s] Level 1:colcon.colcon_core.shell:create_environment_hook('interfaces', 'cmake_prefix_path')
[1.382s] INFO:colcon.colcon_core.shell:Creating environment hook '/workspace/planner/ros2/install/interfaces/share/interfaces/hook/cmake_prefix_path.ps1'
[1.384s] INFO:colcon.colcon_core.shell:Creating environment descriptor '/workspace/planner/ros2/install/interfaces/share/interfaces/hook/cmake_prefix_path.dsv'
[1.384s] INFO:colcon.colcon_core.shell:Creating environment hook '/workspace/planner/ros2/install/interfaces/share/interfaces/hook/cmake_prefix_path.sh'
[1.385s] Level 1:colcon.colcon_core.environment:checking '/workspace/planner/ros2/install/interfaces/lib'
[1.385s] Level 1:colcon.colcon_core.environment:checking '/workspace/planner/ros2/install/interfaces/bin'
[1.385s] Level 1:colcon.colcon_core.environment:checking '/workspace/planner/ros2/install/interfaces/lib/pkgconfig/interfaces.pc'
[1.385s] Level 1:colcon.colcon_core.environment:checking '/workspace/planner/ros2/install/interfaces/lib/python3.8/site-packages'
[1.386s] INFO:colcon.colcon_core.shell:Creating package script '/workspace/planner/ros2/install/interfaces/share/interfaces/package.ps1'
[1.387s] INFO:colcon.colcon_core.shell:Creating package descriptor '/workspace/planner/ros2/install/interfaces/share/interfaces/package.dsv'
[1.388s] INFO:colcon.colcon_core.shell:Creating package script '/workspace/planner/ros2/install/interfaces/share/interfaces/package.sh'
[1.389s] INFO:colcon.colcon_core.shell:Creating package script '/workspace/planner/ros2/install/interfaces/share/interfaces/package.bash'
[1.390s] INFO:colcon.colcon_core.shell:Creating package script '/workspace/planner/ros2/install/interfaces/share/interfaces/package.zsh'
[1.390s] Level 1:colcon.colcon_core.environment:create_file_with_runtime_dependencies(/workspace/planner/ros2/install/interfaces/share/colcon-core/packages/interfaces)
[1.445s] Level 1:colcon.colcon_core.environment:create_environment_scripts_only(usr_msgs)
[1.446s] Level 1:colcon.colcon_core.environment:checking '/workspace/planner/ros2/install/usr_msgs' for CMake module files
[1.447s] Level 1:colcon.colcon_core.environment:checking '/workspace/planner/ros2/install/usr_msgs' for CMake config files
[1.448s] Level 1:colcon.colcon_core.shell:create_environment_hook('usr_msgs', 'cmake_prefix_path')
[1.449s] INFO:colcon.colcon_core.shell:Creating environment hook '/workspace/planner/ros2/install/usr_msgs/share/usr_msgs/hook/cmake_prefix_path.ps1'
[1.450s] INFO:colcon.colcon_core.shell:Creating environment descriptor '/workspace/planner/ros2/install/usr_msgs/share/usr_msgs/hook/cmake_prefix_path.dsv'
[1.451s] INFO:colcon.colcon_core.shell:Creating environment hook '/workspace/planner/ros2/install/usr_msgs/share/usr_msgs/hook/cmake_prefix_path.sh'
[1.452s] Level 1:colcon.colcon_core.environment:checking '/workspace/planner/ros2/install/usr_msgs/lib'
[1.452s] Level 1:colcon.colcon_core.shell:create_environment_hook('usr_msgs', 'ld_library_path_lib')
[1.453s] INFO:colcon.colcon_core.shell:Creating environment hook '/workspace/planner/ros2/install/usr_msgs/share/usr_msgs/hook/ld_library_path_lib.ps1'
[1.453s] INFO:colcon.colcon_core.shell:Creating environment descriptor '/workspace/planner/ros2/install/usr_msgs/share/usr_msgs/hook/ld_library_path_lib.dsv'
[1.453s] INFO:colcon.colcon_core.shell:Creating environment hook '/workspace/planner/ros2/install/usr_msgs/share/usr_msgs/hook/ld_library_path_lib.sh'
[1.454s] Level 1:colcon.colcon_core.environment:checking '/workspace/planner/ros2/install/usr_msgs/bin'
[1.454s] Level 1:colcon.colcon_core.environment:checking '/workspace/planner/ros2/install/usr_msgs/lib/pkgconfig/usr_msgs.pc'
[1.454s] Level 1:colcon.colcon_core.environment:checking '/workspace/planner/ros2/install/usr_msgs/lib/python3.8/site-packages'
[1.454s] Level 1:colcon.colcon_core.shell:create_environment_hook('usr_msgs', 'pythonpath')
[1.455s] INFO:colcon.colcon_core.shell:Creating environment hook '/workspace/planner/ros2/install/usr_msgs/share/usr_msgs/hook/pythonpath.ps1'
[1.455s] INFO:colcon.colcon_core.shell:Creating environment descriptor '/workspace/planner/ros2/install/usr_msgs/share/usr_msgs/hook/pythonpath.dsv'
[1.455s] INFO:colcon.colcon_core.shell:Creating environment hook '/workspace/planner/ros2/install/usr_msgs/share/usr_msgs/hook/pythonpath.sh'
[1.457s] INFO:colcon.colcon_core.shell:Creating package script '/workspace/planner/ros2/install/usr_msgs/share/usr_msgs/package.ps1'
[1.458s] INFO:colcon.colcon_core.shell:Creating package descriptor '/workspace/planner/ros2/install/usr_msgs/share/usr_msgs/package.dsv'
[1.459s] INFO:colcon.colcon_core.shell:Creating package script '/workspace/planner/ros2/install/usr_msgs/share/usr_msgs/package.sh'
[1.459s] INFO:colcon.colcon_core.shell:Creating package script '/workspace/planner/ros2/install/usr_msgs/share/usr_msgs/package.bash'
[1.459s] INFO:colcon.colcon_core.shell:Creating package script '/workspace/planner/ros2/install/usr_msgs/share/usr_msgs/package.zsh'
[1.460s] Level 1:colcon.colcon_core.environment:create_file_with_runtime_dependencies(/workspace/planner/ros2/install/usr_msgs/share/colcon-core/packages/usr_msgs)
[1.461s] INFO:colcon.colcon_ros.task.ament_cmake.build:Building ROS package in '/workspace/planner/ros2/src/usr_srvs' with build type 'ament_cmake'
[1.462s] INFO:colcon.colcon_cmake.task.cmake.build:Building CMake package in '/workspace/planner/ros2/src/usr_srvs'
[1.463s] INFO:colcon.colcon_core.shell:Skip shell extension 'powershell' for command environment: Not usable outside of PowerShell
[1.463s] DEBUG:colcon.colcon_core.shell:Skip shell extension 'dsv' for command environment
[1.490s] DEBUG:colcon.colcon_core.event_handler.log_command:Invoking command in '/workspace/planner/ros2/build/usr_srvs': AMENT_PREFIX_PATH=/workspace/planner/ros2/install/usr_msgs:${AMENT_PREFIX_PATH} CMAKE_PREFIX_PATH=/workspace/planner/ros2/install/usr_msgs:/opt/ros/galactic LD_LIBRARY_PATH=/workspace/planner/ros2/install/usr_msgs/lib:${LD_LIBRARY_PATH} PYTHONPATH=/workspace/planner/ros2/install/usr_msgs/lib/python3.8/site-packages:${PYTHONPATH} /usr/local/bin/cmake --build /workspace/planner/ros2/build/usr_srvs -- -j12 -l12
[1.626s] DEBUG:colcon.colcon_core.event_handler.log_command:Invoking command in '/workspace/planner/ros2/build/graphics': PYTHONPATH=/workspace/planner/ros2/install/graphics/lib/python3.8/site-packages:${PYTHONPATH} /usr/bin/python3 setup.py develop --prefix /workspace/planner/ros2/install/graphics --editable --build-directory /workspace/planner/ros2/build/graphics/build --no-deps install_data --install-dir /workspace/planner/ros2/install/graphics
[1.687s] DEBUG:colcon.colcon_core.event_handler.log_command:Invoking command in '/workspace/planner/ros2/build/path_planner': PYTHONPATH=/workspace/planner/ros2/install/path_planner/lib/python3.8/site-packages:${PYTHONPATH} /usr/bin/python3 setup.py develop --prefix /workspace/planner/ros2/install/path_planner --editable --build-directory /workspace/planner/ros2/build/path_planner/build --no-deps install_data --install-dir /workspace/planner/ros2/install/path_planner
[1.714s] DEBUG:colcon.colcon_core.event_handler.log_command:Invoking command in '/workspace/planner/ros2/build/kiwibot': PYTHONPATH=/workspace/planner/ros2/install/kiwibot/lib/python3.8/site-packages:${PYTHONPATH} /usr/bin/python3 setup.py develop --prefix /workspace/planner/ros2/install/kiwibot --editable --build-directory /workspace/planner/ros2/build/kiwibot/build --no-deps install_data --install-dir /workspace/planner/ros2/install/kiwibot
[1.757s] DEBUG:colcon.colcon_core.event_handler.log_command:Invoked command in '/workspace/planner/ros2/build/usr_srvs' returned '0': AMENT_PREFIX_PATH=/workspace/planner/ros2/install/usr_msgs:${AMENT_PREFIX_PATH} CMAKE_PREFIX_PATH=/workspace/planner/ros2/install/usr_msgs:/opt/ros/galactic LD_LIBRARY_PATH=/workspace/planner/ros2/install/usr_msgs/lib:${LD_LIBRARY_PATH} PYTHONPATH=/workspace/planner/ros2/install/usr_msgs/lib/python3.8/site-packages:${PYTHONPATH} /usr/local/bin/cmake --build /workspace/planner/ros2/build/usr_srvs -- -j12 -l12
[1.842s] DEBUG:colcon.colcon_core.event_handler.log_command:Invoking command in '/workspace/planner/ros2/build/usr_srvs': AMENT_PREFIX_PATH=/workspace/planner/ros2/install/usr_msgs:${AMENT_PREFIX_PATH} CMAKE_PREFIX_PATH=/workspace/planner/ros2/install/usr_msgs:/opt/ros/galactic LD_LIBRARY_PATH=/workspace/planner/ros2/install/usr_msgs/lib:${LD_LIBRARY_PATH} PYTHONPATH=/workspace/planner/ros2/install/usr_msgs/lib/python3.8/site-packages:${PYTHONPATH} /usr/local/bin/cmake --install /workspace/planner/ros2/build/usr_srvs
[1.983s] Level 1:colcon.colcon_core.environment:create_environment_scripts_only(usr_srvs)
[1.985s] Level 1:colcon.colcon_core.environment:checking '/workspace/planner/ros2/install/usr_srvs' for CMake module files
[1.985s] DEBUG:colcon.colcon_core.event_handler.log_command:Invoked command in '/workspace/planner/ros2/build/usr_srvs' returned '0': AMENT_PREFIX_PATH=/workspace/planner/ros2/install/usr_msgs:${AMENT_PREFIX_PATH} CMAKE_PREFIX_PATH=/workspace/planner/ros2/install/usr_msgs:/opt/ros/galactic LD_LIBRARY_PATH=/workspace/planner/ros2/install/usr_msgs/lib:${LD_LIBRARY_PATH} PYTHONPATH=/workspace/planner/ros2/install/usr_msgs/lib/python3.8/site-packages:${PYTHONPATH} /usr/local/bin/cmake --install /workspace/planner/ros2/build/usr_srvs
[1.987s] Level 1:colcon.colcon_core.environment:checking '/workspace/planner/ros2/install/usr_srvs' for CMake config files
[1.988s] Level 1:colcon.colcon_core.shell:create_environment_hook('usr_srvs', 'cmake_prefix_path')
[1.989s] INFO:colcon.colcon_core.shell:Creating environment hook '/workspace/planner/ros2/install/usr_srvs/share/usr_srvs/hook/cmake_prefix_path.ps1'
[1.989s] INFO:colcon.colcon_core.shell:Creating environment descriptor '/workspace/planner/ros2/install/usr_srvs/share/usr_srvs/hook/cmake_prefix_path.dsv'
[1.990s] INFO:colcon.colcon_core.shell:Creating environment hook '/workspace/planner/ros2/install/usr_srvs/share/usr_srvs/hook/cmake_prefix_path.sh'
[1.991s] Level 1:colcon.colcon_core.environment:checking '/workspace/planner/ros2/install/usr_srvs/lib'
[1.991s] Level 1:colcon.colcon_core.shell:create_environment_hook('usr_srvs', 'ld_library_path_lib')
[1.992s] INFO:colcon.colcon_core.shell:Creating environment hook '/workspace/planner/ros2/install/usr_srvs/share/usr_srvs/hook/ld_library_path_lib.ps1'
[1.994s] INFO:colcon.colcon_core.shell:Creating environment descriptor '/workspace/planner/ros2/install/usr_srvs/share/usr_srvs/hook/ld_library_path_lib.dsv'
[1.997s] INFO:colcon.colcon_core.shell:Creating environment hook '/workspace/planner/ros2/install/usr_srvs/share/usr_srvs/hook/ld_library_path_lib.sh'
[2.000s] Level 1:colcon.colcon_core.environment:checking '/workspace/planner/ros2/install/usr_srvs/bin'
[2.000s] Level 1:colcon.colcon_core.environment:checking '/workspace/planner/ros2/install/usr_srvs/lib/pkgconfig/usr_srvs.pc'
[2.001s] Level 1:colcon.colcon_core.environment:checking '/workspace/planner/ros2/install/usr_srvs/lib/python3.8/site-packages'
[2.001s] Level 1:colcon.colcon_core.shell:create_environment_hook('usr_srvs', 'pythonpath')
[2.002s] INFO:colcon.colcon_core.shell:Creating environment hook '/workspace/planner/ros2/install/usr_srvs/share/usr_srvs/hook/pythonpath.ps1'
[2.005s] INFO:colcon.colcon_core.shell:Creating environment descriptor '/workspace/planner/ros2/install/usr_srvs/share/usr_srvs/hook/pythonpath.dsv'
[2.006s] INFO:colcon.colcon_core.shell:Creating environment hook '/workspace/planner/ros2/install/usr_srvs/share/usr_srvs/hook/pythonpath.sh'
[2.008s] INFO:colcon.colcon_core.shell:Creating package script '/workspace/planner/ros2/install/usr_srvs/share/usr_srvs/package.ps1'
[2.010s] INFO:colcon.colcon_core.shell:Creating package descriptor '/workspace/planner/ros2/install/usr_srvs/share/usr_srvs/package.dsv'
[2.011s] INFO:colcon.colcon_core.shell:Creating package script '/workspace/planner/ros2/install/usr_srvs/share/usr_srvs/package.sh'
[2.012s] INFO:colcon.colcon_core.shell:Creating package script '/workspace/planner/ros2/install/usr_srvs/share/usr_srvs/package.bash'
[2.013s] INFO:colcon.colcon_core.shell:Creating package script '/workspace/planner/ros2/install/usr_srvs/share/usr_srvs/package.zsh'
[2.015s] Level 1:colcon.colcon_core.environment:create_file_with_runtime_dependencies(/workspace/planner/ros2/install/usr_srvs/share/colcon-core/packages/usr_srvs)
[2.091s] Level 1:colcon.colcon_core.environment:create_environment_scripts_only(usr_srvs)
[2.092s] Level 1:colcon.colcon_core.environment:checking '/workspace/planner/ros2/install/usr_srvs' for CMake module files
[2.093s] Level 1:colcon.colcon_core.environment:checking '/workspace/planner/ros2/install/usr_srvs' for CMake config files
[2.094s] Level 1:colcon.colcon_core.shell:create_environment_hook('usr_srvs', 'cmake_prefix_path')
[2.095s] INFO:colcon.colcon_core.shell:Creating environment hook '/workspace/planner/ros2/install/usr_srvs/share/usr_srvs/hook/cmake_prefix_path.ps1'
[2.095s] INFO:colcon.colcon_core.shell:Creating environment descriptor '/workspace/planner/ros2/install/usr_srvs/share/usr_srvs/hook/cmake_prefix_path.dsv'
[2.095s] INFO:colcon.colcon_core.shell:Creating environment hook '/workspace/planner/ros2/install/usr_srvs/share/usr_srvs/hook/cmake_prefix_path.sh'
[2.096s] Level 1:colcon.colcon_core.environment:checking '/workspace/planner/ros2/install/usr_srvs/lib'
[2.096s] Level 1:colcon.colcon_core.shell:create_environment_hook('usr_srvs', 'ld_library_path_lib')
[2.097s] INFO:colcon.colcon_core.shell:Creating environment hook '/workspace/planner/ros2/install/usr_srvs/share/usr_srvs/hook/ld_library_path_lib.ps1'
[2.098s] INFO:colcon.colcon_core.shell:Creating environment descriptor '/workspace/planner/ros2/install/usr_srvs/share/usr_srvs/hook/ld_library_path_lib.dsv'
[2.099s] INFO:colcon.colcon_core.shell:Creating environment hook '/workspace/planner/ros2/install/usr_srvs/share/usr_srvs/hook/ld_library_path_lib.sh'
[2.099s] Level 1:colcon.colcon_core.environment:checking '/workspace/planner/ros2/install/usr_srvs/bin'
[2.099s] Level 1:colcon.colcon_core.environment:checking '/workspace/planner/ros2/install/usr_srvs/lib/pkgconfig/usr_srvs.pc'
[2.100s] Level 1:colcon.colcon_core.environment:checking '/workspace/planner/ros2/install/usr_srvs/lib/python3.8/site-packages'
[2.100s] Level 1:colcon.colcon_core.shell:create_environment_hook('usr_srvs', 'pythonpath')
[2.100s] INFO:colcon.colcon_core.shell:Creating environment hook '/workspace/planner/ros2/install/usr_srvs/share/usr_srvs/hook/pythonpath.ps1'
[2.101s] INFO:colcon.colcon_core.shell:Creating environment descriptor '/workspace/planner/ros2/install/usr_srvs/share/usr_srvs/hook/pythonpath.dsv'
[2.102s] INFO:colcon.colcon_core.shell:Creating environment hook '/workspace/planner/ros2/install/usr_srvs/share/usr_srvs/hook/pythonpath.sh'
[2.103s] INFO:colcon.colcon_core.shell:Creating package script '/workspace/planner/ros2/install/usr_srvs/share/usr_srvs/package.ps1'
[2.104s] INFO:colcon.colcon_core.shell:Creating package descriptor '/workspace/planner/ros2/install/usr_srvs/share/usr_srvs/package.dsv'
[2.104s] INFO:colcon.colcon_core.shell:Creating package script '/workspace/planner/ros2/install/usr_srvs/share/usr_srvs/package.sh'
[2.104s] INFO:colcon.colcon_core.shell:Creating package script '/workspace/planner/ros2/install/usr_srvs/share/usr_srvs/package.bash'
[2.105s] INFO:colcon.colcon_core.shell:Creating package script '/workspace/planner/ros2/install/usr_srvs/share/usr_srvs/package.zsh'
[2.105s] Level 1:colcon.colcon_core.environment:create_file_with_runtime_dependencies(/workspace/planner/ros2/install/usr_srvs/share/colcon-core/packages/usr_srvs)
[2.215s] Level 1:colcon.colcon_core.shell:create_environment_hook('graphics', 'pythonpath_develop')
[2.216s] INFO:colcon.colcon_core.shell:Creating environment hook '/workspace/planner/ros2/build/graphics/share/graphics/hook/pythonpath_develop.ps1'
[2.217s] DEBUG:colcon.colcon_core.event_handler.log_command:Invoked command in '/workspace/planner/ros2/build/graphics' returned '0': PYTHONPATH=/workspace/planner/ros2/install/graphics/lib/python3.8/site-packages:${PYTHONPATH} /usr/bin/python3 setup.py develop --prefix /workspace/planner/ros2/install/graphics --editable --build-directory /workspace/planner/ros2/build/graphics/build --no-deps install_data --install-dir /workspace/planner/ros2/install/graphics
[2.218s] INFO:colcon.colcon_core.shell:Creating environment descriptor '/workspace/planner/ros2/build/graphics/share/graphics/hook/pythonpath_develop.dsv'
[2.219s] INFO:colcon.colcon_core.shell:Creating environment hook '/workspace/planner/ros2/build/graphics/share/graphics/hook/pythonpath_develop.sh'
[2.221s] Level 1:colcon.colcon_core.environment:checking '/workspace/planner/ros2/install/graphics' for CMake module files
[2.222s] Level 1:colcon.colcon_core.environment:checking '/workspace/planner/ros2/install/graphics' for CMake config files
[2.222s] Level 1:colcon.colcon_core.environment:checking '/workspace/planner/ros2/install/graphics/lib'
[2.223s] Level 1:colcon.colcon_core.environment:checking '/workspace/planner/ros2/install/graphics/bin'
[2.223s] Level 1:colcon.colcon_core.environment:checking '/workspace/planner/ros2/install/graphics/lib/pkgconfig/graphics.pc'
[2.223s] Level 1:colcon.colcon_core.environment:checking '/workspace/planner/ros2/install/graphics/lib/python3.8/site-packages'
[2.223s] Level 1:colcon.colcon_core.shell:create_environment_hook('graphics', 'pythonpath')
[2.223s] INFO:colcon.colcon_core.shell:Creating environment hook '/workspace/planner/ros2/install/graphics/share/graphics/hook/pythonpath.ps1'
[2.224s] INFO:colcon.colcon_core.shell:Creating environment descriptor '/workspace/planner/ros2/install/graphics/share/graphics/hook/pythonpath.dsv'
[2.224s] INFO:colcon.colcon_core.shell:Creating environment hook '/workspace/planner/ros2/install/graphics/share/graphics/hook/pythonpath.sh'
[2.226s] Level 1:colcon.colcon_core.environment:create_environment_scripts_only(graphics)
[2.227s] INFO:colcon.colcon_core.shell:Creating package script '/workspace/planner/ros2/install/graphics/share/graphics/package.ps1'
[2.227s] INFO:colcon.colcon_core.shell:Creating package descriptor '/workspace/planner/ros2/install/graphics/share/graphics/package.dsv'
[2.229s] INFO:colcon.colcon_core.shell:Creating package script '/workspace/planner/ros2/install/graphics/share/graphics/package.sh'
[2.231s] INFO:colcon.colcon_core.shell:Creating package script '/workspace/planner/ros2/install/graphics/share/graphics/package.bash'
[2.232s] INFO:colcon.colcon_core.shell:Creating package script '/workspace/planner/ros2/install/graphics/share/graphics/package.zsh'
[2.233s] Level 1:colcon.colcon_core.environment:create_file_with_runtime_dependencies(/workspace/planner/ros2/install/graphics/share/colcon-core/packages/graphics)
[2.235s] Level 1:colcon.colcon_core.shell:create_environment_hook('kiwibot', 'pythonpath_develop')
[2.236s] INFO:colcon.colcon_core.shell:Creating environment hook '/workspace/planner/ros2/build/kiwibot/share/kiwibot/hook/pythonpath_develop.ps1'
[2.236s] DEBUG:colcon.colcon_core.event_handler.log_command:Invoked command in '/workspace/planner/ros2/build/kiwibot' returned '0': PYTHONPATH=/workspace/planner/ros2/install/kiwibot/lib/python3.8/site-packages:${PYTHONPATH} /usr/bin/python3 setup.py develop --prefix /workspace/planner/ros2/install/kiwibot --editable --build-directory /workspace/planner/ros2/build/kiwibot/build --no-deps install_data --install-dir /workspace/planner/ros2/install/kiwibot
[2.237s] INFO:colcon.colcon_core.shell:Creating environment descriptor '/workspace/planner/ros2/build/kiwibot/share/kiwibot/hook/pythonpath_develop.dsv'
[2.237s] INFO:colcon.colcon_core.shell:Creating environment hook '/workspace/planner/ros2/build/kiwibot/share/kiwibot/hook/pythonpath_develop.sh'
[2.238s] Level 1:colcon.colcon_core.environment:checking '/workspace/planner/ros2/install/kiwibot' for CMake module files
[2.239s] Level 1:colcon.colcon_core.environment:checking '/workspace/planner/ros2/install/kiwibot' for CMake config files
[2.239s] Level 1:colcon.colcon_core.environment:checking '/workspace/planner/ros2/install/kiwibot/lib'
[2.239s] Level 1:colcon.colcon_core.environment:checking '/workspace/planner/ros2/install/kiwibot/bin'
[2.239s] Level 1:colcon.colcon_core.environment:checking '/workspace/planner/ros2/install/kiwibot/lib/pkgconfig/kiwibot.pc'
[2.239s] Level 1:colcon.colcon_core.environment:checking '/workspace/planner/ros2/install/kiwibot/lib/python3.8/site-packages'
[2.239s] Level 1:colcon.colcon_core.shell:create_environment_hook('kiwibot', 'pythonpath')
[2.240s] INFO:colcon.colcon_core.shell:Creating environment hook '/workspace/planner/ros2/install/kiwibot/share/kiwibot/hook/pythonpath.ps1'
[2.242s] INFO:colcon.colcon_core.shell:Creating environment descriptor '/workspace/planner/ros2/install/kiwibot/share/kiwibot/hook/pythonpath.dsv'
[2.243s] INFO:colcon.colcon_core.shell:Creating environment hook '/workspace/planner/ros2/install/kiwibot/share/kiwibot/hook/pythonpath.sh'
[2.244s] Level 1:colcon.colcon_core.environment:create_environment_scripts_only(kiwibot)
[2.246s] INFO:colcon.colcon_core.shell:Creating package script '/workspace/planner/ros2/install/kiwibot/share/kiwibot/package.ps1'
[2.246s] INFO:colcon.colcon_core.shell:Creating package descriptor '/workspace/planner/ros2/install/kiwibot/share/kiwibot/package.dsv'
[2.248s] INFO:colcon.colcon_core.shell:Creating package script '/workspace/planner/ros2/install/kiwibot/share/kiwibot/package.sh'
[2.249s] INFO:colcon.colcon_core.shell:Creating package script '/workspace/planner/ros2/install/kiwibot/share/kiwibot/package.bash'
[2.249s] INFO:colcon.colcon_core.shell:Creating package script '/workspace/planner/ros2/install/kiwibot/share/kiwibot/package.zsh'
[2.250s] Level 1:colcon.colcon_core.environment:create_file_with_runtime_dependencies(/workspace/planner/ros2/install/kiwibot/share/colcon-core/packages/kiwibot)
[2.265s] Level 1:colcon.colcon_core.shell:create_environment_hook('path_planner', 'pythonpath_develop')
[2.266s] INFO:colcon.colcon_core.shell:Creating environment hook '/workspace/planner/ros2/build/path_planner/share/path_planner/hook/pythonpath_develop.ps1'
[2.267s] DEBUG:colcon.colcon_core.event_handler.log_command:Invoked command in '/workspace/planner/ros2/build/path_planner' returned '0': PYTHONPATH=/workspace/planner/ros2/install/path_planner/lib/python3.8/site-packages:${PYTHONPATH} /usr/bin/python3 setup.py develop --prefix /workspace/planner/ros2/install/path_planner --editable --build-directory /workspace/planner/ros2/build/path_planner/build --no-deps install_data --install-dir /workspace/planner/ros2/install/path_planner
[2.267s] INFO:colcon.colcon_core.shell:Creating environment descriptor '/workspace/planner/ros2/build/path_planner/share/path_planner/hook/pythonpath_develop.dsv'
[2.268s] INFO:colcon.colcon_core.shell:Creating environment hook '/workspace/planner/ros2/build/path_planner/share/path_planner/hook/pythonpath_develop.sh'
[2.269s] Level 1:colcon.colcon_core.environment:checking '/workspace/planner/ros2/install/path_planner' for CMake module files
[2.269s] Level 1:colcon.colcon_core.environment:checking '/workspace/planner/ros2/install/path_planner' for CMake config files
[2.270s] Level 1:colcon.colcon_core.environment:checking '/workspace/planner/ros2/install/path_planner/lib'
[2.270s] Level 1:colcon.colcon_core.environment:checking '/workspace/planner/ros2/install/path_planner/bin'
[2.270s] Level 1:colcon.colcon_core.environment:checking '/workspace/planner/ros2/install/path_planner/lib/pkgconfig/path_planner.pc'
[2.270s] Level 1:colcon.colcon_core.environment:checking '/workspace/planner/ros2/install/path_planner/lib/python3.8/site-packages'
[2.270s] Level 1:colcon.colcon_core.shell:create_environment_hook('path_planner', 'pythonpath')
[2.271s] INFO:colcon.colcon_core.shell:Creating environment hook '/workspace/planner/ros2/install/path_planner/share/path_planner/hook/pythonpath.ps1'
[2.275s] INFO:colcon.colcon_core.shell:Creating environment descriptor '/workspace/planner/ros2/install/path_planner/share/path_planner/hook/pythonpath.dsv'
[2.275s] INFO:colcon.colcon_core.shell:Creating environment hook '/workspace/planner/ros2/install/path_planner/share/path_planner/hook/pythonpath.sh'
[2.276s] Level 1:colcon.colcon_core.environment:create_environment_scripts_only(path_planner)
[2.277s] INFO:colcon.colcon_core.shell:Creating package script '/workspace/planner/ros2/install/path_planner/share/path_planner/package.ps1'
[2.278s] INFO:colcon.colcon_core.shell:Creating package descriptor '/workspace/planner/ros2/install/path_planner/share/path_planner/package.dsv'
[2.279s] INFO:colcon.colcon_core.shell:Creating package script '/workspace/planner/ros2/install/path_planner/share/path_planner/package.sh'
[2.279s] INFO:colcon.colcon_core.shell:Creating package script '/workspace/planner/ros2/install/path_planner/share/path_planner/package.bash'
[2.279s] INFO:colcon.colcon_core.shell:Creating package script '/workspace/planner/ros2/install/path_planner/share/path_planner/package.zsh'
[2.279s] Level 1:colcon.colcon_core.environment:create_file_with_runtime_dependencies(/workspace/planner/ros2/install/path_planner/share/colcon-core/packages/path_planner)
[2.280s] DEBUG:colcon.colcon_parallel_executor.executor.parallel:closing loop
[2.281s] DEBUG:colcon.colcon_parallel_executor.executor.parallel:loop closed
[2.281s] DEBUG:colcon.colcon_parallel_executor.executor.parallel:run_until_complete finished with '0'
[2.281s] DEBUG:colcon.colcon_core.event_reactor:joining thread
[2.292s] INFO:colcon.colcon_core.plugin_system:Skipping extension 'colcon_notification.desktop_notification.notify_send': Could not find 'notify-send'
[2.292s] INFO:colcon.colcon_core.plugin_system:Skipping extension 'colcon_notification.desktop_notification.terminal_notifier': Not used on non-Darwin systems
[2.292s] INFO:colcon.colcon_core.plugin_system:Skipping extension 'colcon_notification.desktop_notification.win32': Not used on non-Windows systems
[2.292s] INFO:colcon.colcon_notification.desktop_notification:Sending desktop notification using 'notify2'
[2.294s] DEBUG:colcon.colcon_notification.desktop_notification.notify2:Failed to initialize notify2: org.freedesktop.DBus.Error.Spawn.ExecFailed: /usr/bin/dbus-launch terminated abnormally without any error message
[2.295s] DEBUG:colcon.colcon_core.event_reactor:joined thread
[2.296s] INFO:colcon.colcon_core.shell:Creating prefix script '/workspace/planner/ros2/install/local_setup.ps1'
[2.298s] INFO:colcon.colcon_core.shell:Creating prefix util module '/workspace/planner/ros2/install/_local_setup_util_ps1.py'
[2.302s] INFO:colcon.colcon_core.shell:Creating prefix chain script '/workspace/planner/ros2/install/setup.ps1'
[2.304s] INFO:colcon.colcon_core.shell:Creating prefix script '/workspace/planner/ros2/install/local_setup.sh'
[2.306s] INFO:colcon.colcon_core.shell:Creating prefix util module '/workspace/planner/ros2/install/_local_setup_util_sh.py'
[2.307s] INFO:colcon.colcon_core.shell:Creating prefix chain script '/workspace/planner/ros2/install/setup.sh'
[2.309s] INFO:colcon.colcon_core.shell:Creating prefix script '/workspace/planner/ros2/install/local_setup.bash'
[2.309s] INFO:colcon.colcon_core.shell:Creating prefix chain script '/workspace/planner/ros2/install/setup.bash'
[2.310s] INFO:colcon.colcon_core.shell:Creating prefix script '/workspace/planner/ros2/install/local_setup.zsh'
[2.311s] INFO:colcon.colcon_core.shell:Creating prefix chain script '/workspace/planner/ros2/install/setup.zsh'
