[0.018s] Invoking command in '/workspace/planner/ros2/build/interfaces': AMENT_PREFIX_PATH=/workspace/planner/ros2/install/utils:${AMENT_PREFIX_PATH} CMAKE_PREFIX_PATH=/workspace/planner/ros2/install/utils:/opt/ros/galactic LD_LIBRARY_PATH=/workspace/planner/ros2/install/utils/lib:${LD_LIBRARY_PATH} /usr/local/bin/cmake --build /workspace/planner/ros2/build/interfaces -- -j12 -l12
[0.086s] [100%] Built target interfaces_node
[0.095s] Invoked command in '/workspace/planner/ros2/build/interfaces' returned '0': AMENT_PREFIX_PATH=/workspace/planner/ros2/install/utils:${AMENT_PREFIX_PATH} CMAKE_PREFIX_PATH=/workspace/planner/ros2/install/utils:/opt/ros/galactic LD_LIBRARY_PATH=/workspace/planner/ros2/install/utils/lib:${LD_LIBRARY_PATH} /usr/local/bin/cmake --build /workspace/planner/ros2/build/interfaces -- -j12 -l12
[0.146s] Invoking command in '/workspace/planner/ros2/build/interfaces': AMENT_PREFIX_PATH=/workspace/planner/ros2/install/utils:${AMENT_PREFIX_PATH} CMAKE_PREFIX_PATH=/workspace/planner/ros2/install/utils:/opt/ros/galactic LD_LIBRARY_PATH=/workspace/planner/ros2/install/utils/lib:${LD_LIBRARY_PATH} /usr/local/bin/cmake --install /workspace/planner/ros2/build/interfaces
[0.155s] -- Install configuration: ""
[0.157s] -- Execute custom install script
[0.159s] -- Up-to-date symlink: /workspace/planner/ros2/install/interfaces/lib/interfaces/interfaces_node
[0.163s] -- Up-to-date symlink: /workspace/planner/ros2/install/interfaces/include/modules//speaker.hpp
[0.163s] -- Up-to-date symlink: /workspace/planner/ros2/install/interfaces/share/ament_index/resource_index/package_run_dependencies/interfaces
[0.165s] -- Up-to-date symlink: /workspace/planner/ros2/install/interfaces/share/ament_index/resource_index/parent_prefix_path/interfaces
[0.165s] -- Up-to-date symlink: /workspace/planner/ros2/install/interfaces/share/interfaces/environment/ament_prefix_path.sh
[0.167s] -- Up-to-date symlink: /workspace/planner/ros2/install/interfaces/share/interfaces/environment/ament_prefix_path.dsv
[0.168s] -- Up-to-date symlink: /workspace/planner/ros2/install/interfaces/share/interfaces/environment/path.sh
[0.169s] -- Up-to-date symlink: /workspace/planner/ros2/install/interfaces/share/interfaces/environment/path.dsv
[0.170s] -- Up-to-date symlink: /workspace/planner/ros2/install/interfaces/share/interfaces/local_setup.bash
[0.170s] -- Up-to-date symlink: /workspace/planner/ros2/install/interfaces/share/interfaces/local_setup.sh
[0.171s] -- Up-to-date symlink: /workspace/planner/ros2/install/interfaces/share/interfaces/local_setup.zsh
[0.172s] -- Up-to-date symlink: /workspace/planner/ros2/install/interfaces/share/interfaces/local_setup.dsv
[0.172s] -- Symlinking: /workspace/planner/ros2/install/interfaces/share/interfaces/package.dsv
[0.182s] -- Up-to-date symlink: /workspace/planner/ros2/install/interfaces/share/ament_index/resource_index/packages/interfaces
[0.183s] -- Up-to-date symlink: /workspace/planner/ros2/install/interfaces/share/interfaces/cmake/ament_cmake_export_dependencies-extras.cmake
[0.184s] -- Up-to-date symlink: /workspace/planner/ros2/install/interfaces/share/interfaces/cmake/ament_cmake_export_include_directories-extras.cmake
[0.184s] -- Up-to-date symlink: /workspace/planner/ros2/install/interfaces/share/interfaces/cmake/interfacesConfig.cmake
[0.185s] -- Up-to-date symlink: /workspace/planner/ros2/install/interfaces/share/interfaces/cmake/interfacesConfig-version.cmake
[0.186s] -- Up-to-date symlink: /workspace/planner/ros2/install/interfaces/share/interfaces/package.xml
[0.193s] Invoked command in '/workspace/planner/ros2/build/interfaces' returned '0': AMENT_PREFIX_PATH=/workspace/planner/ros2/install/utils:${AMENT_PREFIX_PATH} CMAKE_PREFIX_PATH=/workspace/planner/ros2/install/utils:/opt/ros/galactic LD_LIBRARY_PATH=/workspace/planner/ros2/install/utils/lib:${LD_LIBRARY_PATH} /usr/local/bin/cmake --install /workspace/planner/ros2/build/interfaces
