[0.065s] Invoking command in '/workspace/planner/ros2/build/usr_msgs': CMAKE_PREFIX_PATH=/opt/ros/galactic /usr/local/bin/cmake /workspace/planner/ros2/src/usr_msgs -DAMENT_CMAKE_SYMLINK_INSTALL=1 -DCMAKE_INSTALL_PREFIX=/workspace/planner/ros2/install/usr_msgs
[0.799s] -- The C compiler identification is GNU 9.4.0
[0.799s] -- The CXX compiler identification is GNU 9.4.0
[0.799s] -- Check for working C compiler: /usr/bin/cc
[0.799s] -- Check for working C compiler: /usr/bin/cc -- works
[0.800s] -- Detecting C compiler ABI info
[0.800s] -- Detecting C compiler ABI info - done
[0.800s] -- Detecting C compile features
[0.800s] -- Detecting C compile features - done
[0.801s] -- Check for working CXX compiler: /usr/bin/c++
[0.802s] -- Check for working CXX compiler: /usr/bin/c++ -- works
[0.803s] -- Detecting CXX compiler ABI info
[0.803s] -- Detecting CXX compiler ABI info - done
[0.832s] -- Detecting CXX compile features
[0.834s] -- Detecting CXX compile features - done
[0.839s] -- Found ament_cmake: 1.1.5 (/opt/ros/galactic/share/ament_cmake/cmake)
[0.869s] -- Found PythonInterp: /usr/bin/python3 (found suitable version "3.8.10", minimum required is "3") 
[0.869s] -- Using PYTHON_EXECUTABLE: /usr/bin/python3
[0.964s] -- Override CMake install command with custom implementation using symlinks instead of copying resources
[1.021s] -- Found rclcpp: 9.2.0 (/opt/ros/galactic/share/rclcpp/cmake)
[1.204s] -- Using single rosidl_typesupport_c: rosidl_typesupport_introspection_c
[1.234s] -- Found rosidl_adapter: 2.2.1 (/opt/ros/galactic/share/rosidl_adapter/cmake)
[1.325s] -- Using single rosidl_typesupport_cpp: rosidl_typesupport_introspection_cpp
[1.580s] -- Found rmw_implementation_cmake: 3.3.1 (/opt/ros/galactic/share/rmw_implementation_cmake/cmake)
[1.590s] -- Found rmw_cyclonedds_cpp: 0.22.4 (/opt/ros/galactic/share/rmw_cyclonedds_cpp/cmake)
[1.706s] -- Using RMW implementation 'rmw_cyclonedds_cpp' as default
[1.706s] -- Looking for pthread.h
[1.797s] -- Looking for pthread.h - found
[1.797s] -- Performing Test CMAKE_HAVE_LIBC_PTHREAD
[1.875s] -- Performing Test CMAKE_HAVE_LIBC_PTHREAD - Failed
[1.876s] -- Looking for pthread_create in pthreads
[1.941s] -- Looking for pthread_create in pthreads - not found
[1.942s] -- Looking for pthread_create in pthread
[2.006s] -- Looking for pthread_create in pthread - found
[2.010s] -- Found Threads: TRUE  
[2.468s] -- Found rosidl_default_generators: 1.1.1 (/opt/ros/galactic/share/rosidl_default_generators/cmake)
[2.503s] -- Found ament_lint_auto: 0.10.6 (/opt/ros/galactic/share/ament_lint_auto/cmake)
[2.625s] -- Found PythonInterp: /usr/bin/python3 (found version "3.8.10") 
[3.056s] -- Using single rosidl_typesupport_c: rosidl_typesupport_introspection_c
[3.333s] -- Using single rosidl_typesupport_cpp: rosidl_typesupport_introspection_cpp
[3.364s] -- Found PythonInterp: /usr/bin/python3 (found suitable version "3.8.10", minimum required is "3.5") 
[3.367s] -- Found python_cmake_module: 0.8.1 (/opt/ros/galactic/share/python_cmake_module/cmake)
[3.399s] -- Found PythonLibs: /usr/lib/x86_64-linux-gnu/libpython3.8.so (found suitable version "3.8.10", minimum required is "3.5") 
[3.399s] -- Using PYTHON_EXECUTABLE: /usr/bin/python3
[3.399s] -- Using PYTHON_INCLUDE_DIRS: /usr/include/python3.8
[3.399s] -- Using PYTHON_LIBRARIES: /usr/lib/x86_64-linux-gnu/libpython3.8.so
[3.424s] -- Found PythonExtra: .so  
[3.603s] -- Added test 'copyright' to check source files copyright and LICENSE
[3.608s] -- Added test 'lint_cmake' to check CMake code style
[3.611s] -- Added test 'xmllint' to check XML markup files
[3.635s] -- Configuring done
[3.822s] -- Generating done
[3.827s] -- Build files have been written to: /workspace/planner/ros2/build/usr_msgs
[3.838s] Invoked command in '/workspace/planner/ros2/build/usr_msgs' returned '0': CMAKE_PREFIX_PATH=/opt/ros/galactic /usr/local/bin/cmake /workspace/planner/ros2/src/usr_msgs -DAMENT_CMAKE_SYMLINK_INSTALL=1 -DCMAKE_INSTALL_PREFIX=/workspace/planner/ros2/install/usr_msgs
[3.842s] Invoking command in '/workspace/planner/ros2/build/usr_msgs': CMAKE_PREFIX_PATH=/opt/ros/galactic /usr/local/bin/cmake --build /workspace/planner/ros2/build/usr_msgs -- -j12 -l12
[3.869s] [  2%] [34m[1mGenerating C code for ROS interfaces[0m
[3.870s] [35m[1mScanning dependencies of target usr_msgs__cpp[0m
[3.878s] [  4%] [34m[1mGenerating C++ code for ROS interfaces[0m
[4.567s] [35m[1mScanning dependencies of target usr_msgs__rosidl_generator_c[0m
[4.578s] [  4%] Built target usr_msgs__cpp
[4.580s] [ 12%] [32mBuilding C object CMakeFiles/usr_msgs__rosidl_generator_c.dir/rosidl_generator_c/usr_msgs/msg/detail/turn_ref__functions.c.o[0m
[4.580s] [ 12%] [32mBuilding C object CMakeFiles/usr_msgs__rosidl_generator_c.dir/rosidl_generator_c/usr_msgs/msg/detail/land_mark__functions.c.o[0m
[4.580s] [ 12%] [32mBuilding C object CMakeFiles/usr_msgs__rosidl_generator_c.dir/rosidl_generator_c/usr_msgs/msg/detail/planner__functions.c.o[0m
[4.580s] [ 12%] [32mBuilding C object CMakeFiles/usr_msgs__rosidl_generator_c.dir/rosidl_generator_c/usr_msgs/msg/detail/waypoint__functions.c.o[0m
[4.580s] [ 14%] [32mBuilding C object CMakeFiles/usr_msgs__rosidl_generator_c.dir/rosidl_generator_c/usr_msgs/msg/detail/kiwibot__functions.c.o[0m
[4.588s] [ 17%] [34m[1mGenerating C++ introspection for ROS interfaces[0m
[4.636s] [ 19%] [32m[1mLinking C shared library libusr_msgs__rosidl_generator_c.so[0m
[4.672s] [ 19%] Built target usr_msgs__rosidl_generator_c
[4.678s] [ 21%] [34m[1mGenerating C introspection for ROS interfaces[0m
[5.108s] [35m[1mScanning dependencies of target usr_msgs__rosidl_typesupport_introspection_cpp[0m
[5.124s] [ 31%] [32mBuilding CXX object CMakeFiles/usr_msgs__rosidl_typesupport_introspection_cpp.dir/rosidl_typesupport_introspection_cpp/usr_msgs/msg/detail/kiwibot__type_support.cpp.o[0m
[5.125s] [ 31%] [32mBuilding CXX object CMakeFiles/usr_msgs__rosidl_typesupport_introspection_cpp.dir/rosidl_typesupport_introspection_cpp/usr_msgs/msg/detail/planner__type_support.cpp.o[0m
[5.125s] [ 31%] [32mBuilding CXX object CMakeFiles/usr_msgs__rosidl_typesupport_introspection_cpp.dir/rosidl_typesupport_introspection_cpp/usr_msgs/msg/detail/land_mark__type_support.cpp.o[0m
[5.125s] [ 31%] [32mBuilding CXX object CMakeFiles/usr_msgs__rosidl_typesupport_introspection_cpp.dir/rosidl_typesupport_introspection_cpp/usr_msgs/msg/detail/turn_ref__type_support.cpp.o[0m
[5.125s] [ 31%] [32mBuilding CXX object CMakeFiles/usr_msgs__rosidl_typesupport_introspection_cpp.dir/rosidl_typesupport_introspection_cpp/usr_msgs/msg/detail/waypoint__type_support.cpp.o[0m
[5.220s] [35m[1mScanning dependencies of target usr_msgs__rosidl_typesupport_introspection_c[0m
[5.237s] [ 40%] [32mBuilding C object CMakeFiles/usr_msgs__rosidl_typesupport_introspection_c.dir/rosidl_typesupport_introspection_c/usr_msgs/msg/detail/planner__type_support.c.o[0m
[5.237s] [ 40%] [32mBuilding C object CMakeFiles/usr_msgs__rosidl_typesupport_introspection_c.dir/rosidl_typesupport_introspection_c/usr_msgs/msg/detail/turn_ref__type_support.c.o[0m
[5.237s] [ 40%] [32mBuilding C object CMakeFiles/usr_msgs__rosidl_typesupport_introspection_c.dir/rosidl_typesupport_introspection_c/usr_msgs/msg/detail/waypoint__type_support.c.o[0m
[5.238s] [ 40%] [32mBuilding C object CMakeFiles/usr_msgs__rosidl_typesupport_introspection_c.dir/rosidl_typesupport_introspection_c/usr_msgs/msg/detail/land_mark__type_support.c.o[0m
[5.238s] [ 42%] [32mBuilding C object CMakeFiles/usr_msgs__rosidl_typesupport_introspection_c.dir/rosidl_typesupport_introspection_c/usr_msgs/msg/detail/kiwibot__type_support.c.o[0m
[5.284s] [ 44%] [32m[1mLinking C shared library libusr_msgs__rosidl_typesupport_introspection_c.so[0m
[5.308s] [ 44%] Built target usr_msgs__rosidl_typesupport_introspection_c
[5.316s] [ 46%] [34m[1mGenerating C type support dispatch for ROS interfaces[0m
[5.612s] [ 48%] [32m[1mLinking CXX shared library libusr_msgs__rosidl_typesupport_introspection_cpp.so[0m
[5.696s] [ 48%] Built target usr_msgs__rosidl_typesupport_introspection_cpp
[5.704s] [ 51%] [34m[1mGenerating C++ type support dispatch for ROS interfaces[0m
[5.871s] [35m[1mScanning dependencies of target usr_msgs__rosidl_typesupport_c[0m
[5.883s] [ 57%] [32mBuilding CXX object CMakeFiles/usr_msgs__rosidl_typesupport_c.dir/rosidl_typesupport_c/usr_msgs/msg/planner__type_support.cpp.o[0m
[5.884s] [ 57%] [32mBuilding CXX object CMakeFiles/usr_msgs__rosidl_typesupport_c.dir/rosidl_typesupport_c/usr_msgs/msg/land_mark__type_support.cpp.o[0m
[5.884s] [ 57%] [32mBuilding CXX object CMakeFiles/usr_msgs__rosidl_typesupport_c.dir/rosidl_typesupport_c/usr_msgs/msg/waypoint__type_support.cpp.o[0m
[5.884s] [ 59%] [32mBuilding CXX object CMakeFiles/usr_msgs__rosidl_typesupport_c.dir/rosidl_typesupport_c/usr_msgs/msg/kiwibot__type_support.cpp.o[0m
[5.884s] [ 61%] [32mBuilding CXX object CMakeFiles/usr_msgs__rosidl_typesupport_c.dir/rosidl_typesupport_c/usr_msgs/msg/turn_ref__type_support.cpp.o[0m
[5.924s] [ 63%] [32m[1mLinking CXX shared library libusr_msgs__rosidl_typesupport_c.so[0m
[5.964s] [ 63%] Built target usr_msgs__rosidl_typesupport_c
[6.216s] [35m[1mScanning dependencies of target usr_msgs__rosidl_typesupport_cpp[0m
[6.233s] [ 74%] [32mBuilding CXX object CMakeFiles/usr_msgs__rosidl_typesupport_cpp.dir/rosidl_typesupport_cpp/usr_msgs/msg/waypoint__type_support.cpp.o[0m
[6.235s] [ 74%] [32mBuilding CXX object CMakeFiles/usr_msgs__rosidl_typesupport_cpp.dir/rosidl_typesupport_cpp/usr_msgs/msg/planner__type_support.cpp.o[0m
[6.235s] [ 74%] [32mBuilding CXX object CMakeFiles/usr_msgs__rosidl_typesupport_cpp.dir/rosidl_typesupport_cpp/usr_msgs/msg/land_mark__type_support.cpp.o[0m
[6.235s] [ 74%] [32mBuilding CXX object CMakeFiles/usr_msgs__rosidl_typesupport_cpp.dir/rosidl_typesupport_cpp/usr_msgs/msg/kiwibot__type_support.cpp.o[0m
[6.235s] [ 74%] [32mBuilding CXX object CMakeFiles/usr_msgs__rosidl_typesupport_cpp.dir/rosidl_typesupport_cpp/usr_msgs/msg/turn_ref__type_support.cpp.o[0m
[6.709s] [ 76%] [32m[1mLinking CXX shared library libusr_msgs__rosidl_typesupport_cpp.so[0m
[6.748s] [ 76%] Built target usr_msgs__rosidl_typesupport_cpp
[6.754s] [35m[1mScanning dependencies of target usr_msgs[0m
[6.760s] [ 76%] Built target usr_msgs
[6.766s] [35m[1mScanning dependencies of target usr_msgs__py[0m
[6.773s] [ 78%] [34m[1mGenerating Python code for ROS interfaces[0m
[7.869s] [ 78%] Built target usr_msgs__py
[7.875s] [35m[1mScanning dependencies of target usr_msgs__python[0m
[7.921s] [ 82%] [32mBuilding C object CMakeFiles/usr_msgs__python.dir/rosidl_generator_py/usr_msgs/msg/_land_mark_s.c.o[0m
[7.921s] [ 82%] [32mBuilding C object CMakeFiles/usr_msgs__python.dir/rosidl_generator_py/usr_msgs/msg/_planner_s.c.o[0m
[7.921s] [ 85%] [32mBuilding C object CMakeFiles/usr_msgs__python.dir/rosidl_generator_py/usr_msgs/msg/_waypoint_s.c.o[0m
[7.922s] [ 87%] [32mBuilding C object CMakeFiles/usr_msgs__python.dir/rosidl_generator_py/usr_msgs/msg/_kiwibot_s.c.o[0m
[7.922s] [ 89%] [32mBuilding C object CMakeFiles/usr_msgs__python.dir/rosidl_generator_py/usr_msgs/msg/_turn_ref_s.c.o[0m
[8.088s] [ 91%] [32m[1mLinking C shared library rosidl_generator_py/usr_msgs/libusr_msgs__python.so[0m
[8.128s] [ 91%] Built target usr_msgs__python
[8.137s] [35m[1mScanning dependencies of target usr_msgs__rosidl_typesupport_introspection_c__pyext[0m
[8.137s] [35m[1mScanning dependencies of target usr_msgs__rosidl_typesupport_c__pyext[0m
[8.155s] [ 95%] [32mBuilding C object CMakeFiles/usr_msgs__rosidl_typesupport_c__pyext.dir/rosidl_generator_py/usr_msgs/_usr_msgs_s.ep.rosidl_typesupport_c.c.o[0m
[8.155s] [ 95%] [32mBuilding C object CMakeFiles/usr_msgs__rosidl_typesupport_introspection_c__pyext.dir/rosidl_generator_py/usr_msgs/_usr_msgs_s.ep.rosidl_typesupport_introspection_c.c.o[0m
[8.260s] [ 97%] [32m[1mLinking C shared library rosidl_generator_py/usr_msgs/usr_msgs_s__rosidl_typesupport_c.cpython-38-x86_64-linux-gnu.so[0m
[8.295s] [ 97%] Built target usr_msgs__rosidl_typesupport_c__pyext
[8.296s] [100%] [32m[1mLinking C shared library rosidl_generator_py/usr_msgs/usr_msgs_s__rosidl_typesupport_introspection_c.cpython-38-x86_64-linux-gnu.so[0m
[8.331s] [100%] Built target usr_msgs__rosidl_typesupport_introspection_c__pyext
[8.340s] Invoked command in '/workspace/planner/ros2/build/usr_msgs' returned '0': CMAKE_PREFIX_PATH=/opt/ros/galactic /usr/local/bin/cmake --build /workspace/planner/ros2/build/usr_msgs -- -j12 -l12
[8.415s] Invoking command in '/workspace/planner/ros2/build/usr_msgs': CMAKE_PREFIX_PATH=/opt/ros/galactic /usr/local/bin/cmake --install /workspace/planner/ros2/build/usr_msgs
[8.420s] -- Install configuration: ""
[8.422s] -- Execute custom install script
[8.423s] -- Symlinking: /workspace/planner/ros2/install/usr_msgs/share/ament_index/resource_index/rosidl_interfaces/usr_msgs
[8.430s] -- Symlinking: /workspace/planner/ros2/install/usr_msgs/include/usr_msgs/msg/detail/kiwibot__functions.h
[8.436s] -- Symlinking: /workspace/planner/ros2/install/usr_msgs/include/usr_msgs/msg/detail/kiwibot__struct.h
[8.441s] -- Symlinking: /workspace/planner/ros2/install/usr_msgs/include/usr_msgs/msg/detail/kiwibot__type_support.h
[8.445s] -- Symlinking: /workspace/planner/ros2/install/usr_msgs/include/usr_msgs/msg/detail/land_mark__functions.h
[8.449s] -- Symlinking: /workspace/planner/ros2/install/usr_msgs/include/usr_msgs/msg/detail/land_mark__struct.h
[8.454s] -- Symlinking: /workspace/planner/ros2/install/usr_msgs/include/usr_msgs/msg/detail/land_mark__type_support.h
[8.458s] -- Symlinking: /workspace/planner/ros2/install/usr_msgs/include/usr_msgs/msg/detail/planner__functions.h
[8.462s] -- Symlinking: /workspace/planner/ros2/install/usr_msgs/include/usr_msgs/msg/detail/planner__struct.h
[8.466s] -- Symlinking: /workspace/planner/ros2/install/usr_msgs/include/usr_msgs/msg/detail/planner__type_support.h
[8.471s] -- Symlinking: /workspace/planner/ros2/install/usr_msgs/include/usr_msgs/msg/detail/turn_ref__functions.h
[8.476s] -- Symlinking: /workspace/planner/ros2/install/usr_msgs/include/usr_msgs/msg/detail/turn_ref__struct.h
[8.481s] -- Symlinking: /workspace/planner/ros2/install/usr_msgs/include/usr_msgs/msg/detail/turn_ref__type_support.h
[8.485s] -- Symlinking: /workspace/planner/ros2/install/usr_msgs/include/usr_msgs/msg/detail/waypoint__functions.h
[8.489s] -- Symlinking: /workspace/planner/ros2/install/usr_msgs/include/usr_msgs/msg/detail/waypoint__struct.h
[8.494s] -- Symlinking: /workspace/planner/ros2/install/usr_msgs/include/usr_msgs/msg/detail/waypoint__type_support.h
[8.498s] -- Symlinking: /workspace/planner/ros2/install/usr_msgs/include/usr_msgs/msg/kiwibot.h
[8.502s] -- Symlinking: /workspace/planner/ros2/install/usr_msgs/include/usr_msgs/msg/land_mark.h
[8.507s] -- Symlinking: /workspace/planner/ros2/install/usr_msgs/include/usr_msgs/msg/planner.h
[8.511s] -- Symlinking: /workspace/planner/ros2/install/usr_msgs/include/usr_msgs/msg/rosidl_generator_c__visibility_control.h
[8.515s] -- Symlinking: /workspace/planner/ros2/install/usr_msgs/include/usr_msgs/msg/turn_ref.h
[8.520s] -- Symlinking: /workspace/planner/ros2/install/usr_msgs/include/usr_msgs/msg/waypoint.h
[8.525s] -- Symlinking: /workspace/planner/ros2/install/usr_msgs/share/usr_msgs/environment/library_path.sh
[8.531s] -- Symlinking: /workspace/planner/ros2/install/usr_msgs/share/usr_msgs/environment/library_path.dsv
[8.539s] -- Symlinking: /workspace/planner/ros2/install/usr_msgs/include/usr_msgs/msg/detail/kiwibot__rosidl_typesupport_introspection_c.h
[8.543s] -- Symlinking: /workspace/planner/ros2/install/usr_msgs/include/usr_msgs/msg/detail/land_mark__rosidl_typesupport_introspection_c.h
[8.548s] -- Symlinking: /workspace/planner/ros2/install/usr_msgs/include/usr_msgs/msg/detail/planner__rosidl_typesupport_introspection_c.h
[8.552s] -- Symlinking: /workspace/planner/ros2/install/usr_msgs/include/usr_msgs/msg/detail/turn_ref__rosidl_typesupport_introspection_c.h
[8.556s] -- Symlinking: /workspace/planner/ros2/install/usr_msgs/include/usr_msgs/msg/detail/waypoint__rosidl_typesupport_introspection_c.h
[8.560s] -- Symlinking: /workspace/planner/ros2/install/usr_msgs/include/usr_msgs/msg/rosidl_typesupport_introspection_c__visibility_control.h
[8.566s] -- Symlinking: /workspace/planner/ros2/install/usr_msgs/include/usr_msgs/msg/detail/kiwibot__builder.hpp
[8.570s] -- Symlinking: /workspace/planner/ros2/install/usr_msgs/include/usr_msgs/msg/detail/kiwibot__struct.hpp
[8.575s] -- Symlinking: /workspace/planner/ros2/install/usr_msgs/include/usr_msgs/msg/detail/kiwibot__traits.hpp
[8.579s] -- Symlinking: /workspace/planner/ros2/install/usr_msgs/include/usr_msgs/msg/detail/land_mark__builder.hpp
[8.584s] -- Symlinking: /workspace/planner/ros2/install/usr_msgs/include/usr_msgs/msg/detail/land_mark__struct.hpp
[8.589s] -- Symlinking: /workspace/planner/ros2/install/usr_msgs/include/usr_msgs/msg/detail/land_mark__traits.hpp
[8.593s] -- Symlinking: /workspace/planner/ros2/install/usr_msgs/include/usr_msgs/msg/detail/planner__builder.hpp
[8.598s] -- Symlinking: /workspace/planner/ros2/install/usr_msgs/include/usr_msgs/msg/detail/planner__struct.hpp
[8.602s] -- Symlinking: /workspace/planner/ros2/install/usr_msgs/include/usr_msgs/msg/detail/planner__traits.hpp
[8.606s] -- Symlinking: /workspace/planner/ros2/install/usr_msgs/include/usr_msgs/msg/detail/turn_ref__builder.hpp
[8.611s] -- Symlinking: /workspace/planner/ros2/install/usr_msgs/include/usr_msgs/msg/detail/turn_ref__struct.hpp
[8.615s] -- Symlinking: /workspace/planner/ros2/install/usr_msgs/include/usr_msgs/msg/detail/turn_ref__traits.hpp
[8.620s] -- Symlinking: /workspace/planner/ros2/install/usr_msgs/include/usr_msgs/msg/detail/waypoint__builder.hpp
[8.624s] -- Symlinking: /workspace/planner/ros2/install/usr_msgs/include/usr_msgs/msg/detail/waypoint__struct.hpp
[8.630s] -- Symlinking: /workspace/planner/ros2/install/usr_msgs/include/usr_msgs/msg/detail/waypoint__traits.hpp
[8.635s] -- Symlinking: /workspace/planner/ros2/install/usr_msgs/include/usr_msgs/msg/kiwibot.hpp
[8.640s] -- Symlinking: /workspace/planner/ros2/install/usr_msgs/include/usr_msgs/msg/land_mark.hpp
[8.647s] -- Symlinking: /workspace/planner/ros2/install/usr_msgs/include/usr_msgs/msg/planner.hpp
[8.651s] -- Symlinking: /workspace/planner/ros2/install/usr_msgs/include/usr_msgs/msg/turn_ref.hpp
[8.656s] -- Symlinking: /workspace/planner/ros2/install/usr_msgs/include/usr_msgs/msg/waypoint.hpp
[8.661s] -- Symlinking: /workspace/planner/ros2/install/usr_msgs/include/usr_msgs/msg/detail/kiwibot__rosidl_typesupport_introspection_cpp.hpp
[8.665s] -- Symlinking: /workspace/planner/ros2/install/usr_msgs/include/usr_msgs/msg/detail/land_mark__rosidl_typesupport_introspection_cpp.hpp
[8.669s] -- Symlinking: /workspace/planner/ros2/install/usr_msgs/include/usr_msgs/msg/detail/planner__rosidl_typesupport_introspection_cpp.hpp
[8.672s] -- Symlinking: /workspace/planner/ros2/install/usr_msgs/include/usr_msgs/msg/detail/turn_ref__rosidl_typesupport_introspection_cpp.hpp
[8.676s] -- Symlinking: /workspace/planner/ros2/install/usr_msgs/include/usr_msgs/msg/detail/waypoint__rosidl_typesupport_introspection_cpp.hpp
[8.681s] -- Symlinking: /workspace/planner/ros2/install/usr_msgs/share/usr_msgs/environment/pythonpath.sh
[8.685s] -- Symlinking: /workspace/planner/ros2/install/usr_msgs/share/usr_msgs/environment/pythonpath.dsv
[8.691s] -- Symlinking: /workspace/planner/ros2/install/usr_msgs/lib/python3.8/site-packages/usr_msgs/__init__.py
[8.696s] -- Symlinking: /workspace/planner/ros2/install/usr_msgs/lib/python3.8/site-packages/usr_msgs/msg/__init__.py
[8.701s] -- Symlinking: /workspace/planner/ros2/install/usr_msgs/lib/python3.8/site-packages/usr_msgs/msg/_kiwibot.py
[8.705s] -- Symlinking: /workspace/planner/ros2/install/usr_msgs/lib/python3.8/site-packages/usr_msgs/msg/_land_mark.py
[8.709s] -- Symlinking: /workspace/planner/ros2/install/usr_msgs/lib/python3.8/site-packages/usr_msgs/msg/_planner.py
[8.713s] -- Symlinking: /workspace/planner/ros2/install/usr_msgs/lib/python3.8/site-packages/usr_msgs/msg/_turn_ref.py
[8.718s] -- Symlinking: /workspace/planner/ros2/install/usr_msgs/lib/python3.8/site-packages/usr_msgs/msg/_waypoint.py
[8.724s] -- Symlinking: /workspace/planner/ros2/install/usr_msgs/lib/python3.8/site-packages/usr_msgs/usr_msgs_s__rosidl_typesupport_introspection_c.cpython-38-x86_64-linux-gnu.so
[8.731s] -- Symlinking: /workspace/planner/ros2/install/usr_msgs/lib/python3.8/site-packages/usr_msgs/usr_msgs_s__rosidl_typesupport_c.cpython-38-x86_64-linux-gnu.so
[8.738s] -- Symlinking: /workspace/planner/ros2/install/usr_msgs/lib/libusr_msgs__python.so
[8.743s] -- Symlinking: /workspace/planner/ros2/install/usr_msgs/share/usr_msgs/msg/Planner.idl
[8.749s] -- Symlinking: /workspace/planner/ros2/install/usr_msgs/share/usr_msgs/msg/LandMark.idl
[8.753s] -- Symlinking: /workspace/planner/ros2/install/usr_msgs/share/usr_msgs/msg/Waypoint.idl
[8.758s] -- Symlinking: /workspace/planner/ros2/install/usr_msgs/share/usr_msgs/msg/TurnRef.idl
[8.762s] -- Symlinking: /workspace/planner/ros2/install/usr_msgs/share/usr_msgs/msg/Kiwibot.idl
[8.766s] -- Symlinking: /workspace/planner/ros2/install/usr_msgs/share/usr_msgs/path_planner/Planner.msg
[8.771s] -- Symlinking: /workspace/planner/ros2/install/usr_msgs/share/usr_msgs/path_planner/LandMark.msg
[8.776s] -- Symlinking: /workspace/planner/ros2/install/usr_msgs/share/usr_msgs/path_planner/Waypoint.msg
[8.781s] -- Symlinking: /workspace/planner/ros2/install/usr_msgs/share/usr_msgs/path_planner/TurnRef.msg
[8.785s] -- Symlinking: /workspace/planner/ros2/install/usr_msgs/share/usr_msgs/bot_status/Kiwibot.msg
[8.789s] -- Symlinking: /workspace/planner/ros2/install/usr_msgs/share/ament_index/resource_index/package_run_dependencies/usr_msgs
[8.794s] -- Symlinking: /workspace/planner/ros2/install/usr_msgs/share/ament_index/resource_index/parent_prefix_path/usr_msgs
[8.798s] -- Symlinking: /workspace/planner/ros2/install/usr_msgs/share/usr_msgs/environment/ament_prefix_path.sh
[8.803s] -- Symlinking: /workspace/planner/ros2/install/usr_msgs/share/usr_msgs/environment/ament_prefix_path.dsv
[8.807s] -- Symlinking: /workspace/planner/ros2/install/usr_msgs/share/usr_msgs/environment/path.sh
[8.812s] -- Symlinking: /workspace/planner/ros2/install/usr_msgs/share/usr_msgs/environment/path.dsv
[8.817s] -- Symlinking: /workspace/planner/ros2/install/usr_msgs/share/usr_msgs/local_setup.bash
[8.821s] -- Symlinking: /workspace/planner/ros2/install/usr_msgs/share/usr_msgs/local_setup.sh
[8.827s] -- Symlinking: /workspace/planner/ros2/install/usr_msgs/share/usr_msgs/local_setup.zsh
[8.835s] -- Symlinking: /workspace/planner/ros2/install/usr_msgs/share/usr_msgs/local_setup.dsv
[8.843s] -- Symlinking: /workspace/planner/ros2/install/usr_msgs/share/usr_msgs/package.dsv
[8.848s] -- Symlinking: /workspace/planner/ros2/install/usr_msgs/share/ament_index/resource_index/packages/usr_msgs
[8.853s] -- Symlinking: /workspace/planner/ros2/install/usr_msgs/share/usr_msgs/cmake/rosidl_cmake-extras.cmake
[8.858s] -- Symlinking: /workspace/planner/ros2/install/usr_msgs/share/usr_msgs/cmake/ament_cmake_export_dependencies-extras.cmake
[8.862s] -- Symlinking: /workspace/planner/ros2/install/usr_msgs/share/usr_msgs/cmake/ament_cmake_export_libraries-extras.cmake
[8.867s] -- Symlinking: /workspace/planner/ros2/install/usr_msgs/share/usr_msgs/cmake/ament_cmake_export_targets-extras.cmake
[8.872s] -- Symlinking: /workspace/planner/ros2/install/usr_msgs/share/usr_msgs/cmake/ament_cmake_export_include_directories-extras.cmake
[8.877s] -- Symlinking: /workspace/planner/ros2/install/usr_msgs/share/usr_msgs/cmake/rosidl_cmake_export_typesupport_targets-extras.cmake
[8.881s] -- Symlinking: /workspace/planner/ros2/install/usr_msgs/share/usr_msgs/cmake/usr_msgsConfig.cmake
[8.885s] -- Symlinking: /workspace/planner/ros2/install/usr_msgs/share/usr_msgs/cmake/usr_msgsConfig-version.cmake
[8.889s] -- Symlinking: /workspace/planner/ros2/install/usr_msgs/share/usr_msgs/package.xml
[8.894s] -- Installing: /workspace/planner/ros2/install/usr_msgs/lib/libusr_msgs__rosidl_generator_c.so
[8.895s] -- Set runtime path of "/workspace/planner/ros2/install/usr_msgs/lib/libusr_msgs__rosidl_generator_c.so" to ""
[8.896s] -- Installing: /workspace/planner/ros2/install/usr_msgs/lib/libusr_msgs__rosidl_typesupport_introspection_c.so
[8.896s] -- Set runtime path of "/workspace/planner/ros2/install/usr_msgs/lib/libusr_msgs__rosidl_typesupport_introspection_c.so" to ""
[8.897s] -- Installing: /workspace/planner/ros2/install/usr_msgs/lib/libusr_msgs__rosidl_typesupport_c.so
[8.897s] -- Set runtime path of "/workspace/planner/ros2/install/usr_msgs/lib/libusr_msgs__rosidl_typesupport_c.so" to ""
[8.898s] -- Installing: /workspace/planner/ros2/install/usr_msgs/lib/libusr_msgs__rosidl_typesupport_introspection_cpp.so
[8.899s] -- Set runtime path of "/workspace/planner/ros2/install/usr_msgs/lib/libusr_msgs__rosidl_typesupport_introspection_cpp.so" to ""
[8.900s] -- Installing: /workspace/planner/ros2/install/usr_msgs/lib/libusr_msgs__rosidl_typesupport_cpp.so
[8.900s] -- Set runtime path of "/workspace/planner/ros2/install/usr_msgs/lib/libusr_msgs__rosidl_typesupport_cpp.so" to ""
[8.941s] Compiling '/workspace/planner/ros2/install/usr_msgs/lib/python3.8/site-packages/usr_msgs/__init__.py'...
[8.953s] -- Installing: /workspace/planner/ros2/install/usr_msgs/share/usr_msgs/cmake/usr_msgs__rosidl_generator_cExport.cmake
[8.954s] -- Installing: /workspace/planner/ros2/install/usr_msgs/share/usr_msgs/cmake/usr_msgs__rosidl_generator_cExport-noconfig.cmake
[8.955s] -- Installing: /workspace/planner/ros2/install/usr_msgs/share/usr_msgs/cmake/usr_msgs__rosidl_typesupport_introspection_cExport.cmake
[8.955s] -- Installing: /workspace/planner/ros2/install/usr_msgs/share/usr_msgs/cmake/usr_msgs__rosidl_typesupport_introspection_cExport-noconfig.cmake
[8.956s] -- Installing: /workspace/planner/ros2/install/usr_msgs/share/usr_msgs/cmake/usr_msgs__rosidl_typesupport_cExport.cmake
[8.956s] -- Installing: /workspace/planner/ros2/install/usr_msgs/share/usr_msgs/cmake/usr_msgs__rosidl_typesupport_cExport-noconfig.cmake
[8.957s] -- Installing: /workspace/planner/ros2/install/usr_msgs/share/usr_msgs/cmake/usr_msgs__rosidl_generator_cppExport.cmake
[8.957s] -- Installing: /workspace/planner/ros2/install/usr_msgs/share/usr_msgs/cmake/usr_msgs__rosidl_typesupport_introspection_cppExport.cmake
[8.958s] -- Installing: /workspace/planner/ros2/install/usr_msgs/share/usr_msgs/cmake/usr_msgs__rosidl_typesupport_introspection_cppExport-noconfig.cmake
[8.958s] -- Installing: /workspace/planner/ros2/install/usr_msgs/share/usr_msgs/cmake/usr_msgs__rosidl_typesupport_cppExport.cmake
[8.959s] -- Installing: /workspace/planner/ros2/install/usr_msgs/share/usr_msgs/cmake/usr_msgs__rosidl_typesupport_cppExport-noconfig.cmake
[8.964s] Invoked command in '/workspace/planner/ros2/build/usr_msgs' returned '0': CMAKE_PREFIX_PATH=/opt/ros/galactic /usr/local/bin/cmake --install /workspace/planner/ros2/build/usr_msgs
