[0.020s] Invoking command in '/workspace/planner/ros2/build/usr_srvs': AMENT_PREFIX_PATH=/workspace/planner/ros2/install/usr_msgs:${AMENT_PREFIX_PATH} CMAKE_PREFIX_PATH=/workspace/planner/ros2/install/usr_msgs:/opt/ros/galactic LD_LIBRARY_PATH=/workspace/planner/ros2/install/usr_msgs/lib:${LD_LIBRARY_PATH} PYTHONPATH=/workspace/planner/ros2/install/usr_msgs/lib/python3.8/site-packages:${PYTHONPATH} /usr/local/bin/cmake --build /workspace/planner/ros2/build/usr_srvs -- -j12 -l12
[0.063s] [ 10%] Built target usr_srvs__cpp
[0.063s] [ 17%] Built target usr_srvs__rosidl_generator_c
[0.082s] [ 44%] Built target usr_srvs__rosidl_typesupport_introspection_c
[0.083s] [ 44%] Built target usr_srvs__rosidl_typesupport_introspection_cpp
[0.104s] [ 72%] Built target usr_srvs__rosidl_typesupport_cpp
[0.104s] [ 72%] Built target usr_srvs__rosidl_typesupport_c
[0.123s] [ 72%] Built target usr_srvs
[0.140s] [ 75%] Built target usr_srvs__py
[0.156s] [ 86%] Built target usr_srvs__python
[0.174s] [100%] Built target usr_srvs__rosidl_typesupport_introspection_c__pyext
[0.174s] [100%] Built target usr_srvs__rosidl_typesupport_c__pyext
[0.180s] Invoked command in '/workspace/planner/ros2/build/usr_srvs' returned '0': AMENT_PREFIX_PATH=/workspace/planner/ros2/install/usr_msgs:${AMENT_PREFIX_PATH} CMAKE_PREFIX_PATH=/workspace/planner/ros2/install/usr_msgs:/opt/ros/galactic LD_LIBRARY_PATH=/workspace/planner/ros2/install/usr_msgs/lib:${LD_LIBRARY_PATH} PYTHONPATH=/workspace/planner/ros2/install/usr_msgs/lib/python3.8/site-packages:${PYTHONPATH} /usr/local/bin/cmake --build /workspace/planner/ros2/build/usr_srvs -- -j12 -l12
[0.232s] Invoking command in '/workspace/planner/ros2/build/usr_srvs': AMENT_PREFIX_PATH=/workspace/planner/ros2/install/usr_msgs:${AMENT_PREFIX_PATH} CMAKE_PREFIX_PATH=/workspace/planner/ros2/install/usr_msgs:/opt/ros/galactic LD_LIBRARY_PATH=/workspace/planner/ros2/install/usr_msgs/lib:${LD_LIBRARY_PATH} PYTHONPATH=/workspace/planner/ros2/install/usr_msgs/lib/python3.8/site-packages:${PYTHONPATH} /usr/local/bin/cmake --install /workspace/planner/ros2/build/usr_srvs
[0.238s] -- Install configuration: ""
[0.239s] -- Execute custom install script
[0.241s] -- Up-to-date symlink: /workspace/planner/ros2/install/usr_srvs/share/ament_index/resource_index/rosidl_interfaces/usr_srvs
[0.242s] -- Up-to-date symlink: /workspace/planner/ros2/install/usr_srvs/include/usr_srvs/msg/rosidl_generator_c__visibility_control.h
[0.242s] -- Up-to-date symlink: /workspace/planner/ros2/install/usr_srvs/include/usr_srvs/srv/detail/move__functions.h
[0.243s] -- Up-to-date symlink: /workspace/planner/ros2/install/usr_srvs/include/usr_srvs/srv/detail/move__struct.h
[0.243s] -- Up-to-date symlink: /workspace/planner/ros2/install/usr_srvs/include/usr_srvs/srv/detail/move__type_support.h
[0.243s] -- Up-to-date symlink: /workspace/planner/ros2/install/usr_srvs/include/usr_srvs/srv/detail/turn__functions.h
[0.244s] -- Up-to-date symlink: /workspace/planner/ros2/install/usr_srvs/include/usr_srvs/srv/detail/turn__struct.h
[0.244s] -- Up-to-date symlink: /workspace/planner/ros2/install/usr_srvs/include/usr_srvs/srv/detail/turn__type_support.h
[0.245s] -- Up-to-date symlink: /workspace/planner/ros2/install/usr_srvs/include/usr_srvs/srv/move.h
[0.245s] -- Up-to-date symlink: /workspace/planner/ros2/install/usr_srvs/include/usr_srvs/srv/turn.h
[0.246s] -- Up-to-date symlink: /workspace/planner/ros2/install/usr_srvs/share/usr_srvs/environment/library_path.sh
[0.246s] -- Up-to-date symlink: /workspace/planner/ros2/install/usr_srvs/share/usr_srvs/environment/library_path.dsv
[0.247s] -- Up-to-date symlink: /workspace/planner/ros2/install/usr_srvs/include/usr_srvs/msg/rosidl_typesupport_introspection_c__visibility_control.h
[0.248s] -- Up-to-date symlink: /workspace/planner/ros2/install/usr_srvs/include/usr_srvs/srv/detail/move__rosidl_typesupport_introspection_c.h
[0.248s] -- Up-to-date symlink: /workspace/planner/ros2/install/usr_srvs/include/usr_srvs/srv/detail/turn__rosidl_typesupport_introspection_c.h
[0.250s] -- Up-to-date symlink: /workspace/planner/ros2/install/usr_srvs/include/usr_srvs/srv/detail/move__builder.hpp
[0.250s] -- Up-to-date symlink: /workspace/planner/ros2/install/usr_srvs/include/usr_srvs/srv/detail/move__struct.hpp
[0.251s] -- Up-to-date symlink: /workspace/planner/ros2/install/usr_srvs/include/usr_srvs/srv/detail/move__traits.hpp
[0.251s] -- Up-to-date symlink: /workspace/planner/ros2/install/usr_srvs/include/usr_srvs/srv/detail/turn__builder.hpp
[0.251s] -- Up-to-date symlink: /workspace/planner/ros2/install/usr_srvs/include/usr_srvs/srv/detail/turn__struct.hpp
[0.252s] -- Up-to-date symlink: /workspace/planner/ros2/install/usr_srvs/include/usr_srvs/srv/detail/turn__traits.hpp
[0.253s] -- Up-to-date symlink: /workspace/planner/ros2/install/usr_srvs/include/usr_srvs/srv/move.hpp
[0.253s] -- Up-to-date symlink: /workspace/planner/ros2/install/usr_srvs/include/usr_srvs/srv/turn.hpp
[0.254s] -- Up-to-date symlink: /workspace/planner/ros2/install/usr_srvs/include/usr_srvs/srv/detail/move__rosidl_typesupport_introspection_cpp.hpp
[0.255s] -- Up-to-date symlink: /workspace/planner/ros2/install/usr_srvs/include/usr_srvs/srv/detail/turn__rosidl_typesupport_introspection_cpp.hpp
[0.255s] -- Up-to-date symlink: /workspace/planner/ros2/install/usr_srvs/share/usr_srvs/environment/pythonpath.sh
[0.256s] -- Up-to-date symlink: /workspace/planner/ros2/install/usr_srvs/share/usr_srvs/environment/pythonpath.dsv
[0.257s] -- Up-to-date symlink: /workspace/planner/ros2/install/usr_srvs/lib/python3.8/site-packages/usr_srvs/__init__.py
[0.258s] -- Up-to-date symlink: /workspace/planner/ros2/install/usr_srvs/lib/python3.8/site-packages/usr_srvs/srv/__init__.py
[0.259s] -- Up-to-date symlink: /workspace/planner/ros2/install/usr_srvs/lib/python3.8/site-packages/usr_srvs/srv/_move.py
[0.259s] -- Up-to-date symlink: /workspace/planner/ros2/install/usr_srvs/lib/python3.8/site-packages/usr_srvs/srv/_turn.py
[0.260s] -- Up-to-date symlink: /workspace/planner/ros2/install/usr_srvs/lib/python3.8/site-packages/usr_srvs/usr_srvs_s__rosidl_typesupport_introspection_c.cpython-38-x86_64-linux-gnu.so
[0.262s] -- Up-to-date symlink: /workspace/planner/ros2/install/usr_srvs/lib/python3.8/site-packages/usr_srvs/usr_srvs_s__rosidl_typesupport_c.cpython-38-x86_64-linux-gnu.so
[0.263s] -- Up-to-date symlink: /workspace/planner/ros2/install/usr_srvs/lib/libusr_srvs__python.so
[0.264s] -- Up-to-date symlink: /workspace/planner/ros2/install/usr_srvs/share/usr_srvs/srv/Move.idl
[0.265s] -- Up-to-date symlink: /workspace/planner/ros2/install/usr_srvs/share/usr_srvs/srv/Turn.idl
[0.266s] -- Up-to-date symlink: /workspace/planner/ros2/install/usr_srvs/share/usr_srvs/robot/Move.srv
[0.266s] -- Up-to-date symlink: /workspace/planner/ros2/install/usr_srvs/share/usr_srvs/robot/Move_Request.msg
[0.267s] -- Up-to-date symlink: /workspace/planner/ros2/install/usr_srvs/share/usr_srvs/robot/Move_Response.msg
[0.268s] -- Up-to-date symlink: /workspace/planner/ros2/install/usr_srvs/share/usr_srvs/robot/Turn.srv
[0.269s] -- Up-to-date symlink: /workspace/planner/ros2/install/usr_srvs/share/usr_srvs/robot/Turn_Request.msg
[0.270s] -- Up-to-date symlink: /workspace/planner/ros2/install/usr_srvs/share/usr_srvs/robot/Turn_Response.msg
[0.270s] -- Up-to-date symlink: /workspace/planner/ros2/install/usr_srvs/share/ament_index/resource_index/package_run_dependencies/usr_srvs
[0.271s] -- Up-to-date symlink: /workspace/planner/ros2/install/usr_srvs/share/ament_index/resource_index/parent_prefix_path/usr_srvs
[0.272s] -- Up-to-date symlink: /workspace/planner/ros2/install/usr_srvs/share/usr_srvs/environment/ament_prefix_path.sh
[0.273s] -- Up-to-date symlink: /workspace/planner/ros2/install/usr_srvs/share/usr_srvs/environment/ament_prefix_path.dsv
[0.274s] -- Up-to-date symlink: /workspace/planner/ros2/install/usr_srvs/share/usr_srvs/environment/path.sh
[0.275s] -- Up-to-date symlink: /workspace/planner/ros2/install/usr_srvs/share/usr_srvs/environment/path.dsv
[0.275s] -- Up-to-date symlink: /workspace/planner/ros2/install/usr_srvs/share/usr_srvs/local_setup.bash
[0.276s] -- Up-to-date symlink: /workspace/planner/ros2/install/usr_srvs/share/usr_srvs/local_setup.sh
[0.278s] -- Up-to-date symlink: /workspace/planner/ros2/install/usr_srvs/share/usr_srvs/local_setup.zsh
[0.278s] -- Up-to-date symlink: /workspace/planner/ros2/install/usr_srvs/share/usr_srvs/local_setup.dsv
[0.279s] -- Symlinking: /workspace/planner/ros2/install/usr_srvs/share/usr_srvs/package.dsv
[0.284s] -- Up-to-date symlink: /workspace/planner/ros2/install/usr_srvs/share/ament_index/resource_index/packages/usr_srvs
[0.286s] -- Up-to-date symlink: /workspace/planner/ros2/install/usr_srvs/share/usr_srvs/cmake/rosidl_cmake-extras.cmake
[0.287s] -- Up-to-date symlink: /workspace/planner/ros2/install/usr_srvs/share/usr_srvs/cmake/ament_cmake_export_dependencies-extras.cmake
[0.288s] -- Up-to-date symlink: /workspace/planner/ros2/install/usr_srvs/share/usr_srvs/cmake/ament_cmake_export_libraries-extras.cmake
[0.289s] -- Up-to-date symlink: /workspace/planner/ros2/install/usr_srvs/share/usr_srvs/cmake/ament_cmake_export_targets-extras.cmake
[0.290s] -- Up-to-date symlink: /workspace/planner/ros2/install/usr_srvs/share/usr_srvs/cmake/ament_cmake_export_include_directories-extras.cmake
[0.292s] -- Up-to-date symlink: /workspace/planner/ros2/install/usr_srvs/share/usr_srvs/cmake/rosidl_cmake_export_typesupport_targets-extras.cmake
[0.292s] -- Up-to-date symlink: /workspace/planner/ros2/install/usr_srvs/share/usr_srvs/cmake/usr_srvsConfig.cmake
[0.294s] -- Up-to-date symlink: /workspace/planner/ros2/install/usr_srvs/share/usr_srvs/cmake/usr_srvsConfig-version.cmake
[0.295s] -- Up-to-date symlink: /workspace/planner/ros2/install/usr_srvs/share/usr_srvs/package.xml
[0.296s] -- Up-to-date: /workspace/planner/ros2/install/usr_srvs/lib/libusr_srvs__rosidl_generator_c.so
[0.297s] -- Up-to-date: /workspace/planner/ros2/install/usr_srvs/lib/libusr_srvs__rosidl_typesupport_introspection_c.so
[0.298s] -- Up-to-date: /workspace/planner/ros2/install/usr_srvs/lib/libusr_srvs__rosidl_typesupport_c.so
[0.300s] -- Up-to-date: /workspace/planner/ros2/install/usr_srvs/lib/libusr_srvs__rosidl_typesupport_introspection_cpp.so
[0.300s] -- Up-to-date: /workspace/planner/ros2/install/usr_srvs/lib/libusr_srvs__rosidl_typesupport_cpp.so
[0.343s] -- Up-to-date: /workspace/planner/ros2/install/usr_srvs/share/usr_srvs/cmake/usr_srvs__rosidl_generator_cExport.cmake
[0.343s] -- Up-to-date: /workspace/planner/ros2/install/usr_srvs/share/usr_srvs/cmake/usr_srvs__rosidl_generator_cExport-noconfig.cmake
[0.343s] -- Up-to-date: /workspace/planner/ros2/install/usr_srvs/share/usr_srvs/cmake/usr_srvs__rosidl_typesupport_introspection_cExport.cmake
[0.343s] -- Up-to-date: /workspace/planner/ros2/install/usr_srvs/share/usr_srvs/cmake/usr_srvs__rosidl_typesupport_introspection_cExport-noconfig.cmake
[0.343s] -- Up-to-date: /workspace/planner/ros2/install/usr_srvs/share/usr_srvs/cmake/usr_srvs__rosidl_typesupport_cExport.cmake
[0.343s] -- Up-to-date: /workspace/planner/ros2/install/usr_srvs/share/usr_srvs/cmake/usr_srvs__rosidl_typesupport_cExport-noconfig.cmake
[0.344s] -- Up-to-date: /workspace/planner/ros2/install/usr_srvs/share/usr_srvs/cmake/usr_srvs__rosidl_generator_cppExport.cmake
[0.344s] -- Up-to-date: /workspace/planner/ros2/install/usr_srvs/share/usr_srvs/cmake/usr_srvs__rosidl_typesupport_introspection_cppExport.cmake
[0.344s] -- Up-to-date: /workspace/planner/ros2/install/usr_srvs/share/usr_srvs/cmake/usr_srvs__rosidl_typesupport_introspection_cppExport-noconfig.cmake
[0.345s] -- Up-to-date: /workspace/planner/ros2/install/usr_srvs/share/usr_srvs/cmake/usr_srvs__rosidl_typesupport_cppExport.cmake
[0.345s] -- Up-to-date: /workspace/planner/ros2/install/usr_srvs/share/usr_srvs/cmake/usr_srvs__rosidl_typesupport_cppExport-noconfig.cmake
[0.350s] Invoked command in '/workspace/planner/ros2/build/usr_srvs' returned '0': AMENT_PREFIX_PATH=/workspace/planner/ros2/install/usr_msgs:${AMENT_PREFIX_PATH} CMAKE_PREFIX_PATH=/workspace/planner/ros2/install/usr_msgs:/opt/ros/galactic LD_LIBRARY_PATH=/workspace/planner/ros2/install/usr_msgs/lib:${LD_LIBRARY_PATH} PYTHONPATH=/workspace/planner/ros2/install/usr_msgs/lib/python3.8/site-packages:${PYTHONPATH} /usr/local/bin/cmake --install /workspace/planner/ros2/build/usr_srvs
