[0.068s] Invoking command in '/workspace/planner/ros2/build/utils': CMAKE_PREFIX_PATH=/opt/ros/galactic /usr/local/bin/cmake --build /workspace/planner/ros2/build/utils -- -j12 -l12
[1.178s] [100%] Built target utils
[1.179s] Invoked command in '/workspace/planner/ros2/build/utils' returned '0': CMAKE_PREFIX_PATH=/opt/ros/galactic /usr/local/bin/cmake --build /workspace/planner/ros2/build/utils -- -j12 -l12
[1.208s] Invoking command in '/workspace/planner/ros2/build/utils': CMAKE_PREFIX_PATH=/opt/ros/galactic /usr/local/bin/cmake --install /workspace/planner/ros2/build/utils
[1.215s] -- Install configuration: ""
[1.217s] -- Execute custom install script
[1.218s] -- Up-to-date symlink: /workspace/planner/ros2/install/utils/share/utils/environment/library_path.sh
[1.218s] -- Up-to-date symlink: /workspace/planner/ros2/install/utils/share/utils/environment/library_path.dsv
[1.220s] -- Up-to-date symlink: /workspace/planner/ros2/install/utils/include/utils//console.hpp
[1.221s] -- Up-to-date symlink: /workspace/planner/ros2/install/utils/share/ament_index/resource_index/package_run_dependencies/utils
[1.221s] -- Up-to-date symlink: /workspace/planner/ros2/install/utils/share/ament_index/resource_index/parent_prefix_path/utils
[1.222s] -- Up-to-date symlink: /workspace/planner/ros2/install/utils/share/utils/environment/ament_prefix_path.sh
[1.223s] -- Up-to-date symlink: /workspace/planner/ros2/install/utils/share/utils/environment/ament_prefix_path.dsv
[1.225s] -- Up-to-date symlink: /workspace/planner/ros2/install/utils/share/utils/environment/path.sh
[1.225s] -- Up-to-date symlink: /workspace/planner/ros2/install/utils/share/utils/environment/path.dsv
[1.226s] -- Up-to-date symlink: /workspace/planner/ros2/install/utils/share/utils/local_setup.bash
[1.226s] -- Up-to-date symlink: /workspace/planner/ros2/install/utils/share/utils/local_setup.sh
[1.227s] -- Up-to-date symlink: /workspace/planner/ros2/install/utils/share/utils/local_setup.zsh
[1.228s] -- Up-to-date symlink: /workspace/planner/ros2/install/utils/share/utils/local_setup.dsv
[1.229s] -- Symlinking: /workspace/planner/ros2/install/utils/share/utils/package.dsv
[1.234s] -- Up-to-date symlink: /workspace/planner/ros2/install/utils/share/ament_index/resource_index/packages/utils
[1.234s] -- Up-to-date symlink: /workspace/planner/ros2/install/utils/share/utils/cmake/ament_cmake_export_dependencies-extras.cmake
[1.235s] -- Up-to-date symlink: /workspace/planner/ros2/install/utils/share/utils/cmake/ament_cmake_export_targets-extras.cmake
[1.236s] -- Up-to-date symlink: /workspace/planner/ros2/install/utils/share/utils/cmake/utilsConfig.cmake
[1.237s] -- Up-to-date symlink: /workspace/planner/ros2/install/utils/share/utils/cmake/utilsConfig-version.cmake
[1.237s] -- Up-to-date symlink: /workspace/planner/ros2/install/utils/share/utils/package.xml
[1.238s] -- Up-to-date: /workspace/planner/ros2/install/utils/lib/libutils.a
[1.238s] -- Up-to-date: /workspace/planner/ros2/install/utils/share/utils/cmake/export_utilsExport.cmake
[1.238s] -- Up-to-date: /workspace/planner/ros2/install/utils/share/utils/cmake/export_utilsExport-noconfig.cmake
[1.241s] Invoked command in '/workspace/planner/ros2/build/utils' returned '0': CMAKE_PREFIX_PATH=/opt/ros/galactic /usr/local/bin/cmake --install /workspace/planner/ros2/build/utils
