[0.196s] DEBUG:colcon:Command line arguments: ['/usr/bin/colcon', 'build', '--symlink-install']
[0.197s] DEBUG:colcon:Parsed command line arguments: Namespace(allow_overriding=[], ament_cmake_args=None, base_paths=['.'], build_base='build', catkin_cmake_args=None, catkin_skip_building_tests=False, cmake_args=None, cmake_clean_cache=False, cmake_clean_first=False, cmake_force_configure=False, cmake_target=None, cmake_target_skip_unavailable=False, continue_on_error=False, event_handlers=None, executor='parallel', ignore_user_meta=False, install_base='install', log_base=None, log_level=None, main=<bound method BuildVerb.main of <colcon_core.verb.build.BuildVerb object at 0x7fd7659e3430>>, merge_install=False, metas=['./colcon.meta'], packages_above=None, packages_above_and_dependencies=None, packages_above_depth=None, packages_end=None, packages_ignore=None, packages_ignore_regex=None, packages_select=None, packages_select_build_failed=False, packages_select_by_dep=None, packages_select_regex=None, packages_select_test_failures=False, packages_skip=None, packages_skip_build_finished=False, packages_skip_by_dep=None, packages_skip_regex=None, packages_skip_test_passed=False, packages_skip_up_to=None, packages_start=None, packages_up_to=None, packages_up_to_regex=None, parallel_workers=12, paths=None, symlink_install=True, test_result_base=None, verb_extension=<colcon_core.verb.build.BuildVerb object at 0x7fd7659e3430>, verb_name='build', verb_parser=<colcon_defaults.argument_parser.defaults.DefaultArgumentsDecorator object at 0x7fd7659e3970>)
[0.204s] Level 1:colcon.colcon_core.package_discovery:discover_packages(colcon_meta) check parameters
[0.204s] Level 1:colcon.colcon_core.package_discovery:discover_packages(recursive) check parameters
[0.204s] Level 1:colcon.colcon_core.package_discovery:discover_packages(ignore) check parameters
[0.204s] Level 1:colcon.colcon_core.package_discovery:discover_packages(path) check parameters
[0.204s] Level 1:colcon.colcon_core.package_discovery:discover_packages(colcon_meta) discover
[0.205s] Level 1:colcon.colcon_core.package_discovery:discover_packages(recursive) discover
[0.205s] INFO:colcon.colcon_core.package_discovery:Crawling recursively for packages in '/workspace/planner/ros2'
[0.205s] Level 1:colcon.colcon_core.package_identification:_identify(.) by extensions ['ignore', 'ignore_ament_install']
[0.205s] Level 1:colcon.colcon_core.package_identification:_identify(.) by extension 'ignore'
[0.205s] Level 1:colcon.colcon_core.package_identification:_identify(.) by extension 'ignore_ament_install'
[0.205s] Level 1:colcon.colcon_core.package_identification:_identify(.) by extensions ['colcon_pkg']
[0.205s] Level 1:colcon.colcon_core.package_identification:_identify(.) by extension 'colcon_pkg'
[0.205s] Level 1:colcon.colcon_core.package_identification:_identify(.) by extensions ['colcon_meta']
[0.205s] Level 1:colcon.colcon_core.package_identification:_identify(.) by extension 'colcon_meta'
[0.205s] Level 1:colcon.colcon_core.package_identification:_identify(.) by extensions ['ros']
[0.205s] Level 1:colcon.colcon_core.package_identification:_identify(.) by extension 'ros'
[0.218s] Level 1:colcon.colcon_core.package_identification:_identify(.) by extensions ['cmake', 'python']
[0.218s] Level 1:colcon.colcon_core.package_identification:_identify(.) by extension 'cmake'
[0.218s] Level 1:colcon.colcon_core.package_identification:_identify(.) by extension 'python'
[0.218s] Level 1:colcon.colcon_core.package_identification:_identify(.) by extensions ['python_setup_py']
[0.218s] Level 1:colcon.colcon_core.package_identification:_identify(.) by extension 'python_setup_py'
[0.219s] Level 1:colcon.colcon_core.package_identification:_identify(build) by extensions ['ignore', 'ignore_ament_install']
[0.219s] Level 1:colcon.colcon_core.package_identification:_identify(build) by extension 'ignore'
[0.219s] Level 1:colcon.colcon_core.package_identification:_identify(build) ignored
[0.219s] Level 1:colcon.colcon_core.package_identification:_identify(install) by extensions ['ignore', 'ignore_ament_install']
[0.219s] Level 1:colcon.colcon_core.package_identification:_identify(install) by extension 'ignore'
[0.219s] Level 1:colcon.colcon_core.package_identification:_identify(install) ignored
[0.219s] Level 1:colcon.colcon_core.package_identification:_identify(log) by extensions ['ignore', 'ignore_ament_install']
[0.220s] Level 1:colcon.colcon_core.package_identification:_identify(log) by extension 'ignore'
[0.220s] Level 1:colcon.colcon_core.package_identification:_identify(log) ignored
[0.220s] Level 1:colcon.colcon_core.package_identification:_identify(src) by extensions ['ignore', 'ignore_ament_install']
[0.220s] Level 1:colcon.colcon_core.package_identification:_identify(src) by extension 'ignore'
[0.220s] Level 1:colcon.colcon_core.package_identification:_identify(src) by extension 'ignore_ament_install'
[0.220s] Level 1:colcon.colcon_core.package_identification:_identify(src) by extensions ['colcon_pkg']
[0.220s] Level 1:colcon.colcon_core.package_identification:_identify(src) by extension 'colcon_pkg'
[0.220s] Level 1:colcon.colcon_core.package_identification:_identify(src) by extensions ['colcon_meta']
[0.220s] Level 1:colcon.colcon_core.package_identification:_identify(src) by extension 'colcon_meta'
[0.220s] Level 1:colcon.colcon_core.package_identification:_identify(src) by extensions ['ros']
[0.220s] Level 1:colcon.colcon_core.package_identification:_identify(src) by extension 'ros'
[0.220s] Level 1:colcon.colcon_core.package_identification:_identify(src) by extensions ['cmake', 'python']
[0.220s] Level 1:colcon.colcon_core.package_identification:_identify(src) by extension 'cmake'
[0.220s] Level 1:colcon.colcon_core.package_identification:_identify(src) by extension 'python'
[0.221s] Level 1:colcon.colcon_core.package_identification:_identify(src) by extensions ['python_setup_py']
[0.221s] Level 1:colcon.colcon_core.package_identification:_identify(src) by extension 'python_setup_py'
[0.221s] Level 1:colcon.colcon_core.package_identification:_identify(src/graphics) by extensions ['ignore', 'ignore_ament_install']
[0.221s] Level 1:colcon.colcon_core.package_identification:_identify(src/graphics) by extension 'ignore'
[0.221s] Level 1:colcon.colcon_core.package_identification:_identify(src/graphics) by extension 'ignore_ament_install'
[0.221s] Level 1:colcon.colcon_core.package_identification:_identify(src/graphics) by extensions ['colcon_pkg']
[0.222s] Level 1:colcon.colcon_core.package_identification:_identify(src/graphics) by extension 'colcon_pkg'
[0.222s] Level 1:colcon.colcon_core.package_identification:_identify(src/graphics) by extensions ['colcon_meta']
[0.222s] Level 1:colcon.colcon_core.package_identification:_identify(src/graphics) by extension 'colcon_meta'
[0.222s] Level 1:colcon.colcon_core.package_identification:_identify(src/graphics) by extensions ['ros']
[0.222s] Level 1:colcon.colcon_core.package_identification:_identify(src/graphics) by extension 'ros'
[0.225s] DEBUG:colcon.colcon_core.package_identification:Package 'src/graphics' with type 'ros.ament_python' and name 'graphics'
[0.225s] Level 1:colcon.colcon_core.package_identification:_identify(src/interfaces) by extensions ['ignore', 'ignore_ament_install']
[0.225s] Level 1:colcon.colcon_core.package_identification:_identify(src/interfaces) by extension 'ignore'
[0.225s] Level 1:colcon.colcon_core.package_identification:_identify(src/interfaces) by extension 'ignore_ament_install'
[0.225s] Level 1:colcon.colcon_core.package_identification:_identify(src/interfaces) by extensions ['colcon_pkg']
[0.225s] Level 1:colcon.colcon_core.package_identification:_identify(src/interfaces) by extension 'colcon_pkg'
[0.225s] Level 1:colcon.colcon_core.package_identification:_identify(src/interfaces) by extensions ['colcon_meta']
[0.225s] Level 1:colcon.colcon_core.package_identification:_identify(src/interfaces) by extension 'colcon_meta'
[0.225s] Level 1:colcon.colcon_core.package_identification:_identify(src/interfaces) by extensions ['ros']
[0.225s] Level 1:colcon.colcon_core.package_identification:_identify(src/interfaces) by extension 'ros'
[0.226s] DEBUG:colcon.colcon_core.package_identification:Package 'src/interfaces' with type 'ros.ament_cmake' and name 'interfaces'
[0.227s] Level 1:colcon.colcon_core.package_identification:_identify(src/kiwibot) by extensions ['ignore', 'ignore_ament_install']
[0.227s] Level 1:colcon.colcon_core.package_identification:_identify(src/kiwibot) by extension 'ignore'
[0.227s] Level 1:colcon.colcon_core.package_identification:_identify(src/kiwibot) by extension 'ignore_ament_install'
[0.227s] Level 1:colcon.colcon_core.package_identification:_identify(src/kiwibot) by extensions ['colcon_pkg']
[0.227s] Level 1:colcon.colcon_core.package_identification:_identify(src/kiwibot) by extension 'colcon_pkg'
[0.227s] Level 1:colcon.colcon_core.package_identification:_identify(src/kiwibot) by extensions ['colcon_meta']
[0.227s] Level 1:colcon.colcon_core.package_identification:_identify(src/kiwibot) by extension 'colcon_meta'
[0.228s] Level 1:colcon.colcon_core.package_identification:_identify(src/kiwibot) by extensions ['ros']
[0.228s] Level 1:colcon.colcon_core.package_identification:_identify(src/kiwibot) by extension 'ros'
[0.228s] DEBUG:colcon.colcon_core.package_identification:Package 'src/kiwibot' with type 'ros.ament_python' and name 'kiwibot'
[0.228s] Level 1:colcon.colcon_core.package_identification:_identify(src/path_planner) by extensions ['ignore', 'ignore_ament_install']
[0.229s] Level 1:colcon.colcon_core.package_identification:_identify(src/path_planner) by extension 'ignore'
[0.229s] Level 1:colcon.colcon_core.package_identification:_identify(src/path_planner) by extension 'ignore_ament_install'
[0.229s] Level 1:colcon.colcon_core.package_identification:_identify(src/path_planner) by extensions ['colcon_pkg']
[0.229s] Level 1:colcon.colcon_core.package_identification:_identify(src/path_planner) by extension 'colcon_pkg'
[0.229s] Level 1:colcon.colcon_core.package_identification:_identify(src/path_planner) by extensions ['colcon_meta']
[0.229s] Level 1:colcon.colcon_core.package_identification:_identify(src/path_planner) by extension 'colcon_meta'
[0.229s] Level 1:colcon.colcon_core.package_identification:_identify(src/path_planner) by extensions ['ros']
[0.229s] Level 1:colcon.colcon_core.package_identification:_identify(src/path_planner) by extension 'ros'
[0.230s] DEBUG:colcon.colcon_core.package_identification:Package 'src/path_planner' with type 'ros.ament_python' and name 'path_planner'
[0.230s] Level 1:colcon.colcon_core.package_identification:_identify(src/usr_msgs) by extensions ['ignore', 'ignore_ament_install']
[0.230s] Level 1:colcon.colcon_core.package_identification:_identify(src/usr_msgs) by extension 'ignore'
[0.230s] Level 1:colcon.colcon_core.package_identification:_identify(src/usr_msgs) by extension 'ignore_ament_install'
[0.230s] Level 1:colcon.colcon_core.package_identification:_identify(src/usr_msgs) by extensions ['colcon_pkg']
[0.230s] Level 1:colcon.colcon_core.package_identification:_identify(src/usr_msgs) by extension 'colcon_pkg'
[0.230s] Level 1:colcon.colcon_core.package_identification:_identify(src/usr_msgs) by extensions ['colcon_meta']
[0.230s] Level 1:colcon.colcon_core.package_identification:_identify(src/usr_msgs) by extension 'colcon_meta'
[0.231s] Level 1:colcon.colcon_core.package_identification:_identify(src/usr_msgs) by extensions ['ros']
[0.231s] Level 1:colcon.colcon_core.package_identification:_identify(src/usr_msgs) by extension 'ros'
[0.232s] DEBUG:colcon.colcon_core.package_identification:Package 'src/usr_msgs' with type 'ros.ament_cmake' and name 'usr_msgs'
[0.232s] Level 1:colcon.colcon_core.package_identification:_identify(src/usr_srvs) by extensions ['ignore', 'ignore_ament_install']
[0.232s] Level 1:colcon.colcon_core.package_identification:_identify(src/usr_srvs) by extension 'ignore'
[0.232s] Level 1:colcon.colcon_core.package_identification:_identify(src/usr_srvs) by extension 'ignore_ament_install'
[0.232s] Level 1:colcon.colcon_core.package_identification:_identify(src/usr_srvs) by extensions ['colcon_pkg']
[0.232s] Level 1:colcon.colcon_core.package_identification:_identify(src/usr_srvs) by extension 'colcon_pkg'
[0.232s] Level 1:colcon.colcon_core.package_identification:_identify(src/usr_srvs) by extensions ['colcon_meta']
[0.232s] Level 1:colcon.colcon_core.package_identification:_identify(src/usr_srvs) by extension 'colcon_meta'
[0.232s] Level 1:colcon.colcon_core.package_identification:_identify(src/usr_srvs) by extensions ['ros']
[0.232s] Level 1:colcon.colcon_core.package_identification:_identify(src/usr_srvs) by extension 'ros'
[0.233s] DEBUG:colcon.colcon_core.package_identification:Package 'src/usr_srvs' with type 'ros.ament_cmake' and name 'usr_srvs'
[0.233s] Level 1:colcon.colcon_core.package_identification:_identify(src/utils) by extensions ['ignore', 'ignore_ament_install']
[0.233s] Level 1:colcon.colcon_core.package_identification:_identify(src/utils) by extension 'ignore'
[0.233s] Level 1:colcon.colcon_core.package_identification:_identify(src/utils) by extension 'ignore_ament_install'
[0.233s] Level 1:colcon.colcon_core.package_identification:_identify(src/utils) by extensions ['colcon_pkg']
[0.233s] Level 1:colcon.colcon_core.package_identification:_identify(src/utils) by extension 'colcon_pkg'
[0.233s] Level 1:colcon.colcon_core.package_identification:_identify(src/utils) by extensions ['colcon_meta']
[0.233s] Level 1:colcon.colcon_core.package_identification:_identify(src/utils) by extension 'colcon_meta'
[0.234s] Level 1:colcon.colcon_core.package_identification:_identify(src/utils) by extensions ['ros']
[0.234s] Level 1:colcon.colcon_core.package_identification:_identify(src/utils) by extension 'ros'
[0.234s] DEBUG:colcon.colcon_core.package_identification:Package 'src/utils' with type 'ros.ament_cmake' and name 'utils'
[0.235s] Level 1:colcon.colcon_core.package_discovery:discover_packages(recursive) using defaults
[0.235s] Level 1:colcon.colcon_core.package_discovery:discover_packages(ignore) discover
[0.235s] Level 1:colcon.colcon_core.package_discovery:discover_packages(ignore) using defaults
[0.235s] Level 1:colcon.colcon_core.package_discovery:discover_packages(path) discover
[0.235s] Level 1:colcon.colcon_core.package_discovery:discover_packages(path) using defaults
[0.259s] Level 5:colcon.colcon_core.verb:set package 'graphics' build argument 'cmake_args' from command line to 'None'
[0.259s] Level 5:colcon.colcon_core.verb:set package 'graphics' build argument 'cmake_target' from command line to 'None'
[0.259s] Level 5:colcon.colcon_core.verb:set package 'graphics' build argument 'cmake_target_skip_unavailable' from command line to 'False'
[0.259s] Level 5:colcon.colcon_core.verb:set package 'graphics' build argument 'cmake_clean_cache' from command line to 'False'
[0.259s] Level 5:colcon.colcon_core.verb:set package 'graphics' build argument 'cmake_clean_first' from command line to 'False'
[0.259s] Level 5:colcon.colcon_core.verb:set package 'graphics' build argument 'cmake_force_configure' from command line to 'False'
[0.259s] Level 5:colcon.colcon_core.verb:set package 'graphics' build argument 'ament_cmake_args' from command line to 'None'
[0.259s] Level 5:colcon.colcon_core.verb:set package 'graphics' build argument 'catkin_cmake_args' from command line to 'None'
[0.259s] Level 5:colcon.colcon_core.verb:set package 'graphics' build argument 'catkin_skip_building_tests' from command line to 'False'
[0.259s] DEBUG:colcon.colcon_core.verb:Building package 'graphics' with the following arguments: {'ament_cmake_args': None, 'build_base': '/workspace/planner/ros2/build/graphics', 'catkin_cmake_args': None, 'catkin_skip_building_tests': False, 'cmake_args': None, 'cmake_clean_cache': False, 'cmake_clean_first': False, 'cmake_force_configure': False, 'cmake_target': None, 'cmake_target_skip_unavailable': False, 'install_base': '/workspace/planner/ros2/install/graphics', 'merge_install': False, 'path': '/workspace/planner/ros2/src/graphics', 'symlink_install': True, 'test_result_base': None}
[0.260s] Level 5:colcon.colcon_core.verb:set package 'kiwibot' build argument 'cmake_args' from command line to 'None'
[0.260s] Level 5:colcon.colcon_core.verb:set package 'kiwibot' build argument 'cmake_target' from command line to 'None'
[0.260s] Level 5:colcon.colcon_core.verb:set package 'kiwibot' build argument 'cmake_target_skip_unavailable' from command line to 'False'
[0.260s] Level 5:colcon.colcon_core.verb:set package 'kiwibot' build argument 'cmake_clean_cache' from command line to 'False'
[0.260s] Level 5:colcon.colcon_core.verb:set package 'kiwibot' build argument 'cmake_clean_first' from command line to 'False'
[0.260s] Level 5:colcon.colcon_core.verb:set package 'kiwibot' build argument 'cmake_force_configure' from command line to 'False'
[0.260s] Level 5:colcon.colcon_core.verb:set package 'kiwibot' build argument 'ament_cmake_args' from command line to 'None'
[0.260s] Level 5:colcon.colcon_core.verb:set package 'kiwibot' build argument 'catkin_cmake_args' from command line to 'None'
[0.260s] Level 5:colcon.colcon_core.verb:set package 'kiwibot' build argument 'catkin_skip_building_tests' from command line to 'False'
[0.260s] DEBUG:colcon.colcon_core.verb:Building package 'kiwibot' with the following arguments: {'ament_cmake_args': None, 'build_base': '/workspace/planner/ros2/build/kiwibot', 'catkin_cmake_args': None, 'catkin_skip_building_tests': False, 'cmake_args': None, 'cmake_clean_cache': False, 'cmake_clean_first': False, 'cmake_force_configure': False, 'cmake_target': None, 'cmake_target_skip_unavailable': False, 'install_base': '/workspace/planner/ros2/install/kiwibot', 'merge_install': False, 'path': '/workspace/planner/ros2/src/kiwibot', 'symlink_install': True, 'test_result_base': None}
[0.261s] Level 5:colcon.colcon_core.verb:set package 'path_planner' build argument 'cmake_args' from command line to 'None'
[0.261s] Level 5:colcon.colcon_core.verb:set package 'path_planner' build argument 'cmake_target' from command line to 'None'
[0.261s] Level 5:colcon.colcon_core.verb:set package 'path_planner' build argument 'cmake_target_skip_unavailable' from command line to 'False'
[0.261s] Level 5:colcon.colcon_core.verb:set package 'path_planner' build argument 'cmake_clean_cache' from command line to 'False'
[0.261s] Level 5:colcon.colcon_core.verb:set package 'path_planner' build argument 'cmake_clean_first' from command line to 'False'
[0.261s] Level 5:colcon.colcon_core.verb:set package 'path_planner' build argument 'cmake_force_configure' from command line to 'False'
[0.261s] Level 5:colcon.colcon_core.verb:set package 'path_planner' build argument 'ament_cmake_args' from command line to 'None'
[0.261s] Level 5:colcon.colcon_core.verb:set package 'path_planner' build argument 'catkin_cmake_args' from command line to 'None'
[0.261s] Level 5:colcon.colcon_core.verb:set package 'path_planner' build argument 'catkin_skip_building_tests' from command line to 'False'
[0.262s] DEBUG:colcon.colcon_core.verb:Building package 'path_planner' with the following arguments: {'ament_cmake_args': None, 'build_base': '/workspace/planner/ros2/build/path_planner', 'catkin_cmake_args': None, 'catkin_skip_building_tests': False, 'cmake_args': None, 'cmake_clean_cache': False, 'cmake_clean_first': False, 'cmake_force_configure': False, 'cmake_target': None, 'cmake_target_skip_unavailable': False, 'install_base': '/workspace/planner/ros2/install/path_planner', 'merge_install': False, 'path': '/workspace/planner/ros2/src/path_planner', 'symlink_install': True, 'test_result_base': None}
[0.262s] Level 5:colcon.colcon_core.verb:set package 'usr_msgs' build argument 'cmake_args' from command line to 'None'
[0.263s] Level 5:colcon.colcon_core.verb:set package 'usr_msgs' build argument 'cmake_target' from command line to 'None'
[0.263s] Level 5:colcon.colcon_core.verb:set package 'usr_msgs' build argument 'cmake_target_skip_unavailable' from command line to 'False'
[0.263s] Level 5:colcon.colcon_core.verb:set package 'usr_msgs' build argument 'cmake_clean_cache' from command line to 'False'
[0.263s] Level 5:colcon.colcon_core.verb:set package 'usr_msgs' build argument 'cmake_clean_first' from command line to 'False'
[0.263s] Level 5:colcon.colcon_core.verb:set package 'usr_msgs' build argument 'cmake_force_configure' from command line to 'False'
[0.263s] Level 5:colcon.colcon_core.verb:set package 'usr_msgs' build argument 'ament_cmake_args' from command line to 'None'
[0.263s] Level 5:colcon.colcon_core.verb:set package 'usr_msgs' build argument 'catkin_cmake_args' from command line to 'None'
[0.263s] Level 5:colcon.colcon_core.verb:set package 'usr_msgs' build argument 'catkin_skip_building_tests' from command line to 'False'
[0.263s] DEBUG:colcon.colcon_core.verb:Building package 'usr_msgs' with the following arguments: {'ament_cmake_args': None, 'build_base': '/workspace/planner/ros2/build/usr_msgs', 'catkin_cmake_args': None, 'catkin_skip_building_tests': False, 'cmake_args': None, 'cmake_clean_cache': False, 'cmake_clean_first': False, 'cmake_force_configure': False, 'cmake_target': None, 'cmake_target_skip_unavailable': False, 'install_base': '/workspace/planner/ros2/install/usr_msgs', 'merge_install': False, 'path': '/workspace/planner/ros2/src/usr_msgs', 'symlink_install': True, 'test_result_base': None}
[0.264s] Level 5:colcon.colcon_core.verb:set package 'utils' build argument 'cmake_args' from command line to 'None'
[0.264s] Level 5:colcon.colcon_core.verb:set package 'utils' build argument 'cmake_target' from command line to 'None'
[0.264s] Level 5:colcon.colcon_core.verb:set package 'utils' build argument 'cmake_target_skip_unavailable' from command line to 'False'
[0.264s] Level 5:colcon.colcon_core.verb:set package 'utils' build argument 'cmake_clean_cache' from command line to 'False'
[0.264s] Level 5:colcon.colcon_core.verb:set package 'utils' build argument 'cmake_clean_first' from command line to 'False'
[0.264s] Level 5:colcon.colcon_core.verb:set package 'utils' build argument 'cmake_force_configure' from command line to 'False'
[0.264s] Level 5:colcon.colcon_core.verb:set package 'utils' build argument 'ament_cmake_args' from command line to 'None'
[0.264s] Level 5:colcon.colcon_core.verb:set package 'utils' build argument 'catkin_cmake_args' from command line to 'None'
[0.264s] Level 5:colcon.colcon_core.verb:set package 'utils' build argument 'catkin_skip_building_tests' from command line to 'False'
[0.264s] DEBUG:colcon.colcon_core.verb:Building package 'utils' with the following arguments: {'ament_cmake_args': None, 'build_base': '/workspace/planner/ros2/build/utils', 'catkin_cmake_args': None, 'catkin_skip_building_tests': False, 'cmake_args': None, 'cmake_clean_cache': False, 'cmake_clean_first': False, 'cmake_force_configure': False, 'cmake_target': None, 'cmake_target_skip_unavailable': False, 'install_base': '/workspace/planner/ros2/install/utils', 'merge_install': False, 'path': '/workspace/planner/ros2/src/utils', 'symlink_install': True, 'test_result_base': None}
[0.264s] Level 5:colcon.colcon_core.verb:set package 'interfaces' build argument 'cmake_args' from command line to 'None'
[0.264s] Level 5:colcon.colcon_core.verb:set package 'interfaces' build argument 'cmake_target' from command line to 'None'
[0.264s] Level 5:colcon.colcon_core.verb:set package 'interfaces' build argument 'cmake_target_skip_unavailable' from command line to 'False'
[0.264s] Level 5:colcon.colcon_core.verb:set package 'interfaces' build argument 'cmake_clean_cache' from command line to 'False'
[0.264s] Level 5:colcon.colcon_core.verb:set package 'interfaces' build argument 'cmake_clean_first' from command line to 'False'
[0.264s] Level 5:colcon.colcon_core.verb:set package 'interfaces' build argument 'cmake_force_configure' from command line to 'False'
[0.264s] Level 5:colcon.colcon_core.verb:set package 'interfaces' build argument 'ament_cmake_args' from command line to 'None'
[0.264s] Level 5:colcon.colcon_core.verb:set package 'interfaces' build argument 'catkin_cmake_args' from command line to 'None'
[0.264s] Level 5:colcon.colcon_core.verb:set package 'interfaces' build argument 'catkin_skip_building_tests' from command line to 'False'
[0.264s] DEBUG:colcon.colcon_core.verb:Building package 'interfaces' with the following arguments: {'ament_cmake_args': None, 'build_base': '/workspace/planner/ros2/build/interfaces', 'catkin_cmake_args': None, 'catkin_skip_building_tests': False, 'cmake_args': None, 'cmake_clean_cache': False, 'cmake_clean_first': False, 'cmake_force_configure': False, 'cmake_target': None, 'cmake_target_skip_unavailable': False, 'install_base': '/workspace/planner/ros2/install/interfaces', 'merge_install': False, 'path': '/workspace/planner/ros2/src/interfaces', 'symlink_install': True, 'test_result_base': None}
[0.265s] Level 5:colcon.colcon_core.verb:set package 'usr_srvs' build argument 'cmake_args' from command line to 'None'
[0.265s] Level 5:colcon.colcon_core.verb:set package 'usr_srvs' build argument 'cmake_target' from command line to 'None'
[0.265s] Level 5:colcon.colcon_core.verb:set package 'usr_srvs' build argument 'cmake_target_skip_unavailable' from command line to 'False'
[0.265s] Level 5:colcon.colcon_core.verb:set package 'usr_srvs' build argument 'cmake_clean_cache' from command line to 'False'
[0.265s] Level 5:colcon.colcon_core.verb:set package 'usr_srvs' build argument 'cmake_clean_first' from command line to 'False'
[0.265s] Level 5:colcon.colcon_core.verb:set package 'usr_srvs' build argument 'cmake_force_configure' from command line to 'False'
[0.265s] Level 5:colcon.colcon_core.verb:set package 'usr_srvs' build argument 'ament_cmake_args' from command line to 'None'
[0.265s] Level 5:colcon.colcon_core.verb:set package 'usr_srvs' build argument 'catkin_cmake_args' from command line to 'None'
[0.265s] Level 5:colcon.colcon_core.verb:set package 'usr_srvs' build argument 'catkin_skip_building_tests' from command line to 'False'
[0.265s] DEBUG:colcon.colcon_core.verb:Building package 'usr_srvs' with the following arguments: {'ament_cmake_args': None, 'build_base': '/workspace/planner/ros2/build/usr_srvs', 'catkin_cmake_args': None, 'catkin_skip_building_tests': False, 'cmake_args': None, 'cmake_clean_cache': False, 'cmake_clean_first': False, 'cmake_force_configure': False, 'cmake_target': None, 'cmake_target_skip_unavailable': False, 'install_base': '/workspace/planner/ros2/install/usr_srvs', 'merge_install': False, 'path': '/workspace/planner/ros2/src/usr_srvs', 'symlink_install': True, 'test_result_base': None}
[0.268s] INFO:colcon.colcon_core.executor:Executing jobs using 'parallel' executor
[0.270s] DEBUG:colcon.colcon_parallel_executor.executor.parallel:run_until_complete
[0.271s] INFO:colcon.colcon_ros.task.ament_cmake.build:Building ROS package in '/workspace/planner/ros2/src/usr_msgs' with build type 'ament_cmake'
[0.272s] INFO:colcon.colcon_cmake.task.cmake.build:Building CMake package in '/workspace/planner/ros2/src/usr_msgs'
[0.281s] INFO:colcon.colcon_core.plugin_system:Skipping extension 'colcon_core.shell.bat': Not used on non-Windows systems
[0.281s] INFO:colcon.colcon_core.shell:Skip shell extension 'powershell' for command environment: Not usable outside of PowerShell
[0.282s] DEBUG:colcon.colcon_core.shell:Skip shell extension 'dsv' for command environment
[0.290s] INFO:colcon.colcon_ros.task.ament_cmake.build:Building ROS package in '/workspace/planner/ros2/src/utils' with build type 'ament_cmake'
[0.291s] INFO:colcon.colcon_cmake.task.cmake.build:Building CMake package in '/workspace/planner/ros2/src/utils'
[0.292s] INFO:colcon.colcon_core.shell:Skip shell extension 'powershell' for command environment: Not usable outside of PowerShell
[0.293s] DEBUG:colcon.colcon_core.shell:Skip shell extension 'dsv' for command environment
[0.300s] INFO:colcon.colcon_ros.task.ament_python.build:Building ROS package in '/workspace/planner/ros2/src/graphics' with build type 'ament_python'
[0.301s] Level 1:colcon.colcon_core.shell:create_environment_hook('graphics', 'ament_prefix_path')
[0.301s] INFO:colcon.colcon_core.shell:Creating environment hook '/workspace/planner/ros2/install/graphics/share/graphics/hook/ament_prefix_path.ps1'
[0.303s] INFO:colcon.colcon_core.shell:Creating environment descriptor '/workspace/planner/ros2/install/graphics/share/graphics/hook/ament_prefix_path.dsv'
[0.304s] INFO:colcon.colcon_core.shell:Creating environment hook '/workspace/planner/ros2/install/graphics/share/graphics/hook/ament_prefix_path.sh'
[0.305s] INFO:colcon.colcon_core.shell:Skip shell extension 'powershell' for command environment: Not usable outside of PowerShell
[0.305s] DEBUG:colcon.colcon_core.shell:Skip shell extension 'dsv' for command environment
[0.313s] INFO:colcon.colcon_ros.task.ament_python.build:Building ROS package in '/workspace/planner/ros2/src/kiwibot' with build type 'ament_python'
[0.313s] Level 1:colcon.colcon_core.shell:create_environment_hook('kiwibot', 'ament_prefix_path')
[0.315s] INFO:colcon.colcon_core.shell:Creating environment hook '/workspace/planner/ros2/install/kiwibot/share/kiwibot/hook/ament_prefix_path.ps1'
[0.317s] INFO:colcon.colcon_core.shell:Creating environment descriptor '/workspace/planner/ros2/install/kiwibot/share/kiwibot/hook/ament_prefix_path.dsv'
[0.317s] INFO:colcon.colcon_core.shell:Creating environment hook '/workspace/planner/ros2/install/kiwibot/share/kiwibot/hook/ament_prefix_path.sh'
[0.319s] INFO:colcon.colcon_core.shell:Skip shell extension 'powershell' for command environment: Not usable outside of PowerShell
[0.319s] DEBUG:colcon.colcon_core.shell:Skip shell extension 'dsv' for command environment
[0.324s] INFO:colcon.colcon_ros.task.ament_python.build:Building ROS package in '/workspace/planner/ros2/src/path_planner' with build type 'ament_python'
[0.325s] Level 1:colcon.colcon_core.shell:create_environment_hook('path_planner', 'ament_prefix_path')
[0.325s] INFO:colcon.colcon_core.shell:Creating environment hook '/workspace/planner/ros2/install/path_planner/share/path_planner/hook/ament_prefix_path.ps1'
[0.327s] INFO:colcon.colcon_core.shell:Creating environment descriptor '/workspace/planner/ros2/install/path_planner/share/path_planner/hook/ament_prefix_path.dsv'
[0.327s] INFO:colcon.colcon_core.shell:Creating environment hook '/workspace/planner/ros2/install/path_planner/share/path_planner/hook/ament_prefix_path.sh'
[0.328s] INFO:colcon.colcon_core.shell:Skip shell extension 'powershell' for command environment: Not usable outside of PowerShell
[0.328s] DEBUG:colcon.colcon_core.shell:Skip shell extension 'dsv' for command environment
[0.343s] DEBUG:colcon.colcon_core.event_handler.log_command:Invoking command in '/workspace/planner/ros2/build/usr_msgs': CMAKE_PREFIX_PATH=/opt/ros/galactic /usr/local/bin/cmake --build /workspace/planner/ros2/build/usr_msgs -- -j12 -l12
[0.354s] DEBUG:colcon.colcon_core.event_handler.log_command:Invoking command in '/workspace/planner/ros2/build/utils': CMAKE_PREFIX_PATH=/opt/ros/galactic /usr/local/bin/cmake --build /workspace/planner/ros2/build/utils -- -j12 -l12
[0.549s] INFO:colcon.colcon_core.task.python.build:Building Python package in '/workspace/planner/ros2/src/graphics'
[0.551s] INFO:colcon.colcon_core.shell:Skip shell extension 'powershell' for command environment: Not usable outside of PowerShell
[0.551s] DEBUG:colcon.colcon_core.shell:Skip shell extension 'dsv' for command environment
[0.746s] INFO:colcon.colcon_core.task.python.build:Building Python package in '/workspace/planner/ros2/src/kiwibot'
[0.747s] INFO:colcon.colcon_core.shell:Skip shell extension 'powershell' for command environment: Not usable outside of PowerShell
[0.747s] DEBUG:colcon.colcon_core.shell:Skip shell extension 'dsv' for command environment
[0.949s] INFO:colcon.colcon_core.task.python.build:Building Python package in '/workspace/planner/ros2/src/path_planner'
[0.950s] INFO:colcon.colcon_core.shell:Skip shell extension 'powershell' for command environment: Not usable outside of PowerShell
[0.950s] DEBUG:colcon.colcon_core.shell:Skip shell extension 'dsv' for command environment
[0.958s] DEBUG:colcon.colcon_core.event_handler.log_command:Invoked command in '/workspace/planner/ros2/build/utils' returned '0': CMAKE_PREFIX_PATH=/opt/ros/galactic /usr/local/bin/cmake --build /workspace/planner/ros2/build/utils -- -j12 -l12
[0.962s] DEBUG:colcon.colcon_core.event_handler.log_command:Invoked command in '/workspace/planner/ros2/build/usr_msgs' returned '0': CMAKE_PREFIX_PATH=/opt/ros/galactic /usr/local/bin/cmake --build /workspace/planner/ros2/build/usr_msgs -- -j12 -l12
[1.000s] DEBUG:colcon.colcon_core.event_handler.log_command:Invoking command in '/workspace/planner/ros2/build/utils': CMAKE_PREFIX_PATH=/opt/ros/galactic /usr/local/bin/cmake --install /workspace/planner/ros2/build/utils
[1.029s] Level 1:colcon.colcon_core.environment:create_environment_scripts_only(utils)
[1.031s] DEBUG:colcon.colcon_core.event_handler.log_command:Invoked command in '/workspace/planner/ros2/build/utils' returned '0': CMAKE_PREFIX_PATH=/opt/ros/galactic /usr/local/bin/cmake --install /workspace/planner/ros2/build/utils
[1.037s] Level 1:colcon.colcon_core.environment:checking '/workspace/planner/ros2/install/utils' for CMake module files
[1.039s] Level 1:colcon.colcon_core.environment:checking '/workspace/planner/ros2/install/utils' for CMake config files
[1.039s] Level 1:colcon.colcon_core.shell:create_environment_hook('utils', 'cmake_prefix_path')
[1.040s] INFO:colcon.colcon_core.shell:Creating environment hook '/workspace/planner/ros2/install/utils/share/utils/hook/cmake_prefix_path.ps1'
[1.041s] INFO:colcon.colcon_core.shell:Creating environment descriptor '/workspace/planner/ros2/install/utils/share/utils/hook/cmake_prefix_path.dsv'
[1.041s] INFO:colcon.colcon_core.shell:Creating environment hook '/workspace/planner/ros2/install/utils/share/utils/hook/cmake_prefix_path.sh'
[1.042s] Level 1:colcon.colcon_core.environment:checking '/workspace/planner/ros2/install/utils/lib'
[1.043s] Level 1:colcon.colcon_core.environment:checking '/workspace/planner/ros2/install/utils/bin'
[1.043s] Level 1:colcon.colcon_core.environment:checking '/workspace/planner/ros2/install/utils/lib/pkgconfig/utils.pc'
[1.043s] Level 1:colcon.colcon_core.environment:checking '/workspace/planner/ros2/install/utils/lib/python3.8/site-packages'
[1.044s] INFO:colcon.colcon_core.shell:Creating package script '/workspace/planner/ros2/install/utils/share/utils/package.ps1'
[1.047s] INFO:colcon.colcon_core.shell:Creating package descriptor '/workspace/planner/ros2/install/utils/share/utils/package.dsv'
[1.048s] INFO:colcon.colcon_core.shell:Creating package script '/workspace/planner/ros2/install/utils/share/utils/package.sh'
[1.049s] INFO:colcon.colcon_core.shell:Creating package script '/workspace/planner/ros2/install/utils/share/utils/package.bash'
[1.050s] INFO:colcon.colcon_core.shell:Creating package script '/workspace/planner/ros2/install/utils/share/utils/package.zsh'
[1.051s] Level 1:colcon.colcon_core.environment:create_file_with_runtime_dependencies(/workspace/planner/ros2/install/utils/share/colcon-core/packages/utils)
[1.060s] DEBUG:colcon.colcon_core.event_handler.log_command:Invoking command in '/workspace/planner/ros2/build/usr_msgs': CMAKE_PREFIX_PATH=/opt/ros/galactic /usr/local/bin/cmake --install /workspace/planner/ros2/build/usr_msgs
[1.074s] Level 1:colcon.colcon_core.environment:create_environment_scripts_only(utils)
[1.075s] Level 1:colcon.colcon_core.environment:checking '/workspace/planner/ros2/install/utils' for CMake module files
[1.077s] Level 1:colcon.colcon_core.environment:checking '/workspace/planner/ros2/install/utils' for CMake config files
[1.079s] Level 1:colcon.colcon_core.shell:create_environment_hook('utils', 'cmake_prefix_path')
[1.080s] INFO:colcon.colcon_core.shell:Creating environment hook '/workspace/planner/ros2/install/utils/share/utils/hook/cmake_prefix_path.ps1'
[1.081s] INFO:colcon.colcon_core.shell:Creating environment descriptor '/workspace/planner/ros2/install/utils/share/utils/hook/cmake_prefix_path.dsv'
[1.081s] INFO:colcon.colcon_core.shell:Creating environment hook '/workspace/planner/ros2/install/utils/share/utils/hook/cmake_prefix_path.sh'
[1.082s] Level 1:colcon.colcon_core.environment:checking '/workspace/planner/ros2/install/utils/lib'
[1.082s] Level 1:colcon.colcon_core.environment:checking '/workspace/planner/ros2/install/utils/bin'
[1.082s] Level 1:colcon.colcon_core.environment:checking '/workspace/planner/ros2/install/utils/lib/pkgconfig/utils.pc'
[1.082s] Level 1:colcon.colcon_core.environment:checking '/workspace/planner/ros2/install/utils/lib/python3.8/site-packages'
[1.083s] INFO:colcon.colcon_core.shell:Creating package script '/workspace/planner/ros2/install/utils/share/utils/package.ps1'
[1.084s] INFO:colcon.colcon_core.shell:Creating package descriptor '/workspace/planner/ros2/install/utils/share/utils/package.dsv'
[1.085s] INFO:colcon.colcon_core.shell:Creating package script '/workspace/planner/ros2/install/utils/share/utils/package.sh'
[1.085s] INFO:colcon.colcon_core.shell:Creating package script '/workspace/planner/ros2/install/utils/share/utils/package.bash'
[1.087s] INFO:colcon.colcon_core.shell:Creating package script '/workspace/planner/ros2/install/utils/share/utils/package.zsh'
[1.088s] Level 1:colcon.colcon_core.environment:create_file_with_runtime_dependencies(/workspace/planner/ros2/install/utils/share/colcon-core/packages/utils)
[1.089s] INFO:colcon.colcon_ros.task.ament_cmake.build:Building ROS package in '/workspace/planner/ros2/src/interfaces' with build type 'ament_cmake'
[1.089s] INFO:colcon.colcon_cmake.task.cmake.build:Building CMake package in '/workspace/planner/ros2/src/interfaces'
[1.090s] INFO:colcon.colcon_core.shell:Skip shell extension 'powershell' for command environment: Not usable outside of PowerShell
[1.090s] DEBUG:colcon.colcon_core.shell:Skip shell extension 'dsv' for command environment
[1.113s] DEBUG:colcon.colcon_core.event_handler.log_command:Invoking command in '/workspace/planner/ros2/build/interfaces': AMENT_PREFIX_PATH=/workspace/planner/ros2/install/utils:${AMENT_PREFIX_PATH} CMAKE_PREFIX_PATH=/workspace/planner/ros2/install/utils:/opt/ros/galactic LD_LIBRARY_PATH=/workspace/planner/ros2/install/utils/lib:${LD_LIBRARY_PATH} /usr/local/bin/cmake --build /workspace/planner/ros2/build/interfaces -- -j12 -l12
[1.169s] DEBUG:colcon.colcon_core.event_handler.log_command:Invoked command in '/workspace/planner/ros2/build/interfaces' returned '0': AMENT_PREFIX_PATH=/workspace/planner/ros2/install/utils:${AMENT_PREFIX_PATH} CMAKE_PREFIX_PATH=/workspace/planner/ros2/install/utils:/opt/ros/galactic LD_LIBRARY_PATH=/workspace/planner/ros2/install/utils/lib:${LD_LIBRARY_PATH} /usr/local/bin/cmake --build /workspace/planner/ros2/build/interfaces -- -j12 -l12
[1.197s] DEBUG:colcon.colcon_core.event_handler.log_command:Invoking command in '/workspace/planner/ros2/build/interfaces': AMENT_PREFIX_PATH=/workspace/planner/ros2/install/utils:${AMENT_PREFIX_PATH} CMAKE_PREFIX_PATH=/workspace/planner/ros2/install/utils:/opt/ros/galactic LD_LIBRARY_PATH=/workspace/planner/ros2/install/utils/lib:${LD_LIBRARY_PATH} /usr/local/bin/cmake --install /workspace/planner/ros2/build/interfaces
[1.201s] Level 1:colcon.colcon_core.environment:create_environment_scripts_only(usr_msgs)
[1.203s] Level 1:colcon.colcon_core.environment:checking '/workspace/planner/ros2/install/usr_msgs' for CMake module files
[1.203s] DEBUG:colcon.colcon_core.event_handler.log_command:Invoked command in '/workspace/planner/ros2/build/usr_msgs' returned '0': CMAKE_PREFIX_PATH=/opt/ros/galactic /usr/local/bin/cmake --install /workspace/planner/ros2/build/usr_msgs
[1.205s] Level 1:colcon.colcon_core.environment:checking '/workspace/planner/ros2/install/usr_msgs' for CMake config files
[1.206s] Level 1:colcon.colcon_core.shell:create_environment_hook('usr_msgs', 'cmake_prefix_path')
[1.206s] INFO:colcon.colcon_core.shell:Creating environment hook '/workspace/planner/ros2/install/usr_msgs/share/usr_msgs/hook/cmake_prefix_path.ps1'
[1.207s] INFO:colcon.colcon_core.shell:Creating environment descriptor '/workspace/planner/ros2/install/usr_msgs/share/usr_msgs/hook/cmake_prefix_path.dsv'
[1.208s] INFO:colcon.colcon_core.shell:Creating environment hook '/workspace/planner/ros2/install/usr_msgs/share/usr_msgs/hook/cmake_prefix_path.sh'
[1.209s] Level 1:colcon.colcon_core.environment:checking '/workspace/planner/ros2/install/usr_msgs/lib'
[1.209s] Level 1:colcon.colcon_core.shell:create_environment_hook('usr_msgs', 'ld_library_path_lib')
[1.210s] INFO:colcon.colcon_core.shell:Creating environment hook '/workspace/planner/ros2/install/usr_msgs/share/usr_msgs/hook/ld_library_path_lib.ps1'
[1.210s] INFO:colcon.colcon_core.shell:Creating environment descriptor '/workspace/planner/ros2/install/usr_msgs/share/usr_msgs/hook/ld_library_path_lib.dsv'
[1.211s] INFO:colcon.colcon_core.shell:Creating environment hook '/workspace/planner/ros2/install/usr_msgs/share/usr_msgs/hook/ld_library_path_lib.sh'
[1.211s] Level 1:colcon.colcon_core.environment:checking '/workspace/planner/ros2/install/usr_msgs/bin'
[1.211s] Level 1:colcon.colcon_core.environment:checking '/workspace/planner/ros2/install/usr_msgs/lib/pkgconfig/usr_msgs.pc'
[1.212s] Level 1:colcon.colcon_core.environment:checking '/workspace/planner/ros2/install/usr_msgs/lib/python3.8/site-packages'
[1.212s] Level 1:colcon.colcon_core.shell:create_environment_hook('usr_msgs', 'pythonpath')
[1.212s] INFO:colcon.colcon_core.shell:Creating environment hook '/workspace/planner/ros2/install/usr_msgs/share/usr_msgs/hook/pythonpath.ps1'
[1.213s] INFO:colcon.colcon_core.shell:Creating environment descriptor '/workspace/planner/ros2/install/usr_msgs/share/usr_msgs/hook/pythonpath.dsv'
[1.214s] INFO:colcon.colcon_core.shell:Creating environment hook '/workspace/planner/ros2/install/usr_msgs/share/usr_msgs/hook/pythonpath.sh'
[1.215s] INFO:colcon.colcon_core.shell:Creating package script '/workspace/planner/ros2/install/usr_msgs/share/usr_msgs/package.ps1'
[1.216s] INFO:colcon.colcon_core.shell:Creating package descriptor '/workspace/planner/ros2/install/usr_msgs/share/usr_msgs/package.dsv'
[1.216s] INFO:colcon.colcon_core.shell:Creating package script '/workspace/planner/ros2/install/usr_msgs/share/usr_msgs/package.sh'
[1.217s] INFO:colcon.colcon_core.shell:Creating package script '/workspace/planner/ros2/install/usr_msgs/share/usr_msgs/package.bash'
[1.217s] INFO:colcon.colcon_core.shell:Creating package script '/workspace/planner/ros2/install/usr_msgs/share/usr_msgs/package.zsh'
[1.218s] Level 1:colcon.colcon_core.environment:create_file_with_runtime_dependencies(/workspace/planner/ros2/install/usr_msgs/share/colcon-core/packages/usr_msgs)
[1.230s] Level 1:colcon.colcon_core.environment:create_environment_scripts_only(interfaces)
[1.233s] Level 1:colcon.colcon_core.environment:checking '/workspace/planner/ros2/install/interfaces' for CMake module files
[1.234s] DEBUG:colcon.colcon_core.event_handler.log_command:Invoked command in '/workspace/planner/ros2/build/interfaces' returned '0': AMENT_PREFIX_PATH=/workspace/planner/ros2/install/utils:${AMENT_PREFIX_PATH} CMAKE_PREFIX_PATH=/workspace/planner/ros2/install/utils:/opt/ros/galactic LD_LIBRARY_PATH=/workspace/planner/ros2/install/utils/lib:${LD_LIBRARY_PATH} /usr/local/bin/cmake --install /workspace/planner/ros2/build/interfaces
[1.235s] Level 1:colcon.colcon_core.environment:checking '/workspace/planner/ros2/install/interfaces' for CMake config files
[1.235s] Level 1:colcon.colcon_core.shell:create_environment_hook('interfaces', 'cmake_prefix_path')
[1.236s] INFO:colcon.colcon_core.shell:Creating environment hook '/workspace/planner/ros2/install/interfaces/share/interfaces/hook/cmake_prefix_path.ps1'
[1.237s] INFO:colcon.colcon_core.shell:Creating environment descriptor '/workspace/planner/ros2/install/interfaces/share/interfaces/hook/cmake_prefix_path.dsv'
[1.237s] INFO:colcon.colcon_core.shell:Creating environment hook '/workspace/planner/ros2/install/interfaces/share/interfaces/hook/cmake_prefix_path.sh'
[1.238s] Level 1:colcon.colcon_core.environment:checking '/workspace/planner/ros2/install/interfaces/lib'
[1.238s] Level 1:colcon.colcon_core.environment:checking '/workspace/planner/ros2/install/interfaces/bin'
[1.238s] Level 1:colcon.colcon_core.environment:checking '/workspace/planner/ros2/install/interfaces/lib/pkgconfig/interfaces.pc'
[1.239s] Level 1:colcon.colcon_core.environment:checking '/workspace/planner/ros2/install/interfaces/lib/python3.8/site-packages'
[1.240s] INFO:colcon.colcon_core.shell:Creating package script '/workspace/planner/ros2/install/interfaces/share/interfaces/package.ps1'
[1.242s] INFO:colcon.colcon_core.shell:Creating package descriptor '/workspace/planner/ros2/install/interfaces/share/interfaces/package.dsv'
[1.243s] INFO:colcon.colcon_core.shell:Creating package script '/workspace/planner/ros2/install/interfaces/share/interfaces/package.sh'
[1.244s] INFO:colcon.colcon_core.shell:Creating package script '/workspace/planner/ros2/install/interfaces/share/interfaces/package.bash'
[1.245s] INFO:colcon.colcon_core.shell:Creating package script '/workspace/planner/ros2/install/interfaces/share/interfaces/package.zsh'
[1.246s] Level 1:colcon.colcon_core.environment:create_file_with_runtime_dependencies(/workspace/planner/ros2/install/interfaces/share/colcon-core/packages/interfaces)
[1.272s] Level 1:colcon.colcon_core.environment:create_environment_scripts_only(interfaces)
[1.273s] Level 1:colcon.colcon_core.environment:checking '/workspace/planner/ros2/install/interfaces' for CMake module files
[1.276s] Level 1:colcon.colcon_core.environment:checking '/workspace/planner/ros2/install/interfaces' for CMake config files
[1.276s] Level 1:colcon.colcon_core.shell:create_environment_hook('interfaces', 'cmake_prefix_path')
[1.277s] INFO:colcon.colcon_core.shell:Creating environment hook '/workspace/planner/ros2/install/interfaces/share/interfaces/hook/cmake_prefix_path.ps1'
[1.278s] INFO:colcon.colcon_core.shell:Creating environment descriptor '/workspace/planner/ros2/install/interfaces/share/interfaces/hook/cmake_prefix_path.dsv'
[1.278s] INFO:colcon.colcon_core.shell:Creating environment hook '/workspace/planner/ros2/install/interfaces/share/interfaces/hook/cmake_prefix_path.sh'
[1.279s] Level 1:colcon.colcon_core.environment:checking '/workspace/planner/ros2/install/interfaces/lib'
[1.279s] Level 1:colcon.colcon_core.environment:checking '/workspace/planner/ros2/install/interfaces/bin'
[1.279s] Level 1:colcon.colcon_core.environment:checking '/workspace/planner/ros2/install/interfaces/lib/pkgconfig/interfaces.pc'
[1.279s] Level 1:colcon.colcon_core.environment:checking '/workspace/planner/ros2/install/interfaces/lib/python3.8/site-packages'
[1.280s] INFO:colcon.colcon_core.shell:Creating package script '/workspace/planner/ros2/install/interfaces/share/interfaces/package.ps1'
[1.281s] INFO:colcon.colcon_core.shell:Creating package descriptor '/workspace/planner/ros2/install/interfaces/share/interfaces/package.dsv'
[1.282s] INFO:colcon.colcon_core.shell:Creating package script '/workspace/planner/ros2/install/interfaces/share/interfaces/package.sh'
[1.282s] INFO:colcon.colcon_core.shell:Creating package script '/workspace/planner/ros2/install/interfaces/share/interfaces/package.bash'
[1.283s] INFO:colcon.colcon_core.shell:Creating package script '/workspace/planner/ros2/install/interfaces/share/interfaces/package.zsh'
[1.283s] Level 1:colcon.colcon_core.environment:create_file_with_runtime_dependencies(/workspace/planner/ros2/install/interfaces/share/colcon-core/packages/interfaces)
[1.312s] Level 1:colcon.colcon_core.environment:create_environment_scripts_only(usr_msgs)
[1.313s] Level 1:colcon.colcon_core.environment:checking '/workspace/planner/ros2/install/usr_msgs' for CMake module files
[1.314s] Level 1:colcon.colcon_core.environment:checking '/workspace/planner/ros2/install/usr_msgs' for CMake config files
[1.316s] Level 1:colcon.colcon_core.shell:create_environment_hook('usr_msgs', 'cmake_prefix_path')
[1.317s] INFO:colcon.colcon_core.shell:Creating environment hook '/workspace/planner/ros2/install/usr_msgs/share/usr_msgs/hook/cmake_prefix_path.ps1'
[1.318s] INFO:colcon.colcon_core.shell:Creating environment descriptor '/workspace/planner/ros2/install/usr_msgs/share/usr_msgs/hook/cmake_prefix_path.dsv'
[1.318s] INFO:colcon.colcon_core.shell:Creating environment hook '/workspace/planner/ros2/install/usr_msgs/share/usr_msgs/hook/cmake_prefix_path.sh'
[1.319s] Level 1:colcon.colcon_core.environment:checking '/workspace/planner/ros2/install/usr_msgs/lib'
[1.319s] Level 1:colcon.colcon_core.shell:create_environment_hook('usr_msgs', 'ld_library_path_lib')
[1.319s] INFO:colcon.colcon_core.shell:Creating environment hook '/workspace/planner/ros2/install/usr_msgs/share/usr_msgs/hook/ld_library_path_lib.ps1'
[1.320s] INFO:colcon.colcon_core.shell:Creating environment descriptor '/workspace/planner/ros2/install/usr_msgs/share/usr_msgs/hook/ld_library_path_lib.dsv'
[1.320s] INFO:colcon.colcon_core.shell:Creating environment hook '/workspace/planner/ros2/install/usr_msgs/share/usr_msgs/hook/ld_library_path_lib.sh'
[1.320s] Level 1:colcon.colcon_core.environment:checking '/workspace/planner/ros2/install/usr_msgs/bin'
[1.320s] Level 1:colcon.colcon_core.environment:checking '/workspace/planner/ros2/install/usr_msgs/lib/pkgconfig/usr_msgs.pc'
[1.320s] Level 1:colcon.colcon_core.environment:checking '/workspace/planner/ros2/install/usr_msgs/lib/python3.8/site-packages'
[1.320s] Level 1:colcon.colcon_core.shell:create_environment_hook('usr_msgs', 'pythonpath')
[1.321s] INFO:colcon.colcon_core.shell:Creating environment hook '/workspace/planner/ros2/install/usr_msgs/share/usr_msgs/hook/pythonpath.ps1'
[1.321s] INFO:colcon.colcon_core.shell:Creating environment descriptor '/workspace/planner/ros2/install/usr_msgs/share/usr_msgs/hook/pythonpath.dsv'
[1.321s] INFO:colcon.colcon_core.shell:Creating environment hook '/workspace/planner/ros2/install/usr_msgs/share/usr_msgs/hook/pythonpath.sh'
[1.322s] INFO:colcon.colcon_core.shell:Creating package script '/workspace/planner/ros2/install/usr_msgs/share/usr_msgs/package.ps1'
[1.323s] INFO:colcon.colcon_core.shell:Creating package descriptor '/workspace/planner/ros2/install/usr_msgs/share/usr_msgs/package.dsv'
[1.324s] INFO:colcon.colcon_core.shell:Creating package script '/workspace/planner/ros2/install/usr_msgs/share/usr_msgs/package.sh'
[1.324s] INFO:colcon.colcon_core.shell:Creating package script '/workspace/planner/ros2/install/usr_msgs/share/usr_msgs/package.bash'
[1.324s] INFO:colcon.colcon_core.shell:Creating package script '/workspace/planner/ros2/install/usr_msgs/share/usr_msgs/package.zsh'
[1.325s] Level 1:colcon.colcon_core.environment:create_file_with_runtime_dependencies(/workspace/planner/ros2/install/usr_msgs/share/colcon-core/packages/usr_msgs)
[1.325s] INFO:colcon.colcon_ros.task.ament_cmake.build:Building ROS package in '/workspace/planner/ros2/src/usr_srvs' with build type 'ament_cmake'
[1.325s] INFO:colcon.colcon_cmake.task.cmake.build:Building CMake package in '/workspace/planner/ros2/src/usr_srvs'
[1.327s] INFO:colcon.colcon_core.shell:Skip shell extension 'powershell' for command environment: Not usable outside of PowerShell
[1.327s] DEBUG:colcon.colcon_core.shell:Skip shell extension 'dsv' for command environment
[1.348s] DEBUG:colcon.colcon_core.event_handler.log_command:Invoking command in '/workspace/planner/ros2/build/usr_srvs': AMENT_PREFIX_PATH=/workspace/planner/ros2/install/usr_msgs:${AMENT_PREFIX_PATH} CMAKE_PREFIX_PATH=/workspace/planner/ros2/install/usr_msgs:/opt/ros/galactic LD_LIBRARY_PATH=/workspace/planner/ros2/install/usr_msgs/lib:${LD_LIBRARY_PATH} PYTHONPATH=/workspace/planner/ros2/install/usr_msgs/lib/python3.8/site-packages:${PYTHONPATH} /usr/local/bin/cmake --build /workspace/planner/ros2/build/usr_srvs -- -j12 -l12
[1.530s] DEBUG:colcon.colcon_core.event_handler.log_command:Invoking command in '/workspace/planner/ros2/build/kiwibot': PYTHONPATH=/workspace/planner/ros2/install/kiwibot/lib/python3.8/site-packages:${PYTHONPATH} /usr/bin/python3 setup.py develop --prefix /workspace/planner/ros2/install/kiwibot --editable --build-directory /workspace/planner/ros2/build/kiwibot/build --no-deps install_data --install-dir /workspace/planner/ros2/install/kiwibot
[1.538s] DEBUG:colcon.colcon_core.event_handler.log_command:Invoking command in '/workspace/planner/ros2/build/path_planner': PYTHONPATH=/workspace/planner/ros2/install/path_planner/lib/python3.8/site-packages:${PYTHONPATH} /usr/bin/python3 setup.py develop --prefix /workspace/planner/ros2/install/path_planner --editable --build-directory /workspace/planner/ros2/build/path_planner/build --no-deps install_data --install-dir /workspace/planner/ros2/install/path_planner
[1.547s] DEBUG:colcon.colcon_core.event_handler.log_command:Invoking command in '/workspace/planner/ros2/build/graphics': PYTHONPATH=/workspace/planner/ros2/install/graphics/lib/python3.8/site-packages:${PYTHONPATH} /usr/bin/python3 setup.py develop --prefix /workspace/planner/ros2/install/graphics --editable --build-directory /workspace/planner/ros2/build/graphics/build --no-deps install_data --install-dir /workspace/planner/ros2/install/graphics
[1.580s] DEBUG:colcon.colcon_core.event_handler.log_command:Invoked command in '/workspace/planner/ros2/build/usr_srvs' returned '0': AMENT_PREFIX_PATH=/workspace/planner/ros2/install/usr_msgs:${AMENT_PREFIX_PATH} CMAKE_PREFIX_PATH=/workspace/planner/ros2/install/usr_msgs:/opt/ros/galactic LD_LIBRARY_PATH=/workspace/planner/ros2/install/usr_msgs/lib:${LD_LIBRARY_PATH} PYTHONPATH=/workspace/planner/ros2/install/usr_msgs/lib/python3.8/site-packages:${PYTHONPATH} /usr/local/bin/cmake --build /workspace/planner/ros2/build/usr_srvs -- -j12 -l12
[1.644s] DEBUG:colcon.colcon_core.event_handler.log_command:Invoking command in '/workspace/planner/ros2/build/usr_srvs': AMENT_PREFIX_PATH=/workspace/planner/ros2/install/usr_msgs:${AMENT_PREFIX_PATH} CMAKE_PREFIX_PATH=/workspace/planner/ros2/install/usr_msgs:/opt/ros/galactic LD_LIBRARY_PATH=/workspace/planner/ros2/install/usr_msgs/lib:${LD_LIBRARY_PATH} PYTHONPATH=/workspace/planner/ros2/install/usr_msgs/lib/python3.8/site-packages:${PYTHONPATH} /usr/local/bin/cmake --install /workspace/planner/ros2/build/usr_srvs
[1.777s] Level 1:colcon.colcon_core.environment:create_environment_scripts_only(usr_srvs)
[1.778s] Level 1:colcon.colcon_core.environment:checking '/workspace/planner/ros2/install/usr_srvs' for CMake module files
[1.779s] DEBUG:colcon.colcon_core.event_handler.log_command:Invoked command in '/workspace/planner/ros2/build/usr_srvs' returned '0': AMENT_PREFIX_PATH=/workspace/planner/ros2/install/usr_msgs:${AMENT_PREFIX_PATH} CMAKE_PREFIX_PATH=/workspace/planner/ros2/install/usr_msgs:/opt/ros/galactic LD_LIBRARY_PATH=/workspace/planner/ros2/install/usr_msgs/lib:${LD_LIBRARY_PATH} PYTHONPATH=/workspace/planner/ros2/install/usr_msgs/lib/python3.8/site-packages:${PYTHONPATH} /usr/local/bin/cmake --install /workspace/planner/ros2/build/usr_srvs
[1.780s] Level 1:colcon.colcon_core.environment:checking '/workspace/planner/ros2/install/usr_srvs' for CMake config files
[1.781s] Level 1:colcon.colcon_core.shell:create_environment_hook('usr_srvs', 'cmake_prefix_path')
[1.781s] INFO:colcon.colcon_core.shell:Creating environment hook '/workspace/planner/ros2/install/usr_srvs/share/usr_srvs/hook/cmake_prefix_path.ps1'
[1.783s] INFO:colcon.colcon_core.shell:Creating environment descriptor '/workspace/planner/ros2/install/usr_srvs/share/usr_srvs/hook/cmake_prefix_path.dsv'
[1.784s] INFO:colcon.colcon_core.shell:Creating environment hook '/workspace/planner/ros2/install/usr_srvs/share/usr_srvs/hook/cmake_prefix_path.sh'
[1.784s] Level 1:colcon.colcon_core.environment:checking '/workspace/planner/ros2/install/usr_srvs/lib'
[1.785s] Level 1:colcon.colcon_core.shell:create_environment_hook('usr_srvs', 'ld_library_path_lib')
[1.785s] INFO:colcon.colcon_core.shell:Creating environment hook '/workspace/planner/ros2/install/usr_srvs/share/usr_srvs/hook/ld_library_path_lib.ps1'
[1.785s] INFO:colcon.colcon_core.shell:Creating environment descriptor '/workspace/planner/ros2/install/usr_srvs/share/usr_srvs/hook/ld_library_path_lib.dsv'
[1.786s] INFO:colcon.colcon_core.shell:Creating environment hook '/workspace/planner/ros2/install/usr_srvs/share/usr_srvs/hook/ld_library_path_lib.sh'
[1.786s] Level 1:colcon.colcon_core.environment:checking '/workspace/planner/ros2/install/usr_srvs/bin'
[1.786s] Level 1:colcon.colcon_core.environment:checking '/workspace/planner/ros2/install/usr_srvs/lib/pkgconfig/usr_srvs.pc'
[1.786s] Level 1:colcon.colcon_core.environment:checking '/workspace/planner/ros2/install/usr_srvs/lib/python3.8/site-packages'
[1.786s] Level 1:colcon.colcon_core.shell:create_environment_hook('usr_srvs', 'pythonpath')
[1.787s] INFO:colcon.colcon_core.shell:Creating environment hook '/workspace/planner/ros2/install/usr_srvs/share/usr_srvs/hook/pythonpath.ps1'
[1.787s] INFO:colcon.colcon_core.shell:Creating environment descriptor '/workspace/planner/ros2/install/usr_srvs/share/usr_srvs/hook/pythonpath.dsv'
[1.788s] INFO:colcon.colcon_core.shell:Creating environment hook '/workspace/planner/ros2/install/usr_srvs/share/usr_srvs/hook/pythonpath.sh'
[1.789s] INFO:colcon.colcon_core.shell:Creating package script '/workspace/planner/ros2/install/usr_srvs/share/usr_srvs/package.ps1'
[1.791s] INFO:colcon.colcon_core.shell:Creating package descriptor '/workspace/planner/ros2/install/usr_srvs/share/usr_srvs/package.dsv'
[1.792s] INFO:colcon.colcon_core.shell:Creating package script '/workspace/planner/ros2/install/usr_srvs/share/usr_srvs/package.sh'
[1.792s] INFO:colcon.colcon_core.shell:Creating package script '/workspace/planner/ros2/install/usr_srvs/share/usr_srvs/package.bash'
[1.793s] INFO:colcon.colcon_core.shell:Creating package script '/workspace/planner/ros2/install/usr_srvs/share/usr_srvs/package.zsh'
[1.793s] Level 1:colcon.colcon_core.environment:create_file_with_runtime_dependencies(/workspace/planner/ros2/install/usr_srvs/share/colcon-core/packages/usr_srvs)
[1.868s] Level 1:colcon.colcon_core.environment:create_environment_scripts_only(usr_srvs)
[1.869s] Level 1:colcon.colcon_core.environment:checking '/workspace/planner/ros2/install/usr_srvs' for CMake module files
[1.871s] Level 1:colcon.colcon_core.environment:checking '/workspace/planner/ros2/install/usr_srvs' for CMake config files
[1.872s] Level 1:colcon.colcon_core.shell:create_environment_hook('usr_srvs', 'cmake_prefix_path')
[1.873s] INFO:colcon.colcon_core.shell:Creating environment hook '/workspace/planner/ros2/install/usr_srvs/share/usr_srvs/hook/cmake_prefix_path.ps1'
[1.873s] INFO:colcon.colcon_core.shell:Creating environment descriptor '/workspace/planner/ros2/install/usr_srvs/share/usr_srvs/hook/cmake_prefix_path.dsv'
[1.873s] INFO:colcon.colcon_core.shell:Creating environment hook '/workspace/planner/ros2/install/usr_srvs/share/usr_srvs/hook/cmake_prefix_path.sh'
[1.874s] Level 1:colcon.colcon_core.environment:checking '/workspace/planner/ros2/install/usr_srvs/lib'
[1.875s] Level 1:colcon.colcon_core.shell:create_environment_hook('usr_srvs', 'ld_library_path_lib')
[1.875s] INFO:colcon.colcon_core.shell:Creating environment hook '/workspace/planner/ros2/install/usr_srvs/share/usr_srvs/hook/ld_library_path_lib.ps1'
[1.876s] INFO:colcon.colcon_core.shell:Creating environment descriptor '/workspace/planner/ros2/install/usr_srvs/share/usr_srvs/hook/ld_library_path_lib.dsv'
[1.877s] INFO:colcon.colcon_core.shell:Creating environment hook '/workspace/planner/ros2/install/usr_srvs/share/usr_srvs/hook/ld_library_path_lib.sh'
[1.877s] Level 1:colcon.colcon_core.environment:checking '/workspace/planner/ros2/install/usr_srvs/bin'
[1.877s] Level 1:colcon.colcon_core.environment:checking '/workspace/planner/ros2/install/usr_srvs/lib/pkgconfig/usr_srvs.pc'
[1.877s] Level 1:colcon.colcon_core.environment:checking '/workspace/planner/ros2/install/usr_srvs/lib/python3.8/site-packages'
[1.877s] Level 1:colcon.colcon_core.shell:create_environment_hook('usr_srvs', 'pythonpath')
[1.878s] INFO:colcon.colcon_core.shell:Creating environment hook '/workspace/planner/ros2/install/usr_srvs/share/usr_srvs/hook/pythonpath.ps1'
[1.878s] INFO:colcon.colcon_core.shell:Creating environment descriptor '/workspace/planner/ros2/install/usr_srvs/share/usr_srvs/hook/pythonpath.dsv'
[1.879s] INFO:colcon.colcon_core.shell:Creating environment hook '/workspace/planner/ros2/install/usr_srvs/share/usr_srvs/hook/pythonpath.sh'
[1.881s] INFO:colcon.colcon_core.shell:Creating package script '/workspace/planner/ros2/install/usr_srvs/share/usr_srvs/package.ps1'
[1.881s] INFO:colcon.colcon_core.shell:Creating package descriptor '/workspace/planner/ros2/install/usr_srvs/share/usr_srvs/package.dsv'
[1.882s] INFO:colcon.colcon_core.shell:Creating package script '/workspace/planner/ros2/install/usr_srvs/share/usr_srvs/package.sh'
[1.883s] INFO:colcon.colcon_core.shell:Creating package script '/workspace/planner/ros2/install/usr_srvs/share/usr_srvs/package.bash'
[1.885s] INFO:colcon.colcon_core.shell:Creating package script '/workspace/planner/ros2/install/usr_srvs/share/usr_srvs/package.zsh'
[1.886s] Level 1:colcon.colcon_core.environment:create_file_with_runtime_dependencies(/workspace/planner/ros2/install/usr_srvs/share/colcon-core/packages/usr_srvs)
[2.062s] Level 1:colcon.colcon_core.shell:create_environment_hook('kiwibot', 'pythonpath_develop')
[2.064s] INFO:colcon.colcon_core.shell:Creating environment hook '/workspace/planner/ros2/build/kiwibot/share/kiwibot/hook/pythonpath_develop.ps1'
[2.066s] DEBUG:colcon.colcon_core.event_handler.log_command:Invoked command in '/workspace/planner/ros2/build/kiwibot' returned '0': PYTHONPATH=/workspace/planner/ros2/install/kiwibot/lib/python3.8/site-packages:${PYTHONPATH} /usr/bin/python3 setup.py develop --prefix /workspace/planner/ros2/install/kiwibot --editable --build-directory /workspace/planner/ros2/build/kiwibot/build --no-deps install_data --install-dir /workspace/planner/ros2/install/kiwibot
[2.068s] INFO:colcon.colcon_core.shell:Creating environment descriptor '/workspace/planner/ros2/build/kiwibot/share/kiwibot/hook/pythonpath_develop.dsv'
[2.070s] INFO:colcon.colcon_core.shell:Creating environment hook '/workspace/planner/ros2/build/kiwibot/share/kiwibot/hook/pythonpath_develop.sh'
[2.073s] Level 1:colcon.colcon_core.environment:checking '/workspace/planner/ros2/install/kiwibot' for CMake module files
[2.074s] Level 1:colcon.colcon_core.environment:checking '/workspace/planner/ros2/install/kiwibot' for CMake config files
[2.075s] Level 1:colcon.colcon_core.environment:checking '/workspace/planner/ros2/install/kiwibot/lib'
[2.075s] Level 1:colcon.colcon_core.environment:checking '/workspace/planner/ros2/install/kiwibot/bin'
[2.075s] Level 1:colcon.colcon_core.environment:checking '/workspace/planner/ros2/install/kiwibot/lib/pkgconfig/kiwibot.pc'
[2.075s] Level 1:colcon.colcon_core.environment:checking '/workspace/planner/ros2/install/kiwibot/lib/python3.8/site-packages'
[2.075s] Level 1:colcon.colcon_core.shell:create_environment_hook('kiwibot', 'pythonpath')
[2.076s] INFO:colcon.colcon_core.shell:Creating environment hook '/workspace/planner/ros2/install/kiwibot/share/kiwibot/hook/pythonpath.ps1'
[2.078s] INFO:colcon.colcon_core.shell:Creating environment descriptor '/workspace/planner/ros2/install/kiwibot/share/kiwibot/hook/pythonpath.dsv'
[2.079s] INFO:colcon.colcon_core.shell:Creating environment hook '/workspace/planner/ros2/install/kiwibot/share/kiwibot/hook/pythonpath.sh'
[2.080s] Level 1:colcon.colcon_core.environment:create_environment_scripts_only(kiwibot)
[2.081s] INFO:colcon.colcon_core.shell:Creating package script '/workspace/planner/ros2/install/kiwibot/share/kiwibot/package.ps1'
[2.083s] INFO:colcon.colcon_core.shell:Creating package descriptor '/workspace/planner/ros2/install/kiwibot/share/kiwibot/package.dsv'
[2.084s] INFO:colcon.colcon_core.shell:Creating package script '/workspace/planner/ros2/install/kiwibot/share/kiwibot/package.sh'
[2.084s] INFO:colcon.colcon_core.shell:Creating package script '/workspace/planner/ros2/install/kiwibot/share/kiwibot/package.bash'
[2.084s] INFO:colcon.colcon_core.shell:Creating package script '/workspace/planner/ros2/install/kiwibot/share/kiwibot/package.zsh'
[2.085s] Level 1:colcon.colcon_core.environment:create_file_with_runtime_dependencies(/workspace/planner/ros2/install/kiwibot/share/colcon-core/packages/kiwibot)
[2.088s] Level 1:colcon.colcon_core.shell:create_environment_hook('graphics', 'pythonpath_develop')
[2.089s] INFO:colcon.colcon_core.shell:Creating environment hook '/workspace/planner/ros2/build/graphics/share/graphics/hook/pythonpath_develop.ps1'
[2.090s] DEBUG:colcon.colcon_core.event_handler.log_command:Invoked command in '/workspace/planner/ros2/build/graphics' returned '0': PYTHONPATH=/workspace/planner/ros2/install/graphics/lib/python3.8/site-packages:${PYTHONPATH} /usr/bin/python3 setup.py develop --prefix /workspace/planner/ros2/install/graphics --editable --build-directory /workspace/planner/ros2/build/graphics/build --no-deps install_data --install-dir /workspace/planner/ros2/install/graphics
[2.091s] INFO:colcon.colcon_core.shell:Creating environment descriptor '/workspace/planner/ros2/build/graphics/share/graphics/hook/pythonpath_develop.dsv'
[2.092s] INFO:colcon.colcon_core.shell:Creating environment hook '/workspace/planner/ros2/build/graphics/share/graphics/hook/pythonpath_develop.sh'
[2.096s] Level 1:colcon.colcon_core.environment:checking '/workspace/planner/ros2/install/graphics' for CMake module files
[2.097s] Level 1:colcon.colcon_core.environment:checking '/workspace/planner/ros2/install/graphics' for CMake config files
[2.098s] Level 1:colcon.colcon_core.environment:checking '/workspace/planner/ros2/install/graphics/lib'
[2.098s] Level 1:colcon.colcon_core.environment:checking '/workspace/planner/ros2/install/graphics/bin'
[2.098s] Level 1:colcon.colcon_core.environment:checking '/workspace/planner/ros2/install/graphics/lib/pkgconfig/graphics.pc'
[2.099s] Level 1:colcon.colcon_core.environment:checking '/workspace/planner/ros2/install/graphics/lib/python3.8/site-packages'
[2.099s] Level 1:colcon.colcon_core.shell:create_environment_hook('graphics', 'pythonpath')
[2.100s] INFO:colcon.colcon_core.shell:Creating environment hook '/workspace/planner/ros2/install/graphics/share/graphics/hook/pythonpath.ps1'
[2.100s] INFO:colcon.colcon_core.shell:Creating environment descriptor '/workspace/planner/ros2/install/graphics/share/graphics/hook/pythonpath.dsv'
[2.100s] INFO:colcon.colcon_core.shell:Creating environment hook '/workspace/planner/ros2/install/graphics/share/graphics/hook/pythonpath.sh'
[2.101s] Level 1:colcon.colcon_core.environment:create_environment_scripts_only(graphics)
[2.101s] INFO:colcon.colcon_core.shell:Creating package script '/workspace/planner/ros2/install/graphics/share/graphics/package.ps1'
[2.101s] INFO:colcon.colcon_core.shell:Creating package descriptor '/workspace/planner/ros2/install/graphics/share/graphics/package.dsv'
[2.103s] INFO:colcon.colcon_core.shell:Creating package script '/workspace/planner/ros2/install/graphics/share/graphics/package.sh'
[2.103s] INFO:colcon.colcon_core.shell:Creating package script '/workspace/planner/ros2/install/graphics/share/graphics/package.bash'
[2.104s] INFO:colcon.colcon_core.shell:Creating package script '/workspace/planner/ros2/install/graphics/share/graphics/package.zsh'
[2.105s] Level 1:colcon.colcon_core.environment:create_file_with_runtime_dependencies(/workspace/planner/ros2/install/graphics/share/colcon-core/packages/graphics)
[2.106s] Level 1:colcon.colcon_core.shell:create_environment_hook('path_planner', 'pythonpath_develop')
[2.107s] INFO:colcon.colcon_core.shell:Creating environment hook '/workspace/planner/ros2/build/path_planner/share/path_planner/hook/pythonpath_develop.ps1'
[2.107s] INFO:colcon.colcon_core.shell:Creating environment descriptor '/workspace/planner/ros2/build/path_planner/share/path_planner/hook/pythonpath_develop.dsv'
[2.108s] DEBUG:colcon.colcon_core.event_handler.log_command:Invoked command in '/workspace/planner/ros2/build/path_planner' returned '0': PYTHONPATH=/workspace/planner/ros2/install/path_planner/lib/python3.8/site-packages:${PYTHONPATH} /usr/bin/python3 setup.py develop --prefix /workspace/planner/ros2/install/path_planner --editable --build-directory /workspace/planner/ros2/build/path_planner/build --no-deps install_data --install-dir /workspace/planner/ros2/install/path_planner
[2.109s] INFO:colcon.colcon_core.shell:Creating environment hook '/workspace/planner/ros2/build/path_planner/share/path_planner/hook/pythonpath_develop.sh'
[2.113s] Level 1:colcon.colcon_core.environment:checking '/workspace/planner/ros2/install/path_planner' for CMake module files
[2.113s] Level 1:colcon.colcon_core.environment:checking '/workspace/planner/ros2/install/path_planner' for CMake config files
[2.114s] Level 1:colcon.colcon_core.environment:checking '/workspace/planner/ros2/install/path_planner/lib'
[2.115s] Level 1:colcon.colcon_core.environment:checking '/workspace/planner/ros2/install/path_planner/bin'
[2.115s] Level 1:colcon.colcon_core.environment:checking '/workspace/planner/ros2/install/path_planner/lib/pkgconfig/path_planner.pc'
[2.115s] Level 1:colcon.colcon_core.environment:checking '/workspace/planner/ros2/install/path_planner/lib/python3.8/site-packages'
[2.115s] Level 1:colcon.colcon_core.shell:create_environment_hook('path_planner', 'pythonpath')
[2.116s] INFO:colcon.colcon_core.shell:Creating environment hook '/workspace/planner/ros2/install/path_planner/share/path_planner/hook/pythonpath.ps1'
[2.116s] INFO:colcon.colcon_core.shell:Creating environment descriptor '/workspace/planner/ros2/install/path_planner/share/path_planner/hook/pythonpath.dsv'
[2.117s] INFO:colcon.colcon_core.shell:Creating environment hook '/workspace/planner/ros2/install/path_planner/share/path_planner/hook/pythonpath.sh'
[2.117s] Level 1:colcon.colcon_core.environment:create_environment_scripts_only(path_planner)
[2.118s] INFO:colcon.colcon_core.shell:Creating package script '/workspace/planner/ros2/install/path_planner/share/path_planner/package.ps1'
[2.120s] INFO:colcon.colcon_core.shell:Creating package descriptor '/workspace/planner/ros2/install/path_planner/share/path_planner/package.dsv'
[2.121s] INFO:colcon.colcon_core.shell:Creating package script '/workspace/planner/ros2/install/path_planner/share/path_planner/package.sh'
[2.121s] INFO:colcon.colcon_core.shell:Creating package script '/workspace/planner/ros2/install/path_planner/share/path_planner/package.bash'
[2.121s] INFO:colcon.colcon_core.shell:Creating package script '/workspace/planner/ros2/install/path_planner/share/path_planner/package.zsh'
[2.122s] Level 1:colcon.colcon_core.environment:create_file_with_runtime_dependencies(/workspace/planner/ros2/install/path_planner/share/colcon-core/packages/path_planner)
[2.123s] DEBUG:colcon.colcon_parallel_executor.executor.parallel:closing loop
[2.123s] DEBUG:colcon.colcon_parallel_executor.executor.parallel:loop closed
[2.124s] DEBUG:colcon.colcon_parallel_executor.executor.parallel:run_until_complete finished with '0'
[2.124s] DEBUG:colcon.colcon_core.event_reactor:joining thread
[2.139s] INFO:colcon.colcon_core.plugin_system:Skipping extension 'colcon_notification.desktop_notification.notify_send': Could not find 'notify-send'
[2.139s] INFO:colcon.colcon_core.plugin_system:Skipping extension 'colcon_notification.desktop_notification.terminal_notifier': Not used on non-Darwin systems
[2.139s] INFO:colcon.colcon_core.plugin_system:Skipping extension 'colcon_notification.desktop_notification.win32': Not used on non-Windows systems
[2.139s] INFO:colcon.colcon_notification.desktop_notification:Sending desktop notification using 'notify2'
[2.142s] DEBUG:colcon.colcon_notification.desktop_notification.notify2:Failed to initialize notify2: org.freedesktop.DBus.Error.Spawn.ExecFailed: /usr/bin/dbus-launch terminated abnormally without any error message
[2.143s] DEBUG:colcon.colcon_core.event_reactor:joined thread
[2.148s] INFO:colcon.colcon_core.shell:Creating prefix script '/workspace/planner/ros2/install/local_setup.ps1'
[2.152s] INFO:colcon.colcon_core.shell:Creating prefix util module '/workspace/planner/ros2/install/_local_setup_util_ps1.py'
[2.156s] INFO:colcon.colcon_core.shell:Creating prefix chain script '/workspace/planner/ros2/install/setup.ps1'
[2.158s] INFO:colcon.colcon_core.shell:Creating prefix script '/workspace/planner/ros2/install/local_setup.sh'
[2.159s] INFO:colcon.colcon_core.shell:Creating prefix util module '/workspace/planner/ros2/install/_local_setup_util_sh.py'
[2.161s] INFO:colcon.colcon_core.shell:Creating prefix chain script '/workspace/planner/ros2/install/setup.sh'
[2.166s] INFO:colcon.colcon_core.shell:Creating prefix script '/workspace/planner/ros2/install/local_setup.bash'
[2.167s] INFO:colcon.colcon_core.shell:Creating prefix chain script '/workspace/planner/ros2/install/setup.bash'
[2.168s] INFO:colcon.colcon_core.shell:Creating prefix script '/workspace/planner/ros2/install/local_setup.zsh'
[2.169s] INFO:colcon.colcon_core.shell:Creating prefix chain script '/workspace/planner/ros2/install/setup.zsh'
