[35m[1mScanning dependencies of target interfaces_node[0m
[ 66%] [32mBuilding CXX object CMakeFiles/interfaces_node.dir/src/interfaces_node.cpp.o[0m
[ 66%] [32mBuilding CXX object CMakeFiles/interfaces_node.dir/src/modules/speaker.cpp.o[0m
[01m[K/workspace/planner/ros2/src/interfaces/src/modules/speaker.cpp:40:5:[m[K [01;35m[Kwarning: [m[K"/*" within comment [[01;35m[K-Wcomment[m[K]
   40 |     /* Open the PCM device in playback mode */
      |      
[01m[K/workspace/planner/ros2/src/interfaces/src/modules/speaker.cpp:[m[K In constructor ‘[01m[KSpeaker::Speaker(rclcpp::NodeOptions&)[m[K’:
[01m[K/workspace/planner/ros2/src/interfaces/src/modules/speaker.cpp:41:13:[m[K [01;35m[Kwarning: [m[Ksuggest parentheses around assignment used as truth value [[01;35m[K-Wparentheses[m[K]
   41 |     if ([01;35m[Kpcm = (snd_pcm_open(&pcm_handle, m_sound_device.c_str(), SND_PCM_STREAM_PLAYBACK, 0) < 0)[m[K)
      |         [01;35m[K~~~~^~~~~~~~~~~~~~~~~~~~~~~~~~~~~~~~~~~~~~~~~~~~~~~~~~~~~~~~~~~~~~~~~~~~~~~~~~~~~~~~~~~~~[m[K
In file included from [01m[K/opt/ros/galactic/include/rclcpp/client.hpp:40[m[K,
                 from [01m[K/opt/ros/galactic/include/rclcpp/callback_group.hpp:23[m[K,
                 from [01m[K/opt/ros/galactic/include/rclcpp/any_executable.hpp:20[m[K,
                 from [01m[K/opt/ros/galactic/include/rclcpp/memory_strategy.hpp:25[m[K,
                 from [01m[K/opt/ros/galactic/include/rclcpp/memory_strategies.hpp:18[m[K,
                 from [01m[K/opt/ros/galactic/include/rclcpp/executor_options.hpp:20[m[K,
                 from [01m[K/opt/ros/galactic/include/rclcpp/executor.hpp:36[m[K,
                 from [01m[K/opt/ros/galactic/include/rclcpp/executors/multi_threaded_executor.hpp:26[m[K,
                 from [01m[K/opt/ros/galactic/include/rclcpp/executors.hpp:21[m[K,
                 from [01m[K/opt/ros/galactic/include/rclcpp/rclcpp.hpp:156[m[K,
                 from [01m[K/workspace/planner/ros2/src/interfaces/include/modules/speaker.hpp:12[m[K,
                 from [01m[K/workspace/planner/ros2/src/interfaces/src/modules/speaker.cpp:8[m[K:
[01m[K/workspace/planner/ros2/src/interfaces/src/modules/speaker.cpp:42:42:[m[K [01;35m[Kwarning: [m[Kformat ‘[01m[K%s[m[K’ expects argument of type ‘[01m[Kchar*[m[K’, but argument 5 has type ‘[01m[Kstd::string[m[K’ {aka ‘[01m[Kstd::__cxx11::basic_string<char>[m[K’} [[01;35m[K-Wformat=[m[K]
   42 |         RCLCPP_ERROR(this->get_logger(), [01;35m[K"ERROR: Can't open \"%s\" PCM device. %s"[m[K, m_sound_device, snd_strerror(pcm));
      |                                          [01;35m[K^~~~~~~~~~~~~~~~~~~~~~~~~~~~~~~~~~~~~~~~~[m[K
[01m[K/workspace/planner/ros2/src/interfaces/src/modules/speaker.cpp:42:64:[m[K [01;36m[Knote: [m[Kformat string is defined here
   42 |         RCLCPP_ERROR(this->get_logger(), "ERROR: Can't open \"[01;36m[K%s[m[K\" PCM device. %s", m_sound_device, snd_strerror(pcm));
      |                                                               [01;36m[K~^[m[K
      |                                                                [01;36m[K|[m[K
      |                                                                [01;36m[Kchar*[m[K
[01m[K/workspace/planner/ros2/src/interfaces/src/modules/speaker.cpp:49:13:[m[K [01;35m[Kwarning: [m[Ksuggest parentheses around assignment used as truth value [[01;35m[K-Wparentheses[m[K]
   49 |     if ([01;35m[Kpcm = (snd_pcm_hw_params_set_access(pcm_handle, params, SND_PCM_ACCESS_RW_INTERLEAVED) < 0)[m[K)
      |         [01;35m[K~~~~^~~~~~~~~~~~~~~~~~~~~~~~~~~~~~~~~~~~~~~~~~~~~~~~~~~~~~~~~~~~~~~~~~~~~~~~~~~~~~~~~~~~~~~[m[K
[01m[K/workspace/planner/ros2/src/interfaces/src/modules/speaker.cpp:52:13:[m[K [01;35m[Kwarning: [m[Ksuggest parentheses around assignment used as truth value [[01;35m[K-Wparentheses[m[K]
   52 |     if ([01;35m[Kpcm = (snd_pcm_hw_params_set_format(pcm_handle, params, SND_PCM_FORMAT_S16_LE) < 0)[m[K)
      |         [01;35m[K~~~~^~~~~~~~~~~~~~~~~~~~~~~~~~~~~~~~~~~~~~~~~~~~~~~~~~~~~~~~~~~~~~~~~~~~~~~~~~~~~~~[m[K
[01m[K/workspace/planner/ros2/src/interfaces/src/modules/speaker.cpp:56:13:[m[K [01;35m[Kwarning: [m[Ksuggest parentheses around assignment used as truth value [[01;35m[K-Wparentheses[m[K]
   56 |     if ([01;35m[Kpcm = (snd_pcm_hw_params_set_channels(pcm_handle, params, channels) < 0)[m[K)
      |         [01;35m[K~~~~^~~~~~~~~~~~~~~~~~~~~~~~~~~~~~~~~~~~~~~~~~~~~~~~~~~~~~~~~~~~~~~~~~~~[m[K
[01m[K/workspace/planner/ros2/src/interfaces/src/modules/speaker.cpp:59:13:[m[K [01;35m[Kwarning: [m[Ksuggest parentheses around assignment used as truth value [[01;35m[K-Wparentheses[m[K]
   59 |     if ([01;35m[Kpcm = (snd_pcm_hw_params_set_rate_near(pcm_handle, params, &rate, 0) < 0)[m[K)
      |         [01;35m[K~~~~^~~~~~~~~~~~~~~~~~~~~~~~~~~~~~~~~~~~~~~~~~~~~~~~~~~~~~~~~~~~~~~~~~~~~[m[K
[01m[K/workspace/planner/ros2/src/interfaces/src/modules/speaker.cpp:63:13:[m[K [01;35m[Kwarning: [m[Ksuggest parentheses around assignment used as truth value [[01;35m[K-Wparentheses[m[K]
   63 |     if ([01;35m[Kpcm = (snd_pcm_hw_params(pcm_handle, params) < 0)[m[K)
      |         [01;35m[K~~~~^~~~~~~~~~~~~~~~~~~~~~~~~~~~~~~~~~~~~~~~~~~~~[m[K
[01m[K/workspace/planner/ros2/src/interfaces/src/modules/speaker.cpp:85:82:[m[K [01;35m[Kwarning: [m[Kconverting from ‘[01m[Kvoid* (Speaker::*)()[m[K’ to ‘[01m[KSpeaker::THREADFUNCPTR[m[K’ {aka ‘[01m[Kvoid* (*)(void*)[m[K’} [[01;35m[K-Wpedantic[m[K]
   85 |     ambient = pthread_create(&pthread_id_ambient, NULL, (THREADFUNCPTR)&Speaker::[01;35m[KAmbientSound[m[K, this);
      |                                                                                  [01;35m[K^~~~~~~~~~~~[m[K
[01m[K/workspace/planner/ros2/src/interfaces/src/modules/speaker.cpp:[m[K In member function ‘[01m[Kvoid Speaker::speakerCb(std_msgs::msg::Int8_<std::allocator<void> >::SharedPtr)[m[K’:
[01m[K/workspace/planner/ros2/src/interfaces/src/modules/speaker.cpp:103:81:[m[K [01;35m[Kwarning: [m[Kconverting from ‘[01m[Kvoid* (Speaker::*)()[m[K’ to ‘[01m[KSpeaker::THREADFUNCPTR[m[K’ {aka ‘[01m[Kvoid* (*)(void*)[m[K’} [[01;35m[K-Wpedantic[m[K]
  103 |             status = pthread_create(&pthread_id, NULL, (THREADFUNCPTR)&Speaker::[01;35m[KPlaySound[m[K, this);
      |                                                                                 [01;35m[K^~~~~~~~~[m[K
[01m[K/workspace/planner/ros2/src/interfaces/src/modules/speaker.cpp:113:81:[m[K [01;35m[Kwarning: [m[Kconverting from ‘[01m[Kvoid* (Speaker::*)()[m[K’ to ‘[01m[KSpeaker::THREADFUNCPTR[m[K’ {aka ‘[01m[Kvoid* (*)(void*)[m[K’} [[01;35m[K-Wpedantic[m[K]
  113 |             status = pthread_create(&pthread_id, NULL, (THREADFUNCPTR)&Speaker::[01;35m[KPlaySound[m[K, this);
      |                                                                                 [01;35m[K^~~~~~~~~[m[K
[01m[K/workspace/planner/ros2/src/interfaces/src/modules/speaker.cpp:[m[K In member function ‘[01m[Kvoid* Speaker::PlaySound()[m[K’:
[01m[K/workspace/planner/ros2/src/interfaces/src/modules/speaker.cpp:150:20:[m[K [01;35m[Kwarning: [m[Ksuggest parentheses around assignment used as truth value [[01;35m[K-Wparentheses[m[K]
  150 |     while ([01;35m[Kreadval = (read(readfd, buff, buff_size) > 0)[m[K)
      |            [01;35m[K~~~~~~~~^~~~~~~~~~~~~~~~~~~~~~~~~~~~~~~~~~~~~[m[K
[01m[K/workspace/planner/ros2/src/interfaces/src/modules/speaker.cpp:152:17:[m[K [01;35m[Kwarning: [m[Ksuggest parentheses around assignment used as truth value [[01;35m[K-Wparentheses[m[K]
  152 |         if (pcm [01;35m[K=[m[K snd_pcm_writei(pcm_handle, buff, frames) == -EPIPE)
      |                 [01;35m[K^[m[K
[01m[K/workspace/planner/ros2/src/interfaces/src/modules/speaker.cpp:180:1:[m[K [01;35m[Kwarning: [m[Kno return statement in function returning non-void [[01;35m[K-Wreturn-type[m[K]
  180 | [01;35m[K}[m[K
      | [01;35m[K^[m[K
[01m[K/workspace/planner/ros2/src/interfaces/src/modules/speaker.cpp:[m[K In member function ‘[01m[Kvoid* Speaker::AmbientSound()[m[K’:
[01m[K/workspace/planner/ros2/src/interfaces/src/modules/speaker.cpp:194:36:[m[K [01;35m[Kwarning: [m[Ksuggest parentheses around assignment used as truth value [[01;35m[K-Wparentheses[m[K]
  194 |             while ([01;35m[Kreadval_ambient = (read(readfd_ambient, buff_ambient, buff_size_ambient) > 0)[m[K)
      |                    [01;35m[K~~~~~~~~~~~~~~~~^~~~~~~~~~~~~~~~~~~~~~~~~~~~~~~~~~~~~~~~~~~~~~~~~~~~~~~~~~~~~[m[K
[01m[K/workspace/planner/ros2/src/interfaces/src/modules/speaker.cpp:198:29:[m[K [01;35m[Kwarning: [m[Ksuggest parentheses around assignment used as truth value [[01;35m[K-Wparentheses[m[K]
  198 |                     if (pcm [01;35m[K=[m[K snd_pcm_writei(pcm_handle, buff_ambient, frames) == -EPIPE)
      |                             [01;35m[K^[m[K
[100%] [32m[1mLinking CXX executable interfaces_node[0m
[100%] Built target interfaces_node
-- Install configuration: ""
-- Execute custom install script
-- Up-to-date symlink: /workspace/planner/ros2/install/interfaces/lib/interfaces/interfaces_node
-- Up-to-date symlink: /workspace/planner/ros2/install/interfaces/include/modules//speaker.hpp
-- Up-to-date symlink: /workspace/planner/ros2/install/interfaces/share/ament_index/resource_index/package_run_dependencies/interfaces
-- Up-to-date symlink: /workspace/planner/ros2/install/interfaces/share/ament_index/resource_index/parent_prefix_path/interfaces
-- Up-to-date symlink: /workspace/planner/ros2/install/interfaces/share/interfaces/environment/ament_prefix_path.sh
-- Up-to-date symlink: /workspace/planner/ros2/install/interfaces/share/interfaces/environment/ament_prefix_path.dsv
-- Up-to-date symlink: /workspace/planner/ros2/install/interfaces/share/interfaces/environment/path.sh
-- Up-to-date symlink: /workspace/planner/ros2/install/interfaces/share/interfaces/environment/path.dsv
-- Up-to-date symlink: /workspace/planner/ros2/install/interfaces/share/interfaces/local_setup.bash
-- Up-to-date symlink: /workspace/planner/ros2/install/interfaces/share/interfaces/local_setup.sh
-- Up-to-date symlink: /workspace/planner/ros2/install/interfaces/share/interfaces/local_setup.zsh
-- Up-to-date symlink: /workspace/planner/ros2/install/interfaces/share/interfaces/local_setup.dsv
-- Symlinking: /workspace/planner/ros2/install/interfaces/share/interfaces/package.dsv
-- Up-to-date symlink: /workspace/planner/ros2/install/interfaces/share/ament_index/resource_index/packages/interfaces
-- Up-to-date symlink: /workspace/planner/ros2/install/interfaces/share/interfaces/cmake/ament_cmake_export_dependencies-extras.cmake
-- Up-to-date symlink: /workspace/planner/ros2/install/interfaces/share/interfaces/cmake/ament_cmake_export_include_directories-extras.cmake
-- Up-to-date symlink: /workspace/planner/ros2/install/interfaces/share/interfaces/cmake/interfacesConfig.cmake
-- Up-to-date symlink: /workspace/planner/ros2/install/interfaces/share/interfaces/cmake/interfacesConfig-version.cmake
-- Up-to-date symlink: /workspace/planner/ros2/install/interfaces/share/interfaces/package.xml
