[0.034s] Invoking command in '/workspace/planner/ros2/build/interfaces': AMENT_PREFIX_PATH=/workspace/planner/ros2/install/utils:${AMENT_PREFIX_PATH} CMAKE_PREFIX_PATH=/workspace/planner/ros2/install/utils:/opt/ros/galactic LD_LIBRARY_PATH=/workspace/planner/ros2/install/utils/lib:${LD_LIBRARY_PATH} /usr/local/bin/cmake --build /workspace/planner/ros2/build/interfaces -- -j12 -l12
[0.096s] [35m[1mScanning dependencies of target interfaces_node[0m
[0.140s] [ 66%] [32mBuilding CXX object CMakeFiles/interfaces_node.dir/src/interfaces_node.cpp.o[0m
[0.141s] [ 66%] [32mBuilding CXX object CMakeFiles/interfaces_node.dir/src/modules/speaker.cpp.o[0m
[0.497s] [01m[K/workspace/planner/ros2/src/interfaces/src/modules/speaker.cpp:40:5:[m[K [01;35m[Kwarning: [m[K"/*" within comment [[01;35m[K-Wcomment[m[K]
[0.497s]    40 |     /* Open the PCM device in playback mode */
[0.497s]       |      
[3.534s] [01m[K/workspace/planner/ros2/src/interfaces/src/modules/speaker.cpp:[m[K In constructor ‘[01m[KSpeaker::Speaker(rclcpp::NodeOptions&)[m[K’:
[3.536s] [01m[K/workspace/planner/ros2/src/interfaces/src/modules/speaker.cpp:41:13:[m[K [01;35m[Kwarning: [m[Ksuggest parentheses around assignment used as truth value [[01;35m[K-Wparentheses[m[K]
[3.537s]    41 |     if ([01;35m[Kpcm = (snd_pcm_open(&pcm_handle, m_sound_device.c_str(), SND_PCM_STREAM_PLAYBACK, 0) < 0)[m[K)
[3.538s]       |         [01;35m[K~~~~^~~~~~~~~~~~~~~~~~~~~~~~~~~~~~~~~~~~~~~~~~~~~~~~~~~~~~~~~~~~~~~~~~~~~~~~~~~~~~~~~~~~~[m[K
[3.538s] In file included from [01m[K/opt/ros/galactic/include/rclcpp/client.hpp:40[m[K,
[3.538s]                  from [01m[K/opt/ros/galactic/include/rclcpp/callback_group.hpp:23[m[K,
[3.539s]                  from [01m[K/opt/ros/galactic/include/rclcpp/any_executable.hpp:20[m[K,
[3.539s]                  from [01m[K/opt/ros/galactic/include/rclcpp/memory_strategy.hpp:25[m[K,
[3.539s]                  from [01m[K/opt/ros/galactic/include/rclcpp/memory_strategies.hpp:18[m[K,
[3.539s]                  from [01m[K/opt/ros/galactic/include/rclcpp/executor_options.hpp:20[m[K,
[3.539s]                  from [01m[K/opt/ros/galactic/include/rclcpp/executor.hpp:36[m[K,
[3.539s]                  from [01m[K/opt/ros/galactic/include/rclcpp/executors/multi_threaded_executor.hpp:26[m[K,
[3.539s]                  from [01m[K/opt/ros/galactic/include/rclcpp/executors.hpp:21[m[K,
[3.539s]                  from [01m[K/opt/ros/galactic/include/rclcpp/rclcpp.hpp:156[m[K,
[3.539s]                  from [01m[K/workspace/planner/ros2/src/interfaces/include/modules/speaker.hpp:12[m[K,
[3.539s]                  from [01m[K/workspace/planner/ros2/src/interfaces/src/modules/speaker.cpp:8[m[K:
[3.540s] [01m[K/workspace/planner/ros2/src/interfaces/src/modules/speaker.cpp:42:42:[m[K [01;35m[Kwarning: [m[Kformat ‘[01m[K%s[m[K’ expects argument of type ‘[01m[Kchar*[m[K’, but argument 5 has type ‘[01m[Kstd::string[m[K’ {aka ‘[01m[Kstd::__cxx11::basic_string<char>[m[K’} [[01;35m[K-Wformat=[m[K]
[3.540s]    42 |         RCLCPP_ERROR(this->get_logger(), [01;35m[K"ERROR: Can't open \"%s\" PCM device. %s"[m[K, m_sound_device, snd_strerror(pcm));
[3.541s]       |                                          [01;35m[K^~~~~~~~~~~~~~~~~~~~~~~~~~~~~~~~~~~~~~~~~[m[K
[3.541s] [01m[K/workspace/planner/ros2/src/interfaces/src/modules/speaker.cpp:42:64:[m[K [01;36m[Knote: [m[Kformat string is defined here
[3.541s]    42 |         RCLCPP_ERROR(this->get_logger(), "ERROR: Can't open \"[01;36m[K%s[m[K\" PCM device. %s", m_sound_device, snd_strerror(pcm));
[3.541s]       |                                                               [01;36m[K~^[m[K
[3.542s]       |                                                                [01;36m[K|[m[K
[3.542s]       |                                                                [01;36m[Kchar*[m[K
[3.543s] [01m[K/workspace/planner/ros2/src/interfaces/src/modules/speaker.cpp:49:13:[m[K [01;35m[Kwarning: [m[Ksuggest parentheses around assignment used as truth value [[01;35m[K-Wparentheses[m[K]
[3.543s]    49 |     if ([01;35m[Kpcm = (snd_pcm_hw_params_set_access(pcm_handle, params, SND_PCM_ACCESS_RW_INTERLEAVED) < 0)[m[K)
[3.543s]       |         [01;35m[K~~~~^~~~~~~~~~~~~~~~~~~~~~~~~~~~~~~~~~~~~~~~~~~~~~~~~~~~~~~~~~~~~~~~~~~~~~~~~~~~~~~~~~~~~~~[m[K
[3.543s] [01m[K/workspace/planner/ros2/src/interfaces/src/modules/speaker.cpp:52:13:[m[K [01;35m[Kwarning: [m[Ksuggest parentheses around assignment used as truth value [[01;35m[K-Wparentheses[m[K]
[3.543s]    52 |     if ([01;35m[Kpcm = (snd_pcm_hw_params_set_format(pcm_handle, params, SND_PCM_FORMAT_S16_LE) < 0)[m[K)
[3.543s]       |         [01;35m[K~~~~^~~~~~~~~~~~~~~~~~~~~~~~~~~~~~~~~~~~~~~~~~~~~~~~~~~~~~~~~~~~~~~~~~~~~~~~~~~~~~~[m[K
[3.543s] [01m[K/workspace/planner/ros2/src/interfaces/src/modules/speaker.cpp:56:13:[m[K [01;35m[Kwarning: [m[Ksuggest parentheses around assignment used as truth value [[01;35m[K-Wparentheses[m[K]
[3.543s]    56 |     if ([01;35m[Kpcm = (snd_pcm_hw_params_set_channels(pcm_handle, params, channels) < 0)[m[K)
[3.544s]       |         [01;35m[K~~~~^~~~~~~~~~~~~~~~~~~~~~~~~~~~~~~~~~~~~~~~~~~~~~~~~~~~~~~~~~~~~~~~~~~~[m[K
[3.544s] [01m[K/workspace/planner/ros2/src/interfaces/src/modules/speaker.cpp:59:13:[m[K [01;35m[Kwarning: [m[Ksuggest parentheses around assignment used as truth value [[01;35m[K-Wparentheses[m[K]
[3.544s]    59 |     if ([01;35m[Kpcm = (snd_pcm_hw_params_set_rate_near(pcm_handle, params, &rate, 0) < 0)[m[K)
[3.544s]       |         [01;35m[K~~~~^~~~~~~~~~~~~~~~~~~~~~~~~~~~~~~~~~~~~~~~~~~~~~~~~~~~~~~~~~~~~~~~~~~~~[m[K
[3.544s] [01m[K/workspace/planner/ros2/src/interfaces/src/modules/speaker.cpp:63:13:[m[K [01;35m[Kwarning: [m[Ksuggest parentheses around assignment used as truth value [[01;35m[K-Wparentheses[m[K]
[3.544s]    63 |     if ([01;35m[Kpcm = (snd_pcm_hw_params(pcm_handle, params) < 0)[m[K)
[3.544s]       |         [01;35m[K~~~~^~~~~~~~~~~~~~~~~~~~~~~~~~~~~~~~~~~~~~~~~~~~~[m[K
[3.544s] [01m[K/workspace/planner/ros2/src/interfaces/src/modules/speaker.cpp:85:82:[m[K [01;35m[Kwarning: [m[Kconverting from ‘[01m[Kvoid* (Speaker::*)()[m[K’ to ‘[01m[KSpeaker::THREADFUNCPTR[m[K’ {aka ‘[01m[Kvoid* (*)(void*)[m[K’} [[01;35m[K-Wpedantic[m[K]
[3.544s]    85 |     ambient = pthread_create(&pthread_id_ambient, NULL, (THREADFUNCPTR)&Speaker::[01;35m[KAmbientSound[m[K, this);
[3.544s]       |                                                                                  [01;35m[K^~~~~~~~~~~~[m[K
[3.770s] [01m[K/workspace/planner/ros2/src/interfaces/src/modules/speaker.cpp:[m[K In member function ‘[01m[Kvoid Speaker::speakerCb(std_msgs::msg::Int8_<std::allocator<void> >::SharedPtr)[m[K’:
[3.770s] [01m[K/workspace/planner/ros2/src/interfaces/src/modules/speaker.cpp:103:81:[m[K [01;35m[Kwarning: [m[Kconverting from ‘[01m[Kvoid* (Speaker::*)()[m[K’ to ‘[01m[KSpeaker::THREADFUNCPTR[m[K’ {aka ‘[01m[Kvoid* (*)(void*)[m[K’} [[01;35m[K-Wpedantic[m[K]
[3.770s]   103 |             status = pthread_create(&pthread_id, NULL, (THREADFUNCPTR)&Speaker::[01;35m[KPlaySound[m[K, this);
[3.770s]       |                                                                                 [01;35m[K^~~~~~~~~[m[K
[3.770s] [01m[K/workspace/planner/ros2/src/interfaces/src/modules/speaker.cpp:113:81:[m[K [01;35m[Kwarning: [m[Kconverting from ‘[01m[Kvoid* (Speaker::*)()[m[K’ to ‘[01m[KSpeaker::THREADFUNCPTR[m[K’ {aka ‘[01m[Kvoid* (*)(void*)[m[K’} [[01;35m[K-Wpedantic[m[K]
[3.770s]   113 |             status = pthread_create(&pthread_id, NULL, (THREADFUNCPTR)&Speaker::[01;35m[KPlaySound[m[K, this);
[3.770s]       |                                                                                 [01;35m[K^~~~~~~~~[m[K
[3.779s] [01m[K/workspace/planner/ros2/src/interfaces/src/modules/speaker.cpp:[m[K In member function ‘[01m[Kvoid* Speaker::PlaySound()[m[K’:
[3.779s] [01m[K/workspace/planner/ros2/src/interfaces/src/modules/speaker.cpp:150:20:[m[K [01;35m[Kwarning: [m[Ksuggest parentheses around assignment used as truth value [[01;35m[K-Wparentheses[m[K]
[3.779s]   150 |     while ([01;35m[Kreadval = (read(readfd, buff, buff_size) > 0)[m[K)
[3.779s]       |            [01;35m[K~~~~~~~~^~~~~~~~~~~~~~~~~~~~~~~~~~~~~~~~~~~~~[m[K
[3.780s] [01m[K/workspace/planner/ros2/src/interfaces/src/modules/speaker.cpp:152:17:[m[K [01;35m[Kwarning: [m[Ksuggest parentheses around assignment used as truth value [[01;35m[K-Wparentheses[m[K]
[3.780s]   152 |         if (pcm [01;35m[K=[m[K snd_pcm_writei(pcm_handle, buff, frames) == -EPIPE)
[3.780s]       |                 [01;35m[K^[m[K
[3.780s] [01m[K/workspace/planner/ros2/src/interfaces/src/modules/speaker.cpp:180:1:[m[K [01;35m[Kwarning: [m[Kno return statement in function returning non-void [[01;35m[K-Wreturn-type[m[K]
[3.780s]   180 | [01;35m[K}[m[K
[3.780s]       | [01;35m[K^[m[K
[3.781s] [01m[K/workspace/planner/ros2/src/interfaces/src/modules/speaker.cpp:[m[K In member function ‘[01m[Kvoid* Speaker::AmbientSound()[m[K’:
[3.781s] [01m[K/workspace/planner/ros2/src/interfaces/src/modules/speaker.cpp:194:36:[m[K [01;35m[Kwarning: [m[Ksuggest parentheses around assignment used as truth value [[01;35m[K-Wparentheses[m[K]
[3.781s]   194 |             while ([01;35m[Kreadval_ambient = (read(readfd_ambient, buff_ambient, buff_size_ambient) > 0)[m[K)
[3.781s]       |                    [01;35m[K~~~~~~~~~~~~~~~~^~~~~~~~~~~~~~~~~~~~~~~~~~~~~~~~~~~~~~~~~~~~~~~~~~~~~~~~~~~~~[m[K
[3.781s] [01m[K/workspace/planner/ros2/src/interfaces/src/modules/speaker.cpp:198:29:[m[K [01;35m[Kwarning: [m[Ksuggest parentheses around assignment used as truth value [[01;35m[K-Wparentheses[m[K]
[3.781s]   198 |                     if (pcm [01;35m[K=[m[K snd_pcm_writei(pcm_handle, buff_ambient, frames) == -EPIPE)
[3.781s]       |                             [01;35m[K^[m[K
[9.484s] [100%] [32m[1mLinking CXX executable interfaces_node[0m
[9.944s] [100%] Built target interfaces_node
[9.952s] Invoked command in '/workspace/planner/ros2/build/interfaces' returned '0': AMENT_PREFIX_PATH=/workspace/planner/ros2/install/utils:${AMENT_PREFIX_PATH} CMAKE_PREFIX_PATH=/workspace/planner/ros2/install/utils:/opt/ros/galactic LD_LIBRARY_PATH=/workspace/planner/ros2/install/utils/lib:${LD_LIBRARY_PATH} /usr/local/bin/cmake --build /workspace/planner/ros2/build/interfaces -- -j12 -l12
[9.996s] Invoking command in '/workspace/planner/ros2/build/interfaces': AMENT_PREFIX_PATH=/workspace/planner/ros2/install/utils:${AMENT_PREFIX_PATH} CMAKE_PREFIX_PATH=/workspace/planner/ros2/install/utils:/opt/ros/galactic LD_LIBRARY_PATH=/workspace/planner/ros2/install/utils/lib:${LD_LIBRARY_PATH} /usr/local/bin/cmake --install /workspace/planner/ros2/build/interfaces
[10.004s] -- Install configuration: ""
[10.006s] -- Execute custom install script
[10.007s] -- Up-to-date symlink: /workspace/planner/ros2/install/interfaces/lib/interfaces/interfaces_node
[10.008s] -- Up-to-date symlink: /workspace/planner/ros2/install/interfaces/include/modules//speaker.hpp
[10.009s] -- Up-to-date symlink: /workspace/planner/ros2/install/interfaces/share/ament_index/resource_index/package_run_dependencies/interfaces
[10.009s] -- Up-to-date symlink: /workspace/planner/ros2/install/interfaces/share/ament_index/resource_index/parent_prefix_path/interfaces
[10.010s] -- Up-to-date symlink: /workspace/planner/ros2/install/interfaces/share/interfaces/environment/ament_prefix_path.sh
[10.011s] -- Up-to-date symlink: /workspace/planner/ros2/install/interfaces/share/interfaces/environment/ament_prefix_path.dsv
[10.011s] -- Up-to-date symlink: /workspace/planner/ros2/install/interfaces/share/interfaces/environment/path.sh
[10.012s] -- Up-to-date symlink: /workspace/planner/ros2/install/interfaces/share/interfaces/environment/path.dsv
[10.013s] -- Up-to-date symlink: /workspace/planner/ros2/install/interfaces/share/interfaces/local_setup.bash
[10.014s] -- Up-to-date symlink: /workspace/planner/ros2/install/interfaces/share/interfaces/local_setup.sh
[10.014s] -- Up-to-date symlink: /workspace/planner/ros2/install/interfaces/share/interfaces/local_setup.zsh
[10.016s] -- Up-to-date symlink: /workspace/planner/ros2/install/interfaces/share/interfaces/local_setup.dsv
[10.016s] -- Symlinking: /workspace/planner/ros2/install/interfaces/share/interfaces/package.dsv
[10.024s] -- Up-to-date symlink: /workspace/planner/ros2/install/interfaces/share/ament_index/resource_index/packages/interfaces
[10.025s] -- Up-to-date symlink: /workspace/planner/ros2/install/interfaces/share/interfaces/cmake/ament_cmake_export_dependencies-extras.cmake
[10.026s] -- Up-to-date symlink: /workspace/planner/ros2/install/interfaces/share/interfaces/cmake/ament_cmake_export_include_directories-extras.cmake
[10.026s] -- Up-to-date symlink: /workspace/planner/ros2/install/interfaces/share/interfaces/cmake/interfacesConfig.cmake
[10.027s] -- Up-to-date symlink: /workspace/planner/ros2/install/interfaces/share/interfaces/cmake/interfacesConfig-version.cmake
[10.028s] -- Up-to-date symlink: /workspace/planner/ros2/install/interfaces/share/interfaces/package.xml
[10.030s] Invoked command in '/workspace/planner/ros2/build/interfaces' returned '0': AMENT_PREFIX_PATH=/workspace/planner/ros2/install/utils:${AMENT_PREFIX_PATH} CMAKE_PREFIX_PATH=/workspace/planner/ros2/install/utils:/opt/ros/galactic LD_LIBRARY_PATH=/workspace/planner/ros2/install/utils/lib:${LD_LIBRARY_PATH} /usr/local/bin/cmake --install /workspace/planner/ros2/build/interfaces
