[0.076s] Invoking command in '/workspace/planner/ros2/build/utils': CMAKE_PREFIX_PATH=/opt/ros/galactic /usr/local/bin/cmake --build /workspace/planner/ros2/build/utils -- -j12 -l12
[0.496s] [100%] Built target utils
[0.712s] Invoked command in '/workspace/planner/ros2/build/utils' returned '0': CMAKE_PREFIX_PATH=/opt/ros/galactic /usr/local/bin/cmake --build /workspace/planner/ros2/build/utils -- -j12 -l12
[0.742s] Invoking command in '/workspace/planner/ros2/build/utils': CMAKE_PREFIX_PATH=/opt/ros/galactic /usr/local/bin/cmake --install /workspace/planner/ros2/build/utils
[0.747s] -- Install configuration: ""
[0.748s] -- Execute custom install script
[0.750s] -- Up-to-date symlink: /workspace/planner/ros2/install/utils/share/utils/environment/library_path.sh
[0.751s] -- Up-to-date symlink: /workspace/planner/ros2/install/utils/share/utils/environment/library_path.dsv
[0.752s] -- Up-to-date symlink: /workspace/planner/ros2/install/utils/include/utils//console.hpp
[0.754s] -- Up-to-date symlink: /workspace/planner/ros2/install/utils/share/ament_index/resource_index/package_run_dependencies/utils
[0.754s] -- Up-to-date symlink: /workspace/planner/ros2/install/utils/share/ament_index/resource_index/parent_prefix_path/utils
[0.756s] -- Up-to-date symlink: /workspace/planner/ros2/install/utils/share/utils/environment/ament_prefix_path.sh
[0.756s] -- Up-to-date symlink: /workspace/planner/ros2/install/utils/share/utils/environment/ament_prefix_path.dsv
[0.758s] -- Up-to-date symlink: /workspace/planner/ros2/install/utils/share/utils/environment/path.sh
[0.759s] -- Up-to-date symlink: /workspace/planner/ros2/install/utils/share/utils/environment/path.dsv
[0.760s] -- Up-to-date symlink: /workspace/planner/ros2/install/utils/share/utils/local_setup.bash
[0.760s] -- Up-to-date symlink: /workspace/planner/ros2/install/utils/share/utils/local_setup.sh
[0.762s] -- Up-to-date symlink: /workspace/planner/ros2/install/utils/share/utils/local_setup.zsh
[0.762s] -- Up-to-date symlink: /workspace/planner/ros2/install/utils/share/utils/local_setup.dsv
[0.763s] -- Symlinking: /workspace/planner/ros2/install/utils/share/utils/package.dsv
[0.767s] -- Up-to-date symlink: /workspace/planner/ros2/install/utils/share/ament_index/resource_index/packages/utils
[0.768s] -- Up-to-date symlink: /workspace/planner/ros2/install/utils/share/utils/cmake/ament_cmake_export_dependencies-extras.cmake
[0.768s] -- Up-to-date symlink: /workspace/planner/ros2/install/utils/share/utils/cmake/ament_cmake_export_targets-extras.cmake
[0.770s] -- Up-to-date symlink: /workspace/planner/ros2/install/utils/share/utils/cmake/utilsConfig.cmake
[0.770s] -- Up-to-date symlink: /workspace/planner/ros2/install/utils/share/utils/cmake/utilsConfig-version.cmake
[0.770s] -- Up-to-date symlink: /workspace/planner/ros2/install/utils/share/utils/package.xml
[0.771s] -- Up-to-date: /workspace/planner/ros2/install/utils/lib/libutils.a
[0.771s] -- Up-to-date: /workspace/planner/ros2/install/utils/share/utils/cmake/export_utilsExport.cmake
[0.772s] -- Up-to-date: /workspace/planner/ros2/install/utils/share/utils/cmake/export_utilsExport-noconfig.cmake
[0.774s] Invoked command in '/workspace/planner/ros2/build/utils' returned '0': CMAKE_PREFIX_PATH=/opt/ros/galactic /usr/local/bin/cmake --install /workspace/planner/ros2/build/utils
