[0.090s] Invoking command in '/workspace/planner/ros2/build/usr_msgs': CMAKE_PREFIX_PATH=/opt/ros/galactic /usr/local/bin/cmake --build /workspace/planner/ros2/build/usr_msgs -- -j12 -l12
[0.752s] [  2%] Built target usr_msgs__cpp
[0.753s] [ 17%] Built target usr_msgs__rosidl_generator_c
[0.759s] [ 31%] Built target usr_msgs__rosidl_typesupport_introspection_cpp
[0.760s] [ 46%] Built target usr_msgs__rosidl_typesupport_introspection_c
[0.761s] [ 76%] Built target usr_msgs__rosidl_typesupport_cpp
[0.761s] [ 76%] Built target usr_msgs__rosidl_typesupport_c
[0.761s] [ 76%] Built target usr_msgs
[0.761s] [ 78%] Built target usr_msgs__py
[0.761s] [ 91%] Built target usr_msgs__python
[0.761s] [100%] Built target usr_msgs__rosidl_typesupport_c__pyext
[0.761s] [100%] Built target usr_msgs__rosidl_typesupport_introspection_c__pyext
[1.267s] Invoked command in '/workspace/planner/ros2/build/usr_msgs' returned '0': CMAKE_PREFIX_PATH=/opt/ros/galactic /usr/local/bin/cmake --build /workspace/planner/ros2/build/usr_msgs -- -j12 -l12
[1.371s] Invoking command in '/workspace/planner/ros2/build/usr_msgs': CMAKE_PREFIX_PATH=/opt/ros/galactic /usr/local/bin/cmake --install /workspace/planner/ros2/build/usr_msgs
[1.377s] -- Install configuration: ""
[1.379s] -- Execute custom install script
[1.380s] -- Up-to-date symlink: /workspace/planner/ros2/install/usr_msgs/share/ament_index/resource_index/rosidl_interfaces/usr_msgs
[1.382s] -- Up-to-date symlink: /workspace/planner/ros2/install/usr_msgs/include/usr_msgs/msg/detail/kiwibot__functions.h
[1.383s] -- Up-to-date symlink: /workspace/planner/ros2/install/usr_msgs/include/usr_msgs/msg/detail/kiwibot__struct.h
[1.384s] -- Up-to-date symlink: /workspace/planner/ros2/install/usr_msgs/include/usr_msgs/msg/detail/kiwibot__type_support.h
[1.384s] -- Up-to-date symlink: /workspace/planner/ros2/install/usr_msgs/include/usr_msgs/msg/detail/land_mark__functions.h
[1.384s] -- Up-to-date symlink: /workspace/planner/ros2/install/usr_msgs/include/usr_msgs/msg/detail/land_mark__struct.h
[1.384s] -- Up-to-date symlink: /workspace/planner/ros2/install/usr_msgs/include/usr_msgs/msg/detail/land_mark__type_support.h
[1.385s] -- Up-to-date symlink: /workspace/planner/ros2/install/usr_msgs/include/usr_msgs/msg/detail/planner__functions.h
[1.387s] -- Up-to-date symlink: /workspace/planner/ros2/install/usr_msgs/include/usr_msgs/msg/detail/planner__struct.h
[1.387s] -- Up-to-date symlink: /workspace/planner/ros2/install/usr_msgs/include/usr_msgs/msg/detail/planner__type_support.h
[1.388s] -- Up-to-date symlink: /workspace/planner/ros2/install/usr_msgs/include/usr_msgs/msg/detail/turn_ref__functions.h
[1.388s] -- Up-to-date symlink: /workspace/planner/ros2/install/usr_msgs/include/usr_msgs/msg/detail/turn_ref__struct.h
[1.395s] -- Up-to-date symlink: /workspace/planner/ros2/install/usr_msgs/include/usr_msgs/msg/detail/turn_ref__type_support.h
[1.395s] -- Up-to-date symlink: /workspace/planner/ros2/install/usr_msgs/include/usr_msgs/msg/detail/waypoint__functions.h
[1.395s] -- Up-to-date symlink: /workspace/planner/ros2/install/usr_msgs/include/usr_msgs/msg/detail/waypoint__struct.h
[1.395s] -- Up-to-date symlink: /workspace/planner/ros2/install/usr_msgs/include/usr_msgs/msg/detail/waypoint__type_support.h
[1.395s] -- Up-to-date symlink: /workspace/planner/ros2/install/usr_msgs/include/usr_msgs/msg/kiwibot.h
[1.395s] -- Up-to-date symlink: /workspace/planner/ros2/install/usr_msgs/include/usr_msgs/msg/land_mark.h
[1.396s] -- Up-to-date symlink: /workspace/planner/ros2/install/usr_msgs/include/usr_msgs/msg/planner.h
[1.396s] -- Up-to-date symlink: /workspace/planner/ros2/install/usr_msgs/include/usr_msgs/msg/rosidl_generator_c__visibility_control.h
[1.396s] -- Up-to-date symlink: /workspace/planner/ros2/install/usr_msgs/include/usr_msgs/msg/turn_ref.h
[1.396s] -- Up-to-date symlink: /workspace/planner/ros2/install/usr_msgs/include/usr_msgs/msg/waypoint.h
[1.396s] -- Up-to-date symlink: /workspace/planner/ros2/install/usr_msgs/share/usr_msgs/environment/library_path.sh
[1.396s] -- Up-to-date symlink: /workspace/planner/ros2/install/usr_msgs/share/usr_msgs/environment/library_path.dsv
[1.396s] -- Up-to-date symlink: /workspace/planner/ros2/install/usr_msgs/include/usr_msgs/msg/detail/kiwibot__rosidl_typesupport_introspection_c.h
[1.398s] -- Up-to-date symlink: /workspace/planner/ros2/install/usr_msgs/include/usr_msgs/msg/detail/land_mark__rosidl_typesupport_introspection_c.h
[1.398s] -- Up-to-date symlink: /workspace/planner/ros2/install/usr_msgs/include/usr_msgs/msg/detail/planner__rosidl_typesupport_introspection_c.h
[1.399s] -- Up-to-date symlink: /workspace/planner/ros2/install/usr_msgs/include/usr_msgs/msg/detail/turn_ref__rosidl_typesupport_introspection_c.h
[1.399s] -- Up-to-date symlink: /workspace/planner/ros2/install/usr_msgs/include/usr_msgs/msg/detail/waypoint__rosidl_typesupport_introspection_c.h
[1.399s] -- Up-to-date symlink: /workspace/planner/ros2/install/usr_msgs/include/usr_msgs/msg/rosidl_typesupport_introspection_c__visibility_control.h
[1.401s] -- Up-to-date symlink: /workspace/planner/ros2/install/usr_msgs/include/usr_msgs/msg/detail/kiwibot__builder.hpp
[1.402s] -- Up-to-date symlink: /workspace/planner/ros2/install/usr_msgs/include/usr_msgs/msg/detail/kiwibot__struct.hpp
[1.403s] -- Up-to-date symlink: /workspace/planner/ros2/install/usr_msgs/include/usr_msgs/msg/detail/kiwibot__traits.hpp
[1.403s] -- Up-to-date symlink: /workspace/planner/ros2/install/usr_msgs/include/usr_msgs/msg/detail/land_mark__builder.hpp
[1.404s] -- Up-to-date symlink: /workspace/planner/ros2/install/usr_msgs/include/usr_msgs/msg/detail/land_mark__struct.hpp
[1.405s] -- Up-to-date symlink: /workspace/planner/ros2/install/usr_msgs/include/usr_msgs/msg/detail/land_mark__traits.hpp
[1.405s] -- Up-to-date symlink: /workspace/planner/ros2/install/usr_msgs/include/usr_msgs/msg/detail/planner__builder.hpp
[1.405s] -- Up-to-date symlink: /workspace/planner/ros2/install/usr_msgs/include/usr_msgs/msg/detail/planner__struct.hpp
[1.406s] -- Up-to-date symlink: /workspace/planner/ros2/install/usr_msgs/include/usr_msgs/msg/detail/planner__traits.hpp
[1.406s] -- Up-to-date symlink: /workspace/planner/ros2/install/usr_msgs/include/usr_msgs/msg/detail/turn_ref__builder.hpp
[1.407s] -- Up-to-date symlink: /workspace/planner/ros2/install/usr_msgs/include/usr_msgs/msg/detail/turn_ref__struct.hpp
[1.409s] -- Up-to-date symlink: /workspace/planner/ros2/install/usr_msgs/include/usr_msgs/msg/detail/turn_ref__traits.hpp
[1.410s] -- Up-to-date symlink: /workspace/planner/ros2/install/usr_msgs/include/usr_msgs/msg/detail/waypoint__builder.hpp
[1.415s] -- Up-to-date symlink: /workspace/planner/ros2/install/usr_msgs/include/usr_msgs/msg/detail/waypoint__struct.hpp
[1.416s] -- Up-to-date symlink: /workspace/planner/ros2/install/usr_msgs/include/usr_msgs/msg/detail/waypoint__traits.hpp
[1.416s] -- Up-to-date symlink: /workspace/planner/ros2/install/usr_msgs/include/usr_msgs/msg/kiwibot.hpp
[1.416s] -- Up-to-date symlink: /workspace/planner/ros2/install/usr_msgs/include/usr_msgs/msg/land_mark.hpp
[1.416s] -- Up-to-date symlink: /workspace/planner/ros2/install/usr_msgs/include/usr_msgs/msg/planner.hpp
[1.416s] -- Up-to-date symlink: /workspace/planner/ros2/install/usr_msgs/include/usr_msgs/msg/turn_ref.hpp
[1.416s] -- Up-to-date symlink: /workspace/planner/ros2/install/usr_msgs/include/usr_msgs/msg/waypoint.hpp
[1.420s] -- Up-to-date symlink: /workspace/planner/ros2/install/usr_msgs/include/usr_msgs/msg/detail/kiwibot__rosidl_typesupport_introspection_cpp.hpp
[1.421s] -- Up-to-date symlink: /workspace/planner/ros2/install/usr_msgs/include/usr_msgs/msg/detail/land_mark__rosidl_typesupport_introspection_cpp.hpp
[1.421s] -- Up-to-date symlink: /workspace/planner/ros2/install/usr_msgs/include/usr_msgs/msg/detail/planner__rosidl_typesupport_introspection_cpp.hpp
[1.421s] -- Up-to-date symlink: /workspace/planner/ros2/install/usr_msgs/include/usr_msgs/msg/detail/turn_ref__rosidl_typesupport_introspection_cpp.hpp
[1.421s] -- Up-to-date symlink: /workspace/planner/ros2/install/usr_msgs/include/usr_msgs/msg/detail/waypoint__rosidl_typesupport_introspection_cpp.hpp
[1.424s] -- Up-to-date symlink: /workspace/planner/ros2/install/usr_msgs/share/usr_msgs/environment/pythonpath.sh
[1.424s] -- Up-to-date symlink: /workspace/planner/ros2/install/usr_msgs/share/usr_msgs/environment/pythonpath.dsv
[1.424s] -- Up-to-date symlink: /workspace/planner/ros2/install/usr_msgs/lib/python3.8/site-packages/usr_msgs/__init__.py
[1.425s] -- Up-to-date symlink: /workspace/planner/ros2/install/usr_msgs/lib/python3.8/site-packages/usr_msgs/msg/__init__.py
[1.426s] -- Up-to-date symlink: /workspace/planner/ros2/install/usr_msgs/lib/python3.8/site-packages/usr_msgs/msg/_kiwibot.py
[1.427s] -- Up-to-date symlink: /workspace/planner/ros2/install/usr_msgs/lib/python3.8/site-packages/usr_msgs/msg/_land_mark.py
[1.428s] -- Up-to-date symlink: /workspace/planner/ros2/install/usr_msgs/lib/python3.8/site-packages/usr_msgs/msg/_planner.py
[1.428s] -- Up-to-date symlink: /workspace/planner/ros2/install/usr_msgs/lib/python3.8/site-packages/usr_msgs/msg/_turn_ref.py
[1.429s] -- Up-to-date symlink: /workspace/planner/ros2/install/usr_msgs/lib/python3.8/site-packages/usr_msgs/msg/_waypoint.py
[1.430s] -- Up-to-date symlink: /workspace/planner/ros2/install/usr_msgs/lib/python3.8/site-packages/usr_msgs/usr_msgs_s__rosidl_typesupport_introspection_c.cpython-38-x86_64-linux-gnu.so
[1.432s] -- Up-to-date symlink: /workspace/planner/ros2/install/usr_msgs/lib/python3.8/site-packages/usr_msgs/usr_msgs_s__rosidl_typesupport_c.cpython-38-x86_64-linux-gnu.so
[1.434s] -- Up-to-date symlink: /workspace/planner/ros2/install/usr_msgs/lib/libusr_msgs__python.so
[1.435s] -- Up-to-date symlink: /workspace/planner/ros2/install/usr_msgs/share/usr_msgs/msg/Planner.idl
[1.436s] -- Up-to-date symlink: /workspace/planner/ros2/install/usr_msgs/share/usr_msgs/msg/LandMark.idl
[1.438s] -- Up-to-date symlink: /workspace/planner/ros2/install/usr_msgs/share/usr_msgs/msg/Waypoint.idl
[1.439s] -- Up-to-date symlink: /workspace/planner/ros2/install/usr_msgs/share/usr_msgs/msg/TurnRef.idl
[1.444s] -- Up-to-date symlink: /workspace/planner/ros2/install/usr_msgs/share/usr_msgs/msg/Kiwibot.idl
[1.445s] -- Up-to-date symlink: /workspace/planner/ros2/install/usr_msgs/share/usr_msgs/path_planner/Planner.msg
[1.445s] -- Up-to-date symlink: /workspace/planner/ros2/install/usr_msgs/share/usr_msgs/path_planner/LandMark.msg
[1.445s] -- Up-to-date symlink: /workspace/planner/ros2/install/usr_msgs/share/usr_msgs/path_planner/Waypoint.msg
[1.447s] -- Up-to-date symlink: /workspace/planner/ros2/install/usr_msgs/share/usr_msgs/path_planner/TurnRef.msg
[1.447s] -- Up-to-date symlink: /workspace/planner/ros2/install/usr_msgs/share/usr_msgs/bot_status/Kiwibot.msg
[1.447s] -- Up-to-date symlink: /workspace/planner/ros2/install/usr_msgs/share/ament_index/resource_index/package_run_dependencies/usr_msgs
[1.449s] -- Up-to-date symlink: /workspace/planner/ros2/install/usr_msgs/share/ament_index/resource_index/parent_prefix_path/usr_msgs
[1.450s] -- Up-to-date symlink: /workspace/planner/ros2/install/usr_msgs/share/usr_msgs/environment/ament_prefix_path.sh
[1.451s] -- Up-to-date symlink: /workspace/planner/ros2/install/usr_msgs/share/usr_msgs/environment/ament_prefix_path.dsv
[1.454s] -- Up-to-date symlink: /workspace/planner/ros2/install/usr_msgs/share/usr_msgs/environment/path.sh
[1.456s] -- Up-to-date symlink: /workspace/planner/ros2/install/usr_msgs/share/usr_msgs/environment/path.dsv
[1.456s] -- Up-to-date symlink: /workspace/planner/ros2/install/usr_msgs/share/usr_msgs/local_setup.bash
[1.456s] -- Up-to-date symlink: /workspace/planner/ros2/install/usr_msgs/share/usr_msgs/local_setup.sh
[1.460s] -- Up-to-date symlink: /workspace/planner/ros2/install/usr_msgs/share/usr_msgs/local_setup.zsh
[1.460s] -- Up-to-date symlink: /workspace/planner/ros2/install/usr_msgs/share/usr_msgs/local_setup.dsv
[1.464s] -- Symlinking: /workspace/planner/ros2/install/usr_msgs/share/usr_msgs/package.dsv
[1.471s] -- Up-to-date symlink: /workspace/planner/ros2/install/usr_msgs/share/ament_index/resource_index/packages/usr_msgs
[1.472s] -- Up-to-date symlink: /workspace/planner/ros2/install/usr_msgs/share/usr_msgs/cmake/rosidl_cmake-extras.cmake
[1.473s] -- Up-to-date symlink: /workspace/planner/ros2/install/usr_msgs/share/usr_msgs/cmake/ament_cmake_export_dependencies-extras.cmake
[1.474s] -- Up-to-date symlink: /workspace/planner/ros2/install/usr_msgs/share/usr_msgs/cmake/ament_cmake_export_libraries-extras.cmake
[1.475s] -- Up-to-date symlink: /workspace/planner/ros2/install/usr_msgs/share/usr_msgs/cmake/ament_cmake_export_targets-extras.cmake
[1.477s] -- Up-to-date symlink: /workspace/planner/ros2/install/usr_msgs/share/usr_msgs/cmake/ament_cmake_export_include_directories-extras.cmake
[1.478s] -- Up-to-date symlink: /workspace/planner/ros2/install/usr_msgs/share/usr_msgs/cmake/rosidl_cmake_export_typesupport_targets-extras.cmake
[1.479s] -- Up-to-date symlink: /workspace/planner/ros2/install/usr_msgs/share/usr_msgs/cmake/usr_msgsConfig.cmake
[1.480s] -- Up-to-date symlink: /workspace/planner/ros2/install/usr_msgs/share/usr_msgs/cmake/usr_msgsConfig-version.cmake
[1.482s] -- Up-to-date symlink: /workspace/planner/ros2/install/usr_msgs/share/usr_msgs/package.xml
[1.492s] -- Up-to-date: /workspace/planner/ros2/install/usr_msgs/lib/libusr_msgs__rosidl_generator_c.so
[1.492s] -- Up-to-date: /workspace/planner/ros2/install/usr_msgs/lib/libusr_msgs__rosidl_typesupport_introspection_c.so
[1.492s] -- Up-to-date: /workspace/planner/ros2/install/usr_msgs/lib/libusr_msgs__rosidl_typesupport_c.so
[1.493s] -- Up-to-date: /workspace/planner/ros2/install/usr_msgs/lib/libusr_msgs__rosidl_typesupport_introspection_cpp.so
[1.493s] -- Up-to-date: /workspace/planner/ros2/install/usr_msgs/lib/libusr_msgs__rosidl_typesupport_cpp.so
[1.544s] -- Up-to-date: /workspace/planner/ros2/install/usr_msgs/share/usr_msgs/cmake/usr_msgs__rosidl_generator_cExport.cmake
[1.545s] -- Up-to-date: /workspace/planner/ros2/install/usr_msgs/share/usr_msgs/cmake/usr_msgs__rosidl_generator_cExport-noconfig.cmake
[1.545s] -- Up-to-date: /workspace/planner/ros2/install/usr_msgs/share/usr_msgs/cmake/usr_msgs__rosidl_typesupport_introspection_cExport.cmake
[1.545s] -- Up-to-date: /workspace/planner/ros2/install/usr_msgs/share/usr_msgs/cmake/usr_msgs__rosidl_typesupport_introspection_cExport-noconfig.cmake
[1.545s] -- Up-to-date: /workspace/planner/ros2/install/usr_msgs/share/usr_msgs/cmake/usr_msgs__rosidl_typesupport_cExport.cmake
[1.546s] -- Up-to-date: /workspace/planner/ros2/install/usr_msgs/share/usr_msgs/cmake/usr_msgs__rosidl_typesupport_cExport-noconfig.cmake
[1.546s] -- Up-to-date: /workspace/planner/ros2/install/usr_msgs/share/usr_msgs/cmake/usr_msgs__rosidl_generator_cppExport.cmake
[1.547s] -- Up-to-date: /workspace/planner/ros2/install/usr_msgs/share/usr_msgs/cmake/usr_msgs__rosidl_typesupport_introspection_cppExport.cmake
[1.547s] -- Up-to-date: /workspace/planner/ros2/install/usr_msgs/share/usr_msgs/cmake/usr_msgs__rosidl_typesupport_introspection_cppExport-noconfig.cmake
[1.547s] -- Up-to-date: /workspace/planner/ros2/install/usr_msgs/share/usr_msgs/cmake/usr_msgs__rosidl_typesupport_cppExport.cmake
[1.547s] -- Up-to-date: /workspace/planner/ros2/install/usr_msgs/share/usr_msgs/cmake/usr_msgs__rosidl_typesupport_cppExport-noconfig.cmake
[1.552s] Invoked command in '/workspace/planner/ros2/build/usr_msgs' returned '0': CMAKE_PREFIX_PATH=/opt/ros/galactic /usr/local/bin/cmake --install /workspace/planner/ros2/build/usr_msgs
