[0.141s] DEBUG:colcon:Command line arguments: ['/usr/bin/colcon', 'build', '--symlink-install']
[0.141s] DEBUG:colcon:Parsed command line arguments: Namespace(allow_overriding=[], ament_cmake_args=None, base_paths=['.'], build_base='build', catkin_cmake_args=None, catkin_skip_building_tests=False, cmake_args=None, cmake_clean_cache=False, cmake_clean_first=False, cmake_force_configure=False, cmake_target=None, cmake_target_skip_unavailable=False, continue_on_error=False, event_handlers=None, executor='parallel', ignore_user_meta=False, install_base='install', log_base=None, log_level=None, main=<bound method BuildVerb.main of <colcon_core.verb.build.BuildVerb object at 0x7fcc2582d460>>, merge_install=False, metas=['./colcon.meta'], packages_above=None, packages_above_and_dependencies=None, packages_above_depth=None, packages_end=None, packages_ignore=None, packages_ignore_regex=None, packages_select=None, packages_select_build_failed=False, packages_select_by_dep=None, packages_select_regex=None, packages_select_test_failures=False, packages_skip=None, packages_skip_build_finished=False, packages_skip_by_dep=None, packages_skip_regex=None, packages_skip_test_passed=False, packages_skip_up_to=None, packages_start=None, packages_up_to=None, packages_up_to_regex=None, parallel_workers=12, paths=None, symlink_install=True, test_result_base=None, verb_extension=<colcon_core.verb.build.BuildVerb object at 0x7fcc2582d460>, verb_name='build', verb_parser=<colcon_defaults.argument_parser.defaults.DefaultArgumentsDecorator object at 0x7fcc2582d9a0>)
[0.145s] Level 1:colcon.colcon_core.package_discovery:discover_packages(colcon_meta) check parameters
[0.146s] Level 1:colcon.colcon_core.package_discovery:discover_packages(recursive) check parameters
[0.146s] Level 1:colcon.colcon_core.package_discovery:discover_packages(ignore) check parameters
[0.146s] Level 1:colcon.colcon_core.package_discovery:discover_packages(path) check parameters
[0.146s] Level 1:colcon.colcon_core.package_discovery:discover_packages(colcon_meta) discover
[0.146s] Level 1:colcon.colcon_core.package_discovery:discover_packages(recursive) discover
[0.146s] INFO:colcon.colcon_core.package_discovery:Crawling recursively for packages in '/workspace/planner/ros2'
[0.146s] Level 1:colcon.colcon_core.package_identification:_identify(.) by extensions ['ignore', 'ignore_ament_install']
[0.146s] Level 1:colcon.colcon_core.package_identification:_identify(.) by extension 'ignore'
[0.146s] Level 1:colcon.colcon_core.package_identification:_identify(.) by extension 'ignore_ament_install'
[0.146s] Level 1:colcon.colcon_core.package_identification:_identify(.) by extensions ['colcon_pkg']
[0.146s] Level 1:colcon.colcon_core.package_identification:_identify(.) by extension 'colcon_pkg'
[0.146s] Level 1:colcon.colcon_core.package_identification:_identify(.) by extensions ['colcon_meta']
[0.147s] Level 1:colcon.colcon_core.package_identification:_identify(.) by extension 'colcon_meta'
[0.147s] Level 1:colcon.colcon_core.package_identification:_identify(.) by extensions ['ros']
[0.147s] Level 1:colcon.colcon_core.package_identification:_identify(.) by extension 'ros'
[0.160s] Level 1:colcon.colcon_core.package_identification:_identify(.) by extensions ['cmake', 'python']
[0.160s] Level 1:colcon.colcon_core.package_identification:_identify(.) by extension 'cmake'
[0.160s] Level 1:colcon.colcon_core.package_identification:_identify(.) by extension 'python'
[0.160s] Level 1:colcon.colcon_core.package_identification:_identify(.) by extensions ['python_setup_py']
[0.160s] Level 1:colcon.colcon_core.package_identification:_identify(.) by extension 'python_setup_py'
[0.160s] Level 1:colcon.colcon_core.package_identification:_identify(build) by extensions ['ignore', 'ignore_ament_install']
[0.161s] Level 1:colcon.colcon_core.package_identification:_identify(build) by extension 'ignore'
[0.161s] Level 1:colcon.colcon_core.package_identification:_identify(build) ignored
[0.161s] Level 1:colcon.colcon_core.package_identification:_identify(install) by extensions ['ignore', 'ignore_ament_install']
[0.161s] Level 1:colcon.colcon_core.package_identification:_identify(install) by extension 'ignore'
[0.161s] Level 1:colcon.colcon_core.package_identification:_identify(install) ignored
[0.161s] Level 1:colcon.colcon_core.package_identification:_identify(log) by extensions ['ignore', 'ignore_ament_install']
[0.161s] Level 1:colcon.colcon_core.package_identification:_identify(log) by extension 'ignore'
[0.161s] Level 1:colcon.colcon_core.package_identification:_identify(log) ignored
[0.162s] Level 1:colcon.colcon_core.package_identification:_identify(src) by extensions ['ignore', 'ignore_ament_install']
[0.162s] Level 1:colcon.colcon_core.package_identification:_identify(src) by extension 'ignore'
[0.162s] Level 1:colcon.colcon_core.package_identification:_identify(src) by extension 'ignore_ament_install'
[0.162s] Level 1:colcon.colcon_core.package_identification:_identify(src) by extensions ['colcon_pkg']
[0.162s] Level 1:colcon.colcon_core.package_identification:_identify(src) by extension 'colcon_pkg'
[0.162s] Level 1:colcon.colcon_core.package_identification:_identify(src) by extensions ['colcon_meta']
[0.162s] Level 1:colcon.colcon_core.package_identification:_identify(src) by extension 'colcon_meta'
[0.162s] Level 1:colcon.colcon_core.package_identification:_identify(src) by extensions ['ros']
[0.162s] Level 1:colcon.colcon_core.package_identification:_identify(src) by extension 'ros'
[0.162s] Level 1:colcon.colcon_core.package_identification:_identify(src) by extensions ['cmake', 'python']
[0.162s] Level 1:colcon.colcon_core.package_identification:_identify(src) by extension 'cmake'
[0.162s] Level 1:colcon.colcon_core.package_identification:_identify(src) by extension 'python'
[0.162s] Level 1:colcon.colcon_core.package_identification:_identify(src) by extensions ['python_setup_py']
[0.162s] Level 1:colcon.colcon_core.package_identification:_identify(src) by extension 'python_setup_py'
[0.162s] Level 1:colcon.colcon_core.package_identification:_identify(src/graphics) by extensions ['ignore', 'ignore_ament_install']
[0.162s] Level 1:colcon.colcon_core.package_identification:_identify(src/graphics) by extension 'ignore'
[0.162s] Level 1:colcon.colcon_core.package_identification:_identify(src/graphics) by extension 'ignore_ament_install'
[0.162s] Level 1:colcon.colcon_core.package_identification:_identify(src/graphics) by extensions ['colcon_pkg']
[0.163s] Level 1:colcon.colcon_core.package_identification:_identify(src/graphics) by extension 'colcon_pkg'
[0.163s] Level 1:colcon.colcon_core.package_identification:_identify(src/graphics) by extensions ['colcon_meta']
[0.163s] Level 1:colcon.colcon_core.package_identification:_identify(src/graphics) by extension 'colcon_meta'
[0.163s] Level 1:colcon.colcon_core.package_identification:_identify(src/graphics) by extensions ['ros']
[0.163s] Level 1:colcon.colcon_core.package_identification:_identify(src/graphics) by extension 'ros'
[0.165s] DEBUG:colcon.colcon_core.package_identification:Package 'src/graphics' with type 'ros.ament_python' and name 'graphics'
[0.165s] Level 1:colcon.colcon_core.package_identification:_identify(src/interfaces) by extensions ['ignore', 'ignore_ament_install']
[0.165s] Level 1:colcon.colcon_core.package_identification:_identify(src/interfaces) by extension 'ignore'
[0.165s] Level 1:colcon.colcon_core.package_identification:_identify(src/interfaces) by extension 'ignore_ament_install'
[0.165s] Level 1:colcon.colcon_core.package_identification:_identify(src/interfaces) by extensions ['colcon_pkg']
[0.165s] Level 1:colcon.colcon_core.package_identification:_identify(src/interfaces) by extension 'colcon_pkg'
[0.165s] Level 1:colcon.colcon_core.package_identification:_identify(src/interfaces) by extensions ['colcon_meta']
[0.165s] Level 1:colcon.colcon_core.package_identification:_identify(src/interfaces) by extension 'colcon_meta'
[0.165s] Level 1:colcon.colcon_core.package_identification:_identify(src/interfaces) by extensions ['ros']
[0.165s] Level 1:colcon.colcon_core.package_identification:_identify(src/interfaces) by extension 'ros'
[0.166s] DEBUG:colcon.colcon_core.package_identification:Package 'src/interfaces' with type 'ros.ament_cmake' and name 'interfaces'
[0.166s] Level 1:colcon.colcon_core.package_identification:_identify(src/kiwibot) by extensions ['ignore', 'ignore_ament_install']
[0.166s] Level 1:colcon.colcon_core.package_identification:_identify(src/kiwibot) by extension 'ignore'
[0.166s] Level 1:colcon.colcon_core.package_identification:_identify(src/kiwibot) by extension 'ignore_ament_install'
[0.166s] Level 1:colcon.colcon_core.package_identification:_identify(src/kiwibot) by extensions ['colcon_pkg']
[0.166s] Level 1:colcon.colcon_core.package_identification:_identify(src/kiwibot) by extension 'colcon_pkg'
[0.166s] Level 1:colcon.colcon_core.package_identification:_identify(src/kiwibot) by extensions ['colcon_meta']
[0.166s] Level 1:colcon.colcon_core.package_identification:_identify(src/kiwibot) by extension 'colcon_meta'
[0.166s] Level 1:colcon.colcon_core.package_identification:_identify(src/kiwibot) by extensions ['ros']
[0.166s] Level 1:colcon.colcon_core.package_identification:_identify(src/kiwibot) by extension 'ros'
[0.166s] DEBUG:colcon.colcon_core.package_identification:Package 'src/kiwibot' with type 'ros.ament_python' and name 'kiwibot'
[0.166s] Level 1:colcon.colcon_core.package_identification:_identify(src/path_planner) by extensions ['ignore', 'ignore_ament_install']
[0.167s] Level 1:colcon.colcon_core.package_identification:_identify(src/path_planner) by extension 'ignore'
[0.167s] Level 1:colcon.colcon_core.package_identification:_identify(src/path_planner) by extension 'ignore_ament_install'
[0.167s] Level 1:colcon.colcon_core.package_identification:_identify(src/path_planner) by extensions ['colcon_pkg']
[0.167s] Level 1:colcon.colcon_core.package_identification:_identify(src/path_planner) by extension 'colcon_pkg'
[0.167s] Level 1:colcon.colcon_core.package_identification:_identify(src/path_planner) by extensions ['colcon_meta']
[0.167s] Level 1:colcon.colcon_core.package_identification:_identify(src/path_planner) by extension 'colcon_meta'
[0.167s] Level 1:colcon.colcon_core.package_identification:_identify(src/path_planner) by extensions ['ros']
[0.167s] Level 1:colcon.colcon_core.package_identification:_identify(src/path_planner) by extension 'ros'
[0.167s] DEBUG:colcon.colcon_core.package_identification:Package 'src/path_planner' with type 'ros.ament_python' and name 'path_planner'
[0.167s] Level 1:colcon.colcon_core.package_identification:_identify(src/usr_msgs) by extensions ['ignore', 'ignore_ament_install']
[0.167s] Level 1:colcon.colcon_core.package_identification:_identify(src/usr_msgs) by extension 'ignore'
[0.168s] Level 1:colcon.colcon_core.package_identification:_identify(src/usr_msgs) by extension 'ignore_ament_install'
[0.168s] Level 1:colcon.colcon_core.package_identification:_identify(src/usr_msgs) by extensions ['colcon_pkg']
[0.168s] Level 1:colcon.colcon_core.package_identification:_identify(src/usr_msgs) by extension 'colcon_pkg'
[0.168s] Level 1:colcon.colcon_core.package_identification:_identify(src/usr_msgs) by extensions ['colcon_meta']
[0.168s] Level 1:colcon.colcon_core.package_identification:_identify(src/usr_msgs) by extension 'colcon_meta'
[0.168s] Level 1:colcon.colcon_core.package_identification:_identify(src/usr_msgs) by extensions ['ros']
[0.168s] Level 1:colcon.colcon_core.package_identification:_identify(src/usr_msgs) by extension 'ros'
[0.169s] DEBUG:colcon.colcon_core.package_identification:Package 'src/usr_msgs' with type 'ros.ament_cmake' and name 'usr_msgs'
[0.169s] Level 1:colcon.colcon_core.package_identification:_identify(src/usr_srvs) by extensions ['ignore', 'ignore_ament_install']
[0.169s] Level 1:colcon.colcon_core.package_identification:_identify(src/usr_srvs) by extension 'ignore'
[0.169s] Level 1:colcon.colcon_core.package_identification:_identify(src/usr_srvs) by extension 'ignore_ament_install'
[0.169s] Level 1:colcon.colcon_core.package_identification:_identify(src/usr_srvs) by extensions ['colcon_pkg']
[0.169s] Level 1:colcon.colcon_core.package_identification:_identify(src/usr_srvs) by extension 'colcon_pkg'
[0.169s] Level 1:colcon.colcon_core.package_identification:_identify(src/usr_srvs) by extensions ['colcon_meta']
[0.169s] Level 1:colcon.colcon_core.package_identification:_identify(src/usr_srvs) by extension 'colcon_meta'
[0.169s] Level 1:colcon.colcon_core.package_identification:_identify(src/usr_srvs) by extensions ['ros']
[0.169s] Level 1:colcon.colcon_core.package_identification:_identify(src/usr_srvs) by extension 'ros'
[0.169s] DEBUG:colcon.colcon_core.package_identification:Package 'src/usr_srvs' with type 'ros.ament_cmake' and name 'usr_srvs'
[0.169s] Level 1:colcon.colcon_core.package_identification:_identify(src/utils) by extensions ['ignore', 'ignore_ament_install']
[0.170s] Level 1:colcon.colcon_core.package_identification:_identify(src/utils) by extension 'ignore'
[0.170s] Level 1:colcon.colcon_core.package_identification:_identify(src/utils) by extension 'ignore_ament_install'
[0.170s] Level 1:colcon.colcon_core.package_identification:_identify(src/utils) by extensions ['colcon_pkg']
[0.170s] Level 1:colcon.colcon_core.package_identification:_identify(src/utils) by extension 'colcon_pkg'
[0.170s] Level 1:colcon.colcon_core.package_identification:_identify(src/utils) by extensions ['colcon_meta']
[0.170s] Level 1:colcon.colcon_core.package_identification:_identify(src/utils) by extension 'colcon_meta'
[0.170s] Level 1:colcon.colcon_core.package_identification:_identify(src/utils) by extensions ['ros']
[0.170s] Level 1:colcon.colcon_core.package_identification:_identify(src/utils) by extension 'ros'
[0.170s] DEBUG:colcon.colcon_core.package_identification:Package 'src/utils' with type 'ros.ament_cmake' and name 'utils'
[0.170s] Level 1:colcon.colcon_core.package_discovery:discover_packages(recursive) using defaults
[0.170s] Level 1:colcon.colcon_core.package_discovery:discover_packages(ignore) discover
[0.171s] Level 1:colcon.colcon_core.package_discovery:discover_packages(ignore) using defaults
[0.171s] Level 1:colcon.colcon_core.package_discovery:discover_packages(path) discover
[0.171s] Level 1:colcon.colcon_core.package_discovery:discover_packages(path) using defaults
[0.194s] Level 5:colcon.colcon_core.verb:set package 'graphics' build argument 'cmake_args' from command line to 'None'
[0.194s] Level 5:colcon.colcon_core.verb:set package 'graphics' build argument 'cmake_target' from command line to 'None'
[0.194s] Level 5:colcon.colcon_core.verb:set package 'graphics' build argument 'cmake_target_skip_unavailable' from command line to 'False'
[0.194s] Level 5:colcon.colcon_core.verb:set package 'graphics' build argument 'cmake_clean_cache' from command line to 'False'
[0.194s] Level 5:colcon.colcon_core.verb:set package 'graphics' build argument 'cmake_clean_first' from command line to 'False'
[0.194s] Level 5:colcon.colcon_core.verb:set package 'graphics' build argument 'cmake_force_configure' from command line to 'False'
[0.194s] Level 5:colcon.colcon_core.verb:set package 'graphics' build argument 'ament_cmake_args' from command line to 'None'
[0.194s] Level 5:colcon.colcon_core.verb:set package 'graphics' build argument 'catkin_cmake_args' from command line to 'None'
[0.194s] Level 5:colcon.colcon_core.verb:set package 'graphics' build argument 'catkin_skip_building_tests' from command line to 'False'
[0.194s] DEBUG:colcon.colcon_core.verb:Building package 'graphics' with the following arguments: {'ament_cmake_args': None, 'build_base': '/workspace/planner/ros2/build/graphics', 'catkin_cmake_args': None, 'catkin_skip_building_tests': False, 'cmake_args': None, 'cmake_clean_cache': False, 'cmake_clean_first': False, 'cmake_force_configure': False, 'cmake_target': None, 'cmake_target_skip_unavailable': False, 'install_base': '/workspace/planner/ros2/install/graphics', 'merge_install': False, 'path': '/workspace/planner/ros2/src/graphics', 'symlink_install': True, 'test_result_base': None}
[0.196s] Level 5:colcon.colcon_core.verb:set package 'kiwibot' build argument 'cmake_args' from command line to 'None'
[0.196s] Level 5:colcon.colcon_core.verb:set package 'kiwibot' build argument 'cmake_target' from command line to 'None'
[0.196s] Level 5:colcon.colcon_core.verb:set package 'kiwibot' build argument 'cmake_target_skip_unavailable' from command line to 'False'
[0.196s] Level 5:colcon.colcon_core.verb:set package 'kiwibot' build argument 'cmake_clean_cache' from command line to 'False'
[0.196s] Level 5:colcon.colcon_core.verb:set package 'kiwibot' build argument 'cmake_clean_first' from command line to 'False'
[0.196s] Level 5:colcon.colcon_core.verb:set package 'kiwibot' build argument 'cmake_force_configure' from command line to 'False'
[0.196s] Level 5:colcon.colcon_core.verb:set package 'kiwibot' build argument 'ament_cmake_args' from command line to 'None'
[0.197s] Level 5:colcon.colcon_core.verb:set package 'kiwibot' build argument 'catkin_cmake_args' from command line to 'None'
[0.197s] Level 5:colcon.colcon_core.verb:set package 'kiwibot' build argument 'catkin_skip_building_tests' from command line to 'False'
[0.197s] DEBUG:colcon.colcon_core.verb:Building package 'kiwibot' with the following arguments: {'ament_cmake_args': None, 'build_base': '/workspace/planner/ros2/build/kiwibot', 'catkin_cmake_args': None, 'catkin_skip_building_tests': False, 'cmake_args': None, 'cmake_clean_cache': False, 'cmake_clean_first': False, 'cmake_force_configure': False, 'cmake_target': None, 'cmake_target_skip_unavailable': False, 'install_base': '/workspace/planner/ros2/install/kiwibot', 'merge_install': False, 'path': '/workspace/planner/ros2/src/kiwibot', 'symlink_install': True, 'test_result_base': None}
[0.199s] Level 5:colcon.colcon_core.verb:set package 'path_planner' build argument 'cmake_args' from command line to 'None'
[0.199s] Level 5:colcon.colcon_core.verb:set package 'path_planner' build argument 'cmake_target' from command line to 'None'
[0.199s] Level 5:colcon.colcon_core.verb:set package 'path_planner' build argument 'cmake_target_skip_unavailable' from command line to 'False'
[0.199s] Level 5:colcon.colcon_core.verb:set package 'path_planner' build argument 'cmake_clean_cache' from command line to 'False'
[0.199s] Level 5:colcon.colcon_core.verb:set package 'path_planner' build argument 'cmake_clean_first' from command line to 'False'
[0.199s] Level 5:colcon.colcon_core.verb:set package 'path_planner' build argument 'cmake_force_configure' from command line to 'False'
[0.199s] Level 5:colcon.colcon_core.verb:set package 'path_planner' build argument 'ament_cmake_args' from command line to 'None'
[0.199s] Level 5:colcon.colcon_core.verb:set package 'path_planner' build argument 'catkin_cmake_args' from command line to 'None'
[0.199s] Level 5:colcon.colcon_core.verb:set package 'path_planner' build argument 'catkin_skip_building_tests' from command line to 'False'
[0.199s] DEBUG:colcon.colcon_core.verb:Building package 'path_planner' with the following arguments: {'ament_cmake_args': None, 'build_base': '/workspace/planner/ros2/build/path_planner', 'catkin_cmake_args': None, 'catkin_skip_building_tests': False, 'cmake_args': None, 'cmake_clean_cache': False, 'cmake_clean_first': False, 'cmake_force_configure': False, 'cmake_target': None, 'cmake_target_skip_unavailable': False, 'install_base': '/workspace/planner/ros2/install/path_planner', 'merge_install': False, 'path': '/workspace/planner/ros2/src/path_planner', 'symlink_install': True, 'test_result_base': None}
[0.200s] Level 5:colcon.colcon_core.verb:set package 'usr_msgs' build argument 'cmake_args' from command line to 'None'
[0.200s] Level 5:colcon.colcon_core.verb:set package 'usr_msgs' build argument 'cmake_target' from command line to 'None'
[0.200s] Level 5:colcon.colcon_core.verb:set package 'usr_msgs' build argument 'cmake_target_skip_unavailable' from command line to 'False'
[0.200s] Level 5:colcon.colcon_core.verb:set package 'usr_msgs' build argument 'cmake_clean_cache' from command line to 'False'
[0.200s] Level 5:colcon.colcon_core.verb:set package 'usr_msgs' build argument 'cmake_clean_first' from command line to 'False'
[0.200s] Level 5:colcon.colcon_core.verb:set package 'usr_msgs' build argument 'cmake_force_configure' from command line to 'False'
[0.200s] Level 5:colcon.colcon_core.verb:set package 'usr_msgs' build argument 'ament_cmake_args' from command line to 'None'
[0.200s] Level 5:colcon.colcon_core.verb:set package 'usr_msgs' build argument 'catkin_cmake_args' from command line to 'None'
[0.200s] Level 5:colcon.colcon_core.verb:set package 'usr_msgs' build argument 'catkin_skip_building_tests' from command line to 'False'
[0.200s] DEBUG:colcon.colcon_core.verb:Building package 'usr_msgs' with the following arguments: {'ament_cmake_args': None, 'build_base': '/workspace/planner/ros2/build/usr_msgs', 'catkin_cmake_args': None, 'catkin_skip_building_tests': False, 'cmake_args': None, 'cmake_clean_cache': False, 'cmake_clean_first': False, 'cmake_force_configure': False, 'cmake_target': None, 'cmake_target_skip_unavailable': False, 'install_base': '/workspace/planner/ros2/install/usr_msgs', 'merge_install': False, 'path': '/workspace/planner/ros2/src/usr_msgs', 'symlink_install': True, 'test_result_base': None}
[0.201s] Level 5:colcon.colcon_core.verb:set package 'utils' build argument 'cmake_args' from command line to 'None'
[0.201s] Level 5:colcon.colcon_core.verb:set package 'utils' build argument 'cmake_target' from command line to 'None'
[0.201s] Level 5:colcon.colcon_core.verb:set package 'utils' build argument 'cmake_target_skip_unavailable' from command line to 'False'
[0.201s] Level 5:colcon.colcon_core.verb:set package 'utils' build argument 'cmake_clean_cache' from command line to 'False'
[0.201s] Level 5:colcon.colcon_core.verb:set package 'utils' build argument 'cmake_clean_first' from command line to 'False'
[0.201s] Level 5:colcon.colcon_core.verb:set package 'utils' build argument 'cmake_force_configure' from command line to 'False'
[0.201s] Level 5:colcon.colcon_core.verb:set package 'utils' build argument 'ament_cmake_args' from command line to 'None'
[0.201s] Level 5:colcon.colcon_core.verb:set package 'utils' build argument 'catkin_cmake_args' from command line to 'None'
[0.201s] Level 5:colcon.colcon_core.verb:set package 'utils' build argument 'catkin_skip_building_tests' from command line to 'False'
[0.201s] DEBUG:colcon.colcon_core.verb:Building package 'utils' with the following arguments: {'ament_cmake_args': None, 'build_base': '/workspace/planner/ros2/build/utils', 'catkin_cmake_args': None, 'catkin_skip_building_tests': False, 'cmake_args': None, 'cmake_clean_cache': False, 'cmake_clean_first': False, 'cmake_force_configure': False, 'cmake_target': None, 'cmake_target_skip_unavailable': False, 'install_base': '/workspace/planner/ros2/install/utils', 'merge_install': False, 'path': '/workspace/planner/ros2/src/utils', 'symlink_install': True, 'test_result_base': None}
[0.201s] Level 5:colcon.colcon_core.verb:set package 'interfaces' build argument 'cmake_args' from command line to 'None'
[0.201s] Level 5:colcon.colcon_core.verb:set package 'interfaces' build argument 'cmake_target' from command line to 'None'
[0.201s] Level 5:colcon.colcon_core.verb:set package 'interfaces' build argument 'cmake_target_skip_unavailable' from command line to 'False'
[0.201s] Level 5:colcon.colcon_core.verb:set package 'interfaces' build argument 'cmake_clean_cache' from command line to 'False'
[0.201s] Level 5:colcon.colcon_core.verb:set package 'interfaces' build argument 'cmake_clean_first' from command line to 'False'
[0.201s] Level 5:colcon.colcon_core.verb:set package 'interfaces' build argument 'cmake_force_configure' from command line to 'False'
[0.201s] Level 5:colcon.colcon_core.verb:set package 'interfaces' build argument 'ament_cmake_args' from command line to 'None'
[0.201s] Level 5:colcon.colcon_core.verb:set package 'interfaces' build argument 'catkin_cmake_args' from command line to 'None'
[0.201s] Level 5:colcon.colcon_core.verb:set package 'interfaces' build argument 'catkin_skip_building_tests' from command line to 'False'
[0.201s] DEBUG:colcon.colcon_core.verb:Building package 'interfaces' with the following arguments: {'ament_cmake_args': None, 'build_base': '/workspace/planner/ros2/build/interfaces', 'catkin_cmake_args': None, 'catkin_skip_building_tests': False, 'cmake_args': None, 'cmake_clean_cache': False, 'cmake_clean_first': False, 'cmake_force_configure': False, 'cmake_target': None, 'cmake_target_skip_unavailable': False, 'install_base': '/workspace/planner/ros2/install/interfaces', 'merge_install': False, 'path': '/workspace/planner/ros2/src/interfaces', 'symlink_install': True, 'test_result_base': None}
[0.202s] Level 5:colcon.colcon_core.verb:set package 'usr_srvs' build argument 'cmake_args' from command line to 'None'
[0.202s] Level 5:colcon.colcon_core.verb:set package 'usr_srvs' build argument 'cmake_target' from command line to 'None'
[0.202s] Level 5:colcon.colcon_core.verb:set package 'usr_srvs' build argument 'cmake_target_skip_unavailable' from command line to 'False'
[0.202s] Level 5:colcon.colcon_core.verb:set package 'usr_srvs' build argument 'cmake_clean_cache' from command line to 'False'
[0.202s] Level 5:colcon.colcon_core.verb:set package 'usr_srvs' build argument 'cmake_clean_first' from command line to 'False'
[0.202s] Level 5:colcon.colcon_core.verb:set package 'usr_srvs' build argument 'cmake_force_configure' from command line to 'False'
[0.202s] Level 5:colcon.colcon_core.verb:set package 'usr_srvs' build argument 'ament_cmake_args' from command line to 'None'
[0.202s] Level 5:colcon.colcon_core.verb:set package 'usr_srvs' build argument 'catkin_cmake_args' from command line to 'None'
[0.202s] Level 5:colcon.colcon_core.verb:set package 'usr_srvs' build argument 'catkin_skip_building_tests' from command line to 'False'
[0.202s] DEBUG:colcon.colcon_core.verb:Building package 'usr_srvs' with the following arguments: {'ament_cmake_args': None, 'build_base': '/workspace/planner/ros2/build/usr_srvs', 'catkin_cmake_args': None, 'catkin_skip_building_tests': False, 'cmake_args': None, 'cmake_clean_cache': False, 'cmake_clean_first': False, 'cmake_force_configure': False, 'cmake_target': None, 'cmake_target_skip_unavailable': False, 'install_base': '/workspace/planner/ros2/install/usr_srvs', 'merge_install': False, 'path': '/workspace/planner/ros2/src/usr_srvs', 'symlink_install': True, 'test_result_base': None}
[0.205s] INFO:colcon.colcon_core.executor:Executing jobs using 'parallel' executor
[0.207s] DEBUG:colcon.colcon_parallel_executor.executor.parallel:run_until_complete
[0.208s] INFO:colcon.colcon_ros.task.ament_cmake.build:Building ROS package in '/workspace/planner/ros2/src/usr_msgs' with build type 'ament_cmake'
[0.208s] INFO:colcon.colcon_cmake.task.cmake.build:Building CMake package in '/workspace/planner/ros2/src/usr_msgs'
[0.213s] INFO:colcon.colcon_core.plugin_system:Skipping extension 'colcon_core.shell.bat': Not used on non-Windows systems
[0.213s] INFO:colcon.colcon_core.shell:Skip shell extension 'powershell' for command environment: Not usable outside of PowerShell
[0.213s] DEBUG:colcon.colcon_core.shell:Skip shell extension 'dsv' for command environment
[0.219s] INFO:colcon.colcon_ros.task.ament_cmake.build:Building ROS package in '/workspace/planner/ros2/src/utils' with build type 'ament_cmake'
[0.220s] INFO:colcon.colcon_cmake.task.cmake.build:Building CMake package in '/workspace/planner/ros2/src/utils'
[0.220s] INFO:colcon.colcon_core.shell:Skip shell extension 'powershell' for command environment: Not usable outside of PowerShell
[0.221s] DEBUG:colcon.colcon_core.shell:Skip shell extension 'dsv' for command environment
[0.232s] INFO:colcon.colcon_ros.task.ament_python.build:Building ROS package in '/workspace/planner/ros2/src/graphics' with build type 'ament_python'
[0.232s] Level 1:colcon.colcon_core.shell:create_environment_hook('graphics', 'ament_prefix_path')
[0.233s] INFO:colcon.colcon_core.shell:Creating environment hook '/workspace/planner/ros2/install/graphics/share/graphics/hook/ament_prefix_path.ps1'
[0.234s] INFO:colcon.colcon_core.shell:Creating environment descriptor '/workspace/planner/ros2/install/graphics/share/graphics/hook/ament_prefix_path.dsv'
[0.236s] INFO:colcon.colcon_core.shell:Creating environment hook '/workspace/planner/ros2/install/graphics/share/graphics/hook/ament_prefix_path.sh'
[0.240s] INFO:colcon.colcon_core.shell:Skip shell extension 'powershell' for command environment: Not usable outside of PowerShell
[0.241s] DEBUG:colcon.colcon_core.shell:Skip shell extension 'dsv' for command environment
[0.249s] INFO:colcon.colcon_ros.task.ament_python.build:Building ROS package in '/workspace/planner/ros2/src/kiwibot' with build type 'ament_python'
[0.249s] Level 1:colcon.colcon_core.shell:create_environment_hook('kiwibot', 'ament_prefix_path')
[0.251s] INFO:colcon.colcon_core.shell:Creating environment hook '/workspace/planner/ros2/install/kiwibot/share/kiwibot/hook/ament_prefix_path.ps1'
[0.252s] INFO:colcon.colcon_core.shell:Creating environment descriptor '/workspace/planner/ros2/install/kiwibot/share/kiwibot/hook/ament_prefix_path.dsv'
[0.252s] INFO:colcon.colcon_core.shell:Creating environment hook '/workspace/planner/ros2/install/kiwibot/share/kiwibot/hook/ament_prefix_path.sh'
[0.253s] INFO:colcon.colcon_core.shell:Skip shell extension 'powershell' for command environment: Not usable outside of PowerShell
[0.253s] DEBUG:colcon.colcon_core.shell:Skip shell extension 'dsv' for command environment
[0.260s] INFO:colcon.colcon_ros.task.ament_python.build:Building ROS package in '/workspace/planner/ros2/src/path_planner' with build type 'ament_python'
[0.260s] Level 1:colcon.colcon_core.shell:create_environment_hook('path_planner', 'ament_prefix_path')
[0.261s] INFO:colcon.colcon_core.shell:Creating environment hook '/workspace/planner/ros2/install/path_planner/share/path_planner/hook/ament_prefix_path.ps1'
[0.263s] INFO:colcon.colcon_core.shell:Creating environment descriptor '/workspace/planner/ros2/install/path_planner/share/path_planner/hook/ament_prefix_path.dsv'
[0.264s] INFO:colcon.colcon_core.shell:Creating environment hook '/workspace/planner/ros2/install/path_planner/share/path_planner/hook/ament_prefix_path.sh'
[0.266s] INFO:colcon.colcon_core.shell:Skip shell extension 'powershell' for command environment: Not usable outside of PowerShell
[0.266s] DEBUG:colcon.colcon_core.shell:Skip shell extension 'dsv' for command environment
[0.285s] DEBUG:colcon.colcon_core.event_handler.log_command:Invoking command in '/workspace/planner/ros2/build/usr_msgs': CMAKE_PREFIX_PATH=/opt/ros/galactic /usr/local/bin/cmake --build /workspace/planner/ros2/build/usr_msgs -- -j12 -l12
[0.293s] DEBUG:colcon.colcon_core.event_handler.log_command:Invoking command in '/workspace/planner/ros2/build/utils': CMAKE_PREFIX_PATH=/opt/ros/galactic /usr/local/bin/cmake --build /workspace/planner/ros2/build/utils -- -j12 -l12
[0.506s] INFO:colcon.colcon_core.task.python.build:Building Python package in '/workspace/planner/ros2/src/graphics'
[0.507s] INFO:colcon.colcon_core.shell:Skip shell extension 'powershell' for command environment: Not usable outside of PowerShell
[0.507s] DEBUG:colcon.colcon_core.shell:Skip shell extension 'dsv' for command environment
[0.720s] INFO:colcon.colcon_core.task.python.build:Building Python package in '/workspace/planner/ros2/src/kiwibot'
[0.721s] INFO:colcon.colcon_core.shell:Skip shell extension 'powershell' for command environment: Not usable outside of PowerShell
[0.722s] DEBUG:colcon.colcon_core.shell:Skip shell extension 'dsv' for command environment
[0.938s] INFO:colcon.colcon_core.task.python.build:Building Python package in '/workspace/planner/ros2/src/path_planner'
[0.939s] INFO:colcon.colcon_core.shell:Skip shell extension 'powershell' for command environment: Not usable outside of PowerShell
[0.939s] DEBUG:colcon.colcon_core.shell:Skip shell extension 'dsv' for command environment
[0.946s] DEBUG:colcon.colcon_core.event_handler.log_command:Invoked command in '/workspace/planner/ros2/build/usr_msgs' returned '0': CMAKE_PREFIX_PATH=/opt/ros/galactic /usr/local/bin/cmake --build /workspace/planner/ros2/build/usr_msgs -- -j12 -l12
[0.952s] DEBUG:colcon.colcon_core.event_handler.log_command:Invoked command in '/workspace/planner/ros2/build/utils' returned '0': CMAKE_PREFIX_PATH=/opt/ros/galactic /usr/local/bin/cmake --build /workspace/planner/ros2/build/utils -- -j12 -l12
[0.988s] DEBUG:colcon.colcon_core.event_handler.log_command:Invoking command in '/workspace/planner/ros2/build/utils': CMAKE_PREFIX_PATH=/opt/ros/galactic /usr/local/bin/cmake --install /workspace/planner/ros2/build/utils
[1.018s] Level 1:colcon.colcon_core.environment:create_environment_scripts_only(utils)
[1.020s] DEBUG:colcon.colcon_core.event_handler.log_command:Invoked command in '/workspace/planner/ros2/build/utils' returned '0': CMAKE_PREFIX_PATH=/opt/ros/galactic /usr/local/bin/cmake --install /workspace/planner/ros2/build/utils
[1.023s] Level 1:colcon.colcon_core.environment:checking '/workspace/planner/ros2/install/utils' for CMake module files
[1.024s] Level 1:colcon.colcon_core.environment:checking '/workspace/planner/ros2/install/utils' for CMake config files
[1.024s] Level 1:colcon.colcon_core.shell:create_environment_hook('utils', 'cmake_prefix_path')
[1.025s] INFO:colcon.colcon_core.shell:Creating environment hook '/workspace/planner/ros2/install/utils/share/utils/hook/cmake_prefix_path.ps1'
[1.025s] INFO:colcon.colcon_core.shell:Creating environment descriptor '/workspace/planner/ros2/install/utils/share/utils/hook/cmake_prefix_path.dsv'
[1.026s] INFO:colcon.colcon_core.shell:Creating environment hook '/workspace/planner/ros2/install/utils/share/utils/hook/cmake_prefix_path.sh'
[1.026s] Level 1:colcon.colcon_core.environment:checking '/workspace/planner/ros2/install/utils/lib'
[1.027s] Level 1:colcon.colcon_core.environment:checking '/workspace/planner/ros2/install/utils/bin'
[1.027s] Level 1:colcon.colcon_core.environment:checking '/workspace/planner/ros2/install/utils/lib/pkgconfig/utils.pc'
[1.027s] Level 1:colcon.colcon_core.environment:checking '/workspace/planner/ros2/install/utils/lib/python3.8/site-packages'
[1.028s] INFO:colcon.colcon_core.shell:Creating package script '/workspace/planner/ros2/install/utils/share/utils/package.ps1'
[1.029s] INFO:colcon.colcon_core.shell:Creating package descriptor '/workspace/planner/ros2/install/utils/share/utils/package.dsv'
[1.029s] INFO:colcon.colcon_core.shell:Creating package script '/workspace/planner/ros2/install/utils/share/utils/package.sh'
[1.030s] INFO:colcon.colcon_core.shell:Creating package script '/workspace/planner/ros2/install/utils/share/utils/package.bash'
[1.031s] INFO:colcon.colcon_core.shell:Creating package script '/workspace/planner/ros2/install/utils/share/utils/package.zsh'
[1.032s] Level 1:colcon.colcon_core.environment:create_file_with_runtime_dependencies(/workspace/planner/ros2/install/utils/share/colcon-core/packages/utils)
[1.038s] DEBUG:colcon.colcon_core.event_handler.log_command:Invoking command in '/workspace/planner/ros2/build/usr_msgs': CMAKE_PREFIX_PATH=/opt/ros/galactic /usr/local/bin/cmake --install /workspace/planner/ros2/build/usr_msgs
[1.057s] Level 1:colcon.colcon_core.environment:create_environment_scripts_only(utils)
[1.057s] Level 1:colcon.colcon_core.environment:checking '/workspace/planner/ros2/install/utils' for CMake module files
[1.060s] Level 1:colcon.colcon_core.environment:checking '/workspace/planner/ros2/install/utils' for CMake config files
[1.061s] Level 1:colcon.colcon_core.shell:create_environment_hook('utils', 'cmake_prefix_path')
[1.061s] INFO:colcon.colcon_core.shell:Creating environment hook '/workspace/planner/ros2/install/utils/share/utils/hook/cmake_prefix_path.ps1'
[1.062s] INFO:colcon.colcon_core.shell:Creating environment descriptor '/workspace/planner/ros2/install/utils/share/utils/hook/cmake_prefix_path.dsv'
[1.063s] INFO:colcon.colcon_core.shell:Creating environment hook '/workspace/planner/ros2/install/utils/share/utils/hook/cmake_prefix_path.sh'
[1.064s] Level 1:colcon.colcon_core.environment:checking '/workspace/planner/ros2/install/utils/lib'
[1.064s] Level 1:colcon.colcon_core.environment:checking '/workspace/planner/ros2/install/utils/bin'
[1.064s] Level 1:colcon.colcon_core.environment:checking '/workspace/planner/ros2/install/utils/lib/pkgconfig/utils.pc'
[1.064s] Level 1:colcon.colcon_core.environment:checking '/workspace/planner/ros2/install/utils/lib/python3.8/site-packages'
[1.065s] INFO:colcon.colcon_core.shell:Creating package script '/workspace/planner/ros2/install/utils/share/utils/package.ps1'
[1.066s] INFO:colcon.colcon_core.shell:Creating package descriptor '/workspace/planner/ros2/install/utils/share/utils/package.dsv'
[1.066s] INFO:colcon.colcon_core.shell:Creating package script '/workspace/planner/ros2/install/utils/share/utils/package.sh'
[1.068s] INFO:colcon.colcon_core.shell:Creating package script '/workspace/planner/ros2/install/utils/share/utils/package.bash'
[1.068s] INFO:colcon.colcon_core.shell:Creating package script '/workspace/planner/ros2/install/utils/share/utils/package.zsh'
[1.069s] Level 1:colcon.colcon_core.environment:create_file_with_runtime_dependencies(/workspace/planner/ros2/install/utils/share/colcon-core/packages/utils)
[1.069s] INFO:colcon.colcon_ros.task.ament_cmake.build:Building ROS package in '/workspace/planner/ros2/src/interfaces' with build type 'ament_cmake'
[1.069s] INFO:colcon.colcon_cmake.task.cmake.build:Building CMake package in '/workspace/planner/ros2/src/interfaces'
[1.070s] INFO:colcon.colcon_core.shell:Skip shell extension 'powershell' for command environment: Not usable outside of PowerShell
[1.070s] DEBUG:colcon.colcon_core.shell:Skip shell extension 'dsv' for command environment
[1.091s] DEBUG:colcon.colcon_core.event_handler.log_command:Invoking command in '/workspace/planner/ros2/build/interfaces': AMENT_PREFIX_PATH=/workspace/planner/ros2/install/utils:${AMENT_PREFIX_PATH} CMAKE_PREFIX_PATH=/workspace/planner/ros2/install/utils:/opt/ros/galactic LD_LIBRARY_PATH=/workspace/planner/ros2/install/utils/lib:${LD_LIBRARY_PATH} /usr/local/bin/cmake --build /workspace/planner/ros2/build/interfaces -- -j12 -l12
[1.152s] DEBUG:colcon.colcon_core.event_handler.log_command:Invoked command in '/workspace/planner/ros2/build/interfaces' returned '0': AMENT_PREFIX_PATH=/workspace/planner/ros2/install/utils:${AMENT_PREFIX_PATH} CMAKE_PREFIX_PATH=/workspace/planner/ros2/install/utils:/opt/ros/galactic LD_LIBRARY_PATH=/workspace/planner/ros2/install/utils/lib:${LD_LIBRARY_PATH} /usr/local/bin/cmake --build /workspace/planner/ros2/build/interfaces -- -j12 -l12
[1.180s] DEBUG:colcon.colcon_core.event_handler.log_command:Invoking command in '/workspace/planner/ros2/build/interfaces': AMENT_PREFIX_PATH=/workspace/planner/ros2/install/utils:${AMENT_PREFIX_PATH} CMAKE_PREFIX_PATH=/workspace/planner/ros2/install/utils:/opt/ros/galactic LD_LIBRARY_PATH=/workspace/planner/ros2/install/utils/lib:${LD_LIBRARY_PATH} /usr/local/bin/cmake --install /workspace/planner/ros2/build/interfaces
[1.181s] Level 1:colcon.colcon_core.environment:create_environment_scripts_only(usr_msgs)
[1.184s] Level 1:colcon.colcon_core.environment:checking '/workspace/planner/ros2/install/usr_msgs' for CMake module files
[1.185s] DEBUG:colcon.colcon_core.event_handler.log_command:Invoked command in '/workspace/planner/ros2/build/usr_msgs' returned '0': CMAKE_PREFIX_PATH=/opt/ros/galactic /usr/local/bin/cmake --install /workspace/planner/ros2/build/usr_msgs
[1.186s] Level 1:colcon.colcon_core.environment:checking '/workspace/planner/ros2/install/usr_msgs' for CMake config files
[1.188s] Level 1:colcon.colcon_core.shell:create_environment_hook('usr_msgs', 'cmake_prefix_path')
[1.189s] INFO:colcon.colcon_core.shell:Creating environment hook '/workspace/planner/ros2/install/usr_msgs/share/usr_msgs/hook/cmake_prefix_path.ps1'
[1.190s] INFO:colcon.colcon_core.shell:Creating environment descriptor '/workspace/planner/ros2/install/usr_msgs/share/usr_msgs/hook/cmake_prefix_path.dsv'
[1.190s] INFO:colcon.colcon_core.shell:Creating environment hook '/workspace/planner/ros2/install/usr_msgs/share/usr_msgs/hook/cmake_prefix_path.sh'
[1.191s] Level 1:colcon.colcon_core.environment:checking '/workspace/planner/ros2/install/usr_msgs/lib'
[1.192s] Level 1:colcon.colcon_core.shell:create_environment_hook('usr_msgs', 'ld_library_path_lib')
[1.192s] INFO:colcon.colcon_core.shell:Creating environment hook '/workspace/planner/ros2/install/usr_msgs/share/usr_msgs/hook/ld_library_path_lib.ps1'
[1.193s] INFO:colcon.colcon_core.shell:Creating environment descriptor '/workspace/planner/ros2/install/usr_msgs/share/usr_msgs/hook/ld_library_path_lib.dsv'
[1.193s] INFO:colcon.colcon_core.shell:Creating environment hook '/workspace/planner/ros2/install/usr_msgs/share/usr_msgs/hook/ld_library_path_lib.sh'
[1.194s] Level 1:colcon.colcon_core.environment:checking '/workspace/planner/ros2/install/usr_msgs/bin'
[1.194s] Level 1:colcon.colcon_core.environment:checking '/workspace/planner/ros2/install/usr_msgs/lib/pkgconfig/usr_msgs.pc'
[1.194s] Level 1:colcon.colcon_core.environment:checking '/workspace/planner/ros2/install/usr_msgs/lib/python3.8/site-packages'
[1.195s] Level 1:colcon.colcon_core.shell:create_environment_hook('usr_msgs', 'pythonpath')
[1.195s] INFO:colcon.colcon_core.shell:Creating environment hook '/workspace/planner/ros2/install/usr_msgs/share/usr_msgs/hook/pythonpath.ps1'
[1.198s] INFO:colcon.colcon_core.shell:Creating environment descriptor '/workspace/planner/ros2/install/usr_msgs/share/usr_msgs/hook/pythonpath.dsv'
[1.199s] INFO:colcon.colcon_core.shell:Creating environment hook '/workspace/planner/ros2/install/usr_msgs/share/usr_msgs/hook/pythonpath.sh'
[1.201s] INFO:colcon.colcon_core.shell:Creating package script '/workspace/planner/ros2/install/usr_msgs/share/usr_msgs/package.ps1'
[1.202s] INFO:colcon.colcon_core.shell:Creating package descriptor '/workspace/planner/ros2/install/usr_msgs/share/usr_msgs/package.dsv'
[1.203s] INFO:colcon.colcon_core.shell:Creating package script '/workspace/planner/ros2/install/usr_msgs/share/usr_msgs/package.sh'
[1.204s] INFO:colcon.colcon_core.shell:Creating package script '/workspace/planner/ros2/install/usr_msgs/share/usr_msgs/package.bash'
[1.205s] INFO:colcon.colcon_core.shell:Creating package script '/workspace/planner/ros2/install/usr_msgs/share/usr_msgs/package.zsh'
[1.206s] Level 1:colcon.colcon_core.environment:create_file_with_runtime_dependencies(/workspace/planner/ros2/install/usr_msgs/share/colcon-core/packages/usr_msgs)
[1.213s] Level 1:colcon.colcon_core.environment:create_environment_scripts_only(interfaces)
[1.215s] Level 1:colcon.colcon_core.environment:checking '/workspace/planner/ros2/install/interfaces' for CMake module files
[1.216s] DEBUG:colcon.colcon_core.event_handler.log_command:Invoked command in '/workspace/planner/ros2/build/interfaces' returned '0': AMENT_PREFIX_PATH=/workspace/planner/ros2/install/utils:${AMENT_PREFIX_PATH} CMAKE_PREFIX_PATH=/workspace/planner/ros2/install/utils:/opt/ros/galactic LD_LIBRARY_PATH=/workspace/planner/ros2/install/utils/lib:${LD_LIBRARY_PATH} /usr/local/bin/cmake --install /workspace/planner/ros2/build/interfaces
[1.216s] Level 1:colcon.colcon_core.environment:checking '/workspace/planner/ros2/install/interfaces' for CMake config files
[1.217s] Level 1:colcon.colcon_core.shell:create_environment_hook('interfaces', 'cmake_prefix_path')
[1.217s] INFO:colcon.colcon_core.shell:Creating environment hook '/workspace/planner/ros2/install/interfaces/share/interfaces/hook/cmake_prefix_path.ps1'
[1.218s] INFO:colcon.colcon_core.shell:Creating environment descriptor '/workspace/planner/ros2/install/interfaces/share/interfaces/hook/cmake_prefix_path.dsv'
[1.218s] INFO:colcon.colcon_core.shell:Creating environment hook '/workspace/planner/ros2/install/interfaces/share/interfaces/hook/cmake_prefix_path.sh'
[1.219s] Level 1:colcon.colcon_core.environment:checking '/workspace/planner/ros2/install/interfaces/lib'
[1.219s] Level 1:colcon.colcon_core.environment:checking '/workspace/planner/ros2/install/interfaces/bin'
[1.219s] Level 1:colcon.colcon_core.environment:checking '/workspace/planner/ros2/install/interfaces/lib/pkgconfig/interfaces.pc'
[1.219s] Level 1:colcon.colcon_core.environment:checking '/workspace/planner/ros2/install/interfaces/lib/python3.8/site-packages'
[1.220s] INFO:colcon.colcon_core.shell:Creating package script '/workspace/planner/ros2/install/interfaces/share/interfaces/package.ps1'
[1.220s] INFO:colcon.colcon_core.shell:Creating package descriptor '/workspace/planner/ros2/install/interfaces/share/interfaces/package.dsv'
[1.221s] INFO:colcon.colcon_core.shell:Creating package script '/workspace/planner/ros2/install/interfaces/share/interfaces/package.sh'
[1.221s] INFO:colcon.colcon_core.shell:Creating package script '/workspace/planner/ros2/install/interfaces/share/interfaces/package.bash'
[1.221s] INFO:colcon.colcon_core.shell:Creating package script '/workspace/planner/ros2/install/interfaces/share/interfaces/package.zsh'
[1.221s] Level 1:colcon.colcon_core.environment:create_file_with_runtime_dependencies(/workspace/planner/ros2/install/interfaces/share/colcon-core/packages/interfaces)
[1.243s] Level 1:colcon.colcon_core.environment:create_environment_scripts_only(interfaces)
[1.244s] Level 1:colcon.colcon_core.environment:checking '/workspace/planner/ros2/install/interfaces' for CMake module files
[1.245s] Level 1:colcon.colcon_core.environment:checking '/workspace/planner/ros2/install/interfaces' for CMake config files
[1.245s] Level 1:colcon.colcon_core.shell:create_environment_hook('interfaces', 'cmake_prefix_path')
[1.246s] INFO:colcon.colcon_core.shell:Creating environment hook '/workspace/planner/ros2/install/interfaces/share/interfaces/hook/cmake_prefix_path.ps1'
[1.248s] INFO:colcon.colcon_core.shell:Creating environment descriptor '/workspace/planner/ros2/install/interfaces/share/interfaces/hook/cmake_prefix_path.dsv'
[1.249s] INFO:colcon.colcon_core.shell:Creating environment hook '/workspace/planner/ros2/install/interfaces/share/interfaces/hook/cmake_prefix_path.sh'
[1.249s] Level 1:colcon.colcon_core.environment:checking '/workspace/planner/ros2/install/interfaces/lib'
[1.249s] Level 1:colcon.colcon_core.environment:checking '/workspace/planner/ros2/install/interfaces/bin'
[1.249s] Level 1:colcon.colcon_core.environment:checking '/workspace/planner/ros2/install/interfaces/lib/pkgconfig/interfaces.pc'
[1.249s] Level 1:colcon.colcon_core.environment:checking '/workspace/planner/ros2/install/interfaces/lib/python3.8/site-packages'
[1.250s] INFO:colcon.colcon_core.shell:Creating package script '/workspace/planner/ros2/install/interfaces/share/interfaces/package.ps1'
[1.250s] INFO:colcon.colcon_core.shell:Creating package descriptor '/workspace/planner/ros2/install/interfaces/share/interfaces/package.dsv'
[1.252s] INFO:colcon.colcon_core.shell:Creating package script '/workspace/planner/ros2/install/interfaces/share/interfaces/package.sh'
[1.252s] INFO:colcon.colcon_core.shell:Creating package script '/workspace/planner/ros2/install/interfaces/share/interfaces/package.bash'
[1.253s] INFO:colcon.colcon_core.shell:Creating package script '/workspace/planner/ros2/install/interfaces/share/interfaces/package.zsh'
[1.253s] Level 1:colcon.colcon_core.environment:create_file_with_runtime_dependencies(/workspace/planner/ros2/install/interfaces/share/colcon-core/packages/interfaces)
[1.289s] Level 1:colcon.colcon_core.environment:create_environment_scripts_only(usr_msgs)
[1.290s] Level 1:colcon.colcon_core.environment:checking '/workspace/planner/ros2/install/usr_msgs' for CMake module files
[1.292s] Level 1:colcon.colcon_core.environment:checking '/workspace/planner/ros2/install/usr_msgs' for CMake config files
[1.293s] Level 1:colcon.colcon_core.shell:create_environment_hook('usr_msgs', 'cmake_prefix_path')
[1.293s] INFO:colcon.colcon_core.shell:Creating environment hook '/workspace/planner/ros2/install/usr_msgs/share/usr_msgs/hook/cmake_prefix_path.ps1'
[1.294s] INFO:colcon.colcon_core.shell:Creating environment descriptor '/workspace/planner/ros2/install/usr_msgs/share/usr_msgs/hook/cmake_prefix_path.dsv'
[1.295s] INFO:colcon.colcon_core.shell:Creating environment hook '/workspace/planner/ros2/install/usr_msgs/share/usr_msgs/hook/cmake_prefix_path.sh'
[1.297s] Level 1:colcon.colcon_core.environment:checking '/workspace/planner/ros2/install/usr_msgs/lib'
[1.297s] Level 1:colcon.colcon_core.shell:create_environment_hook('usr_msgs', 'ld_library_path_lib')
[1.298s] INFO:colcon.colcon_core.shell:Creating environment hook '/workspace/planner/ros2/install/usr_msgs/share/usr_msgs/hook/ld_library_path_lib.ps1'
[1.298s] INFO:colcon.colcon_core.shell:Creating environment descriptor '/workspace/planner/ros2/install/usr_msgs/share/usr_msgs/hook/ld_library_path_lib.dsv'
[1.299s] INFO:colcon.colcon_core.shell:Creating environment hook '/workspace/planner/ros2/install/usr_msgs/share/usr_msgs/hook/ld_library_path_lib.sh'
[1.300s] Level 1:colcon.colcon_core.environment:checking '/workspace/planner/ros2/install/usr_msgs/bin'
[1.300s] Level 1:colcon.colcon_core.environment:checking '/workspace/planner/ros2/install/usr_msgs/lib/pkgconfig/usr_msgs.pc'
[1.300s] Level 1:colcon.colcon_core.environment:checking '/workspace/planner/ros2/install/usr_msgs/lib/python3.8/site-packages'
[1.300s] Level 1:colcon.colcon_core.shell:create_environment_hook('usr_msgs', 'pythonpath')
[1.301s] INFO:colcon.colcon_core.shell:Creating environment hook '/workspace/planner/ros2/install/usr_msgs/share/usr_msgs/hook/pythonpath.ps1'
[1.302s] INFO:colcon.colcon_core.shell:Creating environment descriptor '/workspace/planner/ros2/install/usr_msgs/share/usr_msgs/hook/pythonpath.dsv'
[1.302s] INFO:colcon.colcon_core.shell:Creating environment hook '/workspace/planner/ros2/install/usr_msgs/share/usr_msgs/hook/pythonpath.sh'
[1.304s] INFO:colcon.colcon_core.shell:Creating package script '/workspace/planner/ros2/install/usr_msgs/share/usr_msgs/package.ps1'
[1.305s] INFO:colcon.colcon_core.shell:Creating package descriptor '/workspace/planner/ros2/install/usr_msgs/share/usr_msgs/package.dsv'
[1.305s] INFO:colcon.colcon_core.shell:Creating package script '/workspace/planner/ros2/install/usr_msgs/share/usr_msgs/package.sh'
[1.306s] INFO:colcon.colcon_core.shell:Creating package script '/workspace/planner/ros2/install/usr_msgs/share/usr_msgs/package.bash'
[1.308s] INFO:colcon.colcon_core.shell:Creating package script '/workspace/planner/ros2/install/usr_msgs/share/usr_msgs/package.zsh'
[1.309s] Level 1:colcon.colcon_core.environment:create_file_with_runtime_dependencies(/workspace/planner/ros2/install/usr_msgs/share/colcon-core/packages/usr_msgs)
[1.309s] INFO:colcon.colcon_ros.task.ament_cmake.build:Building ROS package in '/workspace/planner/ros2/src/usr_srvs' with build type 'ament_cmake'
[1.310s] INFO:colcon.colcon_cmake.task.cmake.build:Building CMake package in '/workspace/planner/ros2/src/usr_srvs'
[1.311s] INFO:colcon.colcon_core.shell:Skip shell extension 'powershell' for command environment: Not usable outside of PowerShell
[1.311s] DEBUG:colcon.colcon_core.shell:Skip shell extension 'dsv' for command environment
[1.335s] DEBUG:colcon.colcon_core.event_handler.log_command:Invoking command in '/workspace/planner/ros2/build/usr_srvs': AMENT_PREFIX_PATH=/workspace/planner/ros2/install/usr_msgs:${AMENT_PREFIX_PATH} CMAKE_PREFIX_PATH=/workspace/planner/ros2/install/usr_msgs:/opt/ros/galactic LD_LIBRARY_PATH=/workspace/planner/ros2/install/usr_msgs/lib:${LD_LIBRARY_PATH} PYTHONPATH=/workspace/planner/ros2/install/usr_msgs/lib/python3.8/site-packages:${PYTHONPATH} /usr/local/bin/cmake --build /workspace/planner/ros2/build/usr_srvs -- -j12 -l12
[1.412s] DEBUG:colcon.colcon_core.event_handler.log_command:Invoking command in '/workspace/planner/ros2/build/kiwibot': PYTHONPATH=/workspace/planner/ros2/install/kiwibot/lib/python3.8/site-packages:${PYTHONPATH} /usr/bin/python3 setup.py develop --prefix /workspace/planner/ros2/install/kiwibot --editable --build-directory /workspace/planner/ros2/build/kiwibot/build --no-deps install_data --install-dir /workspace/planner/ros2/install/kiwibot
[1.430s] DEBUG:colcon.colcon_core.event_handler.log_command:Invoking command in '/workspace/planner/ros2/build/path_planner': PYTHONPATH=/workspace/planner/ros2/install/path_planner/lib/python3.8/site-packages:${PYTHONPATH} /usr/bin/python3 setup.py develop --prefix /workspace/planner/ros2/install/path_planner --editable --build-directory /workspace/planner/ros2/build/path_planner/build --no-deps install_data --install-dir /workspace/planner/ros2/install/path_planner
[1.438s] DEBUG:colcon.colcon_core.event_handler.log_command:Invoking command in '/workspace/planner/ros2/build/graphics': PYTHONPATH=/workspace/planner/ros2/install/graphics/lib/python3.8/site-packages:${PYTHONPATH} /usr/bin/python3 setup.py develop --prefix /workspace/planner/ros2/install/graphics --editable --build-directory /workspace/planner/ros2/build/graphics/build --no-deps install_data --install-dir /workspace/planner/ros2/install/graphics
[1.501s] DEBUG:colcon.colcon_core.event_handler.log_command:Invoked command in '/workspace/planner/ros2/build/usr_srvs' returned '0': AMENT_PREFIX_PATH=/workspace/planner/ros2/install/usr_msgs:${AMENT_PREFIX_PATH} CMAKE_PREFIX_PATH=/workspace/planner/ros2/install/usr_msgs:/opt/ros/galactic LD_LIBRARY_PATH=/workspace/planner/ros2/install/usr_msgs/lib:${LD_LIBRARY_PATH} PYTHONPATH=/workspace/planner/ros2/install/usr_msgs/lib/python3.8/site-packages:${PYTHONPATH} /usr/local/bin/cmake --build /workspace/planner/ros2/build/usr_srvs -- -j12 -l12
[1.556s] DEBUG:colcon.colcon_core.event_handler.log_command:Invoking command in '/workspace/planner/ros2/build/usr_srvs': AMENT_PREFIX_PATH=/workspace/planner/ros2/install/usr_msgs:${AMENT_PREFIX_PATH} CMAKE_PREFIX_PATH=/workspace/planner/ros2/install/usr_msgs:/opt/ros/galactic LD_LIBRARY_PATH=/workspace/planner/ros2/install/usr_msgs/lib:${LD_LIBRARY_PATH} PYTHONPATH=/workspace/planner/ros2/install/usr_msgs/lib/python3.8/site-packages:${PYTHONPATH} /usr/local/bin/cmake --install /workspace/planner/ros2/build/usr_srvs
[1.670s] Level 1:colcon.colcon_core.environment:create_environment_scripts_only(usr_srvs)
[1.671s] Level 1:colcon.colcon_core.environment:checking '/workspace/planner/ros2/install/usr_srvs' for CMake module files
[1.673s] DEBUG:colcon.colcon_core.event_handler.log_command:Invoked command in '/workspace/planner/ros2/build/usr_srvs' returned '0': AMENT_PREFIX_PATH=/workspace/planner/ros2/install/usr_msgs:${AMENT_PREFIX_PATH} CMAKE_PREFIX_PATH=/workspace/planner/ros2/install/usr_msgs:/opt/ros/galactic LD_LIBRARY_PATH=/workspace/planner/ros2/install/usr_msgs/lib:${LD_LIBRARY_PATH} PYTHONPATH=/workspace/planner/ros2/install/usr_msgs/lib/python3.8/site-packages:${PYTHONPATH} /usr/local/bin/cmake --install /workspace/planner/ros2/build/usr_srvs
[1.673s] Level 1:colcon.colcon_core.environment:checking '/workspace/planner/ros2/install/usr_srvs' for CMake config files
[1.674s] Level 1:colcon.colcon_core.shell:create_environment_hook('usr_srvs', 'cmake_prefix_path')
[1.675s] INFO:colcon.colcon_core.shell:Creating environment hook '/workspace/planner/ros2/install/usr_srvs/share/usr_srvs/hook/cmake_prefix_path.ps1'
[1.676s] INFO:colcon.colcon_core.shell:Creating environment descriptor '/workspace/planner/ros2/install/usr_srvs/share/usr_srvs/hook/cmake_prefix_path.dsv'
[1.677s] INFO:colcon.colcon_core.shell:Creating environment hook '/workspace/planner/ros2/install/usr_srvs/share/usr_srvs/hook/cmake_prefix_path.sh'
[1.678s] Level 1:colcon.colcon_core.environment:checking '/workspace/planner/ros2/install/usr_srvs/lib'
[1.678s] Level 1:colcon.colcon_core.shell:create_environment_hook('usr_srvs', 'ld_library_path_lib')
[1.679s] INFO:colcon.colcon_core.shell:Creating environment hook '/workspace/planner/ros2/install/usr_srvs/share/usr_srvs/hook/ld_library_path_lib.ps1'
[1.679s] INFO:colcon.colcon_core.shell:Creating environment descriptor '/workspace/planner/ros2/install/usr_srvs/share/usr_srvs/hook/ld_library_path_lib.dsv'
[1.680s] INFO:colcon.colcon_core.shell:Creating environment hook '/workspace/planner/ros2/install/usr_srvs/share/usr_srvs/hook/ld_library_path_lib.sh'
[1.680s] Level 1:colcon.colcon_core.environment:checking '/workspace/planner/ros2/install/usr_srvs/bin'
[1.681s] Level 1:colcon.colcon_core.environment:checking '/workspace/planner/ros2/install/usr_srvs/lib/pkgconfig/usr_srvs.pc'
[1.681s] Level 1:colcon.colcon_core.environment:checking '/workspace/planner/ros2/install/usr_srvs/lib/python3.8/site-packages'
[1.681s] Level 1:colcon.colcon_core.shell:create_environment_hook('usr_srvs', 'pythonpath')
[1.681s] INFO:colcon.colcon_core.shell:Creating environment hook '/workspace/planner/ros2/install/usr_srvs/share/usr_srvs/hook/pythonpath.ps1'
[1.682s] INFO:colcon.colcon_core.shell:Creating environment descriptor '/workspace/planner/ros2/install/usr_srvs/share/usr_srvs/hook/pythonpath.dsv'
[1.682s] INFO:colcon.colcon_core.shell:Creating environment hook '/workspace/planner/ros2/install/usr_srvs/share/usr_srvs/hook/pythonpath.sh'
[1.683s] INFO:colcon.colcon_core.shell:Creating package script '/workspace/planner/ros2/install/usr_srvs/share/usr_srvs/package.ps1'
[1.684s] INFO:colcon.colcon_core.shell:Creating package descriptor '/workspace/planner/ros2/install/usr_srvs/share/usr_srvs/package.dsv'
[1.684s] INFO:colcon.colcon_core.shell:Creating package script '/workspace/planner/ros2/install/usr_srvs/share/usr_srvs/package.sh'
[1.684s] INFO:colcon.colcon_core.shell:Creating package script '/workspace/planner/ros2/install/usr_srvs/share/usr_srvs/package.bash'
[1.685s] INFO:colcon.colcon_core.shell:Creating package script '/workspace/planner/ros2/install/usr_srvs/share/usr_srvs/package.zsh'
[1.685s] Level 1:colcon.colcon_core.environment:create_file_with_runtime_dependencies(/workspace/planner/ros2/install/usr_srvs/share/colcon-core/packages/usr_srvs)
[1.738s] Level 1:colcon.colcon_core.environment:create_environment_scripts_only(usr_srvs)
[1.740s] Level 1:colcon.colcon_core.environment:checking '/workspace/planner/ros2/install/usr_srvs' for CMake module files
[1.741s] Level 1:colcon.colcon_core.environment:checking '/workspace/planner/ros2/install/usr_srvs' for CMake config files
[1.742s] Level 1:colcon.colcon_core.shell:create_environment_hook('usr_srvs', 'cmake_prefix_path')
[1.742s] INFO:colcon.colcon_core.shell:Creating environment hook '/workspace/planner/ros2/install/usr_srvs/share/usr_srvs/hook/cmake_prefix_path.ps1'
[1.744s] INFO:colcon.colcon_core.shell:Creating environment descriptor '/workspace/planner/ros2/install/usr_srvs/share/usr_srvs/hook/cmake_prefix_path.dsv'
[1.744s] INFO:colcon.colcon_core.shell:Creating environment hook '/workspace/planner/ros2/install/usr_srvs/share/usr_srvs/hook/cmake_prefix_path.sh'
[1.745s] Level 1:colcon.colcon_core.environment:checking '/workspace/planner/ros2/install/usr_srvs/lib'
[1.745s] Level 1:colcon.colcon_core.shell:create_environment_hook('usr_srvs', 'ld_library_path_lib')
[1.746s] INFO:colcon.colcon_core.shell:Creating environment hook '/workspace/planner/ros2/install/usr_srvs/share/usr_srvs/hook/ld_library_path_lib.ps1'
[1.746s] INFO:colcon.colcon_core.shell:Creating environment descriptor '/workspace/planner/ros2/install/usr_srvs/share/usr_srvs/hook/ld_library_path_lib.dsv'
[1.747s] INFO:colcon.colcon_core.shell:Creating environment hook '/workspace/planner/ros2/install/usr_srvs/share/usr_srvs/hook/ld_library_path_lib.sh'
[1.748s] Level 1:colcon.colcon_core.environment:checking '/workspace/planner/ros2/install/usr_srvs/bin'
[1.748s] Level 1:colcon.colcon_core.environment:checking '/workspace/planner/ros2/install/usr_srvs/lib/pkgconfig/usr_srvs.pc'
[1.748s] Level 1:colcon.colcon_core.environment:checking '/workspace/planner/ros2/install/usr_srvs/lib/python3.8/site-packages'
[1.748s] Level 1:colcon.colcon_core.shell:create_environment_hook('usr_srvs', 'pythonpath')
[1.748s] INFO:colcon.colcon_core.shell:Creating environment hook '/workspace/planner/ros2/install/usr_srvs/share/usr_srvs/hook/pythonpath.ps1'
[1.749s] INFO:colcon.colcon_core.shell:Creating environment descriptor '/workspace/planner/ros2/install/usr_srvs/share/usr_srvs/hook/pythonpath.dsv'
[1.749s] INFO:colcon.colcon_core.shell:Creating environment hook '/workspace/planner/ros2/install/usr_srvs/share/usr_srvs/hook/pythonpath.sh'
[1.750s] INFO:colcon.colcon_core.shell:Creating package script '/workspace/planner/ros2/install/usr_srvs/share/usr_srvs/package.ps1'
[1.751s] INFO:colcon.colcon_core.shell:Creating package descriptor '/workspace/planner/ros2/install/usr_srvs/share/usr_srvs/package.dsv'
[1.752s] INFO:colcon.colcon_core.shell:Creating package script '/workspace/planner/ros2/install/usr_srvs/share/usr_srvs/package.sh'
[1.752s] INFO:colcon.colcon_core.shell:Creating package script '/workspace/planner/ros2/install/usr_srvs/share/usr_srvs/package.bash'
[1.753s] INFO:colcon.colcon_core.shell:Creating package script '/workspace/planner/ros2/install/usr_srvs/share/usr_srvs/package.zsh'
[1.754s] Level 1:colcon.colcon_core.environment:create_file_with_runtime_dependencies(/workspace/planner/ros2/install/usr_srvs/share/colcon-core/packages/usr_srvs)
[1.856s] Level 1:colcon.colcon_core.shell:create_environment_hook('kiwibot', 'pythonpath_develop')
[1.857s] INFO:colcon.colcon_core.shell:Creating environment hook '/workspace/planner/ros2/build/kiwibot/share/kiwibot/hook/pythonpath_develop.ps1'
[1.857s] DEBUG:colcon.colcon_core.event_handler.log_command:Invoked command in '/workspace/planner/ros2/build/kiwibot' returned '0': PYTHONPATH=/workspace/planner/ros2/install/kiwibot/lib/python3.8/site-packages:${PYTHONPATH} /usr/bin/python3 setup.py develop --prefix /workspace/planner/ros2/install/kiwibot --editable --build-directory /workspace/planner/ros2/build/kiwibot/build --no-deps install_data --install-dir /workspace/planner/ros2/install/kiwibot
[1.858s] INFO:colcon.colcon_core.shell:Creating environment descriptor '/workspace/planner/ros2/build/kiwibot/share/kiwibot/hook/pythonpath_develop.dsv'
[1.858s] INFO:colcon.colcon_core.shell:Creating environment hook '/workspace/planner/ros2/build/kiwibot/share/kiwibot/hook/pythonpath_develop.sh'
[1.860s] Level 1:colcon.colcon_core.environment:checking '/workspace/planner/ros2/install/kiwibot' for CMake module files
[1.861s] Level 1:colcon.colcon_core.environment:checking '/workspace/planner/ros2/install/kiwibot' for CMake config files
[1.861s] Level 1:colcon.colcon_core.environment:checking '/workspace/planner/ros2/install/kiwibot/lib'
[1.861s] Level 1:colcon.colcon_core.environment:checking '/workspace/planner/ros2/install/kiwibot/bin'
[1.861s] Level 1:colcon.colcon_core.environment:checking '/workspace/planner/ros2/install/kiwibot/lib/pkgconfig/kiwibot.pc'
[1.861s] Level 1:colcon.colcon_core.environment:checking '/workspace/planner/ros2/install/kiwibot/lib/python3.8/site-packages'
[1.861s] Level 1:colcon.colcon_core.shell:create_environment_hook('kiwibot', 'pythonpath')
[1.863s] INFO:colcon.colcon_core.shell:Creating environment hook '/workspace/planner/ros2/install/kiwibot/share/kiwibot/hook/pythonpath.ps1'
[1.864s] INFO:colcon.colcon_core.shell:Creating environment descriptor '/workspace/planner/ros2/install/kiwibot/share/kiwibot/hook/pythonpath.dsv'
[1.865s] INFO:colcon.colcon_core.shell:Creating environment hook '/workspace/planner/ros2/install/kiwibot/share/kiwibot/hook/pythonpath.sh'
[1.866s] Level 1:colcon.colcon_core.environment:create_environment_scripts_only(kiwibot)
[1.868s] INFO:colcon.colcon_core.shell:Creating package script '/workspace/planner/ros2/install/kiwibot/share/kiwibot/package.ps1'
[1.869s] INFO:colcon.colcon_core.shell:Creating package descriptor '/workspace/planner/ros2/install/kiwibot/share/kiwibot/package.dsv'
[1.869s] INFO:colcon.colcon_core.shell:Creating package script '/workspace/planner/ros2/install/kiwibot/share/kiwibot/package.sh'
[1.870s] INFO:colcon.colcon_core.shell:Creating package script '/workspace/planner/ros2/install/kiwibot/share/kiwibot/package.bash'
[1.870s] INFO:colcon.colcon_core.shell:Creating package script '/workspace/planner/ros2/install/kiwibot/share/kiwibot/package.zsh'
[1.870s] Level 1:colcon.colcon_core.environment:create_file_with_runtime_dependencies(/workspace/planner/ros2/install/kiwibot/share/colcon-core/packages/kiwibot)
[1.873s] Level 1:colcon.colcon_core.shell:create_environment_hook('path_planner', 'pythonpath_develop')
[1.874s] INFO:colcon.colcon_core.shell:Creating environment hook '/workspace/planner/ros2/build/path_planner/share/path_planner/hook/pythonpath_develop.ps1'
[1.874s] DEBUG:colcon.colcon_core.event_handler.log_command:Invoked command in '/workspace/planner/ros2/build/path_planner' returned '0': PYTHONPATH=/workspace/planner/ros2/install/path_planner/lib/python3.8/site-packages:${PYTHONPATH} /usr/bin/python3 setup.py develop --prefix /workspace/planner/ros2/install/path_planner --editable --build-directory /workspace/planner/ros2/build/path_planner/build --no-deps install_data --install-dir /workspace/planner/ros2/install/path_planner
[1.876s] INFO:colcon.colcon_core.shell:Creating environment descriptor '/workspace/planner/ros2/build/path_planner/share/path_planner/hook/pythonpath_develop.dsv'
[1.876s] INFO:colcon.colcon_core.shell:Creating environment hook '/workspace/planner/ros2/build/path_planner/share/path_planner/hook/pythonpath_develop.sh'
[1.877s] Level 1:colcon.colcon_core.environment:checking '/workspace/planner/ros2/install/path_planner' for CMake module files
[1.878s] Level 1:colcon.colcon_core.environment:checking '/workspace/planner/ros2/install/path_planner' for CMake config files
[1.879s] Level 1:colcon.colcon_core.environment:checking '/workspace/planner/ros2/install/path_planner/lib'
[1.879s] Level 1:colcon.colcon_core.environment:checking '/workspace/planner/ros2/install/path_planner/bin'
[1.879s] Level 1:colcon.colcon_core.environment:checking '/workspace/planner/ros2/install/path_planner/lib/pkgconfig/path_planner.pc'
[1.880s] Level 1:colcon.colcon_core.environment:checking '/workspace/planner/ros2/install/path_planner/lib/python3.8/site-packages'
[1.880s] Level 1:colcon.colcon_core.shell:create_environment_hook('path_planner', 'pythonpath')
[1.880s] INFO:colcon.colcon_core.shell:Creating environment hook '/workspace/planner/ros2/install/path_planner/share/path_planner/hook/pythonpath.ps1'
[1.881s] INFO:colcon.colcon_core.shell:Creating environment descriptor '/workspace/planner/ros2/install/path_planner/share/path_planner/hook/pythonpath.dsv'
[1.881s] INFO:colcon.colcon_core.shell:Creating environment hook '/workspace/planner/ros2/install/path_planner/share/path_planner/hook/pythonpath.sh'
[1.881s] Level 1:colcon.colcon_core.environment:create_environment_scripts_only(path_planner)
[1.882s] INFO:colcon.colcon_core.shell:Creating package script '/workspace/planner/ros2/install/path_planner/share/path_planner/package.ps1'
[1.884s] INFO:colcon.colcon_core.shell:Creating package descriptor '/workspace/planner/ros2/install/path_planner/share/path_planner/package.dsv'
[1.886s] INFO:colcon.colcon_core.shell:Creating package script '/workspace/planner/ros2/install/path_planner/share/path_planner/package.sh'
[1.888s] INFO:colcon.colcon_core.shell:Creating package script '/workspace/planner/ros2/install/path_planner/share/path_planner/package.bash'
[1.890s] INFO:colcon.colcon_core.shell:Creating package script '/workspace/planner/ros2/install/path_planner/share/path_planner/package.zsh'
[1.890s] Level 1:colcon.colcon_core.environment:create_file_with_runtime_dependencies(/workspace/planner/ros2/install/path_planner/share/colcon-core/packages/path_planner)
[1.916s] Level 1:colcon.colcon_core.shell:create_environment_hook('graphics', 'pythonpath_develop')
[1.917s] INFO:colcon.colcon_core.shell:Creating environment hook '/workspace/planner/ros2/build/graphics/share/graphics/hook/pythonpath_develop.ps1'
[1.917s] DEBUG:colcon.colcon_core.event_handler.log_command:Invoked command in '/workspace/planner/ros2/build/graphics' returned '0': PYTHONPATH=/workspace/planner/ros2/install/graphics/lib/python3.8/site-packages:${PYTHONPATH} /usr/bin/python3 setup.py develop --prefix /workspace/planner/ros2/install/graphics --editable --build-directory /workspace/planner/ros2/build/graphics/build --no-deps install_data --install-dir /workspace/planner/ros2/install/graphics
[1.918s] INFO:colcon.colcon_core.shell:Creating environment descriptor '/workspace/planner/ros2/build/graphics/share/graphics/hook/pythonpath_develop.dsv'
[1.918s] INFO:colcon.colcon_core.shell:Creating environment hook '/workspace/planner/ros2/build/graphics/share/graphics/hook/pythonpath_develop.sh'
[1.920s] Level 1:colcon.colcon_core.environment:checking '/workspace/planner/ros2/install/graphics' for CMake module files
[1.920s] Level 1:colcon.colcon_core.environment:checking '/workspace/planner/ros2/install/graphics' for CMake config files
[1.921s] Level 1:colcon.colcon_core.environment:checking '/workspace/planner/ros2/install/graphics/lib'
[1.921s] Level 1:colcon.colcon_core.environment:checking '/workspace/planner/ros2/install/graphics/bin'
[1.921s] Level 1:colcon.colcon_core.environment:checking '/workspace/planner/ros2/install/graphics/lib/pkgconfig/graphics.pc'
[1.921s] Level 1:colcon.colcon_core.environment:checking '/workspace/planner/ros2/install/graphics/lib/python3.8/site-packages'
[1.921s] Level 1:colcon.colcon_core.shell:create_environment_hook('graphics', 'pythonpath')
[1.922s] INFO:colcon.colcon_core.shell:Creating environment hook '/workspace/planner/ros2/install/graphics/share/graphics/hook/pythonpath.ps1'
[1.923s] INFO:colcon.colcon_core.shell:Creating environment descriptor '/workspace/planner/ros2/install/graphics/share/graphics/hook/pythonpath.dsv'
[1.924s] INFO:colcon.colcon_core.shell:Creating environment hook '/workspace/planner/ros2/install/graphics/share/graphics/hook/pythonpath.sh'
[1.924s] Level 1:colcon.colcon_core.environment:create_environment_scripts_only(graphics)
[1.924s] INFO:colcon.colcon_core.shell:Creating package script '/workspace/planner/ros2/install/graphics/share/graphics/package.ps1'
[1.925s] INFO:colcon.colcon_core.shell:Creating package descriptor '/workspace/planner/ros2/install/graphics/share/graphics/package.dsv'
[1.925s] INFO:colcon.colcon_core.shell:Creating package script '/workspace/planner/ros2/install/graphics/share/graphics/package.sh'
[1.926s] INFO:colcon.colcon_core.shell:Creating package script '/workspace/planner/ros2/install/graphics/share/graphics/package.bash'
[1.926s] INFO:colcon.colcon_core.shell:Creating package script '/workspace/planner/ros2/install/graphics/share/graphics/package.zsh'
[1.927s] Level 1:colcon.colcon_core.environment:create_file_with_runtime_dependencies(/workspace/planner/ros2/install/graphics/share/colcon-core/packages/graphics)
[1.928s] DEBUG:colcon.colcon_parallel_executor.executor.parallel:closing loop
[1.929s] DEBUG:colcon.colcon_parallel_executor.executor.parallel:loop closed
[1.929s] DEBUG:colcon.colcon_parallel_executor.executor.parallel:run_until_complete finished with '0'
[1.929s] DEBUG:colcon.colcon_core.event_reactor:joining thread
[1.941s] INFO:colcon.colcon_core.plugin_system:Skipping extension 'colcon_notification.desktop_notification.notify_send': Could not find 'notify-send'
[1.942s] INFO:colcon.colcon_core.plugin_system:Skipping extension 'colcon_notification.desktop_notification.terminal_notifier': Not used on non-Darwin systems
[1.942s] INFO:colcon.colcon_core.plugin_system:Skipping extension 'colcon_notification.desktop_notification.win32': Not used on non-Windows systems
[1.942s] INFO:colcon.colcon_notification.desktop_notification:Sending desktop notification using 'notify2'
[1.945s] DEBUG:colcon.colcon_notification.desktop_notification.notify2:Failed to initialize notify2: org.freedesktop.DBus.Error.Spawn.ExecFailed: /usr/bin/dbus-launch terminated abnormally without any error message
[1.946s] DEBUG:colcon.colcon_core.event_reactor:joined thread
[1.948s] INFO:colcon.colcon_core.shell:Creating prefix script '/workspace/planner/ros2/install/local_setup.ps1'
[1.951s] INFO:colcon.colcon_core.shell:Creating prefix util module '/workspace/planner/ros2/install/_local_setup_util_ps1.py'
[1.953s] INFO:colcon.colcon_core.shell:Creating prefix chain script '/workspace/planner/ros2/install/setup.ps1'
[1.954s] INFO:colcon.colcon_core.shell:Creating prefix script '/workspace/planner/ros2/install/local_setup.sh'
[1.956s] INFO:colcon.colcon_core.shell:Creating prefix util module '/workspace/planner/ros2/install/_local_setup_util_sh.py'
[1.957s] INFO:colcon.colcon_core.shell:Creating prefix chain script '/workspace/planner/ros2/install/setup.sh'
[1.959s] INFO:colcon.colcon_core.shell:Creating prefix script '/workspace/planner/ros2/install/local_setup.bash'
[1.959s] INFO:colcon.colcon_core.shell:Creating prefix chain script '/workspace/planner/ros2/install/setup.bash'
[1.962s] INFO:colcon.colcon_core.shell:Creating prefix script '/workspace/planner/ros2/install/local_setup.zsh'
[1.964s] INFO:colcon.colcon_core.shell:Creating prefix chain script '/workspace/planner/ros2/install/setup.zsh'
