[100%] Built target utils
-- Install configuration: ""
-- Execute custom install script
-- Up-to-date symlink: /workspace/planner/ros2/install/utils/share/utils/environment/library_path.sh
-- Up-to-date symlink: /workspace/planner/ros2/install/utils/share/utils/environment/library_path.dsv
-- Up-to-date symlink: /workspace/planner/ros2/install/utils/include/utils//console.hpp
-- Up-to-date symlink: /workspace/planner/ros2/install/utils/share/ament_index/resource_index/package_run_dependencies/utils
-- Up-to-date symlink: /workspace/planner/ros2/install/utils/share/ament_index/resource_index/parent_prefix_path/utils
-- Up-to-date symlink: /workspace/planner/ros2/install/utils/share/utils/environment/ament_prefix_path.sh
-- Up-to-date symlink: /workspace/planner/ros2/install/utils/share/utils/environment/ament_prefix_path.dsv
-- Up-to-date symlink: /workspace/planner/ros2/install/utils/share/utils/environment/path.sh
-- Up-to-date symlink: /workspace/planner/ros2/install/utils/share/utils/environment/path.dsv
-- Up-to-date symlink: /workspace/planner/ros2/install/utils/share/utils/local_setup.bash
-- Up-to-date symlink: /workspace/planner/ros2/install/utils/share/utils/local_setup.sh
-- Up-to-date symlink: /workspace/planner/ros2/install/utils/share/utils/local_setup.zsh
-- Up-to-date symlink: /workspace/planner/ros2/install/utils/share/utils/local_setup.dsv
-- Symlinking: /workspace/planner/ros2/install/utils/share/utils/package.dsv
-- Up-to-date symlink: /workspace/planner/ros2/install/utils/share/ament_index/resource_index/packages/utils
-- Up-to-date symlink: /workspace/planner/ros2/install/utils/share/utils/cmake/ament_cmake_export_dependencies-extras.cmake
-- Up-to-date symlink: /workspace/planner/ros2/install/utils/share/utils/cmake/ament_cmake_export_targets-extras.cmake
-- Up-to-date symlink: /workspace/planner/ros2/install/utils/share/utils/cmake/utilsConfig.cmake
-- Up-to-date symlink: /workspace/planner/ros2/install/utils/share/utils/cmake/utilsConfig-version.cmake
-- Up-to-date symlink: /workspace/planner/ros2/install/utils/share/utils/package.xml
-- Up-to-date: /workspace/planner/ros2/install/utils/lib/libutils.a
-- Up-to-date: /workspace/planner/ros2/install/utils/share/utils/cmake/export_utilsExport.cmake
-- Up-to-date: /workspace/planner/ros2/install/utils/share/utils/cmake/export_utilsExport-noconfig.cmake
