[01m[K/workspace/planner/ros2/src/interfaces/src/modules/speaker.cpp:37:5:[m[K [01;35m[Kwarning: [m[K"/*" within comment [[01;35m[K-Wcomment[m[K]
   37 |     /* Open the PCM device in playback mode */
      |      
[01m[K/workspace/planner/ros2/src/interfaces/src/modules/speaker.cpp:[m[K In constructor ‘[01m[KSpeaker::Speaker(rclcpp::NodeOptions&)[m[K’:
[01m[K/workspace/planner/ros2/src/interfaces/src/modules/speaker.cpp:38:13:[m[K [01;35m[Kwarning: [m[Ksuggest parentheses around assignment used as truth value [[01;35m[K-Wparentheses[m[K]
   38 |     if ([01;35m[Kpcm = (snd_pcm_open(&pcm_handle, m_sound_device.c_str(), SND_PCM_STREAM_PLAYBACK, 0) < 0)[m[K)
      |         [01;35m[K~~~~^~~~~~~~~~~~~~~~~~~~~~~~~~~~~~~~~~~~~~~~~~~~~~~~~~~~~~~~~~~~~~~~~~~~~~~~~~~~~~~~~~~~~[m[K
In file included from [01m[K/opt/ros/galactic/include/rclcpp/client.hpp:40[m[K,
                 from [01m[K/opt/ros/galactic/include/rclcpp/callback_group.hpp:23[m[K,
                 from [01m[K/opt/ros/galactic/include/rclcpp/any_executable.hpp:20[m[K,
                 from [01m[K/opt/ros/galactic/include/rclcpp/memory_strategy.hpp:25[m[K,
                 from [01m[K/opt/ros/galactic/include/rclcpp/memory_strategies.hpp:18[m[K,
                 from [01m[K/opt/ros/galactic/include/rclcpp/executor_options.hpp:20[m[K,
                 from [01m[K/opt/ros/galactic/include/rclcpp/executor.hpp:36[m[K,
                 from [01m[K/opt/ros/galactic/include/rclcpp/executors/multi_threaded_executor.hpp:26[m[K,
                 from [01m[K/opt/ros/galactic/include/rclcpp/executors.hpp:21[m[K,
                 from [01m[K/opt/ros/galactic/include/rclcpp/rclcpp.hpp:156[m[K,
                 from [01m[K/workspace/planner/ros2/src/interfaces/include/modules/speaker.hpp:12[m[K,
                 from [01m[K/workspace/planner/ros2/src/interfaces/src/modules/speaker.cpp:8[m[K:
[01m[K/workspace/planner/ros2/src/interfaces/src/modules/speaker.cpp:39:42:[m[K [01;35m[Kwarning: [m[Kformat ‘[01m[K%s[m[K’ expects argument of type ‘[01m[Kchar*[m[K’, but argument 5 has type ‘[01m[Kstd::string[m[K’ {aka ‘[01m[Kstd::__cxx11::basic_string<char>[m[K’} [[01;35m[K-Wformat=[m[K]
   39 |         RCLCPP_ERROR(this->get_logger(), [01;35m[K"ERROR: Can't open \"%s\" PCM device. %s"[m[K, m_sound_device, snd_strerror(pcm));
      |                                          [01;35m[K^~~~~~~~~~~~~~~~~~~~~~~~~~~~~~~~~~~~~~~~~[m[K
[01m[K/workspace/planner/ros2/src/interfaces/src/modules/speaker.cpp:39:64:[m[K [01;36m[Knote: [m[Kformat string is defined here
   39 |         RCLCPP_ERROR(this->get_logger(), "ERROR: Can't open \"[01;36m[K%s[m[K\" PCM device. %s", m_sound_device, snd_strerror(pcm));
      |                                                               [01;36m[K~^[m[K
      |                                                                [01;36m[K|[m[K
      |                                                                [01;36m[Kchar*[m[K
[01m[K/workspace/planner/ros2/src/interfaces/src/modules/speaker.cpp:46:13:[m[K [01;35m[Kwarning: [m[Ksuggest parentheses around assignment used as truth value [[01;35m[K-Wparentheses[m[K]
   46 |     if ([01;35m[Kpcm = (snd_pcm_hw_params_set_access(pcm_handle, params, SND_PCM_ACCESS_RW_INTERLEAVED) < 0)[m[K)
      |         [01;35m[K~~~~^~~~~~~~~~~~~~~~~~~~~~~~~~~~~~~~~~~~~~~~~~~~~~~~~~~~~~~~~~~~~~~~~~~~~~~~~~~~~~~~~~~~~~~[m[K
[01m[K/workspace/planner/ros2/src/interfaces/src/modules/speaker.cpp:49:13:[m[K [01;35m[Kwarning: [m[Ksuggest parentheses around assignment used as truth value [[01;35m[K-Wparentheses[m[K]
   49 |     if ([01;35m[Kpcm = (snd_pcm_hw_params_set_format(pcm_handle, params, SND_PCM_FORMAT_S16_LE) < 0)[m[K)
      |         [01;35m[K~~~~^~~~~~~~~~~~~~~~~~~~~~~~~~~~~~~~~~~~~~~~~~~~~~~~~~~~~~~~~~~~~~~~~~~~~~~~~~~~~~~[m[K
[01m[K/workspace/planner/ros2/src/interfaces/src/modules/speaker.cpp:53:13:[m[K [01;35m[Kwarning: [m[Ksuggest parentheses around assignment used as truth value [[01;35m[K-Wparentheses[m[K]
   53 |     if ([01;35m[Kpcm = (snd_pcm_hw_params_set_channels(pcm_handle, params, channels) < 0)[m[K)
      |         [01;35m[K~~~~^~~~~~~~~~~~~~~~~~~~~~~~~~~~~~~~~~~~~~~~~~~~~~~~~~~~~~~~~~~~~~~~~~~~[m[K
[01m[K/workspace/planner/ros2/src/interfaces/src/modules/speaker.cpp:56:13:[m[K [01;35m[Kwarning: [m[Ksuggest parentheses around assignment used as truth value [[01;35m[K-Wparentheses[m[K]
   56 |     if ([01;35m[Kpcm = (snd_pcm_hw_params_set_rate_near(pcm_handle, params, &rate, 0) < 0)[m[K)
      |         [01;35m[K~~~~^~~~~~~~~~~~~~~~~~~~~~~~~~~~~~~~~~~~~~~~~~~~~~~~~~~~~~~~~~~~~~~~~~~~~[m[K
[01m[K/workspace/planner/ros2/src/interfaces/src/modules/speaker.cpp:60:13:[m[K [01;35m[Kwarning: [m[Ksuggest parentheses around assignment used as truth value [[01;35m[K-Wparentheses[m[K]
   60 |     if ([01;35m[Kpcm = (snd_pcm_hw_params(pcm_handle, params) < 0)[m[K)
      |         [01;35m[K~~~~^~~~~~~~~~~~~~~~~~~~~~~~~~~~~~~~~~~~~~~~~~~~~[m[K
[01m[K/workspace/planner/ros2/src/interfaces/src/modules/speaker.cpp:82:82:[m[K [01;35m[Kwarning: [m[Kconverting from ‘[01m[Kvoid* (Speaker::*)()[m[K’ to ‘[01m[KSpeaker::THREADFUNCPTR[m[K’ {aka ‘[01m[Kvoid* (*)(void*)[m[K’} [[01;35m[K-Wpedantic[m[K]
   82 |     ambient = pthread_create(&pthread_id_ambient, NULL, (THREADFUNCPTR)&Speaker::[01;35m[KAmbientSound[m[K, this);
      |                                                                                  [01;35m[K^~~~~~~~~~~~[m[K
[01m[K/workspace/planner/ros2/src/interfaces/src/modules/speaker.cpp:[m[K In member function ‘[01m[Kvoid Speaker::speakerCb(std_msgs::msg::Int8_<std::allocator<void> >::SharedPtr)[m[K’:
[01m[K/workspace/planner/ros2/src/interfaces/src/modules/speaker.cpp:100:81:[m[K [01;35m[Kwarning: [m[Kconverting from ‘[01m[Kvoid* (Speaker::*)()[m[K’ to ‘[01m[KSpeaker::THREADFUNCPTR[m[K’ {aka ‘[01m[Kvoid* (*)(void*)[m[K’} [[01;35m[K-Wpedantic[m[K]
  100 |             status = pthread_create(&pthread_id, NULL, (THREADFUNCPTR)&Speaker::[01;35m[KPlaySound[m[K, this);
      |                                                                                 [01;35m[K^~~~~~~~~[m[K
[01m[K/workspace/planner/ros2/src/interfaces/src/modules/speaker.cpp:107:81:[m[K [01;35m[Kwarning: [m[Kconverting from ‘[01m[Kvoid* (Speaker::*)()[m[K’ to ‘[01m[KSpeaker::THREADFUNCPTR[m[K’ {aka ‘[01m[Kvoid* (*)(void*)[m[K’} [[01;35m[K-Wpedantic[m[K]
  107 |             status = pthread_create(&pthread_id, NULL, (THREADFUNCPTR)&Speaker::[01;35m[KPlaySound[m[K, this);
      |                                                                                 [01;35m[K^~~~~~~~~[m[K
[01m[K/workspace/planner/ros2/src/interfaces/src/modules/speaker.cpp:[m[K In member function ‘[01m[Kvoid* Speaker::PlaySound()[m[K’:
[01m[K/workspace/planner/ros2/src/interfaces/src/modules/speaker.cpp:142:20:[m[K [01;35m[Kwarning: [m[Ksuggest parentheses around assignment used as truth value [[01;35m[K-Wparentheses[m[K]
  142 |     while ([01;35m[Kreadval = (read(readfd, buff, buff_size) > 0)[m[K)
      |            [01;35m[K~~~~~~~~^~~~~~~~~~~~~~~~~~~~~~~~~~~~~~~~~~~~~[m[K
[01m[K/workspace/planner/ros2/src/interfaces/src/modules/speaker.cpp:144:17:[m[K [01;35m[Kwarning: [m[Ksuggest parentheses around assignment used as truth value [[01;35m[K-Wparentheses[m[K]
  144 |         if (pcm [01;35m[K=[m[K snd_pcm_writei(pcm_handle, buff, frames) == -EPIPE)
      |                 [01;35m[K^[m[K
[01m[K/workspace/planner/ros2/src/interfaces/src/modules/speaker.cpp:169:1:[m[K [01;35m[Kwarning: [m[Kno return statement in function returning non-void [[01;35m[K-Wreturn-type[m[K]
  169 | [01;35m[K}[m[K
      | [01;35m[K^[m[K
[01m[K/workspace/planner/ros2/src/interfaces/src/modules/speaker.cpp:[m[K In member function ‘[01m[Kvoid* Speaker::AmbientSound()[m[K’:
[01m[K/workspace/planner/ros2/src/interfaces/src/modules/speaker.cpp:183:36:[m[K [01;35m[Kwarning: [m[Ksuggest parentheses around assignment used as truth value [[01;35m[K-Wparentheses[m[K]
  183 |             while ([01;35m[Kreadval_ambient = (read(readfd_ambient, buff_ambient, buff_size_ambient) > 0)[m[K)
      |                    [01;35m[K~~~~~~~~~~~~~~~~^~~~~~~~~~~~~~~~~~~~~~~~~~~~~~~~~~~~~~~~~~~~~~~~~~~~~~~~~~~~~[m[K
[01m[K/workspace/planner/ros2/src/interfaces/src/modules/speaker.cpp:187:29:[m[K [01;35m[Kwarning: [m[Ksuggest parentheses around assignment used as truth value [[01;35m[K-Wparentheses[m[K]
  187 |                     if (pcm [01;35m[K=[m[K snd_pcm_writei(pcm_handle, buff_ambient, frames) == -EPIPE)
      |                             [01;35m[K^[m[K
