-- The C compiler identification is GNU 9.4.0
-- The CXX compiler identification is GNU 9.4.0
-- Check for working C compiler: /usr/bin/cc
-- Check for working C compiler: /usr/bin/cc -- works
-- Detecting C compiler ABI info
-- Detecting C compiler ABI info - done
-- Detecting C compile features
-- Detecting C compile features - done
-- Check for working CXX compiler: /usr/bin/c++
-- Check for working CXX compiler: /usr/bin/c++ -- works
-- Detecting CXX compiler ABI info
-- Detecting CXX compiler ABI info - done
-- Detecting CXX compile features
-- Detecting CXX compile features - done
-- Found ament_cmake: 1.1.5 (/opt/ros/galactic/share/ament_cmake/cmake)
-- Found PythonInterp: /usr/bin/python3 (found suitable version "3.8.10", minimum required is "3") 
-- Using PYTHON_EXECUTABLE: /usr/bin/python3
-- Override CMake install command with custom implementation using symlinks instead of copying resources
-- Found rclcpp: 9.2.0 (/opt/ros/galactic/share/rclcpp/cmake)
-- Using single rosidl_typesupport_c: rosidl_typesupport_introspection_c
-- Found rosidl_adapter: 2.2.1 (/opt/ros/galactic/share/rosidl_adapter/cmake)
-- Using single rosidl_typesupport_cpp: rosidl_typesupport_introspection_cpp
-- Found rmw_implementation_cmake: 3.3.1 (/opt/ros/galactic/share/rmw_implementation_cmake/cmake)
-- Found rmw_cyclonedds_cpp: 0.22.4 (/opt/ros/galactic/share/rmw_cyclonedds_cpp/cmake)
-- Using RMW implementation 'rmw_cyclonedds_cpp' as default
-- Looking for pthread.h
-- Looking for pthread.h - found
-- Performing Test CMAKE_HAVE_LIBC_PTHREAD
-- Performing Test CMAKE_HAVE_LIBC_PTHREAD - Failed
-- Looking for pthread_create in pthreads
-- Looking for pthread_create in pthreads - not found
-- Looking for pthread_create in pthread
-- Looking for pthread_create in pthread - found
-- Found Threads: TRUE  
-- Found utils: 0.0.1 (/workspace/planner/ros2/install/utils/share/utils/cmake)
-- Found ALSA: /usr/lib/x86_64-linux-gnu/libasound.so (found version "1.2.2") 
-- Found ament_lint_auto: 0.10.6 (/opt/ros/galactic/share/ament_lint_auto/cmake)
-- Added test 'copyright' to check source files copyright and LICENSE
-- Added test 'cppcheck' to perform static code analysis on C / C++ code
-- Configured cppcheck include dirs: /workspace/planner/ros2/src/interfaces/include;$<BUILD_INTERFACE:/workspace/planner/ros2/src/interfaces/include>
-- Configured cppcheck exclude dirs and/or files: 
-- Added test 'cpplint' to check C / C++ code against the Google style
-- Configured cpplint exclude dirs and/or files: 
-- Added test 'lint_cmake' to check CMake code style
-- Added test 'uncrustify' to check C / C++ code style
-- Configured uncrustify additional arguments: 
-- Added test 'xmllint' to check XML markup files
-- Configuring done
-- Generating done
-- Build files have been written to: /workspace/planner/ros2/build/interfaces
[35m[1mScanning dependencies of target interfaces_node[0m
[ 66%] [32mBuilding CXX object CMakeFiles/interfaces_node.dir/src/modules/speaker.cpp.o[0m
[ 66%] [32mBuilding CXX object CMakeFiles/interfaces_node.dir/src/interfaces_node.cpp.o[0m
[01m[K/workspace/planner/ros2/src/interfaces/src/modules/speaker.cpp:37:5:[m[K [01;35m[Kwarning: [m[K"/*" within comment [[01;35m[K-Wcomment[m[K]
   37 |     /* Open the PCM device in playback mode */
      |      
[01m[K/workspace/planner/ros2/src/interfaces/src/modules/speaker.cpp:[m[K In constructor ‘[01m[KSpeaker::Speaker(rclcpp::NodeOptions&)[m[K’:
[01m[K/workspace/planner/ros2/src/interfaces/src/modules/speaker.cpp:38:13:[m[K [01;35m[Kwarning: [m[Ksuggest parentheses around assignment used as truth value [[01;35m[K-Wparentheses[m[K]
   38 |     if ([01;35m[Kpcm = (snd_pcm_open(&pcm_handle, m_sound_device.c_str(), SND_PCM_STREAM_PLAYBACK, 0) < 0)[m[K)
      |         [01;35m[K~~~~^~~~~~~~~~~~~~~~~~~~~~~~~~~~~~~~~~~~~~~~~~~~~~~~~~~~~~~~~~~~~~~~~~~~~~~~~~~~~~~~~~~~~[m[K
In file included from [01m[K/opt/ros/galactic/include/rclcpp/client.hpp:40[m[K,
                 from [01m[K/opt/ros/galactic/include/rclcpp/callback_group.hpp:23[m[K,
                 from [01m[K/opt/ros/galactic/include/rclcpp/any_executable.hpp:20[m[K,
                 from [01m[K/opt/ros/galactic/include/rclcpp/memory_strategy.hpp:25[m[K,
                 from [01m[K/opt/ros/galactic/include/rclcpp/memory_strategies.hpp:18[m[K,
                 from [01m[K/opt/ros/galactic/include/rclcpp/executor_options.hpp:20[m[K,
                 from [01m[K/opt/ros/galactic/include/rclcpp/executor.hpp:36[m[K,
                 from [01m[K/opt/ros/galactic/include/rclcpp/executors/multi_threaded_executor.hpp:26[m[K,
                 from [01m[K/opt/ros/galactic/include/rclcpp/executors.hpp:21[m[K,
                 from [01m[K/opt/ros/galactic/include/rclcpp/rclcpp.hpp:156[m[K,
                 from [01m[K/workspace/planner/ros2/src/interfaces/include/modules/speaker.hpp:12[m[K,
                 from [01m[K/workspace/planner/ros2/src/interfaces/src/modules/speaker.cpp:8[m[K:
[01m[K/workspace/planner/ros2/src/interfaces/src/modules/speaker.cpp:39:42:[m[K [01;35m[Kwarning: [m[Kformat ‘[01m[K%s[m[K’ expects argument of type ‘[01m[Kchar*[m[K’, but argument 5 has type ‘[01m[Kstd::string[m[K’ {aka ‘[01m[Kstd::__cxx11::basic_string<char>[m[K’} [[01;35m[K-Wformat=[m[K]
   39 |         RCLCPP_ERROR(this->get_logger(), [01;35m[K"ERROR: Can't open \"%s\" PCM device. %s"[m[K, m_sound_device, snd_strerror(pcm));
      |                                          [01;35m[K^~~~~~~~~~~~~~~~~~~~~~~~~~~~~~~~~~~~~~~~~[m[K
[01m[K/workspace/planner/ros2/src/interfaces/src/modules/speaker.cpp:39:64:[m[K [01;36m[Knote: [m[Kformat string is defined here
   39 |         RCLCPP_ERROR(this->get_logger(), "ERROR: Can't open \"[01;36m[K%s[m[K\" PCM device. %s", m_sound_device, snd_strerror(pcm));
      |                                                               [01;36m[K~^[m[K
      |                                                                [01;36m[K|[m[K
      |                                                                [01;36m[Kchar*[m[K
[01m[K/workspace/planner/ros2/src/interfaces/src/modules/speaker.cpp:46:13:[m[K [01;35m[Kwarning: [m[Ksuggest parentheses around assignment used as truth value [[01;35m[K-Wparentheses[m[K]
   46 |     if ([01;35m[Kpcm = (snd_pcm_hw_params_set_access(pcm_handle, params, SND_PCM_ACCESS_RW_INTERLEAVED) < 0)[m[K)
      |         [01;35m[K~~~~^~~~~~~~~~~~~~~~~~~~~~~~~~~~~~~~~~~~~~~~~~~~~~~~~~~~~~~~~~~~~~~~~~~~~~~~~~~~~~~~~~~~~~~[m[K
[01m[K/workspace/planner/ros2/src/interfaces/src/modules/speaker.cpp:49:13:[m[K [01;35m[Kwarning: [m[Ksuggest parentheses around assignment used as truth value [[01;35m[K-Wparentheses[m[K]
   49 |     if ([01;35m[Kpcm = (snd_pcm_hw_params_set_format(pcm_handle, params, SND_PCM_FORMAT_S16_LE) < 0)[m[K)
      |         [01;35m[K~~~~^~~~~~~~~~~~~~~~~~~~~~~~~~~~~~~~~~~~~~~~~~~~~~~~~~~~~~~~~~~~~~~~~~~~~~~~~~~~~~~[m[K
[01m[K/workspace/planner/ros2/src/interfaces/src/modules/speaker.cpp:53:13:[m[K [01;35m[Kwarning: [m[Ksuggest parentheses around assignment used as truth value [[01;35m[K-Wparentheses[m[K]
   53 |     if ([01;35m[Kpcm = (snd_pcm_hw_params_set_channels(pcm_handle, params, channels) < 0)[m[K)
      |         [01;35m[K~~~~^~~~~~~~~~~~~~~~~~~~~~~~~~~~~~~~~~~~~~~~~~~~~~~~~~~~~~~~~~~~~~~~~~~~[m[K
[01m[K/workspace/planner/ros2/src/interfaces/src/modules/speaker.cpp:56:13:[m[K [01;35m[Kwarning: [m[Ksuggest parentheses around assignment used as truth value [[01;35m[K-Wparentheses[m[K]
   56 |     if ([01;35m[Kpcm = (snd_pcm_hw_params_set_rate_near(pcm_handle, params, &rate, 0) < 0)[m[K)
      |         [01;35m[K~~~~^~~~~~~~~~~~~~~~~~~~~~~~~~~~~~~~~~~~~~~~~~~~~~~~~~~~~~~~~~~~~~~~~~~~~[m[K
[01m[K/workspace/planner/ros2/src/interfaces/src/modules/speaker.cpp:60:13:[m[K [01;35m[Kwarning: [m[Ksuggest parentheses around assignment used as truth value [[01;35m[K-Wparentheses[m[K]
   60 |     if ([01;35m[Kpcm = (snd_pcm_hw_params(pcm_handle, params) < 0)[m[K)
      |         [01;35m[K~~~~^~~~~~~~~~~~~~~~~~~~~~~~~~~~~~~~~~~~~~~~~~~~~[m[K
[01m[K/workspace/planner/ros2/src/interfaces/src/modules/speaker.cpp:82:82:[m[K [01;35m[Kwarning: [m[Kconverting from ‘[01m[Kvoid* (Speaker::*)()[m[K’ to ‘[01m[KSpeaker::THREADFUNCPTR[m[K’ {aka ‘[01m[Kvoid* (*)(void*)[m[K’} [[01;35m[K-Wpedantic[m[K]
   82 |     ambient = pthread_create(&pthread_id_ambient, NULL, (THREADFUNCPTR)&Speaker::[01;35m[KAmbientSound[m[K, this);
      |                                                                                  [01;35m[K^~~~~~~~~~~~[m[K
[01m[K/workspace/planner/ros2/src/interfaces/src/modules/speaker.cpp:[m[K In member function ‘[01m[Kvoid Speaker::speakerCb(std_msgs::msg::Int8_<std::allocator<void> >::SharedPtr)[m[K’:
[01m[K/workspace/planner/ros2/src/interfaces/src/modules/speaker.cpp:100:81:[m[K [01;35m[Kwarning: [m[Kconverting from ‘[01m[Kvoid* (Speaker::*)()[m[K’ to ‘[01m[KSpeaker::THREADFUNCPTR[m[K’ {aka ‘[01m[Kvoid* (*)(void*)[m[K’} [[01;35m[K-Wpedantic[m[K]
  100 |             status = pthread_create(&pthread_id, NULL, (THREADFUNCPTR)&Speaker::[01;35m[KPlaySound[m[K, this);
      |                                                                                 [01;35m[K^~~~~~~~~[m[K
[01m[K/workspace/planner/ros2/src/interfaces/src/modules/speaker.cpp:107:81:[m[K [01;35m[Kwarning: [m[Kconverting from ‘[01m[Kvoid* (Speaker::*)()[m[K’ to ‘[01m[KSpeaker::THREADFUNCPTR[m[K’ {aka ‘[01m[Kvoid* (*)(void*)[m[K’} [[01;35m[K-Wpedantic[m[K]
  107 |             status = pthread_create(&pthread_id, NULL, (THREADFUNCPTR)&Speaker::[01;35m[KPlaySound[m[K, this);
      |                                                                                 [01;35m[K^~~~~~~~~[m[K
[01m[K/workspace/planner/ros2/src/interfaces/src/modules/speaker.cpp:[m[K In member function ‘[01m[Kvoid* Speaker::PlaySound()[m[K’:
[01m[K/workspace/planner/ros2/src/interfaces/src/modules/speaker.cpp:142:20:[m[K [01;35m[Kwarning: [m[Ksuggest parentheses around assignment used as truth value [[01;35m[K-Wparentheses[m[K]
  142 |     while ([01;35m[Kreadval = (read(readfd, buff, buff_size) > 0)[m[K)
      |            [01;35m[K~~~~~~~~^~~~~~~~~~~~~~~~~~~~~~~~~~~~~~~~~~~~~[m[K
[01m[K/workspace/planner/ros2/src/interfaces/src/modules/speaker.cpp:144:17:[m[K [01;35m[Kwarning: [m[Ksuggest parentheses around assignment used as truth value [[01;35m[K-Wparentheses[m[K]
  144 |         if (pcm [01;35m[K=[m[K snd_pcm_writei(pcm_handle, buff, frames) == -EPIPE)
      |                 [01;35m[K^[m[K
[01m[K/workspace/planner/ros2/src/interfaces/src/modules/speaker.cpp:169:1:[m[K [01;35m[Kwarning: [m[Kno return statement in function returning non-void [[01;35m[K-Wreturn-type[m[K]
  169 | [01;35m[K}[m[K
      | [01;35m[K^[m[K
[01m[K/workspace/planner/ros2/src/interfaces/src/modules/speaker.cpp:[m[K In member function ‘[01m[Kvoid* Speaker::AmbientSound()[m[K’:
[01m[K/workspace/planner/ros2/src/interfaces/src/modules/speaker.cpp:183:36:[m[K [01;35m[Kwarning: [m[Ksuggest parentheses around assignment used as truth value [[01;35m[K-Wparentheses[m[K]
  183 |             while ([01;35m[Kreadval_ambient = (read(readfd_ambient, buff_ambient, buff_size_ambient) > 0)[m[K)
      |                    [01;35m[K~~~~~~~~~~~~~~~~^~~~~~~~~~~~~~~~~~~~~~~~~~~~~~~~~~~~~~~~~~~~~~~~~~~~~~~~~~~~~[m[K
[01m[K/workspace/planner/ros2/src/interfaces/src/modules/speaker.cpp:187:29:[m[K [01;35m[Kwarning: [m[Ksuggest parentheses around assignment used as truth value [[01;35m[K-Wparentheses[m[K]
  187 |                     if (pcm [01;35m[K=[m[K snd_pcm_writei(pcm_handle, buff_ambient, frames) == -EPIPE)
      |                             [01;35m[K^[m[K
[100%] [32m[1mLinking CXX executable interfaces_node[0m
[100%] Built target interfaces_node
-- Install configuration: ""
-- Execute custom install script
-- Symlinking: /workspace/planner/ros2/install/interfaces/lib/interfaces/interfaces_node
-- Symlinking: /workspace/planner/ros2/install/interfaces/include/modules//speaker.hpp
-- Symlinking: /workspace/planner/ros2/install/interfaces/share/ament_index/resource_index/package_run_dependencies/interfaces
-- Symlinking: /workspace/planner/ros2/install/interfaces/share/ament_index/resource_index/parent_prefix_path/interfaces
-- Symlinking: /workspace/planner/ros2/install/interfaces/share/interfaces/environment/ament_prefix_path.sh
-- Symlinking: /workspace/planner/ros2/install/interfaces/share/interfaces/environment/ament_prefix_path.dsv
-- Symlinking: /workspace/planner/ros2/install/interfaces/share/interfaces/environment/path.sh
-- Symlinking: /workspace/planner/ros2/install/interfaces/share/interfaces/environment/path.dsv
-- Symlinking: /workspace/planner/ros2/install/interfaces/share/interfaces/local_setup.bash
-- Symlinking: /workspace/planner/ros2/install/interfaces/share/interfaces/local_setup.sh
-- Symlinking: /workspace/planner/ros2/install/interfaces/share/interfaces/local_setup.zsh
-- Symlinking: /workspace/planner/ros2/install/interfaces/share/interfaces/local_setup.dsv
-- Symlinking: /workspace/planner/ros2/install/interfaces/share/interfaces/package.dsv
-- Symlinking: /workspace/planner/ros2/install/interfaces/share/ament_index/resource_index/packages/interfaces
-- Symlinking: /workspace/planner/ros2/install/interfaces/share/interfaces/cmake/ament_cmake_export_dependencies-extras.cmake
-- Symlinking: /workspace/planner/ros2/install/interfaces/share/interfaces/cmake/ament_cmake_export_include_directories-extras.cmake
-- Symlinking: /workspace/planner/ros2/install/interfaces/share/interfaces/cmake/interfacesConfig.cmake
-- Symlinking: /workspace/planner/ros2/install/interfaces/share/interfaces/cmake/interfacesConfig-version.cmake
-- Symlinking: /workspace/planner/ros2/install/interfaces/share/interfaces/package.xml
