[0.011s] Invoking command in '/workspace/planner/ros2/build/interfaces': AMENT_PREFIX_PATH=/workspace/planner/ros2/install/utils:${AMENT_PREFIX_PATH} CMAKE_PREFIX_PATH=/workspace/planner/ros2/install/utils:/opt/ros/galactic LD_LIBRARY_PATH=/workspace/planner/ros2/install/utils/lib:${LD_LIBRARY_PATH} /usr/local/bin/cmake /workspace/planner/ros2/src/interfaces -DAMENT_CMAKE_SYMLINK_INSTALL=1 -DCMAKE_INSTALL_PREFIX=/workspace/planner/ros2/install/interfaces
[0.087s] -- The C compiler identification is GNU 9.4.0
[0.168s] -- The CXX compiler identification is GNU 9.4.0
[0.182s] -- Check for working C compiler: /usr/bin/cc
[0.251s] -- Check for working C compiler: /usr/bin/cc -- works
[0.253s] -- Detecting C compiler ABI info
[0.316s] -- Detecting C compiler ABI info - done
[0.357s] -- Detecting C compile features
[0.358s] -- Detecting C compile features - done
[0.365s] -- Check for working CXX compiler: /usr/bin/c++
[0.443s] -- Check for working CXX compiler: /usr/bin/c++ -- works
[0.446s] -- Detecting CXX compiler ABI info
[0.525s] -- Detecting CXX compiler ABI info - done
[0.563s] -- Detecting CXX compile features
[0.565s] -- Detecting CXX compile features - done
[0.568s] -- Found ament_cmake: 1.1.5 (/opt/ros/galactic/share/ament_cmake/cmake)
[0.592s] -- Found PythonInterp: /usr/bin/python3 (found suitable version "3.8.10", minimum required is "3") 
[0.592s] -- Using PYTHON_EXECUTABLE: /usr/bin/python3
[0.669s] -- Override CMake install command with custom implementation using symlinks instead of copying resources
[0.706s] -- Found rclcpp: 9.2.0 (/opt/ros/galactic/share/rclcpp/cmake)
[0.852s] -- Using single rosidl_typesupport_c: rosidl_typesupport_introspection_c
[0.871s] -- Found rosidl_adapter: 2.2.1 (/opt/ros/galactic/share/rosidl_adapter/cmake)
[0.953s] -- Using single rosidl_typesupport_cpp: rosidl_typesupport_introspection_cpp
[1.208s] -- Found rmw_implementation_cmake: 3.3.1 (/opt/ros/galactic/share/rmw_implementation_cmake/cmake)
[1.216s] -- Found rmw_cyclonedds_cpp: 0.22.4 (/opt/ros/galactic/share/rmw_cyclonedds_cpp/cmake)
[1.290s] -- Using RMW implementation 'rmw_cyclonedds_cpp' as default
[1.293s] -- Looking for pthread.h
[1.388s] -- Looking for pthread.h - found
[1.389s] -- Performing Test CMAKE_HAVE_LIBC_PTHREAD
[1.480s] -- Performing Test CMAKE_HAVE_LIBC_PTHREAD - Failed
[1.480s] -- Looking for pthread_create in pthreads
[1.546s] -- Looking for pthread_create in pthreads - not found
[1.547s] -- Looking for pthread_create in pthread
[1.616s] -- Looking for pthread_create in pthread - found
[1.619s] -- Found Threads: TRUE  
[2.206s] -- Found utils: 0.0.1 (/workspace/planner/ros2/install/utils/share/utils/cmake)
[2.227s] -- Found ALSA: /usr/lib/x86_64-linux-gnu/libasound.so (found version "1.2.2") 
[2.243s] -- Found ament_lint_auto: 0.10.6 (/opt/ros/galactic/share/ament_lint_auto/cmake)
[2.407s] -- Added test 'copyright' to check source files copyright and LICENSE
[2.411s] -- Added test 'cppcheck' to perform static code analysis on C / C++ code
[2.412s] -- Configured cppcheck include dirs: /workspace/planner/ros2/src/interfaces/include;$<BUILD_INTERFACE:/workspace/planner/ros2/src/interfaces/include>
[2.412s] -- Configured cppcheck exclude dirs and/or files: 
[2.414s] -- Added test 'cpplint' to check C / C++ code against the Google style
[2.415s] -- Configured cpplint exclude dirs and/or files: 
[2.416s] -- Added test 'lint_cmake' to check CMake code style
[2.419s] -- Added test 'uncrustify' to check C / C++ code style
[2.419s] -- Configured uncrustify additional arguments: 
[2.420s] -- Added test 'xmllint' to check XML markup files
[2.432s] -- Configuring done
[2.496s] -- Generating done
[2.499s] -- Build files have been written to: /workspace/planner/ros2/build/interfaces
[2.504s] Invoked command in '/workspace/planner/ros2/build/interfaces' returned '0': AMENT_PREFIX_PATH=/workspace/planner/ros2/install/utils:${AMENT_PREFIX_PATH} CMAKE_PREFIX_PATH=/workspace/planner/ros2/install/utils:/opt/ros/galactic LD_LIBRARY_PATH=/workspace/planner/ros2/install/utils/lib:${LD_LIBRARY_PATH} /usr/local/bin/cmake /workspace/planner/ros2/src/interfaces -DAMENT_CMAKE_SYMLINK_INSTALL=1 -DCMAKE_INSTALL_PREFIX=/workspace/planner/ros2/install/interfaces
[2.508s] Invoking command in '/workspace/planner/ros2/build/interfaces': AMENT_PREFIX_PATH=/workspace/planner/ros2/install/utils:${AMENT_PREFIX_PATH} CMAKE_PREFIX_PATH=/workspace/planner/ros2/install/utils:/opt/ros/galactic LD_LIBRARY_PATH=/workspace/planner/ros2/install/utils/lib:${LD_LIBRARY_PATH} /usr/local/bin/cmake --build /workspace/planner/ros2/build/interfaces -- -j12 -l12
[2.538s] [35m[1mScanning dependencies of target interfaces_node[0m
[2.650s] [ 66%] [32mBuilding CXX object CMakeFiles/interfaces_node.dir/src/modules/speaker.cpp.o[0m
[2.651s] [ 66%] [32mBuilding CXX object CMakeFiles/interfaces_node.dir/src/interfaces_node.cpp.o[0m
[2.855s] [01m[K/workspace/planner/ros2/src/interfaces/src/modules/speaker.cpp:37:5:[m[K [01;35m[Kwarning: [m[K"/*" within comment [[01;35m[K-Wcomment[m[K]
[2.855s]    37 |     /* Open the PCM device in playback mode */
[2.855s]       |      
[5.115s] [01m[K/workspace/planner/ros2/src/interfaces/src/modules/speaker.cpp:[m[K In constructor ‘[01m[KSpeaker::Speaker(rclcpp::NodeOptions&)[m[K’:
[5.115s] [01m[K/workspace/planner/ros2/src/interfaces/src/modules/speaker.cpp:38:13:[m[K [01;35m[Kwarning: [m[Ksuggest parentheses around assignment used as truth value [[01;35m[K-Wparentheses[m[K]
[5.115s]    38 |     if ([01;35m[Kpcm = (snd_pcm_open(&pcm_handle, m_sound_device.c_str(), SND_PCM_STREAM_PLAYBACK, 0) < 0)[m[K)
[5.115s]       |         [01;35m[K~~~~^~~~~~~~~~~~~~~~~~~~~~~~~~~~~~~~~~~~~~~~~~~~~~~~~~~~~~~~~~~~~~~~~~~~~~~~~~~~~~~~~~~~~[m[K
[5.116s] In file included from [01m[K/opt/ros/galactic/include/rclcpp/client.hpp:40[m[K,
[5.116s]                  from [01m[K/opt/ros/galactic/include/rclcpp/callback_group.hpp:23[m[K,
[5.116s]                  from [01m[K/opt/ros/galactic/include/rclcpp/any_executable.hpp:20[m[K,
[5.116s]                  from [01m[K/opt/ros/galactic/include/rclcpp/memory_strategy.hpp:25[m[K,
[5.116s]                  from [01m[K/opt/ros/galactic/include/rclcpp/memory_strategies.hpp:18[m[K,
[5.116s]                  from [01m[K/opt/ros/galactic/include/rclcpp/executor_options.hpp:20[m[K,
[5.116s]                  from [01m[K/opt/ros/galactic/include/rclcpp/executor.hpp:36[m[K,
[5.116s]                  from [01m[K/opt/ros/galactic/include/rclcpp/executors/multi_threaded_executor.hpp:26[m[K,
[5.116s]                  from [01m[K/opt/ros/galactic/include/rclcpp/executors.hpp:21[m[K,
[5.117s]                  from [01m[K/opt/ros/galactic/include/rclcpp/rclcpp.hpp:156[m[K,
[5.117s]                  from [01m[K/workspace/planner/ros2/src/interfaces/include/modules/speaker.hpp:12[m[K,
[5.117s]                  from [01m[K/workspace/planner/ros2/src/interfaces/src/modules/speaker.cpp:8[m[K:
[5.117s] [01m[K/workspace/planner/ros2/src/interfaces/src/modules/speaker.cpp:39:42:[m[K [01;35m[Kwarning: [m[Kformat ‘[01m[K%s[m[K’ expects argument of type ‘[01m[Kchar*[m[K’, but argument 5 has type ‘[01m[Kstd::string[m[K’ {aka ‘[01m[Kstd::__cxx11::basic_string<char>[m[K’} [[01;35m[K-Wformat=[m[K]
[5.117s]    39 |         RCLCPP_ERROR(this->get_logger(), [01;35m[K"ERROR: Can't open \"%s\" PCM device. %s"[m[K, m_sound_device, snd_strerror(pcm));
[5.117s]       |                                          [01;35m[K^~~~~~~~~~~~~~~~~~~~~~~~~~~~~~~~~~~~~~~~~[m[K
[5.118s] [01m[K/workspace/planner/ros2/src/interfaces/src/modules/speaker.cpp:39:64:[m[K [01;36m[Knote: [m[Kformat string is defined here
[5.118s]    39 |         RCLCPP_ERROR(this->get_logger(), "ERROR: Can't open \"[01;36m[K%s[m[K\" PCM device. %s", m_sound_device, snd_strerror(pcm));
[5.118s]       |                                                               [01;36m[K~^[m[K
[5.118s]       |                                                                [01;36m[K|[m[K
[5.118s]       |                                                                [01;36m[Kchar*[m[K
[5.118s] [01m[K/workspace/planner/ros2/src/interfaces/src/modules/speaker.cpp:46:13:[m[K [01;35m[Kwarning: [m[Ksuggest parentheses around assignment used as truth value [[01;35m[K-Wparentheses[m[K]
[5.118s]    46 |     if ([01;35m[Kpcm = (snd_pcm_hw_params_set_access(pcm_handle, params, SND_PCM_ACCESS_RW_INTERLEAVED) < 0)[m[K)
[5.118s]       |         [01;35m[K~~~~^~~~~~~~~~~~~~~~~~~~~~~~~~~~~~~~~~~~~~~~~~~~~~~~~~~~~~~~~~~~~~~~~~~~~~~~~~~~~~~~~~~~~~~[m[K
[5.118s] [01m[K/workspace/planner/ros2/src/interfaces/src/modules/speaker.cpp:49:13:[m[K [01;35m[Kwarning: [m[Ksuggest parentheses around assignment used as truth value [[01;35m[K-Wparentheses[m[K]
[5.118s]    49 |     if ([01;35m[Kpcm = (snd_pcm_hw_params_set_format(pcm_handle, params, SND_PCM_FORMAT_S16_LE) < 0)[m[K)
[5.118s]       |         [01;35m[K~~~~^~~~~~~~~~~~~~~~~~~~~~~~~~~~~~~~~~~~~~~~~~~~~~~~~~~~~~~~~~~~~~~~~~~~~~~~~~~~~~~[m[K
[5.118s] [01m[K/workspace/planner/ros2/src/interfaces/src/modules/speaker.cpp:53:13:[m[K [01;35m[Kwarning: [m[Ksuggest parentheses around assignment used as truth value [[01;35m[K-Wparentheses[m[K]
[5.119s]    53 |     if ([01;35m[Kpcm = (snd_pcm_hw_params_set_channels(pcm_handle, params, channels) < 0)[m[K)
[5.119s]       |         [01;35m[K~~~~^~~~~~~~~~~~~~~~~~~~~~~~~~~~~~~~~~~~~~~~~~~~~~~~~~~~~~~~~~~~~~~~~~~~[m[K
[5.119s] [01m[K/workspace/planner/ros2/src/interfaces/src/modules/speaker.cpp:56:13:[m[K [01;35m[Kwarning: [m[Ksuggest parentheses around assignment used as truth value [[01;35m[K-Wparentheses[m[K]
[5.119s]    56 |     if ([01;35m[Kpcm = (snd_pcm_hw_params_set_rate_near(pcm_handle, params, &rate, 0) < 0)[m[K)
[5.119s]       |         [01;35m[K~~~~^~~~~~~~~~~~~~~~~~~~~~~~~~~~~~~~~~~~~~~~~~~~~~~~~~~~~~~~~~~~~~~~~~~~~[m[K
[5.120s] [01m[K/workspace/planner/ros2/src/interfaces/src/modules/speaker.cpp:60:13:[m[K [01;35m[Kwarning: [m[Ksuggest parentheses around assignment used as truth value [[01;35m[K-Wparentheses[m[K]
[5.120s]    60 |     if ([01;35m[Kpcm = (snd_pcm_hw_params(pcm_handle, params) < 0)[m[K)
[5.120s]       |         [01;35m[K~~~~^~~~~~~~~~~~~~~~~~~~~~~~~~~~~~~~~~~~~~~~~~~~~[m[K
[5.123s] [01m[K/workspace/planner/ros2/src/interfaces/src/modules/speaker.cpp:82:82:[m[K [01;35m[Kwarning: [m[Kconverting from ‘[01m[Kvoid* (Speaker::*)()[m[K’ to ‘[01m[KSpeaker::THREADFUNCPTR[m[K’ {aka ‘[01m[Kvoid* (*)(void*)[m[K’} [[01;35m[K-Wpedantic[m[K]
[5.123s]    82 |     ambient = pthread_create(&pthread_id_ambient, NULL, (THREADFUNCPTR)&Speaker::[01;35m[KAmbientSound[m[K, this);
[5.123s]       |                                                                                  [01;35m[K^~~~~~~~~~~~[m[K
[5.384s] [01m[K/workspace/planner/ros2/src/interfaces/src/modules/speaker.cpp:[m[K In member function ‘[01m[Kvoid Speaker::speakerCb(std_msgs::msg::Int8_<std::allocator<void> >::SharedPtr)[m[K’:
[5.385s] [01m[K/workspace/planner/ros2/src/interfaces/src/modules/speaker.cpp:100:81:[m[K [01;35m[Kwarning: [m[Kconverting from ‘[01m[Kvoid* (Speaker::*)()[m[K’ to ‘[01m[KSpeaker::THREADFUNCPTR[m[K’ {aka ‘[01m[Kvoid* (*)(void*)[m[K’} [[01;35m[K-Wpedantic[m[K]
[5.385s]   100 |             status = pthread_create(&pthread_id, NULL, (THREADFUNCPTR)&Speaker::[01;35m[KPlaySound[m[K, this);
[5.385s]       |                                                                                 [01;35m[K^~~~~~~~~[m[K
[5.385s] [01m[K/workspace/planner/ros2/src/interfaces/src/modules/speaker.cpp:107:81:[m[K [01;35m[Kwarning: [m[Kconverting from ‘[01m[Kvoid* (Speaker::*)()[m[K’ to ‘[01m[KSpeaker::THREADFUNCPTR[m[K’ {aka ‘[01m[Kvoid* (*)(void*)[m[K’} [[01;35m[K-Wpedantic[m[K]
[5.385s]   107 |             status = pthread_create(&pthread_id, NULL, (THREADFUNCPTR)&Speaker::[01;35m[KPlaySound[m[K, this);
[5.385s]       |                                                                                 [01;35m[K^~~~~~~~~[m[K
[5.395s] [01m[K/workspace/planner/ros2/src/interfaces/src/modules/speaker.cpp:[m[K In member function ‘[01m[Kvoid* Speaker::PlaySound()[m[K’:
[5.395s] [01m[K/workspace/planner/ros2/src/interfaces/src/modules/speaker.cpp:142:20:[m[K [01;35m[Kwarning: [m[Ksuggest parentheses around assignment used as truth value [[01;35m[K-Wparentheses[m[K]
[5.395s]   142 |     while ([01;35m[Kreadval = (read(readfd, buff, buff_size) > 0)[m[K)
[5.395s]       |            [01;35m[K~~~~~~~~^~~~~~~~~~~~~~~~~~~~~~~~~~~~~~~~~~~~~[m[K
[5.395s] [01m[K/workspace/planner/ros2/src/interfaces/src/modules/speaker.cpp:144:17:[m[K [01;35m[Kwarning: [m[Ksuggest parentheses around assignment used as truth value [[01;35m[K-Wparentheses[m[K]
[5.395s]   144 |         if (pcm [01;35m[K=[m[K snd_pcm_writei(pcm_handle, buff, frames) == -EPIPE)
[5.395s]       |                 [01;35m[K^[m[K
[5.396s] [01m[K/workspace/planner/ros2/src/interfaces/src/modules/speaker.cpp:169:1:[m[K [01;35m[Kwarning: [m[Kno return statement in function returning non-void [[01;35m[K-Wreturn-type[m[K]
[5.396s]   169 | [01;35m[K}[m[K
[5.396s]       | [01;35m[K^[m[K
[5.396s] [01m[K/workspace/planner/ros2/src/interfaces/src/modules/speaker.cpp:[m[K In member function ‘[01m[Kvoid* Speaker::AmbientSound()[m[K’:
[5.397s] [01m[K/workspace/planner/ros2/src/interfaces/src/modules/speaker.cpp:183:36:[m[K [01;35m[Kwarning: [m[Ksuggest parentheses around assignment used as truth value [[01;35m[K-Wparentheses[m[K]
[5.397s]   183 |             while ([01;35m[Kreadval_ambient = (read(readfd_ambient, buff_ambient, buff_size_ambient) > 0)[m[K)
[5.397s]       |                    [01;35m[K~~~~~~~~~~~~~~~~^~~~~~~~~~~~~~~~~~~~~~~~~~~~~~~~~~~~~~~~~~~~~~~~~~~~~~~~~~~~~[m[K
[5.397s] [01m[K/workspace/planner/ros2/src/interfaces/src/modules/speaker.cpp:187:29:[m[K [01;35m[Kwarning: [m[Ksuggest parentheses around assignment used as truth value [[01;35m[K-Wparentheses[m[K]
[5.397s]   187 |                     if (pcm [01;35m[K=[m[K snd_pcm_writei(pcm_handle, buff_ambient, frames) == -EPIPE)
[5.397s]       |                             [01;35m[K^[m[K
[11.886s] [100%] [32m[1mLinking CXX executable interfaces_node[0m
[12.324s] [100%] Built target interfaces_node
[12.331s] Invoked command in '/workspace/planner/ros2/build/interfaces' returned '0': AMENT_PREFIX_PATH=/workspace/planner/ros2/install/utils:${AMENT_PREFIX_PATH} CMAKE_PREFIX_PATH=/workspace/planner/ros2/install/utils:/opt/ros/galactic LD_LIBRARY_PATH=/workspace/planner/ros2/install/utils/lib:${LD_LIBRARY_PATH} /usr/local/bin/cmake --build /workspace/planner/ros2/build/interfaces -- -j12 -l12
[12.366s] Invoking command in '/workspace/planner/ros2/build/interfaces': AMENT_PREFIX_PATH=/workspace/planner/ros2/install/utils:${AMENT_PREFIX_PATH} CMAKE_PREFIX_PATH=/workspace/planner/ros2/install/utils:/opt/ros/galactic LD_LIBRARY_PATH=/workspace/planner/ros2/install/utils/lib:${LD_LIBRARY_PATH} /usr/local/bin/cmake --install /workspace/planner/ros2/build/interfaces
[12.370s] -- Install configuration: ""
[12.371s] -- Execute custom install script
[12.372s] -- Symlinking: /workspace/planner/ros2/install/interfaces/lib/interfaces/interfaces_node
[12.377s] -- Symlinking: /workspace/planner/ros2/install/interfaces/include/modules//speaker.hpp
[12.382s] -- Symlinking: /workspace/planner/ros2/install/interfaces/share/ament_index/resource_index/package_run_dependencies/interfaces
[12.386s] -- Symlinking: /workspace/planner/ros2/install/interfaces/share/ament_index/resource_index/parent_prefix_path/interfaces
[12.394s] -- Symlinking: /workspace/planner/ros2/install/interfaces/share/interfaces/environment/ament_prefix_path.sh
[12.398s] -- Symlinking: /workspace/planner/ros2/install/interfaces/share/interfaces/environment/ament_prefix_path.dsv
[12.402s] -- Symlinking: /workspace/planner/ros2/install/interfaces/share/interfaces/environment/path.sh
[12.406s] -- Symlinking: /workspace/planner/ros2/install/interfaces/share/interfaces/environment/path.dsv
[12.410s] -- Symlinking: /workspace/planner/ros2/install/interfaces/share/interfaces/local_setup.bash
[12.415s] -- Symlinking: /workspace/planner/ros2/install/interfaces/share/interfaces/local_setup.sh
[12.419s] -- Symlinking: /workspace/planner/ros2/install/interfaces/share/interfaces/local_setup.zsh
[12.423s] -- Symlinking: /workspace/planner/ros2/install/interfaces/share/interfaces/local_setup.dsv
[12.426s] -- Symlinking: /workspace/planner/ros2/install/interfaces/share/interfaces/package.dsv
[12.430s] -- Symlinking: /workspace/planner/ros2/install/interfaces/share/ament_index/resource_index/packages/interfaces
[12.434s] -- Symlinking: /workspace/planner/ros2/install/interfaces/share/interfaces/cmake/ament_cmake_export_dependencies-extras.cmake
[12.439s] -- Symlinking: /workspace/planner/ros2/install/interfaces/share/interfaces/cmake/ament_cmake_export_include_directories-extras.cmake
[12.443s] -- Symlinking: /workspace/planner/ros2/install/interfaces/share/interfaces/cmake/interfacesConfig.cmake
[12.447s] -- Symlinking: /workspace/planner/ros2/install/interfaces/share/interfaces/cmake/interfacesConfig-version.cmake
[12.453s] -- Symlinking: /workspace/planner/ros2/install/interfaces/share/interfaces/package.xml
[12.463s] Invoked command in '/workspace/planner/ros2/build/interfaces' returned '0': AMENT_PREFIX_PATH=/workspace/planner/ros2/install/utils:${AMENT_PREFIX_PATH} CMAKE_PREFIX_PATH=/workspace/planner/ros2/install/utils:/opt/ros/galactic LD_LIBRARY_PATH=/workspace/planner/ros2/install/utils/lib:${LD_LIBRARY_PATH} /usr/local/bin/cmake --install /workspace/planner/ros2/build/interfaces
