[0.081s] Invoking command in '/workspace/planner/ros2/build/utils': CMAKE_PREFIX_PATH=/opt/ros/galactic /usr/local/bin/cmake --build /workspace/planner/ros2/build/utils -- -j12 -l12
[1.037s] [100%] Built target utils
[1.331s] Invoked command in '/workspace/planner/ros2/build/utils' returned '0': CMAKE_PREFIX_PATH=/opt/ros/galactic /usr/local/bin/cmake --build /workspace/planner/ros2/build/utils -- -j12 -l12
[1.363s] Invoking command in '/workspace/planner/ros2/build/utils': CMAKE_PREFIX_PATH=/opt/ros/galactic /usr/local/bin/cmake --install /workspace/planner/ros2/build/utils
[1.368s] -- Install configuration: ""
[1.369s] -- Execute custom install script
[1.370s] -- Up-to-date symlink: /workspace/planner/ros2/install/utils/share/utils/environment/library_path.sh
[1.371s] -- Up-to-date symlink: /workspace/planner/ros2/install/utils/share/utils/environment/library_path.dsv
[1.372s] -- Up-to-date symlink: /workspace/planner/ros2/install/utils/include/utils//console.hpp
[1.373s] -- Up-to-date symlink: /workspace/planner/ros2/install/utils/share/ament_index/resource_index/package_run_dependencies/utils
[1.374s] -- Up-to-date symlink: /workspace/planner/ros2/install/utils/share/ament_index/resource_index/parent_prefix_path/utils
[1.375s] -- Up-to-date symlink: /workspace/planner/ros2/install/utils/share/utils/environment/ament_prefix_path.sh
[1.376s] -- Up-to-date symlink: /workspace/planner/ros2/install/utils/share/utils/environment/ament_prefix_path.dsv
[1.377s] -- Up-to-date symlink: /workspace/planner/ros2/install/utils/share/utils/environment/path.sh
[1.377s] -- Up-to-date symlink: /workspace/planner/ros2/install/utils/share/utils/environment/path.dsv
[1.378s] -- Up-to-date symlink: /workspace/planner/ros2/install/utils/share/utils/local_setup.bash
[1.379s] -- Up-to-date symlink: /workspace/planner/ros2/install/utils/share/utils/local_setup.sh
[1.379s] -- Up-to-date symlink: /workspace/planner/ros2/install/utils/share/utils/local_setup.zsh
[1.380s] -- Up-to-date symlink: /workspace/planner/ros2/install/utils/share/utils/local_setup.dsv
[1.381s] -- Symlinking: /workspace/planner/ros2/install/utils/share/utils/package.dsv
[1.386s] -- Up-to-date symlink: /workspace/planner/ros2/install/utils/share/ament_index/resource_index/packages/utils
[1.387s] -- Up-to-date symlink: /workspace/planner/ros2/install/utils/share/utils/cmake/ament_cmake_export_dependencies-extras.cmake
[1.388s] -- Up-to-date symlink: /workspace/planner/ros2/install/utils/share/utils/cmake/ament_cmake_export_targets-extras.cmake
[1.388s] -- Up-to-date symlink: /workspace/planner/ros2/install/utils/share/utils/cmake/utilsConfig.cmake
[1.389s] -- Up-to-date symlink: /workspace/planner/ros2/install/utils/share/utils/cmake/utilsConfig-version.cmake
[1.390s] -- Up-to-date symlink: /workspace/planner/ros2/install/utils/share/utils/package.xml
[1.390s] -- Up-to-date: /workspace/planner/ros2/install/utils/lib/libutils.a
[1.391s] -- Up-to-date: /workspace/planner/ros2/install/utils/share/utils/cmake/export_utilsExport.cmake
[1.391s] -- Up-to-date: /workspace/planner/ros2/install/utils/share/utils/cmake/export_utilsExport-noconfig.cmake
[1.396s] Invoked command in '/workspace/planner/ros2/build/utils' returned '0': CMAKE_PREFIX_PATH=/opt/ros/galactic /usr/local/bin/cmake --install /workspace/planner/ros2/build/utils
