[0.016s] Invoking command in '/workspace/planner/ros2/build/interfaces': AMENT_PREFIX_PATH=/workspace/planner/ros2/install/utils:${AMENT_PREFIX_PATH} CMAKE_PREFIX_PATH=/workspace/planner/ros2/install/utils:/opt/ros/galactic LD_LIBRARY_PATH=/workspace/planner/ros2/install/utils/lib:${LD_LIBRARY_PATH} /usr/local/bin/cmake --build /workspace/planner/ros2/build/interfaces -- -j12 -l12
[0.072s] [100%] Built target interfaces_node
[0.080s] Invoked command in '/workspace/planner/ros2/build/interfaces' returned '0': AMENT_PREFIX_PATH=/workspace/planner/ros2/install/utils:${AMENT_PREFIX_PATH} CMAKE_PREFIX_PATH=/workspace/planner/ros2/install/utils:/opt/ros/galactic LD_LIBRARY_PATH=/workspace/planner/ros2/install/utils/lib:${LD_LIBRARY_PATH} /usr/local/bin/cmake --build /workspace/planner/ros2/build/interfaces -- -j12 -l12
[0.169s] Invoking command in '/workspace/planner/ros2/build/interfaces': AMENT_PREFIX_PATH=/workspace/planner/ros2/install/utils:${AMENT_PREFIX_PATH} CMAKE_PREFIX_PATH=/workspace/planner/ros2/install/utils:/opt/ros/galactic LD_LIBRARY_PATH=/workspace/planner/ros2/install/utils/lib:${LD_LIBRARY_PATH} /usr/local/bin/cmake --install /workspace/planner/ros2/build/interfaces
[0.180s] -- Install configuration: ""
[0.183s] -- Execute custom install script
[0.185s] -- Up-to-date symlink: /workspace/planner/ros2/install/interfaces/lib/interfaces/interfaces_node
[0.187s] -- Up-to-date symlink: /workspace/planner/ros2/install/interfaces/include/modules//speaker.hpp
[0.190s] -- Up-to-date symlink: /workspace/planner/ros2/install/interfaces/share/ament_index/resource_index/package_run_dependencies/interfaces
[0.191s] -- Up-to-date symlink: /workspace/planner/ros2/install/interfaces/share/ament_index/resource_index/parent_prefix_path/interfaces
[0.192s] -- Up-to-date symlink: /workspace/planner/ros2/install/interfaces/share/interfaces/environment/ament_prefix_path.sh
[0.193s] -- Up-to-date symlink: /workspace/planner/ros2/install/interfaces/share/interfaces/environment/ament_prefix_path.dsv
[0.194s] -- Up-to-date symlink: /workspace/planner/ros2/install/interfaces/share/interfaces/environment/path.sh
[0.195s] -- Up-to-date symlink: /workspace/planner/ros2/install/interfaces/share/interfaces/environment/path.dsv
[0.196s] -- Up-to-date symlink: /workspace/planner/ros2/install/interfaces/share/interfaces/local_setup.bash
[0.197s] -- Up-to-date symlink: /workspace/planner/ros2/install/interfaces/share/interfaces/local_setup.sh
[0.198s] -- Up-to-date symlink: /workspace/planner/ros2/install/interfaces/share/interfaces/local_setup.zsh
[0.199s] -- Up-to-date symlink: /workspace/planner/ros2/install/interfaces/share/interfaces/local_setup.dsv
[0.200s] -- Symlinking: /workspace/planner/ros2/install/interfaces/share/interfaces/package.dsv
[0.210s] -- Up-to-date symlink: /workspace/planner/ros2/install/interfaces/share/ament_index/resource_index/packages/interfaces
[0.211s] -- Up-to-date symlink: /workspace/planner/ros2/install/interfaces/share/interfaces/cmake/ament_cmake_export_dependencies-extras.cmake
[0.211s] -- Up-to-date symlink: /workspace/planner/ros2/install/interfaces/share/interfaces/cmake/ament_cmake_export_include_directories-extras.cmake
[0.212s] -- Up-to-date symlink: /workspace/planner/ros2/install/interfaces/share/interfaces/cmake/interfacesConfig.cmake
[0.212s] -- Up-to-date symlink: /workspace/planner/ros2/install/interfaces/share/interfaces/cmake/interfacesConfig-version.cmake
[0.216s] -- Up-to-date symlink: /workspace/planner/ros2/install/interfaces/share/interfaces/package.xml
[0.222s] Invoked command in '/workspace/planner/ros2/build/interfaces' returned '0': AMENT_PREFIX_PATH=/workspace/planner/ros2/install/utils:${AMENT_PREFIX_PATH} CMAKE_PREFIX_PATH=/workspace/planner/ros2/install/utils:/opt/ros/galactic LD_LIBRARY_PATH=/workspace/planner/ros2/install/utils/lib:${LD_LIBRARY_PATH} /usr/local/bin/cmake --install /workspace/planner/ros2/build/interfaces
