[0.013s] Invoking command in '/workspace/planner/ros2/build/usr_srvs': AMENT_PREFIX_PATH=/workspace/planner/ros2/install/usr_msgs:${AMENT_PREFIX_PATH} CMAKE_PREFIX_PATH=/workspace/planner/ros2/install/usr_msgs:/opt/ros/galactic LD_LIBRARY_PATH=/workspace/planner/ros2/install/usr_msgs/lib:${LD_LIBRARY_PATH} PYTHONPATH=/workspace/planner/ros2/install/usr_msgs/lib/python3.8/site-packages:${PYTHONPATH} /usr/local/bin/cmake --build /workspace/planner/ros2/build/usr_srvs -- -j12 -l12
[0.077s] [  3%] Built target usr_srvs__cpp
[0.088s] [ 17%] Built target usr_srvs__rosidl_generator_c
[0.100s] [ 31%] Built target usr_srvs__rosidl_typesupport_introspection_cpp
[0.112s] [ 44%] Built target usr_srvs__rosidl_typesupport_introspection_c
[0.121s] [ 58%] Built target usr_srvs__rosidl_typesupport_cpp
[0.134s] [ 72%] Built target usr_srvs__rosidl_typesupport_c
[0.157s] [ 72%] Built target usr_srvs
[0.175s] [ 75%] Built target usr_srvs__py
[0.191s] [ 86%] Built target usr_srvs__python
[0.213s] [100%] Built target usr_srvs__rosidl_typesupport_c__pyext
[0.213s] [100%] Built target usr_srvs__rosidl_typesupport_introspection_c__pyext
[0.221s] Invoked command in '/workspace/planner/ros2/build/usr_srvs' returned '0': AMENT_PREFIX_PATH=/workspace/planner/ros2/install/usr_msgs:${AMENT_PREFIX_PATH} CMAKE_PREFIX_PATH=/workspace/planner/ros2/install/usr_msgs:/opt/ros/galactic LD_LIBRARY_PATH=/workspace/planner/ros2/install/usr_msgs/lib:${LD_LIBRARY_PATH} PYTHONPATH=/workspace/planner/ros2/install/usr_msgs/lib/python3.8/site-packages:${PYTHONPATH} /usr/local/bin/cmake --build /workspace/planner/ros2/build/usr_srvs -- -j12 -l12
[0.280s] Invoking command in '/workspace/planner/ros2/build/usr_srvs': AMENT_PREFIX_PATH=/workspace/planner/ros2/install/usr_msgs:${AMENT_PREFIX_PATH} CMAKE_PREFIX_PATH=/workspace/planner/ros2/install/usr_msgs:/opt/ros/galactic LD_LIBRARY_PATH=/workspace/planner/ros2/install/usr_msgs/lib:${LD_LIBRARY_PATH} PYTHONPATH=/workspace/planner/ros2/install/usr_msgs/lib/python3.8/site-packages:${PYTHONPATH} /usr/local/bin/cmake --install /workspace/planner/ros2/build/usr_srvs
[0.286s] -- Install configuration: ""
[0.289s] -- Execute custom install script
[0.291s] -- Up-to-date symlink: /workspace/planner/ros2/install/usr_srvs/share/ament_index/resource_index/rosidl_interfaces/usr_srvs
[0.293s] -- Up-to-date symlink: /workspace/planner/ros2/install/usr_srvs/include/usr_srvs/msg/rosidl_generator_c__visibility_control.h
[0.294s] -- Up-to-date symlink: /workspace/planner/ros2/install/usr_srvs/include/usr_srvs/srv/detail/move__functions.h
[0.294s] -- Up-to-date symlink: /workspace/planner/ros2/install/usr_srvs/include/usr_srvs/srv/detail/move__struct.h
[0.294s] -- Up-to-date symlink: /workspace/planner/ros2/install/usr_srvs/include/usr_srvs/srv/detail/move__type_support.h
[0.296s] -- Up-to-date symlink: /workspace/planner/ros2/install/usr_srvs/include/usr_srvs/srv/detail/turn__functions.h
[0.297s] -- Up-to-date symlink: /workspace/planner/ros2/install/usr_srvs/include/usr_srvs/srv/detail/turn__struct.h
[0.297s] -- Up-to-date symlink: /workspace/planner/ros2/install/usr_srvs/include/usr_srvs/srv/detail/turn__type_support.h
[0.298s] -- Up-to-date symlink: /workspace/planner/ros2/install/usr_srvs/include/usr_srvs/srv/move.h
[0.299s] -- Up-to-date symlink: /workspace/planner/ros2/install/usr_srvs/include/usr_srvs/srv/turn.h
[0.301s] -- Up-to-date symlink: /workspace/planner/ros2/install/usr_srvs/share/usr_srvs/environment/library_path.sh
[0.302s] -- Up-to-date symlink: /workspace/planner/ros2/install/usr_srvs/share/usr_srvs/environment/library_path.dsv
[0.305s] -- Up-to-date symlink: /workspace/planner/ros2/install/usr_srvs/include/usr_srvs/msg/rosidl_typesupport_introspection_c__visibility_control.h
[0.306s] -- Up-to-date symlink: /workspace/planner/ros2/install/usr_srvs/include/usr_srvs/srv/detail/move__rosidl_typesupport_introspection_c.h
[0.306s] -- Up-to-date symlink: /workspace/planner/ros2/install/usr_srvs/include/usr_srvs/srv/detail/turn__rosidl_typesupport_introspection_c.h
[0.309s] -- Up-to-date symlink: /workspace/planner/ros2/install/usr_srvs/include/usr_srvs/srv/detail/move__builder.hpp
[0.310s] -- Up-to-date symlink: /workspace/planner/ros2/install/usr_srvs/include/usr_srvs/srv/detail/move__struct.hpp
[0.310s] -- Up-to-date symlink: /workspace/planner/ros2/install/usr_srvs/include/usr_srvs/srv/detail/move__traits.hpp
[0.311s] -- Up-to-date symlink: /workspace/planner/ros2/install/usr_srvs/include/usr_srvs/srv/detail/turn__builder.hpp
[0.313s] -- Up-to-date symlink: /workspace/planner/ros2/install/usr_srvs/include/usr_srvs/srv/detail/turn__struct.hpp
[0.313s] -- Up-to-date symlink: /workspace/planner/ros2/install/usr_srvs/include/usr_srvs/srv/detail/turn__traits.hpp
[0.313s] -- Up-to-date symlink: /workspace/planner/ros2/install/usr_srvs/include/usr_srvs/srv/move.hpp
[0.314s] -- Up-to-date symlink: /workspace/planner/ros2/install/usr_srvs/include/usr_srvs/srv/turn.hpp
[0.315s] -- Up-to-date symlink: /workspace/planner/ros2/install/usr_srvs/include/usr_srvs/srv/detail/move__rosidl_typesupport_introspection_cpp.hpp
[0.315s] -- Up-to-date symlink: /workspace/planner/ros2/install/usr_srvs/include/usr_srvs/srv/detail/turn__rosidl_typesupport_introspection_cpp.hpp
[0.316s] -- Up-to-date symlink: /workspace/planner/ros2/install/usr_srvs/share/usr_srvs/environment/pythonpath.sh
[0.317s] -- Up-to-date symlink: /workspace/planner/ros2/install/usr_srvs/share/usr_srvs/environment/pythonpath.dsv
[0.319s] -- Up-to-date symlink: /workspace/planner/ros2/install/usr_srvs/lib/python3.8/site-packages/usr_srvs/__init__.py
[0.322s] -- Up-to-date symlink: /workspace/planner/ros2/install/usr_srvs/lib/python3.8/site-packages/usr_srvs/srv/__init__.py
[0.322s] -- Up-to-date symlink: /workspace/planner/ros2/install/usr_srvs/lib/python3.8/site-packages/usr_srvs/srv/_move.py
[0.322s] -- Up-to-date symlink: /workspace/planner/ros2/install/usr_srvs/lib/python3.8/site-packages/usr_srvs/srv/_turn.py
[0.324s] -- Up-to-date symlink: /workspace/planner/ros2/install/usr_srvs/lib/python3.8/site-packages/usr_srvs/usr_srvs_s__rosidl_typesupport_introspection_c.cpython-38-x86_64-linux-gnu.so
[0.325s] -- Up-to-date symlink: /workspace/planner/ros2/install/usr_srvs/lib/python3.8/site-packages/usr_srvs/usr_srvs_s__rosidl_typesupport_c.cpython-38-x86_64-linux-gnu.so
[0.328s] -- Up-to-date symlink: /workspace/planner/ros2/install/usr_srvs/lib/libusr_srvs__python.so
[0.329s] -- Up-to-date symlink: /workspace/planner/ros2/install/usr_srvs/share/usr_srvs/srv/Move.idl
[0.330s] -- Up-to-date symlink: /workspace/planner/ros2/install/usr_srvs/share/usr_srvs/srv/Turn.idl
[0.332s] -- Up-to-date symlink: /workspace/planner/ros2/install/usr_srvs/share/usr_srvs/robot/Move.srv
[0.332s] -- Up-to-date symlink: /workspace/planner/ros2/install/usr_srvs/share/usr_srvs/robot/Move_Request.msg
[0.334s] -- Up-to-date symlink: /workspace/planner/ros2/install/usr_srvs/share/usr_srvs/robot/Move_Response.msg
[0.336s] -- Up-to-date symlink: /workspace/planner/ros2/install/usr_srvs/share/usr_srvs/robot/Turn.srv
[0.337s] -- Up-to-date symlink: /workspace/planner/ros2/install/usr_srvs/share/usr_srvs/robot/Turn_Request.msg
[0.338s] -- Up-to-date symlink: /workspace/planner/ros2/install/usr_srvs/share/usr_srvs/robot/Turn_Response.msg
[0.339s] -- Up-to-date symlink: /workspace/planner/ros2/install/usr_srvs/share/ament_index/resource_index/package_run_dependencies/usr_srvs
[0.340s] -- Up-to-date symlink: /workspace/planner/ros2/install/usr_srvs/share/ament_index/resource_index/parent_prefix_path/usr_srvs
[0.341s] -- Up-to-date symlink: /workspace/planner/ros2/install/usr_srvs/share/usr_srvs/environment/ament_prefix_path.sh
[0.341s] -- Up-to-date symlink: /workspace/planner/ros2/install/usr_srvs/share/usr_srvs/environment/ament_prefix_path.dsv
[0.342s] -- Up-to-date symlink: /workspace/planner/ros2/install/usr_srvs/share/usr_srvs/environment/path.sh
[0.343s] -- Up-to-date symlink: /workspace/planner/ros2/install/usr_srvs/share/usr_srvs/environment/path.dsv
[0.344s] -- Up-to-date symlink: /workspace/planner/ros2/install/usr_srvs/share/usr_srvs/local_setup.bash
[0.345s] -- Up-to-date symlink: /workspace/planner/ros2/install/usr_srvs/share/usr_srvs/local_setup.sh
[0.346s] -- Up-to-date symlink: /workspace/planner/ros2/install/usr_srvs/share/usr_srvs/local_setup.zsh
[0.347s] -- Up-to-date symlink: /workspace/planner/ros2/install/usr_srvs/share/usr_srvs/local_setup.dsv
[0.348s] -- Symlinking: /workspace/planner/ros2/install/usr_srvs/share/usr_srvs/package.dsv
[0.353s] -- Up-to-date symlink: /workspace/planner/ros2/install/usr_srvs/share/ament_index/resource_index/packages/usr_srvs
[0.354s] -- Up-to-date symlink: /workspace/planner/ros2/install/usr_srvs/share/usr_srvs/cmake/rosidl_cmake-extras.cmake
[0.356s] -- Up-to-date symlink: /workspace/planner/ros2/install/usr_srvs/share/usr_srvs/cmake/ament_cmake_export_dependencies-extras.cmake
[0.358s] -- Up-to-date symlink: /workspace/planner/ros2/install/usr_srvs/share/usr_srvs/cmake/ament_cmake_export_libraries-extras.cmake
[0.359s] -- Up-to-date symlink: /workspace/planner/ros2/install/usr_srvs/share/usr_srvs/cmake/ament_cmake_export_targets-extras.cmake
[0.360s] -- Up-to-date symlink: /workspace/planner/ros2/install/usr_srvs/share/usr_srvs/cmake/ament_cmake_export_include_directories-extras.cmake
[0.361s] -- Up-to-date symlink: /workspace/planner/ros2/install/usr_srvs/share/usr_srvs/cmake/rosidl_cmake_export_typesupport_targets-extras.cmake
[0.363s] -- Up-to-date symlink: /workspace/planner/ros2/install/usr_srvs/share/usr_srvs/cmake/usr_srvsConfig.cmake
[0.363s] -- Up-to-date symlink: /workspace/planner/ros2/install/usr_srvs/share/usr_srvs/cmake/usr_srvsConfig-version.cmake
[0.364s] -- Up-to-date symlink: /workspace/planner/ros2/install/usr_srvs/share/usr_srvs/package.xml
[0.365s] -- Up-to-date: /workspace/planner/ros2/install/usr_srvs/lib/libusr_srvs__rosidl_generator_c.so
[0.366s] -- Up-to-date: /workspace/planner/ros2/install/usr_srvs/lib/libusr_srvs__rosidl_typesupport_introspection_c.so
[0.368s] -- Up-to-date: /workspace/planner/ros2/install/usr_srvs/lib/libusr_srvs__rosidl_typesupport_c.so
[0.369s] -- Up-to-date: /workspace/planner/ros2/install/usr_srvs/lib/libusr_srvs__rosidl_typesupport_introspection_cpp.so
[0.370s] -- Up-to-date: /workspace/planner/ros2/install/usr_srvs/lib/libusr_srvs__rosidl_typesupport_cpp.so
[0.437s] -- Up-to-date: /workspace/planner/ros2/install/usr_srvs/share/usr_srvs/cmake/usr_srvs__rosidl_generator_cExport.cmake
[0.438s] -- Up-to-date: /workspace/planner/ros2/install/usr_srvs/share/usr_srvs/cmake/usr_srvs__rosidl_generator_cExport-noconfig.cmake
[0.439s] -- Up-to-date: /workspace/planner/ros2/install/usr_srvs/share/usr_srvs/cmake/usr_srvs__rosidl_typesupport_introspection_cExport.cmake
[0.439s] -- Up-to-date: /workspace/planner/ros2/install/usr_srvs/share/usr_srvs/cmake/usr_srvs__rosidl_typesupport_introspection_cExport-noconfig.cmake
[0.440s] -- Up-to-date: /workspace/planner/ros2/install/usr_srvs/share/usr_srvs/cmake/usr_srvs__rosidl_typesupport_cExport.cmake
[0.440s] -- Up-to-date: /workspace/planner/ros2/install/usr_srvs/share/usr_srvs/cmake/usr_srvs__rosidl_typesupport_cExport-noconfig.cmake
[0.440s] -- Up-to-date: /workspace/planner/ros2/install/usr_srvs/share/usr_srvs/cmake/usr_srvs__rosidl_generator_cppExport.cmake
[0.440s] -- Up-to-date: /workspace/planner/ros2/install/usr_srvs/share/usr_srvs/cmake/usr_srvs__rosidl_typesupport_introspection_cppExport.cmake
[0.440s] -- Up-to-date: /workspace/planner/ros2/install/usr_srvs/share/usr_srvs/cmake/usr_srvs__rosidl_typesupport_introspection_cppExport-noconfig.cmake
[0.441s] -- Up-to-date: /workspace/planner/ros2/install/usr_srvs/share/usr_srvs/cmake/usr_srvs__rosidl_typesupport_cppExport.cmake
[0.441s] -- Up-to-date: /workspace/planner/ros2/install/usr_srvs/share/usr_srvs/cmake/usr_srvs__rosidl_typesupport_cppExport-noconfig.cmake
[0.452s] Invoked command in '/workspace/planner/ros2/build/usr_srvs' returned '0': AMENT_PREFIX_PATH=/workspace/planner/ros2/install/usr_msgs:${AMENT_PREFIX_PATH} CMAKE_PREFIX_PATH=/workspace/planner/ros2/install/usr_msgs:/opt/ros/galactic LD_LIBRARY_PATH=/workspace/planner/ros2/install/usr_msgs/lib:${LD_LIBRARY_PATH} PYTHONPATH=/workspace/planner/ros2/install/usr_msgs/lib/python3.8/site-packages:${PYTHONPATH} /usr/local/bin/cmake --install /workspace/planner/ros2/build/usr_srvs
