[0.019s] Invoking command in '/workspace/planner/ros2/build/usr_srvs': AMENT_PREFIX_PATH=/workspace/planner/ros2/install/usr_msgs:${AMENT_PREFIX_PATH} CMAKE_PREFIX_PATH=/workspace/planner/ros2/install/usr_msgs:/opt/ros/galactic LD_LIBRARY_PATH=/workspace/planner/ros2/install/usr_msgs/lib:${LD_LIBRARY_PATH} PYTHONPATH=/workspace/planner/ros2/install/usr_msgs/lib/python3.8/site-packages:${PYTHONPATH} /usr/local/bin/cmake --build /workspace/planner/ros2/build/usr_srvs -- -j12 -l12
[0.114s] [  3%] Built target usr_srvs__cpp
[0.115s] [ 17%] Built target usr_srvs__rosidl_generator_c
[0.141s] [ 31%] Built target usr_srvs__rosidl_typesupport_introspection_cpp
[0.146s] [ 44%] Built target usr_srvs__rosidl_typesupport_introspection_c
[0.162s] [ 58%] Built target usr_srvs__rosidl_typesupport_cpp
[0.174s] [ 72%] Built target usr_srvs__rosidl_typesupport_c
[0.194s] [ 72%] Built target usr_srvs
[0.217s] [ 75%] Built target usr_srvs__py
[0.231s] [ 86%] Built target usr_srvs__python
[0.250s] [100%] Built target usr_srvs__rosidl_typesupport_c__pyext
[0.250s] [100%] Built target usr_srvs__rosidl_typesupport_introspection_c__pyext
[0.259s] Invoked command in '/workspace/planner/ros2/build/usr_srvs' returned '0': AMENT_PREFIX_PATH=/workspace/planner/ros2/install/usr_msgs:${AMENT_PREFIX_PATH} CMAKE_PREFIX_PATH=/workspace/planner/ros2/install/usr_msgs:/opt/ros/galactic LD_LIBRARY_PATH=/workspace/planner/ros2/install/usr_msgs/lib:${LD_LIBRARY_PATH} PYTHONPATH=/workspace/planner/ros2/install/usr_msgs/lib/python3.8/site-packages:${PYTHONPATH} /usr/local/bin/cmake --build /workspace/planner/ros2/build/usr_srvs -- -j12 -l12
[0.318s] Invoking command in '/workspace/planner/ros2/build/usr_srvs': AMENT_PREFIX_PATH=/workspace/planner/ros2/install/usr_msgs:${AMENT_PREFIX_PATH} CMAKE_PREFIX_PATH=/workspace/planner/ros2/install/usr_msgs:/opt/ros/galactic LD_LIBRARY_PATH=/workspace/planner/ros2/install/usr_msgs/lib:${LD_LIBRARY_PATH} PYTHONPATH=/workspace/planner/ros2/install/usr_msgs/lib/python3.8/site-packages:${PYTHONPATH} /usr/local/bin/cmake --install /workspace/planner/ros2/build/usr_srvs
[0.323s] -- Install configuration: ""
[0.325s] -- Execute custom install script
[0.327s] -- Up-to-date symlink: /workspace/planner/ros2/install/usr_srvs/share/ament_index/resource_index/rosidl_interfaces/usr_srvs
[0.329s] -- Up-to-date symlink: /workspace/planner/ros2/install/usr_srvs/include/usr_srvs/msg/rosidl_generator_c__visibility_control.h
[0.329s] -- Up-to-date symlink: /workspace/planner/ros2/install/usr_srvs/include/usr_srvs/srv/detail/move__functions.h
[0.330s] -- Up-to-date symlink: /workspace/planner/ros2/install/usr_srvs/include/usr_srvs/srv/detail/move__struct.h
[0.330s] -- Up-to-date symlink: /workspace/planner/ros2/install/usr_srvs/include/usr_srvs/srv/detail/move__type_support.h
[0.331s] -- Up-to-date symlink: /workspace/planner/ros2/install/usr_srvs/include/usr_srvs/srv/detail/turn__functions.h
[0.331s] -- Up-to-date symlink: /workspace/planner/ros2/install/usr_srvs/include/usr_srvs/srv/detail/turn__struct.h
[0.332s] -- Up-to-date symlink: /workspace/planner/ros2/install/usr_srvs/include/usr_srvs/srv/detail/turn__type_support.h
[0.333s] -- Up-to-date symlink: /workspace/planner/ros2/install/usr_srvs/include/usr_srvs/srv/move.h
[0.334s] -- Up-to-date symlink: /workspace/planner/ros2/install/usr_srvs/include/usr_srvs/srv/turn.h
[0.335s] -- Up-to-date symlink: /workspace/planner/ros2/install/usr_srvs/share/usr_srvs/environment/library_path.sh
[0.336s] -- Up-to-date symlink: /workspace/planner/ros2/install/usr_srvs/share/usr_srvs/environment/library_path.dsv
[0.337s] -- Up-to-date symlink: /workspace/planner/ros2/install/usr_srvs/include/usr_srvs/msg/rosidl_typesupport_introspection_c__visibility_control.h
[0.338s] -- Up-to-date symlink: /workspace/planner/ros2/install/usr_srvs/include/usr_srvs/srv/detail/move__rosidl_typesupport_introspection_c.h
[0.339s] -- Up-to-date symlink: /workspace/planner/ros2/install/usr_srvs/include/usr_srvs/srv/detail/turn__rosidl_typesupport_introspection_c.h
[0.340s] -- Up-to-date symlink: /workspace/planner/ros2/install/usr_srvs/include/usr_srvs/srv/detail/move__builder.hpp
[0.341s] -- Up-to-date symlink: /workspace/planner/ros2/install/usr_srvs/include/usr_srvs/srv/detail/move__struct.hpp
[0.342s] -- Up-to-date symlink: /workspace/planner/ros2/install/usr_srvs/include/usr_srvs/srv/detail/move__traits.hpp
[0.344s] -- Up-to-date symlink: /workspace/planner/ros2/install/usr_srvs/include/usr_srvs/srv/detail/turn__builder.hpp
[0.344s] -- Up-to-date symlink: /workspace/planner/ros2/install/usr_srvs/include/usr_srvs/srv/detail/turn__struct.hpp
[0.344s] -- Up-to-date symlink: /workspace/planner/ros2/install/usr_srvs/include/usr_srvs/srv/detail/turn__traits.hpp
[0.345s] -- Up-to-date symlink: /workspace/planner/ros2/install/usr_srvs/include/usr_srvs/srv/move.hpp
[0.345s] -- Up-to-date symlink: /workspace/planner/ros2/install/usr_srvs/include/usr_srvs/srv/turn.hpp
[0.347s] -- Up-to-date symlink: /workspace/planner/ros2/install/usr_srvs/include/usr_srvs/srv/detail/move__rosidl_typesupport_introspection_cpp.hpp
[0.347s] -- Up-to-date symlink: /workspace/planner/ros2/install/usr_srvs/include/usr_srvs/srv/detail/turn__rosidl_typesupport_introspection_cpp.hpp
[0.349s] -- Up-to-date symlink: /workspace/planner/ros2/install/usr_srvs/share/usr_srvs/environment/pythonpath.sh
[0.349s] -- Up-to-date symlink: /workspace/planner/ros2/install/usr_srvs/share/usr_srvs/environment/pythonpath.dsv
[0.350s] -- Up-to-date symlink: /workspace/planner/ros2/install/usr_srvs/lib/python3.8/site-packages/usr_srvs/__init__.py
[0.352s] -- Up-to-date symlink: /workspace/planner/ros2/install/usr_srvs/lib/python3.8/site-packages/usr_srvs/srv/__init__.py
[0.352s] -- Up-to-date symlink: /workspace/planner/ros2/install/usr_srvs/lib/python3.8/site-packages/usr_srvs/srv/_move.py
[0.353s] -- Up-to-date symlink: /workspace/planner/ros2/install/usr_srvs/lib/python3.8/site-packages/usr_srvs/srv/_turn.py
[0.354s] -- Up-to-date symlink: /workspace/planner/ros2/install/usr_srvs/lib/python3.8/site-packages/usr_srvs/usr_srvs_s__rosidl_typesupport_introspection_c.cpython-38-x86_64-linux-gnu.so
[0.355s] -- Up-to-date symlink: /workspace/planner/ros2/install/usr_srvs/lib/python3.8/site-packages/usr_srvs/usr_srvs_s__rosidl_typesupport_c.cpython-38-x86_64-linux-gnu.so
[0.357s] -- Up-to-date symlink: /workspace/planner/ros2/install/usr_srvs/lib/libusr_srvs__python.so
[0.358s] -- Up-to-date symlink: /workspace/planner/ros2/install/usr_srvs/share/usr_srvs/srv/Move.idl
[0.359s] -- Up-to-date symlink: /workspace/planner/ros2/install/usr_srvs/share/usr_srvs/srv/Turn.idl
[0.360s] -- Up-to-date symlink: /workspace/planner/ros2/install/usr_srvs/share/usr_srvs/robot/Move.srv
[0.362s] -- Up-to-date symlink: /workspace/planner/ros2/install/usr_srvs/share/usr_srvs/robot/Move_Request.msg
[0.363s] -- Up-to-date symlink: /workspace/planner/ros2/install/usr_srvs/share/usr_srvs/robot/Move_Response.msg
[0.364s] -- Up-to-date symlink: /workspace/planner/ros2/install/usr_srvs/share/usr_srvs/robot/Turn.srv
[0.365s] -- Up-to-date symlink: /workspace/planner/ros2/install/usr_srvs/share/usr_srvs/robot/Turn_Request.msg
[0.367s] -- Up-to-date symlink: /workspace/planner/ros2/install/usr_srvs/share/usr_srvs/robot/Turn_Response.msg
[0.369s] -- Up-to-date symlink: /workspace/planner/ros2/install/usr_srvs/share/ament_index/resource_index/package_run_dependencies/usr_srvs
[0.370s] -- Up-to-date symlink: /workspace/planner/ros2/install/usr_srvs/share/ament_index/resource_index/parent_prefix_path/usr_srvs
[0.371s] -- Up-to-date symlink: /workspace/planner/ros2/install/usr_srvs/share/usr_srvs/environment/ament_prefix_path.sh
[0.375s] -- Up-to-date symlink: /workspace/planner/ros2/install/usr_srvs/share/usr_srvs/environment/ament_prefix_path.dsv
[0.375s] -- Up-to-date symlink: /workspace/planner/ros2/install/usr_srvs/share/usr_srvs/environment/path.sh
[0.375s] -- Up-to-date symlink: /workspace/planner/ros2/install/usr_srvs/share/usr_srvs/environment/path.dsv
[0.378s] -- Up-to-date symlink: /workspace/planner/ros2/install/usr_srvs/share/usr_srvs/local_setup.bash
[0.379s] -- Up-to-date symlink: /workspace/planner/ros2/install/usr_srvs/share/usr_srvs/local_setup.sh
[0.380s] -- Up-to-date symlink: /workspace/planner/ros2/install/usr_srvs/share/usr_srvs/local_setup.zsh
[0.380s] -- Up-to-date symlink: /workspace/planner/ros2/install/usr_srvs/share/usr_srvs/local_setup.dsv
[0.381s] -- Symlinking: /workspace/planner/ros2/install/usr_srvs/share/usr_srvs/package.dsv
[0.391s] -- Up-to-date symlink: /workspace/planner/ros2/install/usr_srvs/share/ament_index/resource_index/packages/usr_srvs
[0.391s] -- Up-to-date symlink: /workspace/planner/ros2/install/usr_srvs/share/usr_srvs/cmake/rosidl_cmake-extras.cmake
[0.392s] -- Up-to-date symlink: /workspace/planner/ros2/install/usr_srvs/share/usr_srvs/cmake/ament_cmake_export_dependencies-extras.cmake
[0.394s] -- Up-to-date symlink: /workspace/planner/ros2/install/usr_srvs/share/usr_srvs/cmake/ament_cmake_export_libraries-extras.cmake
[0.395s] -- Up-to-date symlink: /workspace/planner/ros2/install/usr_srvs/share/usr_srvs/cmake/ament_cmake_export_targets-extras.cmake
[0.396s] -- Up-to-date symlink: /workspace/planner/ros2/install/usr_srvs/share/usr_srvs/cmake/ament_cmake_export_include_directories-extras.cmake
[0.397s] -- Up-to-date symlink: /workspace/planner/ros2/install/usr_srvs/share/usr_srvs/cmake/rosidl_cmake_export_typesupport_targets-extras.cmake
[0.397s] -- Up-to-date symlink: /workspace/planner/ros2/install/usr_srvs/share/usr_srvs/cmake/usr_srvsConfig.cmake
[0.398s] -- Up-to-date symlink: /workspace/planner/ros2/install/usr_srvs/share/usr_srvs/cmake/usr_srvsConfig-version.cmake
[0.398s] -- Up-to-date symlink: /workspace/planner/ros2/install/usr_srvs/share/usr_srvs/package.xml
[0.399s] -- Up-to-date: /workspace/planner/ros2/install/usr_srvs/lib/libusr_srvs__rosidl_generator_c.so
[0.401s] -- Up-to-date: /workspace/planner/ros2/install/usr_srvs/lib/libusr_srvs__rosidl_typesupport_introspection_c.so
[0.402s] -- Up-to-date: /workspace/planner/ros2/install/usr_srvs/lib/libusr_srvs__rosidl_typesupport_c.so
[0.404s] -- Up-to-date: /workspace/planner/ros2/install/usr_srvs/lib/libusr_srvs__rosidl_typesupport_introspection_cpp.so
[0.406s] -- Up-to-date: /workspace/planner/ros2/install/usr_srvs/lib/libusr_srvs__rosidl_typesupport_cpp.so
[0.450s] -- Up-to-date: /workspace/planner/ros2/install/usr_srvs/share/usr_srvs/cmake/usr_srvs__rosidl_generator_cExport.cmake
[0.450s] -- Up-to-date: /workspace/planner/ros2/install/usr_srvs/share/usr_srvs/cmake/usr_srvs__rosidl_generator_cExport-noconfig.cmake
[0.451s] -- Up-to-date: /workspace/planner/ros2/install/usr_srvs/share/usr_srvs/cmake/usr_srvs__rosidl_typesupport_introspection_cExport.cmake
[0.451s] -- Up-to-date: /workspace/planner/ros2/install/usr_srvs/share/usr_srvs/cmake/usr_srvs__rosidl_typesupport_introspection_cExport-noconfig.cmake
[0.453s] -- Up-to-date: /workspace/planner/ros2/install/usr_srvs/share/usr_srvs/cmake/usr_srvs__rosidl_typesupport_cExport.cmake
[0.453s] -- Up-to-date: /workspace/planner/ros2/install/usr_srvs/share/usr_srvs/cmake/usr_srvs__rosidl_typesupport_cExport-noconfig.cmake
[0.454s] -- Up-to-date: /workspace/planner/ros2/install/usr_srvs/share/usr_srvs/cmake/usr_srvs__rosidl_generator_cppExport.cmake
[0.455s] -- Up-to-date: /workspace/planner/ros2/install/usr_srvs/share/usr_srvs/cmake/usr_srvs__rosidl_typesupport_introspection_cppExport.cmake
[0.455s] -- Up-to-date: /workspace/planner/ros2/install/usr_srvs/share/usr_srvs/cmake/usr_srvs__rosidl_typesupport_introspection_cppExport-noconfig.cmake
[0.457s] -- Up-to-date: /workspace/planner/ros2/install/usr_srvs/share/usr_srvs/cmake/usr_srvs__rosidl_typesupport_cppExport.cmake
[0.457s] -- Up-to-date: /workspace/planner/ros2/install/usr_srvs/share/usr_srvs/cmake/usr_srvs__rosidl_typesupport_cppExport-noconfig.cmake
[0.462s] Invoked command in '/workspace/planner/ros2/build/usr_srvs' returned '0': AMENT_PREFIX_PATH=/workspace/planner/ros2/install/usr_msgs:${AMENT_PREFIX_PATH} CMAKE_PREFIX_PATH=/workspace/planner/ros2/install/usr_msgs:/opt/ros/galactic LD_LIBRARY_PATH=/workspace/planner/ros2/install/usr_msgs/lib:${LD_LIBRARY_PATH} PYTHONPATH=/workspace/planner/ros2/install/usr_msgs/lib/python3.8/site-packages:${PYTHONPATH} /usr/local/bin/cmake --install /workspace/planner/ros2/build/usr_srvs
